<?xml version='1.0' encoding='UTF-8'?>
<result plugin="junit@1.21">
  <suites>
    <suite>
      <file>/var/lib/jenkins/workspace/itrust-main/iTrust-v23/iTrust/target/surefire-reports/TEST-edu.ncsu.csc.itrust.logger.TransactionLoggerTest.xml</file>
      <name>edu.ncsu.csc.itrust.logger.TransactionLoggerTest</name>
      <duration>0.427</duration>
      <time>0.427</time>
      <cases>
        <case>
          <duration>0.418</duration>
          <className>edu.ncsu.csc.itrust.logger.TransactionLoggerTest</className>
          <testName>testLogTransaction</testName>
          <skipped>false</skipped>
          <failedSince>0</failedSince>
        </case>
        <case>
          <duration>0.002</duration>
          <className>edu.ncsu.csc.itrust.logger.TransactionLoggerTest</className>
          <testName>testGetInstance</testName>
          <skipped>false</skipped>
          <failedSince>0</failedSince>
        </case>
      </cases>
    </suite>
    <suite>
      <file>/var/lib/jenkins/workspace/itrust-main/iTrust-v23/iTrust/target/surefire-reports/TEST-edu.ncsu.csc.itrust.model.labtechnician.LabTechnicianControllerTest.xml</file>
      <name>edu.ncsu.csc.itrust.model.labtechnician.LabTechnicianControllerTest</name>
      <duration>0.169</duration>
      <time>0.169</time>
      <cases>
        <case>
          <duration>0.169</duration>
          <className>edu.ncsu.csc.itrust.model.labtechnician.LabTechnicianControllerTest</className>
          <testName>testGetLabTechnicianStatusMID</testName>
          <skipped>false</skipped>
          <errorStackTrace>java.lang.AssertionError
	at edu.ncsu.csc.itrust.model.labtechnician.LabTechnicianControllerTest.testGetLabTechnicianStatusMID(LabTechnicianControllerTest.java:31)
</errorStackTrace>
          <failedSince>1</failedSince>
        </case>
      </cases>
    </suite>
    <suite>
      <file>/var/lib/jenkins/workspace/itrust-main/iTrust-v23/iTrust/target/surefire-reports/TEST-edu.ncsu.csc.itrust.unit.BeanBuilderTest.xml</file>
      <name>edu.ncsu.csc.itrust.unit.BeanBuilderTest</name>
      <duration>0.043</duration>
      <time>0.043</time>
      <cases>
        <case>
          <duration>0.039</duration>
          <className>edu.ncsu.csc.itrust.unit.BeanBuilderTest</className>
          <testName>testEmptyPatientDateOfBirth</testName>
          <skipped>false</skipped>
          <failedSince>0</failedSince>
        </case>
        <case>
          <duration>0.001</duration>
          <className>edu.ncsu.csc.itrust.unit.BeanBuilderTest</className>
          <testName>testOkayBean1</testName>
          <skipped>false</skipped>
          <failedSince>0</failedSince>
        </case>
        <case>
          <duration>0.001</duration>
          <className>edu.ncsu.csc.itrust.unit.BeanBuilderTest</className>
          <testName>testNotOverloaded</testName>
          <skipped>false</skipped>
          <failedSince>0</failedSince>
        </case>
        <case>
          <duration>0.0</duration>
          <className>edu.ncsu.csc.itrust.unit.BeanBuilderTest</className>
          <testName>testEqualsOkayToBeOverloaded</testName>
          <skipped>false</skipped>
          <errorStackTrace>java.lang.IllegalArgumentException: edu.ncsu.csc.itrust.unit.testutils.OkayBean should not have any overloaded methods, like equals
	at edu.ncsu.csc.itrust.unit.BeanBuilderTest.testEqualsOkayToBeOverloaded(BeanBuilderTest.java:58)
</errorStackTrace>
          <errorDetails>edu.ncsu.csc.itrust.unit.testutils.OkayBean should not have any overloaded methods, like equals</errorDetails>
          <failedSince>2</failedSince>
        </case>
        <case>
          <duration>0.0</duration>
          <className>edu.ncsu.csc.itrust.unit.BeanBuilderTest</className>
          <testName>testOverloadedConstructor</testName>
          <skipped>false</skipped>
          <errorStackTrace>java.lang.IllegalArgumentException: edu.ncsu.csc.itrust.model.old.beans.HospitalBean should not have any overloaded methods, like equals
	at edu.ncsu.csc.itrust.unit.BeanBuilderTest.testOverloadedConstructor(BeanBuilderTest.java:51)
</errorStackTrace>
          <errorDetails>edu.ncsu.csc.itrust.model.old.beans.HospitalBean should not have any overloaded methods, like equals</errorDetails>
          <failedSince>2</failedSince>
        </case>
        <case>
          <duration>0.0</duration>
          <className>edu.ncsu.csc.itrust.unit.BeanBuilderTest</className>
          <testName>testPartialPatient</testName>
          <skipped>false</skipped>
          <errorStackTrace>junit.framework.ComparisonFailure: correctly built patient bean from hashmap expected:&lt;[Bob]&gt; but was:&lt;[]&gt;
	at edu.ncsu.csc.itrust.unit.BeanBuilderTest.testPartialPatient(BeanBuilderTest.java:29)
</errorStackTrace>
          <errorDetails>correctly built patient bean from hashmap expected:&lt;[Bob]&gt; but was:&lt;[]&gt;</errorDetails>
          <failedSince>2</failedSince>
        </case>
      </cases>
    </suite>
    <suite>
      <file>/var/lib/jenkins/workspace/itrust-main/iTrust-v23/iTrust/target/surefire-reports/TEST-edu.ncsu.csc.itrust.unit.CSVParserTest.xml</file>
      <name>edu.ncsu.csc.itrust.unit.CSVParserTest</name>
      <duration>0.014</duration>
      <time>0.014</time>
      <cases>
        <case>
          <duration>0.002</duration>
          <className>edu.ncsu.csc.itrust.unit.CSVParserTest</className>
          <testName>testWrongNumberFields</testName>
          <skipped>false</skipped>
          <errorStackTrace>junit.framework.AssertionFailedError
	at edu.ncsu.csc.itrust.unit.CSVParserTest.testWrongNumberFields(CSVParserTest.java:72)
</errorStackTrace>
          <failedSince>1</failedSince>
        </case>
        <case>
          <duration>0.001</duration>
          <className>edu.ncsu.csc.itrust.unit.CSVParserTest</className>
          <testName>testCSVParseData</testName>
          <skipped>false</skipped>
          <errorStackTrace>junit.framework.AssertionFailedError: expected:&lt;1&gt; but was:&lt;0&gt;
	at edu.ncsu.csc.itrust.unit.CSVParserTest.testCSVParseData(CSVParserTest.java:38)
</errorStackTrace>
          <errorDetails>expected:&lt;1&gt; but was:&lt;0&gt;</errorDetails>
          <failedSince>1</failedSince>
        </case>
        <case>
          <duration>0.007</duration>
          <className>edu.ncsu.csc.itrust.unit.CSVParserTest</className>
          <testName>testCSVCommaInField</testName>
          <skipped>false</skipped>
          <errorStackTrace>junit.framework.AssertionFailedError: expected:&lt;3&gt; but was:&lt;22&gt;
	at edu.ncsu.csc.itrust.unit.CSVParserTest.testCSVCommaInField(CSVParserTest.java:85)
</errorStackTrace>
          <errorDetails>expected:&lt;3&gt; but was:&lt;22&gt;</errorDetails>
          <failedSince>1</failedSince>
        </case>
        <case>
          <duration>0.0</duration>
          <className>edu.ncsu.csc.itrust.unit.CSVParserTest</className>
          <testName>testCSVParseHeader</testName>
          <skipped>false</skipped>
          <errorStackTrace>junit.framework.AssertionFailedError: expected:&lt;3&gt; but was:&lt;16&gt;
	at edu.ncsu.csc.itrust.unit.CSVParserTest.testCSVParseHeader(CSVParserTest.java:22)
</errorStackTrace>
          <errorDetails>expected:&lt;3&gt; but was:&lt;16&gt;</errorDetails>
          <failedSince>1</failedSince>
        </case>
        <case>
          <duration>0.001</duration>
          <className>edu.ncsu.csc.itrust.unit.CSVParserTest</className>
          <testName>testCSVEndsWhileInQuote</testName>
          <skipped>false</skipped>
          <errorStackTrace>junit.framework.ComparisonFailure: expected:&lt;[[Line ended while inside quotes] on line 2]&gt; but was:&lt;[[Field number mismatch] on line 2]&gt;
	at edu.ncsu.csc.itrust.unit.CSVParserTest.testCSVEndsWhileInQuote(CSVParserTest.java:102)
</errorStackTrace>
          <errorDetails>expected:&lt;[[Line ended while inside quotes] on line 2]&gt; but was:&lt;[[Field number mismatch] on line 2]&gt;</errorDetails>
          <failedSince>1</failedSince>
        </case>
        <case>
          <duration>0.001</duration>
          <className>edu.ncsu.csc.itrust.unit.CSVParserTest</className>
          <testName>testEmptyCSV</testName>
          <skipped>false</skipped>
          <failedSince>0</failedSince>
        </case>
      </cases>
    </suite>
    <suite>
      <file>/var/lib/jenkins/workspace/itrust-main/iTrust-v23/iTrust/target/surefire-reports/TEST-edu.ncsu.csc.itrust.unit.DateUtilTest.xml</file>
      <name>edu.ncsu.csc.itrust.unit.DateUtilTest</name>
      <duration>0.005</duration>
      <time>0.005</time>
      <cases>
        <case>
          <duration>0.0</duration>
          <className>edu.ncsu.csc.itrust.unit.DateUtilTest</className>
          <testName>testYearsAgo</testName>
          <skipped>false</skipped>
          <failedSince>0</failedSince>
        </case>
        <case>
          <duration>0.004</duration>
          <className>edu.ncsu.csc.itrust.unit.DateUtilTest</className>
          <testName>testSetSQLMonthRange0</testName>
          <skipped>false</skipped>
          <failedSince>0</failedSince>
        </case>
        <case>
          <duration>0.001</duration>
          <className>edu.ncsu.csc.itrust.unit.DateUtilTest</className>
          <testName>testSetSQLMonthRange1</testName>
          <skipped>false</skipped>
          <failedSince>0</failedSince>
        </case>
        <case>
          <duration>0.0</duration>
          <className>edu.ncsu.csc.itrust.unit.DateUtilTest</className>
          <testName>testYearsFromNow</testName>
          <skipped>false</skipped>
          <failedSince>0</failedSince>
        </case>
      </cases>
    </suite>
    <suite>
      <file>/var/lib/jenkins/workspace/itrust-main/iTrust-v23/iTrust/target/surefire-reports/TEST-edu.ncsu.csc.itrust.unit.EmailUtilTest.xml</file>
      <name>edu.ncsu.csc.itrust.unit.EmailUtilTest</name>
      <duration>0.002</duration>
      <time>0.002</time>
      <cases>
        <case>
          <duration>0.001</duration>
          <className>edu.ncsu.csc.itrust.unit.EmailUtilTest</className>
          <testName>testSendEmail</testName>
          <skipped>false</skipped>
          <errorStackTrace>junit.framework.ComparisonFailure: expected:&lt;[Exception thrown from Evil Test Connection Driver]&gt; but was:&lt;[No extended information.]&gt;
	at edu.ncsu.csc.itrust.unit.EmailUtilTest.testSendEmail(EmailUtilTest.java:17)
</errorStackTrace>
          <errorDetails>expected:&lt;[Exception thrown from Evil Test Connection Driver]&gt; but was:&lt;[No extended information.]&gt;</errorDetails>
          <failedSince>2</failedSince>
        </case>
      </cases>
    </suite>
    <suite>
      <file>/var/lib/jenkins/workspace/itrust-main/iTrust-v23/iTrust/target/surefire-reports/TEST-edu.ncsu.csc.itrust.unit.ErrorListTest.xml</file>
      <name>edu.ncsu.csc.itrust.unit.ErrorListTest</name>
      <duration>0.0</duration>
      <time>0</time>
      <cases>
        <case>
          <duration>0.0</duration>
          <className>edu.ncsu.csc.itrust.unit.ErrorListTest</className>
          <testName>testToString</testName>
          <skipped>false</skipped>
          <failedSince>0</failedSince>
        </case>
      </cases>
    </suite>
    <suite>
      <file>/var/lib/jenkins/workspace/itrust-main/iTrust-v23/iTrust/target/surefire-reports/TEST-edu.ncsu.csc.itrust.unit.HtmlEncoderTest.xml</file>
      <name>edu.ncsu.csc.itrust.unit.HtmlEncoderTest</name>
      <duration>0.007</duration>
      <time>0.007</time>
      <cases>
        <case>
          <duration>0.0</duration>
          <className>edu.ncsu.csc.itrust.unit.HtmlEncoderTest</className>
          <testName>testOffSite</testName>
          <skipped>false</skipped>
          <failedSince>0</failedSince>
        </case>
        <case>
          <duration>0.0</duration>
          <className>edu.ncsu.csc.itrust.unit.HtmlEncoderTest</className>
          <testName>testEscapeCharacters</testName>
          <skipped>false</skipped>
          <failedSince>0</failedSince>
        </case>
      </cases>
    </suite>
    <suite>
      <file>/var/lib/jenkins/workspace/itrust-main/iTrust-v23/iTrust/target/surefire-reports/TEST-edu.ncsu.csc.itrust.unit.LocalizationTest.xml</file>
      <name>edu.ncsu.csc.itrust.unit.LocalizationTest</name>
      <duration>0.002</duration>
      <time>0.002</time>
      <cases>
        <case>
          <duration>0.001</duration>
          <className>edu.ncsu.csc.itrust.unit.LocalizationTest</className>
          <testName>testLocalization</testName>
          <skipped>false</skipped>
          <errorStackTrace>java.lang.NullPointerException
	at edu.ncsu.csc.itrust.unit.LocalizationTest.testLocalization(LocalizationTest.java:11)
</errorStackTrace>
          <failedSince>1</failedSince>
        </case>
      </cases>
    </suite>
    <suite>
      <file>/var/lib/jenkins/workspace/itrust-main/iTrust-v23/iTrust/target/surefire-reports/TEST-edu.ncsu.csc.itrust.unit.MessagesTest.xml</file>
      <name>edu.ncsu.csc.itrust.unit.MessagesTest</name>
      <duration>0.0</duration>
      <time>0</time>
      <cases>
        <case>
          <duration>0.0</duration>
          <className>edu.ncsu.csc.itrust.unit.MessagesTest</className>
          <testName>testGetString</testName>
          <skipped>false</skipped>
          <errorStackTrace>java.lang.NoClassDefFoundError: Could not initialize class edu.ncsu.csc.itrust.Messages
	at edu.ncsu.csc.itrust.unit.MessagesTest.testGetString(MessagesTest.java:9)
</errorStackTrace>
          <errorDetails>Could not initialize class edu.ncsu.csc.itrust.Messages</errorDetails>
          <failedSince>1</failedSince>
        </case>
      </cases>
    </suite>
    <suite>
      <file>/var/lib/jenkins/workspace/itrust-main/iTrust-v23/iTrust/target/surefire-reports/TEST-edu.ncsu.csc.itrust.unit.ParameterUtilTest.xml</file>
      <name>edu.ncsu.csc.itrust.unit.ParameterUtilTest</name>
      <duration>0.005</duration>
      <time>0.005</time>
      <cases>
        <case>
          <duration>0.0</duration>
          <className>edu.ncsu.csc.itrust.unit.ParameterUtilTest</className>
          <testName>testConvertMap</testName>
          <skipped>false</skipped>
          <errorStackTrace>java.lang.NullPointerException
	at edu.ncsu.csc.itrust.unit.ParameterUtilTest.testConvertMap(ParameterUtilTest.java:17)
</errorStackTrace>
          <failedSince>1</failedSince>
        </case>
      </cases>
    </suite>
    <suite>
      <file>/var/lib/jenkins/workspace/itrust-main/iTrust-v23/iTrust/target/surefire-reports/TEST-edu.ncsu.csc.itrust.unit.XmlGeneratorTest.xml</file>
      <name>edu.ncsu.csc.itrust.unit.XmlGeneratorTest</name>
      <duration>0.025</duration>
      <time>0.025</time>
      <cases>
        <case>
          <duration>0.003</duration>
          <className>edu.ncsu.csc.itrust.unit.XmlGeneratorTest</className>
          <testName>testXmlEmpty</testName>
          <skipped>false</skipped>
          <failedSince>0</failedSince>
        </case>
        <case>
          <duration>0.008</duration>
          <className>edu.ncsu.csc.itrust.unit.XmlGeneratorTest</className>
          <testName>testtwoPatient</testName>
          <skipped>false</skipped>
          <failedSince>0</failedSince>
        </case>
      </cases>
    </suite>
    <suite>
      <file>/var/lib/jenkins/workspace/itrust-main/iTrust-v23/iTrust/target/surefire-reports/TEST-edu.ncsu.csc.itrust.unit.action.ActivityFeedActionTest.xml</file>
      <name>edu.ncsu.csc.itrust.unit.action.ActivityFeedActionTest</name>
      <duration>0.82</duration>
      <time>0.82</time>
      <cases>
        <case>
          <duration>0.225</duration>
          <className>edu.ncsu.csc.itrust.unit.action.ActivityFeedActionTest</className>
          <testName>testGetTransactions</testName>
          <skipped>false</skipped>
          <failedSince>0</failedSince>
        </case>
        <case>
          <duration>0.373</duration>
          <className>edu.ncsu.csc.itrust.unit.action.ActivityFeedActionTest</className>
          <testName>testHiddenActivityFromDLHCP</testName>
          <skipped>false</skipped>
          <failedSince>0</failedSince>
        </case>
        <case>
          <duration>0.222</duration>
          <className>edu.ncsu.csc.itrust.unit.action.ActivityFeedActionTest</className>
          <testName>testGetMessageAsSentence</testName>
          <skipped>false</skipped>
          <failedSince>0</failedSince>
        </case>
      </cases>
    </suite>
    <suite>
      <file>/var/lib/jenkins/workspace/itrust-main/iTrust-v23/iTrust/target/surefire-reports/TEST-edu.ncsu.csc.itrust.unit.action.AddApptActionTest.xml</file>
      <name>edu.ncsu.csc.itrust.unit.action.AddApptActionTest</name>
      <duration>1.256</duration>
      <time>1.256</time>
      <cases>
        <case>
          <duration>0.221</duration>
          <className>edu.ncsu.csc.itrust.unit.action.AddApptActionTest</className>
          <testName>testGetName2</testName>
          <skipped>false</skipped>
          <failedSince>0</failedSince>
        </case>
        <case>
          <duration>0.229</duration>
          <className>edu.ncsu.csc.itrust.unit.action.AddApptActionTest</className>
          <testName>testAddAppt</testName>
          <skipped>false</skipped>
          <errorStackTrace>java.lang.NullPointerException
	at edu.ncsu.csc.itrust.unit.action.AddApptActionTest.testAddAppt(AddApptActionTest.java:45)
</errorStackTrace>
          <failedSince>1</failedSince>
        </case>
        <case>
          <duration>0.189</duration>
          <className>edu.ncsu.csc.itrust.unit.action.AddApptActionTest</className>
          <testName>testAddAppt2</testName>
          <skipped>false</skipped>
          <failedSince>0</failedSince>
        </case>
        <case>
          <duration>0.167</duration>
          <className>edu.ncsu.csc.itrust.unit.action.AddApptActionTest</className>
          <testName>testGetName</testName>
          <skipped>false</skipped>
          <errorStackTrace>edu.ncsu.csc.itrust.exception.DBException: A database exception has occurred. Please see the log in the console for stacktrace
	at edu.ncsu.csc.itrust.unit.action.AddApptActionTest.testGetName(AddApptActionTest.java:61)
</errorStackTrace>
          <errorDetails>A database exception has occurred. Please see the log in the console for stacktrace</errorDetails>
          <failedSince>1</failedSince>
        </case>
        <case>
          <duration>0.231</duration>
          <className>edu.ncsu.csc.itrust.unit.action.AddApptActionTest</className>
          <testName>testAddConflicts</testName>
          <skipped>false</skipped>
          <errorStackTrace>edu.ncsu.csc.itrust.exception.DBException: A database exception has occurred. Please see the log in the console for stacktrace
	at edu.ncsu.csc.itrust.unit.action.AddApptActionTest.testAddConflicts(AddApptActionTest.java:88)
</errorStackTrace>
          <errorDetails>A database exception has occurred. Please see the log in the console for stacktrace</errorDetails>
          <failedSince>1</failedSince>
        </case>
        <case>
          <duration>0.217</duration>
          <className>edu.ncsu.csc.itrust.unit.action.AddApptActionTest</className>
          <testName>testGetConflicts</testName>
          <skipped>false</skipped>
          <errorStackTrace>java.lang.NullPointerException
	at edu.ncsu.csc.itrust.unit.action.AddApptActionTest.testGetConflicts(AddApptActionTest.java:115)
</errorStackTrace>
          <failedSince>1</failedSince>
        </case>
      </cases>
    </suite>
    <suite>
      <file>/var/lib/jenkins/workspace/itrust-main/iTrust-v23/iTrust/target/surefire-reports/TEST-edu.ncsu.csc.itrust.unit.action.AddApptRequestActionTest.xml</file>
      <name>edu.ncsu.csc.itrust.unit.action.AddApptRequestActionTest</name>
      <duration>0.39</duration>
      <time>0.39</time>
      <cases>
        <case>
          <duration>0.229</duration>
          <className>edu.ncsu.csc.itrust.unit.action.AddApptRequestActionTest</className>
          <testName>testAddApptRequest</testName>
          <skipped>false</skipped>
          <errorStackTrace>edu.ncsu.csc.itrust.exception.DBException: A database exception has occurred. Please see the log in the console for stacktrace
	at edu.ncsu.csc.itrust.unit.action.AddApptRequestActionTest.testAddApptRequest(AddApptRequestActionTest.java:50)
</errorStackTrace>
          <errorDetails>A database exception has occurred. Please see the log in the console for stacktrace</errorDetails>
          <failedSince>1</failedSince>
        </case>
        <case>
          <duration>0.16</duration>
          <className>edu.ncsu.csc.itrust.unit.action.AddApptRequestActionTest</className>
          <testName>testGetNextAvailableAppts</testName>
          <skipped>false</skipped>
          <errorStackTrace>edu.ncsu.csc.itrust.exception.DBException: A database exception has occurred. Please see the log in the console for stacktrace
	at edu.ncsu.csc.itrust.unit.action.AddApptRequestActionTest.testGetNextAvailableAppts(AddApptRequestActionTest.java:74)
</errorStackTrace>
          <errorDetails>A database exception has occurred. Please see the log in the console for stacktrace</errorDetails>
          <failedSince>1</failedSince>
        </case>
      </cases>
    </suite>
    <suite>
      <file>/var/lib/jenkins/workspace/itrust-main/iTrust-v23/iTrust/target/surefire-reports/TEST-edu.ncsu.csc.itrust.unit.action.AddDrugListActionTest.xml</file>
      <name>edu.ncsu.csc.itrust.unit.action.AddDrugListActionTest</name>
      <duration>0.216</duration>
      <time>0.216</time>
      <cases>
        <case>
          <duration>0.11</duration>
          <className>edu.ncsu.csc.itrust.unit.action.AddDrugListActionTest</className>
          <testName>testLoadFile</testName>
          <skipped>false</skipped>
          <failedSince>0</failedSince>
        </case>
        <case>
          <duration>0.105</duration>
          <className>edu.ncsu.csc.itrust.unit.action.AddDrugListActionTest</className>
          <testName>testRenameDrugs</testName>
          <skipped>false</skipped>
          <failedSince>0</failedSince>
        </case>
      </cases>
    </suite>
    <suite>
      <file>/var/lib/jenkins/workspace/itrust-main/iTrust-v23/iTrust/target/surefire-reports/TEST-edu.ncsu.csc.itrust.unit.action.AddERespActionTest.xml</file>
      <name>edu.ncsu.csc.itrust.unit.action.AddERespActionTest</name>
      <duration>0.241</duration>
      <time>0.241</time>
      <cases>
        <case>
          <duration>0.241</duration>
          <className>edu.ncsu.csc.itrust.unit.action.AddERespActionTest</className>
          <testName>testAddER</testName>
          <skipped>false</skipped>
          <errorStackTrace>java.lang.NullPointerException
	at edu.ncsu.csc.itrust.unit.action.AddERespActionTest.testAddER(AddERespActionTest.java:44)
</errorStackTrace>
          <failedSince>2</failedSince>
        </case>
      </cases>
    </suite>
    <suite>
      <file>/var/lib/jenkins/workspace/itrust-main/iTrust-v23/iTrust/target/surefire-reports/TEST-edu.ncsu.csc.itrust.unit.action.AddHCPActionTest.xml</file>
      <name>edu.ncsu.csc.itrust.unit.action.AddHCPActionTest</name>
      <duration>0.009</duration>
      <time>0.009</time>
      <cases>
        <case>
          <duration>0.008</duration>
          <className>edu.ncsu.csc.itrust.unit.action.AddHCPActionTest</className>
          <testName>testAddHCP</testName>
          <skipped>false</skipped>
          <errorStackTrace>java.lang.NullPointerException
	at edu.ncsu.csc.itrust.unit.action.AddHCPActionTest.testAddHCP(AddHCPActionTest.java:57)
</errorStackTrace>
          <failedSince>1</failedSince>
        </case>
      </cases>
    </suite>
    <suite>
      <file>/var/lib/jenkins/workspace/itrust-main/iTrust-v23/iTrust/target/surefire-reports/TEST-edu.ncsu.csc.itrust.unit.action.AddLTActionTest.xml</file>
      <name>edu.ncsu.csc.itrust.unit.action.AddLTActionTest</name>
      <duration>0.299</duration>
      <time>0.299</time>
      <cases>
        <case>
          <duration>0.299</duration>
          <className>edu.ncsu.csc.itrust.unit.action.AddLTActionTest</className>
          <testName>testAddLT</testName>
          <skipped>false</skipped>
          <failedSince>0</failedSince>
        </case>
      </cases>
    </suite>
    <suite>
      <file>/var/lib/jenkins/workspace/itrust-main/iTrust-v23/iTrust/target/surefire-reports/TEST-edu.ncsu.csc.itrust.unit.action.AddPHAActionTest.xml</file>
      <name>edu.ncsu.csc.itrust.unit.action.AddPHAActionTest</name>
      <duration>0.057</duration>
      <time>0.057</time>
      <cases>
        <case>
          <duration>0.052</duration>
          <className>edu.ncsu.csc.itrust.unit.action.AddPHAActionTest</className>
          <testName>testAddPHA</testName>
          <skipped>false</skipped>
          <errorStackTrace>java.lang.NullPointerException
	at edu.ncsu.csc.itrust.unit.action.AddPHAActionTest.testAddPHA(AddPHAActionTest.java:47)
</errorStackTrace>
          <failedSince>1</failedSince>
        </case>
      </cases>
    </suite>
    <suite>
      <file>/var/lib/jenkins/workspace/itrust-main/iTrust-v23/iTrust/target/surefire-reports/TEST-edu.ncsu.csc.itrust.unit.action.AddPatientActionTest.xml</file>
      <name>edu.ncsu.csc.itrust.unit.action.AddPatientActionTest</name>
      <duration>0.014</duration>
      <time>0.014</time>
      <cases>
        <case>
          <duration>0.014</duration>
          <className>edu.ncsu.csc.itrust.unit.action.AddPatientActionTest</className>
          <testName>testAddPatient</testName>
          <skipped>false</skipped>
          <errorStackTrace>java.lang.NullPointerException
	at edu.ncsu.csc.itrust.unit.action.AddPatientActionTest.testAddPatient(AddPatientActionTest.java:45)
</errorStackTrace>
          <failedSince>1</failedSince>
        </case>
      </cases>
    </suite>
    <suite>
      <file>/var/lib/jenkins/workspace/itrust-main/iTrust-v23/iTrust/target/surefire-reports/TEST-edu.ncsu.csc.itrust.unit.action.AddPatientFileActionTest.xml</file>
      <name>edu.ncsu.csc.itrust.unit.action.AddPatientFileActionTest</name>
      <duration>0.018</duration>
      <time>0.018</time>
      <cases>
        <case>
          <duration>0.012</duration>
          <className>edu.ncsu.csc.itrust.unit.action.AddPatientFileActionTest</className>
          <testName>testInvalidData</testName>
          <skipped>false</skipped>
          <errorStackTrace>java.lang.NullPointerException
	at edu.ncsu.csc.itrust.unit.action.AddPatientFileActionTest.testInvalidData(AddPatientFileActionTest.java:56)
</errorStackTrace>
          <failedSince>1</failedSince>
        </case>
        <case>
          <duration>0.0</duration>
          <className>edu.ncsu.csc.itrust.unit.action.AddPatientFileActionTest</className>
          <testName>testDuplicateField</testName>
          <skipped>false</skipped>
          <errorStackTrace>java.lang.NullPointerException
	at edu.ncsu.csc.itrust.unit.action.AddPatientFileActionTest.testDuplicateField(AddPatientFileActionTest.java:75)
</errorStackTrace>
          <failedSince>1</failedSince>
        </case>
        <case>
          <duration>0.001</duration>
          <className>edu.ncsu.csc.itrust.unit.action.AddPatientFileActionTest</className>
          <testName>testRequiredFieldMissing</testName>
          <skipped>false</skipped>
          <errorStackTrace>java.lang.NullPointerException
	at edu.ncsu.csc.itrust.unit.action.AddPatientFileActionTest.testRequiredFieldMissing(AddPatientFileActionTest.java:118)
</errorStackTrace>
          <failedSince>2</failedSince>
        </case>
        <case>
          <duration>0.0</duration>
          <className>edu.ncsu.csc.itrust.unit.action.AddPatientFileActionTest</className>
          <testName>testValidData</testName>
          <skipped>false</skipped>
          <errorStackTrace>java.lang.NullPointerException
	at edu.ncsu.csc.itrust.unit.action.AddPatientFileActionTest.testValidData(AddPatientFileActionTest.java:40)
</errorStackTrace>
          <failedSince>1</failedSince>
        </case>
        <case>
          <duration>0.0</duration>
          <className>edu.ncsu.csc.itrust.unit.action.AddPatientFileActionTest</className>
          <testName>testInvalidHeader</testName>
          <skipped>false</skipped>
          <errorStackTrace>java.lang.NullPointerException
	at edu.ncsu.csc.itrust.unit.action.AddPatientFileActionTest.testInvalidHeader(AddPatientFileActionTest.java:97)
</errorStackTrace>
          <failedSince>2</failedSince>
        </case>
      </cases>
    </suite>
    <suite>
      <file>/var/lib/jenkins/workspace/itrust-main/iTrust-v23/iTrust/target/surefire-reports/TEST-edu.ncsu.csc.itrust.unit.action.AddRemoteMonitoringDataActionTest.xml</file>
      <name>edu.ncsu.csc.itrust.unit.action.AddRemoteMonitoringDataActionTest</name>
      <duration>1.054</duration>
      <time>1.054</time>
      <cases>
        <case>
          <duration>0.082</duration>
          <className>edu.ncsu.csc.itrust.unit.action.AddRemoteMonitoringDataActionTest</className>
          <testName>testAddBadRemoteMonitoringGlucoseLevelData</testName>
          <skipped>false</skipped>
          <errorStackTrace>edu.ncsu.csc.itrust.exception.FormValidationException: This form has not been validated correctly. The following field are not properly filled in: []
	at edu.ncsu.csc.itrust.unit.action.AddRemoteMonitoringDataActionTest.testAddBadRemoteMonitoringGlucoseLevelData(AddRemoteMonitoringDataActionTest.java:342)
</errorStackTrace>
          <errorDetails>This form has not been validated correctly. The following field are not properly filled in: []</errorDetails>
          <failedSince>1</failedSince>
        </case>
        <case>
          <duration>0.081</duration>
          <className>edu.ncsu.csc.itrust.unit.action.AddRemoteMonitoringDataActionTest</className>
          <testName>testAddRemoteMonitoringDataGlucoseOnly</testName>
          <skipped>false</skipped>
          <errorStackTrace>junit.framework.AssertionFailedError
	at edu.ncsu.csc.itrust.unit.action.AddRemoteMonitoringDataActionTest.testAddRemoteMonitoringDataGlucoseOnly(AddRemoteMonitoringDataActionTest.java:77)
</errorStackTrace>
          <failedSince>1</failedSince>
        </case>
        <case>
          <duration>0.076</duration>
          <className>edu.ncsu.csc.itrust.unit.action.AddRemoteMonitoringDataActionTest</className>
          <testName>testAddRemoteMonitoringData</testName>
          <skipped>false</skipped>
          <errorStackTrace>junit.framework.AssertionFailedError
	at edu.ncsu.csc.itrust.unit.action.AddRemoteMonitoringDataActionTest.testAddRemoteMonitoringData(AddRemoteMonitoringDataActionTest.java:41)
</errorStackTrace>
          <failedSince>1</failedSince>
        </case>
        <case>
          <duration>0.076</duration>
          <className>edu.ncsu.csc.itrust.unit.action.AddRemoteMonitoringDataActionTest</className>
          <testName>testAddRemoteMonitoringExternalDataOnly</testName>
          <skipped>false</skipped>
          <errorStackTrace>junit.framework.AssertionFailedError
	at edu.ncsu.csc.itrust.unit.action.AddRemoteMonitoringDataActionTest.testAddRemoteMonitoringExternalDataOnly(AddRemoteMonitoringDataActionTest.java:178)
</errorStackTrace>
          <failedSince>1</failedSince>
        </case>
        <case>
          <duration>0.072</duration>
          <className>edu.ncsu.csc.itrust.unit.action.AddRemoteMonitoringDataActionTest</className>
          <testName>testAddBadRemoteMonitoringPedometerReadingData</testName>
          <skipped>false</skipped>
          <errorStackTrace>edu.ncsu.csc.itrust.exception.FormValidationException: This form has not been validated correctly. The following field are not properly filled in: []
	at edu.ncsu.csc.itrust.unit.action.AddRemoteMonitoringDataActionTest.testAddBadRemoteMonitoringPedometerReadingData(AddRemoteMonitoringDataActionTest.java:307)
</errorStackTrace>
          <errorDetails>This form has not been validated correctly. The following field are not properly filled in: []</errorDetails>
          <failedSince>1</failedSince>
        </case>
        <case>
          <duration>0.06</duration>
          <className>edu.ncsu.csc.itrust.unit.action.AddRemoteMonitoringDataActionTest</className>
          <testName>testAddRemoteMonitoringHeightWeightDataOnly</testName>
          <skipped>false</skipped>
          <errorStackTrace>junit.framework.AssertionFailedError
	at edu.ncsu.csc.itrust.unit.action.AddRemoteMonitoringDataActionTest.testAddRemoteMonitoringHeightWeightDataOnly(AddRemoteMonitoringDataActionTest.java:194)
</errorStackTrace>
          <failedSince>1</failedSince>
        </case>
        <case>
          <duration>0.071</duration>
          <className>edu.ncsu.csc.itrust.unit.action.AddRemoteMonitoringDataActionTest</className>
          <testName>testAddRemoteMonitoringDataBloodPressureOnly</testName>
          <skipped>false</skipped>
          <errorStackTrace>junit.framework.AssertionFailedError
	at edu.ncsu.csc.itrust.unit.action.AddRemoteMonitoringDataActionTest.testAddRemoteMonitoringDataBloodPressureOnly(AddRemoteMonitoringDataActionTest.java:112)
</errorStackTrace>
          <failedSince>1</failedSince>
        </case>
        <case>
          <duration>0.066</duration>
          <className>edu.ncsu.csc.itrust.unit.action.AddRemoteMonitoringDataActionTest</className>
          <testName>testAddRemoteMonitoringDataGlucoseOnlyUAP</testName>
          <skipped>false</skipped>
          <errorStackTrace>junit.framework.AssertionFailedError
	at edu.ncsu.csc.itrust.unit.action.AddRemoteMonitoringDataActionTest.testAddRemoteMonitoringDataGlucoseOnlyUAP(AddRemoteMonitoringDataActionTest.java:96)
</errorStackTrace>
          <failedSince>1</failedSince>
        </case>
        <case>
          <duration>0.067</duration>
          <className>edu.ncsu.csc.itrust.unit.action.AddRemoteMonitoringDataActionTest</className>
          <testName>testAddRemoteMonitoringDataBloodPressureOnlyUAP</testName>
          <skipped>false</skipped>
          <errorStackTrace>junit.framework.AssertionFailedError
	at edu.ncsu.csc.itrust.unit.action.AddRemoteMonitoringDataActionTest.testAddRemoteMonitoringDataBloodPressureOnlyUAP(AddRemoteMonitoringDataActionTest.java:132)
</errorStackTrace>
          <failedSince>1</failedSince>
        </case>
        <case>
          <duration>0.072</duration>
          <className>edu.ncsu.csc.itrust.unit.action.AddRemoteMonitoringDataActionTest</className>
          <testName>testAddRemoteMonitoringDataUAP</testName>
          <skipped>false</skipped>
          <errorStackTrace>junit.framework.AssertionFailedError
	at edu.ncsu.csc.itrust.unit.action.AddRemoteMonitoringDataActionTest.testAddRemoteMonitoringDataUAP(AddRemoteMonitoringDataActionTest.java:62)
</errorStackTrace>
          <failedSince>1</failedSince>
        </case>
        <case>
          <duration>0.056</duration>
          <className>edu.ncsu.csc.itrust.unit.action.AddRemoteMonitoringDataActionTest</className>
          <testName>testAddRemoteMonitoringPedometerReadingDataOnly</testName>
          <skipped>false</skipped>
          <errorStackTrace>junit.framework.AssertionFailedError
	at edu.ncsu.csc.itrust.unit.action.AddRemoteMonitoringDataActionTest.testAddRemoteMonitoringPedometerReadingDataOnly(AddRemoteMonitoringDataActionTest.java:162)
</errorStackTrace>
          <failedSince>1</failedSince>
        </case>
        <case>
          <duration>0.065</duration>
          <className>edu.ncsu.csc.itrust.unit.action.AddRemoteMonitoringDataActionTest</className>
          <testName>testRepresentativeReportStatus</testName>
          <skipped>false</skipped>
          <errorStackTrace>edu.ncsu.csc.itrust.exception.FormValidationException: This form has not been validated correctly. The following field are not properly filled in: []
	at edu.ncsu.csc.itrust.unit.action.AddRemoteMonitoringDataActionTest.testRepresentativeReportStatus(AddRemoteMonitoringDataActionTest.java:325)
</errorStackTrace>
          <errorDetails>This form has not been validated correctly. The following field are not properly filled in: []</errorDetails>
          <failedSince>1</failedSince>
        </case>
        <case>
          <duration>0.064</duration>
          <className>edu.ncsu.csc.itrust.unit.action.AddRemoteMonitoringDataActionTest</className>
          <testName>testAddBadRemoteMonitoringData</testName>
          <skipped>false</skipped>
          <errorStackTrace>edu.ncsu.csc.itrust.exception.FormValidationException: This form has not been validated correctly. The following field are not properly filled in: []
	at edu.ncsu.csc.itrust.unit.action.AddRemoteMonitoringDataActionTest.testAddBadRemoteMonitoringData(AddRemoteMonitoringDataActionTest.java:253)
</errorStackTrace>
          <errorDetails>This form has not been validated correctly. The following field are not properly filled in: []</errorDetails>
          <failedSince>1</failedSince>
        </case>
        <case>
          <duration>0.078</duration>
          <className>edu.ncsu.csc.itrust.unit.action.AddRemoteMonitoringDataActionTest</className>
          <testName>testAddRemoteMonitoringWeightDataOnly</testName>
          <skipped>false</skipped>
          <errorStackTrace>junit.framework.AssertionFailedError
	at edu.ncsu.csc.itrust.unit.action.AddRemoteMonitoringDataActionTest.testAddRemoteMonitoringWeightDataOnly(AddRemoteMonitoringDataActionTest.java:147)
</errorStackTrace>
          <failedSince>1</failedSince>
        </case>
        <case>
          <duration>0.057</duration>
          <className>edu.ncsu.csc.itrust.unit.action.AddRemoteMonitoringDataActionTest</className>
          <testName>testAddBadRemoteMonitoringWeightData</testName>
          <skipped>false</skipped>
          <errorStackTrace>edu.ncsu.csc.itrust.exception.FormValidationException: This form has not been validated correctly. The following field are not properly filled in: []
	at edu.ncsu.csc.itrust.unit.action.AddRemoteMonitoringDataActionTest.testAddBadRemoteMonitoringWeightData(AddRemoteMonitoringDataActionTest.java:290)
</errorStackTrace>
          <errorDetails>This form has not been validated correctly. The following field are not properly filled in: []</errorDetails>
          <failedSince>1</failedSince>
        </case>
      </cases>
    </suite>
    <suite>
      <file>/var/lib/jenkins/workspace/itrust-main/iTrust-v23/iTrust/target/surefire-reports/TEST-edu.ncsu.csc.itrust.unit.action.AddUAPActionTest.xml</file>
      <name>edu.ncsu.csc.itrust.unit.action.AddUAPActionTest</name>
      <duration>0.058</duration>
      <time>0.058</time>
      <cases>
        <case>
          <duration>0.057</duration>
          <className>edu.ncsu.csc.itrust.unit.action.AddUAPActionTest</className>
          <testName>testAddUAP</testName>
          <skipped>false</skipped>
          <errorStackTrace>java.lang.NullPointerException
	at edu.ncsu.csc.itrust.unit.action.AddUAPActionTest.testAddUAP(AddUAPActionTest.java:40)
</errorStackTrace>
          <failedSince>2</failedSince>
        </case>
      </cases>
    </suite>
    <suite>
      <file>/var/lib/jenkins/workspace/itrust-main/iTrust-v23/iTrust/target/surefire-reports/TEST-edu.ncsu.csc.itrust.unit.action.ApptBeanTest.xml</file>
      <name>edu.ncsu.csc.itrust.unit.action.ApptBeanTest</name>
      <duration>0.0</duration>
      <time>0</time>
      <cases>
        <case>
          <duration>0.0</duration>
          <className>edu.ncsu.csc.itrust.unit.action.ApptBeanTest</className>
          <testName>testApptEquals</testName>
          <skipped>false</skipped>
          <failedSince>0</failedSince>
        </case>
      </cases>
    </suite>
    <suite>
      <file>/var/lib/jenkins/workspace/itrust-main/iTrust-v23/iTrust/target/surefire-reports/TEST-edu.ncsu.csc.itrust.unit.action.ChangePasswordActionTest.xml</file>
      <name>edu.ncsu.csc.itrust.unit.action.ChangePasswordActionTest</name>
      <duration>0.2</duration>
      <time>0.2</time>
      <cases>
        <case>
          <duration>0.195</duration>
          <className>edu.ncsu.csc.itrust.unit.action.ChangePasswordActionTest</className>
          <testName>testChangePassword</testName>
          <skipped>false</skipped>
          <errorStackTrace>java.lang.NullPointerException
	at edu.ncsu.csc.itrust.unit.action.ChangePasswordActionTest.testChangePassword(ChangePasswordActionTest.java:24)
</errorStackTrace>
          <failedSince>2</failedSince>
        </case>
      </cases>
    </suite>
    <suite>
      <file>/var/lib/jenkins/workspace/itrust-main/iTrust-v23/iTrust/target/surefire-reports/TEST-edu.ncsu.csc.itrust.unit.action.ChangeSessionTimeoutActionTest.xml</file>
      <name>edu.ncsu.csc.itrust.unit.action.ChangeSessionTimeoutActionTest</name>
      <duration>0.021</duration>
      <time>0.021</time>
      <cases>
        <case>
          <duration>0.014</duration>
          <className>edu.ncsu.csc.itrust.unit.action.ChangeSessionTimeoutActionTest</className>
          <testName>testFullChange</testName>
          <skipped>false</skipped>
          <errorStackTrace>edu.ncsu.csc.itrust.exception.FormValidationException: This form has not been validated correctly. The following field are not properly filled in: [Must be a number greater than 0]
	at edu.ncsu.csc.itrust.unit.action.ChangeSessionTimeoutActionTest.testFullChange(ChangeSessionTimeoutActionTest.java:36)
</errorStackTrace>
          <errorDetails>This form has not been validated correctly. The following field are not properly filled in: [Must be a number greater than 0]</errorDetails>
          <failedSince>2</failedSince>
        </case>
        <case>
          <duration>0.0</duration>
          <className>edu.ncsu.csc.itrust.unit.action.ChangeSessionTimeoutActionTest</className>
          <testName>testNotANumber</testName>
          <skipped>false</skipped>
          <failedSince>0</failedSince>
        </case>
        <case>
          <duration>0.006</duration>
          <className>edu.ncsu.csc.itrust.unit.action.ChangeSessionTimeoutActionTest</className>
          <testName>testBadNumber</testName>
          <skipped>false</skipped>
          <errorStackTrace>junit.framework.AssertionFailedError: exception should have been thrown
	at edu.ncsu.csc.itrust.unit.action.ChangeSessionTimeoutActionTest.testBadNumber(ChangeSessionTimeoutActionTest.java:25)
</errorStackTrace>
          <errorDetails>exception should have been thrown</errorDetails>
          <failedSince>2</failedSince>
        </case>
      </cases>
    </suite>
    <suite>
      <file>/var/lib/jenkins/workspace/itrust-main/iTrust-v23/iTrust/target/surefire-reports/TEST-edu.ncsu.csc.itrust.unit.action.DeclareHCPActionExceptionTest.xml</file>
      <name>edu.ncsu.csc.itrust.unit.action.DeclareHCPActionExceptionTest</name>
      <duration>0.006</duration>
      <time>0.006</time>
      <cases>
        <case>
          <duration>0.001</duration>
          <className>edu.ncsu.csc.itrust.unit.action.DeclareHCPActionExceptionTest</className>
          <testName>testDeclareMalformed</testName>
          <skipped>false</skipped>
          <failedSince>0</failedSince>
        </case>
        <case>
          <duration>0.002</duration>
          <className>edu.ncsu.csc.itrust.unit.action.DeclareHCPActionExceptionTest</className>
          <testName>testUnDeclareMalformed</testName>
          <skipped>false</skipped>
          <failedSince>0</failedSince>
        </case>
      </cases>
    </suite>
    <suite>
      <file>/var/lib/jenkins/workspace/itrust-main/iTrust-v23/iTrust/target/surefire-reports/TEST-edu.ncsu.csc.itrust.unit.action.DeclareHCPActionTest.xml</file>
      <name>edu.ncsu.csc.itrust.unit.action.DeclareHCPActionTest</name>
      <duration>0.345</duration>
      <time>0.345</time>
      <cases>
        <case>
          <duration>0.072</duration>
          <className>edu.ncsu.csc.itrust.unit.action.DeclareHCPActionTest</className>
          <testName>testUnDeclareNotDeclared</testName>
          <skipped>false</skipped>
          <failedSince>0</failedSince>
        </case>
        <case>
          <duration>0.05</duration>
          <className>edu.ncsu.csc.itrust.unit.action.DeclareHCPActionTest</className>
          <testName>testDeclareAdmin</testName>
          <skipped>false</skipped>
          <errorStackTrace>junit.framework.ComparisonFailure: expected:&lt;[This user is not a licensed healthcare professional!]&gt; but was:&lt;[A database exception has occurred. Please see the log in the console for stacktrace]&gt;
	at edu.ncsu.csc.itrust.unit.action.DeclareHCPActionTest.testDeclareAdmin(DeclareHCPActionTest.java:78)
</errorStackTrace>
          <errorDetails>expected:&lt;[This user is not a licensed healthcare professional!]&gt; but was:&lt;[A database exception has occurred. Please see the log in the console for stacktrace]&gt;</errorDetails>
          <failedSince>1</failedSince>
        </case>
        <case>
          <duration>0.053</duration>
          <className>edu.ncsu.csc.itrust.unit.action.DeclareHCPActionTest</className>
          <testName>testDeclareAlreadyDeclared</testName>
          <skipped>false</skipped>
          <errorStackTrace>junit.framework.ComparisonFailure: expected:&lt;[HCP 9000000003 has already been declared for patient 2]&gt; but was:&lt;[A database exception has occurred. Please see the log in the console for stacktrace]&gt;
	at edu.ncsu.csc.itrust.unit.action.DeclareHCPActionTest.testDeclareAlreadyDeclared(DeclareHCPActionTest.java:53)
</errorStackTrace>
          <errorDetails>expected:&lt;[HCP 9000000003 has already been declared for patient 2]&gt; but was:&lt;[A database exception has occurred. Please see the log in the console for stacktrace]&gt;</errorDetails>
          <failedSince>1</failedSince>
        </case>
        <case>
          <duration>0.055</duration>
          <className>edu.ncsu.csc.itrust.unit.action.DeclareHCPActionTest</className>
          <testName>testUnDeclareNormal</testName>
          <skipped>false</skipped>
          <failedSince>0</failedSince>
        </case>
        <case>
          <duration>0.051</duration>
          <className>edu.ncsu.csc.itrust.unit.action.DeclareHCPActionTest</className>
          <testName>testDeclareNormal</testName>
          <skipped>false</skipped>
          <errorStackTrace>edu.ncsu.csc.itrust.exception.DBException: A database exception has occurred. Please see the log in the console for stacktrace
	at edu.ncsu.csc.itrust.unit.action.DeclareHCPActionTest.testDeclareNormal(DeclareHCPActionTest.java:35)
</errorStackTrace>
          <errorDetails>A database exception has occurred. Please see the log in the console for stacktrace</errorDetails>
          <failedSince>1</failedSince>
        </case>
        <case>
          <duration>0.063</duration>
          <className>edu.ncsu.csc.itrust.unit.action.DeclareHCPActionTest</className>
          <testName>testGetDeclared</testName>
          <skipped>false</skipped>
          <failedSince>0</failedSince>
        </case>
      </cases>
    </suite>
    <suite>
      <file>/var/lib/jenkins/workspace/itrust-main/iTrust-v23/iTrust/target/surefire-reports/TEST-edu.ncsu.csc.itrust.unit.action.DrugInteractionActionTest.xml</file>
      <name>edu.ncsu.csc.itrust.unit.action.DrugInteractionActionTest</name>
      <duration>0.463</duration>
      <time>0.463</time>
      <cases>
        <case>
          <duration>0.058</duration>
          <className>edu.ncsu.csc.itrust.unit.action.DrugInteractionActionTest</className>
          <testName>testGetInteractions</testName>
          <skipped>false</skipped>
          <failedSince>0</failedSince>
        </case>
        <case>
          <duration>0.045</duration>
          <className>edu.ncsu.csc.itrust.unit.action.DrugInteractionActionTest</className>
          <testName>testDeleteInteraction</testName>
          <skipped>false</skipped>
          <failedSince>0</failedSince>
        </case>
        <case>
          <duration>0.167</duration>
          <className>edu.ncsu.csc.itrust.unit.action.DrugInteractionActionTest</className>
          <testName>testGetInteractions2</testName>
          <skipped>false</skipped>
          <failedSince>0</failedSince>
        </case>
        <case>
          <duration>0.048</duration>
          <className>edu.ncsu.csc.itrust.unit.action.DrugInteractionActionTest</className>
          <testName>testReportInteraction</testName>
          <skipped>false</skipped>
          <errorStackTrace>junit.framework.AssertionFailedError: expected same:&lt;Interaction could not be added&gt; was not:&lt;Interaction recorded successfully&gt;
	at edu.ncsu.csc.itrust.unit.action.DrugInteractionActionTest.testReportInteraction(DrugInteractionActionTest.java:37)
</errorStackTrace>
          <errorDetails>expected same:&lt;Interaction could not be added&gt; was not:&lt;Interaction recorded successfully&gt;</errorDetails>
          <failedSince>2</failedSince>
        </case>
        <case>
          <duration>0.042</duration>
          <className>edu.ncsu.csc.itrust.unit.action.DrugInteractionActionTest</className>
          <testName>testReportAlreadyAdded</testName>
          <skipped>false</skipped>
          <errorStackTrace>junit.framework.AssertionFailedError: expected same:&lt;Interaction could not be added&gt; was not:&lt;Interaction recorded successfully&gt;
	at edu.ncsu.csc.itrust.unit.action.DrugInteractionActionTest.testReportAlreadyAdded(DrugInteractionActionTest.java:109)
</errorStackTrace>
          <errorDetails>expected same:&lt;Interaction could not be added&gt; was not:&lt;Interaction recorded successfully&gt;</errorDetails>
          <failedSince>2</failedSince>
        </case>
        <case>
          <duration>0.055</duration>
          <className>edu.ncsu.csc.itrust.unit.action.DrugInteractionActionTest</className>
          <testName>testEvilDAOFactory</testName>
          <skipped>false</skipped>
          <failedSince>0</failedSince>
        </case>
        <case>
          <duration>0.047</duration>
          <className>edu.ncsu.csc.itrust.unit.action.DrugInteractionActionTest</className>
          <testName>testReportSameDrugsInteraction</testName>
          <skipped>false</skipped>
          <failedSince>0</failedSince>
        </case>
      </cases>
    </suite>
    <suite>
      <file>/var/lib/jenkins/workspace/itrust-main/iTrust-v23/iTrust/target/surefire-reports/TEST-edu.ncsu.csc.itrust.unit.action.EditApptActionTest.xml</file>
      <name>edu.ncsu.csc.itrust.unit.action.EditApptActionTest</name>
      <duration>0.387</duration>
      <time>0.387</time>
      <cases>
        <case>
          <duration>0.068</duration>
          <className>edu.ncsu.csc.itrust.unit.action.EditApptActionTest</className>
          <testName>testEditAppt</testName>
          <skipped>false</skipped>
          <errorStackTrace>java.lang.NullPointerException
	at edu.ncsu.csc.itrust.unit.action.EditApptActionTest.setUp(EditApptActionTest.java:43)
</errorStackTrace>
          <failedSince>2</failedSince>
        </case>
        <case>
          <duration>0.078</duration>
          <className>edu.ncsu.csc.itrust.unit.action.EditApptActionTest</className>
          <testName>testEditApptConflict</testName>
          <skipped>false</skipped>
          <errorStackTrace>java.lang.NullPointerException
	at edu.ncsu.csc.itrust.unit.action.EditApptActionTest.setUp(EditApptActionTest.java:43)
</errorStackTrace>
          <failedSince>1</failedSince>
        </case>
        <case>
          <duration>0.064</duration>
          <className>edu.ncsu.csc.itrust.unit.action.EditApptActionTest</className>
          <testName>testGetAppt</testName>
          <skipped>false</skipped>
          <errorStackTrace>java.lang.NullPointerException
	at edu.ncsu.csc.itrust.unit.action.EditApptActionTest.setUp(EditApptActionTest.java:43)
</errorStackTrace>
          <failedSince>1</failedSince>
        </case>
        <case>
          <duration>0.057</duration>
          <className>edu.ncsu.csc.itrust.unit.action.EditApptActionTest</className>
          <testName>testGetName</testName>
          <skipped>false</skipped>
          <errorStackTrace>java.lang.NullPointerException
	at edu.ncsu.csc.itrust.unit.action.EditApptActionTest.setUp(EditApptActionTest.java:43)
</errorStackTrace>
          <failedSince>1</failedSince>
        </case>
        <case>
          <duration>0.06</duration>
          <className>edu.ncsu.csc.itrust.unit.action.EditApptActionTest</className>
          <testName>testEvilFactory</testName>
          <skipped>false</skipped>
          <errorStackTrace>java.lang.NullPointerException
	at edu.ncsu.csc.itrust.unit.action.EditApptActionTest.setUp(EditApptActionTest.java:43)
</errorStackTrace>
          <failedSince>1</failedSince>
        </case>
        <case>
          <duration>0.057</duration>
          <className>edu.ncsu.csc.itrust.unit.action.EditApptActionTest</className>
          <testName>testRemoveAppt</testName>
          <skipped>false</skipped>
          <errorStackTrace>java.lang.NullPointerException
	at edu.ncsu.csc.itrust.unit.action.EditApptActionTest.setUp(EditApptActionTest.java:43)
</errorStackTrace>
          <failedSince>2</failedSince>
        </case>
      </cases>
    </suite>
    <suite>
      <file>/var/lib/jenkins/workspace/itrust-main/iTrust-v23/iTrust/target/surefire-reports/TEST-edu.ncsu.csc.itrust.unit.action.EditApptTypeTest.xml</file>
      <name>edu.ncsu.csc.itrust.unit.action.EditApptTypeTest</name>
      <duration>1.556</duration>
      <time>1.556</time>
      <cases>
        <case>
          <duration>0.217</duration>
          <className>edu.ncsu.csc.itrust.unit.action.EditApptTypeTest</className>
          <testName>testAddApptType2</testName>
          <skipped>false</skipped>
          <errorStackTrace>java.lang.NullPointerException
	at edu.ncsu.csc.itrust.unit.action.EditApptTypeTest.setUp(EditApptTypeTest.java:27)
</errorStackTrace>
          <failedSince>2</failedSince>
        </case>
        <case>
          <duration>0.217</duration>
          <className>edu.ncsu.csc.itrust.unit.action.EditApptTypeTest</className>
          <testName>testGetApptTypes</testName>
          <skipped>false</skipped>
          <errorStackTrace>java.lang.NullPointerException
	at edu.ncsu.csc.itrust.unit.action.EditApptTypeTest.setUp(EditApptTypeTest.java:27)
</errorStackTrace>
          <failedSince>2</failedSince>
        </case>
        <case>
          <duration>0.22</duration>
          <className>edu.ncsu.csc.itrust.unit.action.EditApptTypeTest</className>
          <testName>testEditNonExistentApptType</testName>
          <skipped>false</skipped>
          <errorStackTrace>java.lang.NullPointerException
	at edu.ncsu.csc.itrust.unit.action.EditApptTypeTest.setUp(EditApptTypeTest.java:27)
</errorStackTrace>
          <failedSince>1</failedSince>
        </case>
        <case>
          <duration>0.238</duration>
          <className>edu.ncsu.csc.itrust.unit.action.EditApptTypeTest</className>
          <testName>testAddApptType</testName>
          <skipped>false</skipped>
          <errorStackTrace>java.lang.NullPointerException
	at edu.ncsu.csc.itrust.unit.action.EditApptTypeTest.setUp(EditApptTypeTest.java:27)
</errorStackTrace>
          <failedSince>2</failedSince>
        </case>
        <case>
          <duration>0.222</duration>
          <className>edu.ncsu.csc.itrust.unit.action.EditApptTypeTest</className>
          <testName>testAddApptTypeLengthZero</testName>
          <skipped>false</skipped>
          <errorStackTrace>java.lang.NullPointerException
	at edu.ncsu.csc.itrust.unit.action.EditApptTypeTest.setUp(EditApptTypeTest.java:27)
</errorStackTrace>
          <failedSince>2</failedSince>
        </case>
        <case>
          <duration>0.228</duration>
          <className>edu.ncsu.csc.itrust.unit.action.EditApptTypeTest</className>
          <testName>testEditApptType</testName>
          <skipped>false</skipped>
          <errorStackTrace>java.lang.NullPointerException
	at edu.ncsu.csc.itrust.unit.action.EditApptTypeTest.setUp(EditApptTypeTest.java:27)
</errorStackTrace>
          <failedSince>1</failedSince>
        </case>
        <case>
          <duration>0.213</duration>
          <className>edu.ncsu.csc.itrust.unit.action.EditApptTypeTest</className>
          <testName>testEditApptType2</testName>
          <skipped>false</skipped>
          <errorStackTrace>java.lang.NullPointerException
	at edu.ncsu.csc.itrust.unit.action.EditApptTypeTest.setUp(EditApptTypeTest.java:27)
</errorStackTrace>
          <failedSince>1</failedSince>
        </case>
      </cases>
    </suite>
    <suite>
      <file>/var/lib/jenkins/workspace/itrust-main/iTrust-v23/iTrust/target/surefire-reports/TEST-edu.ncsu.csc.itrust.unit.action.EditMonitoringListActionTest.xml</file>
      <name>edu.ncsu.csc.itrust.unit.action.EditMonitoringListActionTest</name>
      <duration>0.101</duration>
      <time>0.101</time>
      <cases>
        <case>
          <duration>0.05</duration>
          <className>edu.ncsu.csc.itrust.unit.action.EditMonitoringListActionTest</className>
          <testName>testAddToRemoveFromList</testName>
          <skipped>false</skipped>
          <failedSince>0</failedSince>
        </case>
        <case>
          <duration>0.05</duration>
          <className>edu.ncsu.csc.itrust.unit.action.EditMonitoringListActionTest</className>
          <testName>testIsPatientInList</testName>
          <skipped>false</skipped>
          <errorStackTrace>edu.ncsu.csc.itrust.exception.DBException: A database exception has occurred. Please see the log in the console for stacktrace
	at edu.ncsu.csc.itrust.unit.action.EditMonitoringListActionTest.testIsPatientInList(EditMonitoringListActionTest.java:33)
</errorStackTrace>
          <errorDetails>A database exception has occurred. Please see the log in the console for stacktrace</errorDetails>
          <failedSince>1</failedSince>
        </case>
      </cases>
    </suite>
    <suite>
      <file>/var/lib/jenkins/workspace/itrust-main/iTrust-v23/iTrust/target/surefire-reports/TEST-edu.ncsu.csc.itrust.unit.action.EditPatientActionTest.xml</file>
      <name>edu.ncsu.csc.itrust.unit.action.EditPatientActionTest</name>
      <duration>0.71</duration>
      <time>0.71</time>
      <cases>
        <case>
          <duration>0.061</duration>
          <className>edu.ncsu.csc.itrust.unit.action.EditPatientActionTest</className>
          <testName>testWrongFormat</testName>
          <skipped>false</skipped>
          <failedSince>0</failedSince>
        </case>
        <case>
          <duration>0.06</duration>
          <className>edu.ncsu.csc.itrust.unit.action.EditPatientActionTest</className>
          <testName>testNull</testName>
          <skipped>false</skipped>
          <failedSince>0</failedSince>
        </case>
        <case>
          <duration>0.069</duration>
          <className>edu.ncsu.csc.itrust.unit.action.EditPatientActionTest</className>
          <testName>testEditRepresentatives</testName>
          <skipped>false</skipped>
          <errorStackTrace>java.lang.NullPointerException
	at edu.ncsu.csc.itrust.unit.action.EditPatientActionTest.testEditRepresentatives(EditPatientActionTest.java:48)
</errorStackTrace>
          <failedSince>1</failedSince>
        </case>
        <case>
          <duration>0.067</duration>
          <className>edu.ncsu.csc.itrust.unit.action.EditPatientActionTest</className>
          <testName>testIsDependent</testName>
          <skipped>false</skipped>
          <failedSince>0</failedSince>
        </case>
        <case>
          <duration>0.045</duration>
          <className>edu.ncsu.csc.itrust.unit.action.EditPatientActionTest</className>
          <testName>testNonExistent</testName>
          <skipped>false</skipped>
          <failedSince>0</failedSince>
        </case>
        <case>
          <duration>0.067</duration>
          <className>edu.ncsu.csc.itrust.unit.action.EditPatientActionTest</className>
          <testName>testGetPatientLogged</testName>
          <skipped>false</skipped>
          <failedSince>0</failedSince>
        </case>
        <case>
          <duration>0.054</duration>
          <className>edu.ncsu.csc.itrust.unit.action.EditPatientActionTest</className>
          <testName>testConstructNormal</testName>
          <skipped>false</skipped>
          <failedSince>0</failedSince>
        </case>
        <case>
          <duration>0.058</duration>
          <className>edu.ncsu.csc.itrust.unit.action.EditPatientActionTest</className>
          <testName>testSetDependent</testName>
          <skipped>false</skipped>
          <errorStackTrace>java.lang.NullPointerException
	at edu.ncsu.csc.itrust.unit.action.EditPatientActionTest.testSetDependent(EditPatientActionTest.java:157)
</errorStackTrace>
          <failedSince>1</failedSince>
        </case>
        <case>
          <duration>0.078</duration>
          <className>edu.ncsu.csc.itrust.unit.action.EditPatientActionTest</className>
          <testName>testInvalidDates</testName>
          <skipped>false</skipped>
          <errorStackTrace>java.lang.NullPointerException
	at edu.ncsu.csc.itrust.unit.action.EditPatientActionTest.testInvalidDates(EditPatientActionTest.java:82)
</errorStackTrace>
          <failedSince>1</failedSince>
        </case>
        <case>
          <duration>0.083</duration>
          <className>edu.ncsu.csc.itrust.unit.action.EditPatientActionTest</className>
          <testName>testDeactivateActivate</testName>
          <skipped>false</skipped>
          <failedSince>0</failedSince>
        </case>
        <case>
          <duration>0.058</duration>
          <className>edu.ncsu.csc.itrust.unit.action.EditPatientActionTest</className>
          <testName>testEditCOD</testName>
          <skipped>false</skipped>
          <errorStackTrace>java.lang.NullPointerException
	at edu.ncsu.csc.itrust.unit.action.EditPatientActionTest.testEditCOD(EditPatientActionTest.java:66)
</errorStackTrace>
          <failedSince>1</failedSince>
        </case>
      </cases>
    </suite>
    <suite>
      <file>/var/lib/jenkins/workspace/itrust-main/iTrust-v23/iTrust/target/surefire-reports/TEST-edu.ncsu.csc.itrust.unit.action.EditPersonnelActionTest.xml</file>
      <name>edu.ncsu.csc.itrust.unit.action.EditPersonnelActionTest</name>
      <duration>0.757</duration>
      <time>0.757</time>
      <cases>
        <case>
          <duration>0.055</duration>
          <className>edu.ncsu.csc.itrust.unit.action.EditPersonnelActionTest</className>
          <testName>testWrongFormat</testName>
          <skipped>false</skipped>
          <failedSince>0</failedSince>
        </case>
        <case>
          <duration>0.054</duration>
          <className>edu.ncsu.csc.itrust.unit.action.EditPersonnelActionTest</className>
          <testName>testUpdateInformation</testName>
          <skipped>false</skipped>
          <errorStackTrace>edu.ncsu.csc.itrust.exception.DBException: A database exception has occurred. Please see the log in the console for stacktrace
	at edu.ncsu.csc.itrust.unit.action.EditPersonnelActionTest.testUpdateInformation(EditPersonnelActionTest.java:73)
</errorStackTrace>
          <errorDetails>A database exception has occurred. Please see the log in the console for stacktrace</errorDetails>
          <failedSince>1</failedSince>
        </case>
        <case>
          <duration>0.052</duration>
          <className>edu.ncsu.csc.itrust.unit.action.EditPersonnelActionTest</className>
          <testName>testNull</testName>
          <skipped>false</skipped>
          <failedSince>0</failedSince>
        </case>
        <case>
          <duration>0.214</duration>
          <className>edu.ncsu.csc.itrust.unit.action.EditPersonnelActionTest</className>
          <testName>testNotAuthorized</testName>
          <skipped>false</skipped>
          <errorStackTrace>junit.framework.ComparisonFailure: expected:&lt;[You can only edit your own demographics!]&gt; but was:&lt;[A database exception has occurred. Please see the log in the console for stacktrace]&gt;
	at edu.ncsu.csc.itrust.unit.action.EditPersonnelActionTest.testNotAuthorized(EditPersonnelActionTest.java:28)
</errorStackTrace>
          <errorDetails>expected:&lt;[You can only edit your own demographics!]&gt; but was:&lt;[A database exception has occurred. Please see the log in the console for stacktrace]&gt;</errorDetails>
          <failedSince>1</failedSince>
        </case>
        <case>
          <duration>0.05</duration>
          <className>edu.ncsu.csc.itrust.unit.action.EditPersonnelActionTest</className>
          <testName>testNonExistent</testName>
          <skipped>false</skipped>
          <failedSince>0</failedSince>
        </case>
        <case>
          <duration>0.331</duration>
          <className>edu.ncsu.csc.itrust.unit.action.EditPersonnelActionTest</className>
          <testName>testNotAuthorized2</testName>
          <skipped>false</skipped>
          <errorStackTrace>junit.framework.ComparisonFailure: expected:&lt;[You are not authorized to edit this record!]&gt; but was:&lt;[A database exception has occurred. Please see the log in the console for stacktrace]&gt;
	at edu.ncsu.csc.itrust.unit.action.EditPersonnelActionTest.testNotAuthorized2(EditPersonnelActionTest.java:38)
</errorStackTrace>
          <errorDetails>expected:&lt;[You are not authorized to edit this record!]&gt; but was:&lt;[A database exception has occurred. Please see the log in the console for stacktrace]&gt;</errorDetails>
          <failedSince>1</failedSince>
        </case>
      </cases>
    </suite>
    <suite>
      <file>/var/lib/jenkins/workspace/itrust-main/iTrust-v23/iTrust/target/surefire-reports/TEST-edu.ncsu.csc.itrust.unit.action.EditRepresentativesActionTest.xml</file>
      <name>edu.ncsu.csc.itrust.unit.action.EditRepresentativesActionTest</name>
      <duration>0.715</duration>
      <time>0.715</time>
      <cases>
        <case>
          <duration>0.176</duration>
          <className>edu.ncsu.csc.itrust.unit.action.EditRepresentativesActionTest</className>
          <testName>testNotAPatient</testName>
          <skipped>false</skipped>
          <failedSince>0</failedSince>
        </case>
        <case>
          <duration>0.06</duration>
          <className>edu.ncsu.csc.itrust.unit.action.EditRepresentativesActionTest</className>
          <testName>testNonPatientAddRepresentative</testName>
          <skipped>false</skipped>
          <errorStackTrace>junit.framework.AssertionFailedError
	at edu.ncsu.csc.itrust.unit.action.EditRepresentativesActionTest.testNonPatientAddRepresentative(EditRepresentativesActionTest.java:105)
</errorStackTrace>
          <failedSince>2</failedSince>
        </case>
        <case>
          <duration>0.058</duration>
          <className>edu.ncsu.csc.itrust.unit.action.EditRepresentativesActionTest</className>
          <testName>testGetRepresentatives</testName>
          <skipped>false</skipped>
          <failedSince>0</failedSince>
        </case>
        <case>
          <duration>0.05</duration>
          <className>edu.ncsu.csc.itrust.unit.action.EditRepresentativesActionTest</className>
          <testName>testCannotRepresentSelf</testName>
          <skipped>false</skipped>
          <errorStackTrace>junit.framework.ComparisonFailure: expected:&lt;[This user cannot represent themselves.]&gt; but was:&lt;[A database exception has occurred. Please see the log in the console for stacktrace]&gt;
	at edu.ncsu.csc.itrust.unit.action.EditRepresentativesActionTest.testCannotRepresentSelf(EditRepresentativesActionTest.java:70)
</errorStackTrace>
          <errorDetails>expected:&lt;[This user cannot represent themselves.]&gt; but was:&lt;[A database exception has occurred. Please see the log in the console for stacktrace]&gt;</errorDetails>
          <failedSince>1</failedSince>
        </case>
        <case>
          <duration>0.063</duration>
          <className>edu.ncsu.csc.itrust.unit.action.EditRepresentativesActionTest</className>
          <testName>testCheckIfPatientIsActive</testName>
          <skipped>false</skipped>
          <failedSince>0</failedSince>
        </case>
        <case>
          <duration>0.056</duration>
          <className>edu.ncsu.csc.itrust.unit.action.EditRepresentativesActionTest</className>
          <testName>testGetRepresentativeName</testName>
          <skipped>false</skipped>
          <failedSince>0</failedSince>
        </case>
        <case>
          <duration>0.07</duration>
          <className>edu.ncsu.csc.itrust.unit.action.EditRepresentativesActionTest</className>
          <testName>testRemoveNothing</testName>
          <skipped>false</skipped>
          <failedSince>0</failedSince>
        </case>
        <case>
          <duration>0.068</duration>
          <className>edu.ncsu.csc.itrust.unit.action.EditRepresentativesActionTest</className>
          <testName>testAddRepresentee</testName>
          <skipped>false</skipped>
          <errorStackTrace>edu.ncsu.csc.itrust.exception.DBException: A database exception has occurred. Please see the log in the console for stacktrace
	at edu.ncsu.csc.itrust.unit.action.EditRepresentativesActionTest.testAddRepresentee(EditRepresentativesActionTest.java:38)
</errorStackTrace>
          <errorDetails>A database exception has occurred. Please see the log in the console for stacktrace</errorDetails>
          <failedSince>1</failedSince>
        </case>
        <case>
          <duration>0.051</duration>
          <className>edu.ncsu.csc.itrust.unit.action.EditRepresentativesActionTest</className>
          <testName>testRemoveRepresentee</testName>
          <skipped>false</skipped>
          <errorStackTrace>java.lang.NullPointerException
	at edu.ncsu.csc.itrust.unit.action.EditRepresentativesActionTest.testRemoveRepresentee(EditRepresentativesActionTest.java:46)
</errorStackTrace>
          <failedSince>2</failedSince>
        </case>
        <case>
          <duration>0.058</duration>
          <className>edu.ncsu.csc.itrust.unit.action.EditRepresentativesActionTest</className>
          <testName>testAddNotNumber</testName>
          <skipped>false</skipped>
          <failedSince>0</failedSince>
        </case>
      </cases>
    </suite>
    <suite>
      <file>/var/lib/jenkins/workspace/itrust-main/iTrust-v23/iTrust/target/surefire-reports/TEST-edu.ncsu.csc.itrust.unit.action.EventLoggingActionTest.xml</file>
      <name>edu.ncsu.csc.itrust.unit.action.EventLoggingActionTest</name>
      <duration>0.061</duration>
      <time>0.061</time>
      <cases>
        <case>
          <duration>0.06</duration>
          <className>edu.ncsu.csc.itrust.unit.action.EventLoggingActionTest</className>
          <testName>testGetTransactions</testName>
          <skipped>false</skipped>
          <errorStackTrace>junit.framework.AssertionFailedError
	at edu.ncsu.csc.itrust.unit.action.EventLoggingActionTest.testGetTransactions(EventLoggingActionTest.java:46)
</errorStackTrace>
          <failedSince>1</failedSince>
        </case>
      </cases>
    </suite>
    <suite>
      <file>/var/lib/jenkins/workspace/itrust-main/iTrust-v23/iTrust/target/surefire-reports/TEST-edu.ncsu.csc.itrust.unit.action.FindExpertActionTest.xml</file>
      <name>edu.ncsu.csc.itrust.unit.action.FindExpertActionTest</name>
      <duration>0.141</duration>
      <time>0.141</time>
      <cases>
        <case>
          <duration>0.043</duration>
          <className>edu.ncsu.csc.itrust.unit.action.FindExpertActionTest</className>
          <testName>testFindExperts</testName>
          <skipped>false</skipped>
          <errorStackTrace>junit.framework.AssertionFailedError
	at edu.ncsu.csc.itrust.unit.action.FindExpertActionTest.testFindExperts(FindExpertActionTest.java:45)
</errorStackTrace>
          <failedSince>1</failedSince>
        </case>
        <case>
          <duration>0.055</duration>
          <className>edu.ncsu.csc.itrust.unit.action.FindExpertActionTest</className>
          <testName>testFindHospitalsBySpecialty</testName>
          <skipped>false</skipped>
          <failedSince>0</failedSince>
        </case>
        <case>
          <duration>0.042</duration>
          <className>edu.ncsu.csc.itrust.unit.action.FindExpertActionTest</className>
          <testName>testFilterHospitals</testName>
          <skipped>false</skipped>
          <failedSince>0</failedSince>
        </case>
      </cases>
    </suite>
    <suite>
      <file>/var/lib/jenkins/workspace/itrust-main/iTrust-v23/iTrust/target/surefire-reports/TEST-edu.ncsu.csc.itrust.unit.action.GenerateCalendarActionTest.xml</file>
      <name>edu.ncsu.csc.itrust.unit.action.GenerateCalendarActionTest</name>
      <duration>0.574</duration>
      <time>0.574</time>
      <cases>
        <case>
          <duration>0.175</duration>
          <className>edu.ncsu.csc.itrust.unit.action.GenerateCalendarActionTest</className>
          <testName>testGetSend</testName>
          <skipped>false</skipped>
          <errorStackTrace>java.lang.NullPointerException
	at edu.ncsu.csc.itrust.unit.action.GenerateCalendarActionTest.setUp(GenerateCalendarActionTest.java:37)
</errorStackTrace>
          <failedSince>1</failedSince>
        </case>
        <case>
          <duration>0.182</duration>
          <className>edu.ncsu.csc.itrust.unit.action.GenerateCalendarActionTest</className>
          <testName>testGetApptsTable</testName>
          <skipped>false</skipped>
          <errorStackTrace>java.lang.NullPointerException
	at edu.ncsu.csc.itrust.unit.action.GenerateCalendarActionTest.setUp(GenerateCalendarActionTest.java:37)
</errorStackTrace>
          <failedSince>1</failedSince>
        </case>
        <case>
          <duration>0.217</duration>
          <className>edu.ncsu.csc.itrust.unit.action.GenerateCalendarActionTest</className>
          <testName>testGetConflicts</testName>
          <skipped>false</skipped>
          <errorStackTrace>java.lang.NullPointerException
	at edu.ncsu.csc.itrust.unit.action.GenerateCalendarActionTest.setUp(GenerateCalendarActionTest.java:37)
</errorStackTrace>
          <failedSince>1</failedSince>
        </case>
      </cases>
    </suite>
    <suite>
      <file>/var/lib/jenkins/workspace/itrust-main/iTrust-v23/iTrust/target/surefire-reports/TEST-edu.ncsu.csc.itrust.unit.action.GetUserNameActionTest.xml</file>
      <name>edu.ncsu.csc.itrust.unit.action.GetUserNameActionTest</name>
      <duration>0.116</duration>
      <time>0.116</time>
      <cases>
        <case>
          <duration>0.061</duration>
          <className>edu.ncsu.csc.itrust.unit.action.GetUserNameActionTest</className>
          <testName>testWrongFormat</testName>
          <skipped>false</skipped>
          <failedSince>0</failedSince>
        </case>
        <case>
          <duration>0.055</duration>
          <className>edu.ncsu.csc.itrust.unit.action.GetUserNameActionTest</className>
          <testName>testCorrectFormat</testName>
          <skipped>false</skipped>
          <errorStackTrace>edu.ncsu.csc.itrust.exception.DBException: A database exception has occurred. Please see the log in the console for stacktrace
	at edu.ncsu.csc.itrust.unit.action.GetUserNameActionTest.testCorrectFormat(GetUserNameActionTest.java:21)
</errorStackTrace>
          <errorDetails>A database exception has occurred. Please see the log in the console for stacktrace</errorDetails>
          <failedSince>1</failedSince>
        </case>
      </cases>
    </suite>
    <suite>
      <file>/var/lib/jenkins/workspace/itrust-main/iTrust-v23/iTrust/target/surefire-reports/TEST-edu.ncsu.csc.itrust.unit.action.GroupReportActionTest.xml</file>
      <name>edu.ncsu.csc.itrust.unit.action.GroupReportActionTest</name>
      <duration>0.595</duration>
      <time>0.595</time>
      <cases>
        <case>
          <duration>0.201</duration>
          <className>edu.ncsu.csc.itrust.unit.action.GroupReportActionTest</className>
          <testName>testGetComprehensiveMedicalInfo</testName>
          <skipped>false</skipped>
          <errorStackTrace>java.lang.NullPointerException
	at edu.ncsu.csc.itrust.unit.action.GroupReportActionTest.setUp(GroupReportActionTest.java:29)
</errorStackTrace>
          <failedSince>1</failedSince>
        </case>
        <case>
          <duration>0.188</duration>
          <className>edu.ncsu.csc.itrust.unit.action.GroupReportActionTest</className>
          <testName>testGenerateReport</testName>
          <skipped>false</skipped>
          <errorStackTrace>java.lang.NullPointerException
	at edu.ncsu.csc.itrust.unit.action.GroupReportActionTest.setUp(GroupReportActionTest.java:29)
</errorStackTrace>
          <failedSince>1</failedSince>
        </case>
        <case>
          <duration>0.198</duration>
          <className>edu.ncsu.csc.itrust.unit.action.GroupReportActionTest</className>
          <testName>testGetComprehensiveDemographicInfo</testName>
          <skipped>false</skipped>
          <errorStackTrace>java.lang.NullPointerException
	at edu.ncsu.csc.itrust.unit.action.GroupReportActionTest.setUp(GroupReportActionTest.java:29)
</errorStackTrace>
          <failedSince>1</failedSince>
        </case>
      </cases>
    </suite>
    <suite>
      <file>/var/lib/jenkins/workspace/itrust-main/iTrust-v23/iTrust/target/surefire-reports/TEST-edu.ncsu.csc.itrust.unit.action.GroupReportGeneratorActionTest.xml</file>
      <name>edu.ncsu.csc.itrust.unit.action.GroupReportGeneratorActionTest</name>
      <duration>0.38</duration>
      <time>0.38</time>
      <cases>
        <case>
          <duration>0.201</duration>
          <className>edu.ncsu.csc.itrust.unit.action.GroupReportGeneratorActionTest</className>
          <testName>testParseFilters</testName>
          <skipped>false</skipped>
          <errorStackTrace>java.lang.NullPointerException
	at edu.ncsu.csc.itrust.unit.action.GroupReportGeneratorActionTest.testParseFilters(GroupReportGeneratorActionTest.java:73)
</errorStackTrace>
          <failedSince>2</failedSince>
        </case>
        <case>
          <duration>0.178</duration>
          <className>edu.ncsu.csc.itrust.unit.action.GroupReportGeneratorActionTest</className>
          <testName>testGenerateReport</testName>
          <skipped>false</skipped>
          <errorStackTrace>java.lang.NullPointerException
	at edu.ncsu.csc.itrust.unit.action.GroupReportGeneratorActionTest.testGenerateReport(GroupReportGeneratorActionTest.java:42)
</errorStackTrace>
          <failedSince>1</failedSince>
        </case>
      </cases>
    </suite>
    <suite>
      <file>/var/lib/jenkins/workspace/itrust-main/iTrust-v23/iTrust/target/surefire-reports/TEST-edu.ncsu.csc.itrust.unit.action.LoginFailureActionTest.xml</file>
      <name>edu.ncsu.csc.itrust.unit.action.LoginFailureActionTest</name>
      <duration>0.324</duration>
      <time>0.324</time>
      <cases>
        <case>
          <duration>0.051</duration>
          <className>edu.ncsu.csc.itrust.unit.action.LoginFailureActionTest</className>
          <testName>testSetCaptcha</testName>
          <skipped>false</skipped>
          <failedSince>0</failedSince>
        </case>
        <case>
          <duration>0.052</duration>
          <className>edu.ncsu.csc.itrust.unit.action.LoginFailureActionTest</className>
          <testName>testNormalLoginFailureSequence</testName>
          <skipped>false</skipped>
          <errorStackTrace>junit.framework.ComparisonFailure: expected:&lt;[Login failed, attempt 1]&gt; but was:&lt;[A database exception has occurred. Please see the log in the console for stacktrace]&gt;
	at edu.ncsu.csc.itrust.unit.action.LoginFailureActionTest.testNormalLoginFailureSequence(LoginFailureActionTest.java:25)
</errorStackTrace>
          <errorDetails>expected:&lt;[Login failed, attempt 1]&gt; but was:&lt;[A database exception has occurred. Please see the log in the console for stacktrace]&gt;</errorDetails>
          <failedSince>1</failedSince>
        </case>
        <case>
          <duration>0.055</duration>
          <className>edu.ncsu.csc.itrust.unit.action.LoginFailureActionTest</className>
          <testName>testNeedsCaptcha</testName>
          <skipped>false</skipped>
          <errorStackTrace>junit.framework.AssertionFailedError: expected:&lt;2&gt; but was:&lt;0&gt;
	at edu.ncsu.csc.itrust.unit.action.LoginFailureActionTest.testNeedsCaptcha(LoginFailureActionTest.java:51)
</errorStackTrace>
          <errorDetails>expected:&lt;2&gt; but was:&lt;0&gt;</errorDetails>
          <stderr>Denying access due to DBException
Denying access due to DBException
Denying access due to DBException
</stderr>
          <failedSince>1</failedSince>
        </case>
        <case>
          <duration>0.054</duration>
          <className>edu.ncsu.csc.itrust.unit.action.LoginFailureActionTest</className>
          <testName>testEvilFactory</testName>
          <skipped>false</skipped>
          <failedSince>0</failedSince>
        </case>
        <case>
          <duration>0.054</duration>
          <className>edu.ncsu.csc.itrust.unit.action.LoginFailureActionTest</className>
          <testName>testIsValidForLoginEvil</testName>
          <skipped>false</skipped>
          <failedSince>0</failedSince>
        </case>
        <case>
          <duration>0.057</duration>
          <className>edu.ncsu.csc.itrust.unit.action.LoginFailureActionTest</className>
          <testName>testRecordLoginFailureEvil</testName>
          <skipped>false</skipped>
          <failedSince>0</failedSince>
        </case>
      </cases>
    </suite>
    <suite>
      <file>/var/lib/jenkins/workspace/itrust-main/iTrust-v23/iTrust/target/surefire-reports/TEST-edu.ncsu.csc.itrust.unit.action.ManageHospitalAssignmentsActionTest.xml</file>
      <name>edu.ncsu.csc.itrust.unit.action.ManageHospitalAssignmentsActionTest</name>
      <duration>1.69</duration>
      <time>1.69</time>
      <cases>
        <case>
          <duration>0.086</duration>
          <className>edu.ncsu.csc.itrust.unit.action.ManageHospitalAssignmentsActionTest</className>
          <testName>testRemoveAllEvil</testName>
          <skipped>false</skipped>
          <failedSince>0</failedSince>
        </case>
        <case>
          <duration>0.08</duration>
          <className>edu.ncsu.csc.itrust.unit.action.ManageHospitalAssignmentsActionTest</className>
          <testName>testRemoveHCPAssignmentsBadID</testName>
          <skipped>false</skipped>
          <failedSince>0</failedSince>
        </case>
        <case>
          <duration>0.069</duration>
          <className>edu.ncsu.csc.itrust.unit.action.ManageHospitalAssignmentsActionTest</className>
          <testName>testCheckHCPIDEvil</testName>
          <skipped>false</skipped>
          <failedSince>0</failedSince>
        </case>
        <case>
          <duration>0.068</duration>
          <className>edu.ncsu.csc.itrust.unit.action.ManageHospitalAssignmentsActionTest</className>
          <testName>testCheckLTIDStringMID</testName>
          <skipped>false</skipped>
          <failedSince>0</failedSince>
        </case>
        <case>
          <duration>0.064</duration>
          <className>edu.ncsu.csc.itrust.unit.action.ManageHospitalAssignmentsActionTest</className>
          <testName>testCheckHCPID</testName>
          <skipped>false</skipped>
          <failedSince>0</failedSince>
        </case>
        <case>
          <duration>0.065</duration>
          <className>edu.ncsu.csc.itrust.unit.action.ManageHospitalAssignmentsActionTest</className>
          <testName>testCheckHCPIDStringMID</testName>
          <skipped>false</skipped>
          <failedSince>0</failedSince>
        </case>
        <case>
          <duration>0.063</duration>
          <className>edu.ncsu.csc.itrust.unit.action.ManageHospitalAssignmentsActionTest</className>
          <testName>testAssignHCPToHospital</testName>
          <skipped>false</skipped>
          <errorStackTrace>java.lang.NullPointerException
	at edu.ncsu.csc.itrust.unit.action.ManageHospitalAssignmentsActionTest.doAssignment(ManageHospitalAssignmentsActionTest.java:45)
	at edu.ncsu.csc.itrust.unit.action.ManageHospitalAssignmentsActionTest.testAssignHCPToHospital(ManageHospitalAssignmentsActionTest.java:58)
</errorStackTrace>
          <failedSince>1</failedSince>
        </case>
        <case>
          <duration>0.102</duration>
          <className>edu.ncsu.csc.itrust.unit.action.ManageHospitalAssignmentsActionTest</className>
          <testName>testCheckLTHospital</testName>
          <skipped>false</skipped>
          <errorStackTrace>java.lang.IllegalArgumentException: Role lt does not exist
	at edu.ncsu.csc.itrust.unit.action.ManageHospitalAssignmentsActionTest.testCheckLTHospital(ManageHospitalAssignmentsActionTest.java:274)
</errorStackTrace>
          <errorDetails>Role lt does not exist</errorDetails>
          <failedSince>1</failedSince>
        </case>
        <case>
          <duration>0.085</duration>
          <className>edu.ncsu.csc.itrust.unit.action.ManageHospitalAssignmentsActionTest</className>
          <testName>testGetAvailableHospitalsBadMID</testName>
          <skipped>false</skipped>
          <failedSince>0</failedSince>
        </case>
        <case>
          <duration>0.21</duration>
          <className>edu.ncsu.csc.itrust.unit.action.ManageHospitalAssignmentsActionTest</className>
          <testName>testAssignHCPToHospitalBadID</testName>
          <skipped>false</skipped>
          <failedSince>0</failedSince>
        </case>
        <case>
          <duration>0.083</duration>
          <className>edu.ncsu.csc.itrust.unit.action.ManageHospitalAssignmentsActionTest</className>
          <testName>testRemovePersonnelAssignmentToHospital</testName>
          <skipped>false</skipped>
          <errorStackTrace>java.lang.NullPointerException
	at edu.ncsu.csc.itrust.unit.action.ManageHospitalAssignmentsActionTest.doAssignment(ManageHospitalAssignmentsActionTest.java:45)
	at edu.ncsu.csc.itrust.unit.action.ManageHospitalAssignmentsActionTest.testRemovePersonnelAssignmentToHospital(ManageHospitalAssignmentsActionTest.java:99)
</errorStackTrace>
          <failedSince>1</failedSince>
        </case>
        <case>
          <duration>0.072</duration>
          <className>edu.ncsu.csc.itrust.unit.action.ManageHospitalAssignmentsActionTest</className>
          <testName>testGetAvailableHospitals</testName>
          <skipped>false</skipped>
          <failedSince>0</failedSince>
        </case>
        <case>
          <duration>0.069</duration>
          <className>edu.ncsu.csc.itrust.unit.action.ManageHospitalAssignmentsActionTest</className>
          <testName>testRemovaAllUnassigned</testName>
          <skipped>false</skipped>
          <failedSince>0</failedSince>
        </case>
        <case>
          <duration>0.085</duration>
          <className>edu.ncsu.csc.itrust.unit.action.ManageHospitalAssignmentsActionTest</className>
          <testName>testAssignHCPToHospitalEvil</testName>
          <skipped>false</skipped>
          <errorStackTrace>junit.framework.ComparisonFailure: expected:&lt;[Exception thrown from Evil Test Connection Driver]&gt; but was:&lt;[No extended information.]&gt;
	at edu.ncsu.csc.itrust.unit.action.ManageHospitalAssignmentsActionTest.testAssignHCPToHospitalEvil(ManageHospitalAssignmentsActionTest.java:73)
</errorStackTrace>
          <errorDetails>expected:&lt;[Exception thrown from Evil Test Connection Driver]&gt; but was:&lt;[No extended information.]&gt;</errorDetails>
          <failedSince>2</failedSince>
        </case>
        <case>
          <duration>0.107</duration>
          <className>edu.ncsu.csc.itrust.unit.action.ManageHospitalAssignmentsActionTest</className>
          <testName>testCheckHCPIDBadMID</testName>
          <skipped>false</skipped>
          <failedSince>0</failedSince>
        </case>
        <case>
          <duration>0.081</duration>
          <className>edu.ncsu.csc.itrust.unit.action.ManageHospitalAssignmentsActionTest</className>
          <testName>testAssignDuplicate</testName>
          <skipped>false</skipped>
          <errorStackTrace>java.lang.NullPointerException
	at edu.ncsu.csc.itrust.unit.action.ManageHospitalAssignmentsActionTest.doAssignment(ManageHospitalAssignmentsActionTest.java:45)
	at edu.ncsu.csc.itrust.unit.action.ManageHospitalAssignmentsActionTest.testAssignDuplicate(ManageHospitalAssignmentsActionTest.java:84)
</errorStackTrace>
          <failedSince>2</failedSince>
        </case>
        <case>
          <duration>0.073</duration>
          <className>edu.ncsu.csc.itrust.unit.action.ManageHospitalAssignmentsActionTest</className>
          <testName>testGetAssignedHospitalsBadMID</testName>
          <skipped>false</skipped>
          <failedSince>0</failedSince>
        </case>
        <case>
          <duration>0.082</duration>
          <className>edu.ncsu.csc.itrust.unit.action.ManageHospitalAssignmentsActionTest</className>
          <testName>testRemoveAll</testName>
          <skipped>false</skipped>
          <errorStackTrace>java.lang.NullPointerException
	at edu.ncsu.csc.itrust.unit.action.ManageHospitalAssignmentsActionTest.doAssignment(ManageHospitalAssignmentsActionTest.java:45)
	at edu.ncsu.csc.itrust.unit.action.ManageHospitalAssignmentsActionTest.testRemoveAll(ManageHospitalAssignmentsActionTest.java:120)
</errorStackTrace>
          <failedSince>1</failedSince>
        </case>
        <case>
          <duration>0.064</duration>
          <className>edu.ncsu.csc.itrust.unit.action.ManageHospitalAssignmentsActionTest</className>
          <testName>testRemoveNonAssigned</testName>
          <skipped>false</skipped>
          <errorStackTrace>java.lang.NullPointerException
	at edu.ncsu.csc.itrust.unit.action.ManageHospitalAssignmentsActionTest.testRemoveNonAssigned(ManageHospitalAssignmentsActionTest.java:110)
</errorStackTrace>
          <failedSince>1</failedSince>
        </case>
        <case>
          <duration>0.07</duration>
          <className>edu.ncsu.csc.itrust.unit.action.ManageHospitalAssignmentsActionTest</className>
          <testName>testRemoveHCPtoHospitalBadID</testName>
          <skipped>false</skipped>
          <failedSince>0</failedSince>
        </case>
      </cases>
    </suite>
    <suite>
      <file>/var/lib/jenkins/workspace/itrust-main/iTrust-v23/iTrust/target/surefire-reports/TEST-edu.ncsu.csc.itrust.unit.action.PatientBaseActionTest.xml</file>
      <name>edu.ncsu.csc.itrust.unit.action.PatientBaseActionTest</name>
      <duration>0.0</duration>
      <time>0</time>
      <cases>
        <case>
          <duration>0.0</duration>
          <className>edu.ncsu.csc.itrust.unit.action.PatientBaseActionTest</className>
          <testName>testEvilDatabase</testName>
          <skipped>false</skipped>
          <failedSince>0</failedSince>
        </case>
      </cases>
    </suite>
    <suite>
      <file>/var/lib/jenkins/workspace/itrust-main/iTrust-v23/iTrust/target/surefire-reports/TEST-edu.ncsu.csc.itrust.unit.action.PatientRoomAssignmentActionTest.xml</file>
      <name>edu.ncsu.csc.itrust.unit.action.PatientRoomAssignmentActionTest</name>
      <duration>0.255</duration>
      <time>0.255</time>
      <cases>
        <case>
          <duration>0.255</duration>
          <className>edu.ncsu.csc.itrust.unit.action.PatientRoomAssignmentActionTest</className>
          <testName>testassignPatient</testName>
          <skipped>false</skipped>
          <failedSince>0</failedSince>
        </case>
      </cases>
    </suite>
    <suite>
      <file>/var/lib/jenkins/workspace/itrust-main/iTrust-v23/iTrust/target/surefire-reports/TEST-edu.ncsu.csc.itrust.unit.action.PayBillActionTest.xml</file>
      <name>edu.ncsu.csc.itrust.unit.action.PayBillActionTest</name>
      <duration>0.487</duration>
      <time>0.487</time>
      <cases>
        <case>
          <duration>0.258</duration>
          <className>edu.ncsu.csc.itrust.unit.action.PayBillActionTest</className>
          <testName>testPayBillWithCC</testName>
          <skipped>false</skipped>
          <errorStackTrace>java.lang.NullPointerException
	at edu.ncsu.csc.itrust.unit.action.PayBillActionTest.setUp(PayBillActionTest.java:26)
</errorStackTrace>
          <failedSince>1</failedSince>
        </case>
        <case>
          <duration>0.228</duration>
          <className>edu.ncsu.csc.itrust.unit.action.PayBillActionTest</className>
          <testName>testPayBillWithIns</testName>
          <skipped>false</skipped>
          <errorStackTrace>java.lang.NullPointerException
	at edu.ncsu.csc.itrust.unit.action.PayBillActionTest.setUp(PayBillActionTest.java:26)
</errorStackTrace>
          <failedSince>1</failedSince>
        </case>
      </cases>
    </suite>
    <suite>
      <file>/var/lib/jenkins/workspace/itrust-main/iTrust-v23/iTrust/target/surefire-reports/TEST-edu.ncsu.csc.itrust.unit.action.ResetPasswordActionTest.xml</file>
      <name>edu.ncsu.csc.itrust.unit.action.ResetPasswordActionTest</name>
      <duration>0.645</duration>
      <time>0.645</time>
      <cases>
        <case>
          <duration>0.063</duration>
          <className>edu.ncsu.csc.itrust.unit.action.ResetPasswordActionTest</className>
          <testName>testCheckMID</testName>
          <skipped>false</skipped>
          <failedSince>0</failedSince>
        </case>
        <case>
          <duration>0.052</duration>
          <className>edu.ncsu.csc.itrust.unit.action.ResetPasswordActionTest</className>
          <testName>testResetForHCP</testName>
          <skipped>false</skipped>
          <errorStackTrace>edu.ncsu.csc.itrust.exception.DBException: A database exception has occurred. Please see the log in the console for stacktrace
	at edu.ncsu.csc.itrust.unit.action.ResetPasswordActionTest.testResetForHCP(ResetPasswordActionTest.java:114)
</errorStackTrace>
          <errorDetails>A database exception has occurred. Please see the log in the console for stacktrace</errorDetails>
          <failedSince>1</failedSince>
        </case>
        <case>
          <duration>0.049</duration>
          <className>edu.ncsu.csc.itrust.unit.action.ResetPasswordActionTest</className>
          <testName>testCheckMIDEvil2</testName>
          <skipped>false</skipped>
          <failedSince>0</failedSince>
        </case>
        <case>
          <duration>0.047</duration>
          <className>edu.ncsu.csc.itrust.unit.action.ResetPasswordActionTest</className>
          <testName>testCheckWrongRole</testName>
          <skipped>false</skipped>
          <failedSince>0</failedSince>
        </case>
        <case>
          <duration>0.05</duration>
          <className>edu.ncsu.csc.itrust.unit.action.ResetPasswordActionTest</className>
          <testName>testValidatePasswordEmpty</testName>
          <skipped>false</skipped>
          <errorStackTrace>edu.ncsu.csc.itrust.exception.DBException: A database exception has occurred. Please see the log in the console for stacktrace
	at edu.ncsu.csc.itrust.unit.action.ResetPasswordActionTest.testValidatePasswordEmpty(ResetPasswordActionTest.java:135)
</errorStackTrace>
          <errorDetails>A database exception has occurred. Please see the log in the console for stacktrace</errorDetails>
          <failedSince>2</failedSince>
        </case>
        <case>
          <duration>0.055</duration>
          <className>edu.ncsu.csc.itrust.unit.action.ResetPasswordActionTest</className>
          <testName>testValidatePasswordWrong</testName>
          <skipped>false</skipped>
          <errorStackTrace>edu.ncsu.csc.itrust.exception.DBException: A database exception has occurred. Please see the log in the console for stacktrace
	at edu.ncsu.csc.itrust.unit.action.ResetPasswordActionTest.testValidatePasswordWrong(ResetPasswordActionTest.java:146)
</errorStackTrace>
          <errorDetails>A database exception has occurred. Please see the log in the console for stacktrace</errorDetails>
          <failedSince>1</failedSince>
        </case>
        <case>
          <duration>0.045</duration>
          <className>edu.ncsu.csc.itrust.unit.action.ResetPasswordActionTest</className>
          <testName>testValidatePasswordNull</testName>
          <skipped>false</skipped>
          <errorStackTrace>edu.ncsu.csc.itrust.exception.DBException: A database exception has occurred. Please see the log in the console for stacktrace
	at edu.ncsu.csc.itrust.unit.action.ResetPasswordActionTest.testValidatePasswordNull(ResetPasswordActionTest.java:124)
</errorStackTrace>
          <errorDetails>A database exception has occurred. Please see the log in the console for stacktrace</errorDetails>
          <failedSince>1</failedSince>
        </case>
        <case>
          <duration>0.052</duration>
          <className>edu.ncsu.csc.itrust.unit.action.ResetPasswordActionTest</className>
          <testName>testGetSecurityQuestionEvil</testName>
          <skipped>false</skipped>
          <failedSince>0</failedSince>
        </case>
        <case>
          <duration>0.042</duration>
          <className>edu.ncsu.csc.itrust.unit.action.ResetPasswordActionTest</className>
          <testName>testCheckRole</testName>
          <skipped>false</skipped>
          <errorStackTrace>junit.framework.ComparisonFailure: expected:&lt;hcp&gt; but was:&lt;null&gt;
	at edu.ncsu.csc.itrust.unit.action.ResetPasswordActionTest.testCheckRole(ResetPasswordActionTest.java:57)
</errorStackTrace>
          <errorDetails>expected:&lt;hcp&gt; but was:&lt;null&gt;</errorDetails>
          <failedSince>1</failedSince>
        </case>
        <case>
          <duration>0.043</duration>
          <className>edu.ncsu.csc.itrust.unit.action.ResetPasswordActionTest</className>
          <testName>testCheckMIDEvil</testName>
          <skipped>false</skipped>
          <failedSince>0</failedSince>
        </case>
        <case>
          <duration>0.049</duration>
          <className>edu.ncsu.csc.itrust.unit.action.ResetPasswordActionTest</className>
          <testName>testGetSecurityQuestion</testName>
          <skipped>false</skipped>
          <errorStackTrace>junit.framework.ComparisonFailure: expected:&lt;[what is your favorite color?]&gt; but was:&lt;[]&gt;
	at edu.ncsu.csc.itrust.unit.action.ResetPasswordActionTest.testGetSecurityQuestion(ResetPasswordActionTest.java:81)
</errorStackTrace>
          <errorDetails>expected:&lt;[what is your favorite color?]&gt; but was:&lt;[]&gt;</errorDetails>
          <failedSince>1</failedSince>
        </case>
        <case>
          <duration>0.042</duration>
          <className>edu.ncsu.csc.itrust.unit.action.ResetPasswordActionTest</className>
          <testName>testResetPassword</testName>
          <skipped>false</skipped>
          <errorStackTrace>edu.ncsu.csc.itrust.exception.DBException: A database exception has occurred. Please see the log in the console for stacktrace
	at edu.ncsu.csc.itrust.unit.action.ResetPasswordActionTest.testResetPassword(ResetPasswordActionTest.java:96)
</errorStackTrace>
          <errorDetails>A database exception has occurred. Please see the log in the console for stacktrace</errorDetails>
          <failedSince>1</failedSince>
        </case>
        <case>
          <duration>0.047</duration>
          <className>edu.ncsu.csc.itrust.unit.action.ResetPasswordActionTest</className>
          <testName>testCheckAnswerNull</testName>
          <skipped>false</skipped>
          <failedSince>0</failedSince>
        </case>
      </cases>
    </suite>
    <suite>
      <file>/var/lib/jenkins/workspace/itrust-main/iTrust-v23/iTrust/target/surefire-reports/TEST-edu.ncsu.csc.itrust.unit.action.ReviewsActionTest.xml</file>
      <name>edu.ncsu.csc.itrust.unit.action.ReviewsActionTest</name>
      <duration>1.366</duration>
      <time>1.366</time>
      <cases>
        <case>
          <duration>0.234</duration>
          <className>edu.ncsu.csc.itrust.unit.action.ReviewsActionTest</className>
          <testName>testGetPhysician</testName>
          <skipped>false</skipped>
          <failedSince>0</failedSince>
        </case>
        <case>
          <duration>0.277</duration>
          <className>edu.ncsu.csc.itrust.unit.action.ReviewsActionTest</className>
          <testName>testAddReviewValid</testName>
          <skipped>false</skipped>
          <failedSince>0</failedSince>
        </case>
        <case>
          <duration>0.282</duration>
          <className>edu.ncsu.csc.itrust.unit.action.ReviewsActionTest</className>
          <testName>testGetReviews</testName>
          <skipped>false</skipped>
          <failedSince>0</failedSince>
        </case>
        <case>
          <duration>0.289</duration>
          <className>edu.ncsu.csc.itrust.unit.action.ReviewsActionTest</className>
          <testName>testIsAbleToRate</testName>
          <skipped>false</skipped>
          <failedSince>0</failedSince>
        </case>
        <case>
          <duration>0.283</duration>
          <className>edu.ncsu.csc.itrust.unit.action.ReviewsActionTest</className>
          <testName>testGetAverageRating</testName>
          <skipped>false</skipped>
          <failedSince>0</failedSince>
        </case>
      </cases>
    </suite>
    <suite>
      <file>/var/lib/jenkins/workspace/itrust-main/iTrust-v23/iTrust/target/surefire-reports/TEST-edu.ncsu.csc.itrust.unit.action.SearchUsersActionTest.xml</file>
      <name>edu.ncsu.csc.itrust.unit.action.SearchUsersActionTest</name>
      <duration>3.047</duration>
      <time>3.047</time>
      <cases>
        <case>
          <duration>0.261</duration>
          <className>edu.ncsu.csc.itrust.unit.action.SearchUsersActionTest</className>
          <testName>testSearchForPatientsWithName2</testName>
          <skipped>false</skipped>
          <failedSince>0</failedSince>
        </case>
        <case>
          <duration>0.179</duration>
          <className>edu.ncsu.csc.itrust.unit.action.SearchUsersActionTest</className>
          <testName>testSearchForPatientsWithName3</testName>
          <skipped>false</skipped>
          <failedSince>0</failedSince>
        </case>
        <case>
          <duration>0.152</duration>
          <className>edu.ncsu.csc.itrust.unit.action.SearchUsersActionTest</className>
          <testName>testFuzzySearchForPatient1</testName>
          <skipped>false</skipped>
          <errorStackTrace>java.lang.IndexOutOfBoundsException: Index: 0, Size: 0
	at edu.ncsu.csc.itrust.unit.action.SearchUsersActionTest.testFuzzySearchForPatient1(SearchUsersActionTest.java:62)
</errorStackTrace>
          <errorDetails>Index: 0, Size: 0</errorDetails>
          <failedSince>1</failedSince>
        </case>
        <case>
          <duration>0.237</duration>
          <className>edu.ncsu.csc.itrust.unit.action.SearchUsersActionTest</className>
          <testName>testFuzzySearchForPatient2</testName>
          <skipped>false</skipped>
          <errorStackTrace>java.lang.IndexOutOfBoundsException: Index: 0, Size: 0
	at edu.ncsu.csc.itrust.unit.action.SearchUsersActionTest.testFuzzySearchForPatient2(SearchUsersActionTest.java:71)
</errorStackTrace>
          <errorDetails>Index: 0, Size: 0</errorDetails>
          <failedSince>1</failedSince>
        </case>
        <case>
          <duration>0.223</duration>
          <className>edu.ncsu.csc.itrust.unit.action.SearchUsersActionTest</className>
          <testName>testFuzzySearchForPatient3</testName>
          <skipped>false</skipped>
          <errorStackTrace>java.lang.IndexOutOfBoundsException: Index: 0, Size: 0
	at edu.ncsu.csc.itrust.unit.action.SearchUsersActionTest.testFuzzySearchForPatient3(SearchUsersActionTest.java:80)
</errorStackTrace>
          <errorDetails>Index: 0, Size: 0</errorDetails>
          <failedSince>1</failedSince>
        </case>
        <case>
          <duration>0.239</duration>
          <className>edu.ncsu.csc.itrust.unit.action.SearchUsersActionTest</className>
          <testName>testSearchForPatientsWithName</testName>
          <skipped>false</skipped>
          <failedSince>0</failedSince>
        </case>
        <case>
          <duration>0.22</duration>
          <className>edu.ncsu.csc.itrust.unit.action.SearchUsersActionTest</className>
          <testName>testFuzzySearchForPatientDeactivated</testName>
          <skipped>false</skipped>
          <failedSince>0</failedSince>
        </case>
        <case>
          <duration>0.211</duration>
          <className>edu.ncsu.csc.itrust.unit.action.SearchUsersActionTest</className>
          <testName>testZeroPatients</testName>
          <skipped>false</skipped>
          <failedSince>0</failedSince>
        </case>
        <case>
          <duration>0.231</duration>
          <className>edu.ncsu.csc.itrust.unit.action.SearchUsersActionTest</className>
          <testName>testSearchForPersonnelWithName2</testName>
          <skipped>false</skipped>
          <failedSince>0</failedSince>
        </case>
        <case>
          <duration>0.208</duration>
          <className>edu.ncsu.csc.itrust.unit.action.SearchUsersActionTest</className>
          <testName>testSearchForPersonnelWithName3</testName>
          <skipped>false</skipped>
          <failedSince>0</failedSince>
        </case>
        <case>
          <duration>0.217</duration>
          <className>edu.ncsu.csc.itrust.unit.action.SearchUsersActionTest</className>
          <testName>testFuzzySearchForExpert</testName>
          <skipped>false</skipped>
          <errorStackTrace>junit.framework.AssertionFailedError: expected:&lt;1&gt; but was:&lt;0&gt;
	at edu.ncsu.csc.itrust.unit.action.SearchUsersActionTest.testFuzzySearchForExpert(SearchUsersActionTest.java:159)
</errorStackTrace>
          <errorDetails>expected:&lt;1&gt; but was:&lt;0&gt;</errorDetails>
          <failedSince>1</failedSince>
        </case>
        <case>
          <duration>0.222</duration>
          <className>edu.ncsu.csc.itrust.unit.action.SearchUsersActionTest</className>
          <testName>testSearchForPersonnelWithName</testName>
          <skipped>false</skipped>
          <failedSince>0</failedSince>
        </case>
        <case>
          <duration>0.237</duration>
          <className>edu.ncsu.csc.itrust.unit.action.SearchUsersActionTest</className>
          <testName>testFuzzySearchForPatientDeactivatedOverride</testName>
          <skipped>false</skipped>
          <errorStackTrace>java.lang.IndexOutOfBoundsException: Index: 0, Size: 0
	at edu.ncsu.csc.itrust.unit.action.SearchUsersActionTest.testFuzzySearchForPatientDeactivatedOverride(SearchUsersActionTest.java:95)
</errorStackTrace>
          <errorDetails>Index: 0, Size: 0</errorDetails>
          <failedSince>1</failedSince>
        </case>
        <case>
          <duration>0.209</duration>
          <className>edu.ncsu.csc.itrust.unit.action.SearchUsersActionTest</className>
          <testName>testDeactivated</testName>
          <skipped>false</skipped>
          <failedSince>0</failedSince>
        </case>
      </cases>
    </suite>
    <suite>
      <file>/var/lib/jenkins/workspace/itrust-main/iTrust-v23/iTrust/target/surefire-reports/TEST-edu.ncsu.csc.itrust.unit.action.SendMessageActionTest.xml</file>
      <name>edu.ncsu.csc.itrust.unit.action.SendMessageActionTest</name>
      <duration>1.514</duration>
      <time>1.514</time>
      <cases>
        <case>
          <duration>0.204</duration>
          <className>edu.ncsu.csc.itrust.unit.action.SendMessageActionTest</className>
          <testName>testGetPatientName</testName>
          <skipped>false</skipped>
          <failedSince>0</failedSince>
        </case>
        <case>
          <duration>0.314</duration>
          <className>edu.ncsu.csc.itrust.unit.action.SendMessageActionTest</className>
          <testName>testGetMyRepresentees</testName>
          <skipped>false</skipped>
          <failedSince>0</failedSince>
        </case>
        <case>
          <duration>0.222</duration>
          <className>edu.ncsu.csc.itrust.unit.action.SendMessageActionTest</className>
          <testName>testSendMessage</testName>
          <skipped>false</skipped>
          <errorStackTrace>java.lang.NullPointerException
	at edu.ncsu.csc.itrust.unit.action.SendMessageActionTest.testSendMessage(SendMessageActionTest.java:57)
</errorStackTrace>
          <failedSince>1</failedSince>
        </case>
        <case>
          <duration>0.237</duration>
          <className>edu.ncsu.csc.itrust.unit.action.SendMessageActionTest</className>
          <testName>testGetMyDLHCPs</testName>
          <skipped>false</skipped>
          <failedSince>0</failedSince>
        </case>
        <case>
          <duration>0.17</duration>
          <className>edu.ncsu.csc.itrust.unit.action.SendMessageActionTest</className>
          <testName>testGetMyDLHCPs2</testName>
          <skipped>false</skipped>
          <failedSince>0</failedSince>
        </case>
        <case>
          <duration>0.164</duration>
          <className>edu.ncsu.csc.itrust.unit.action.SendMessageActionTest</className>
          <testName>testGetPersonnelName</testName>
          <skipped>false</skipped>
          <errorStackTrace>edu.ncsu.csc.itrust.exception.DBException: A database exception has occurred. Please see the log in the console for stacktrace
	at edu.ncsu.csc.itrust.unit.action.SendMessageActionTest.testGetPersonnelName(SendMessageActionTest.java:71)
</errorStackTrace>
          <errorDetails>A database exception has occurred. Please see the log in the console for stacktrace</errorDetails>
          <failedSince>1</failedSince>
        </case>
        <case>
          <duration>0.203</duration>
          <className>edu.ncsu.csc.itrust.unit.action.SendMessageActionTest</className>
          <testName>testGetDLCHPsFor</testName>
          <skipped>false</skipped>
          <failedSince>0</failedSince>
        </case>
      </cases>
    </suite>
    <suite>
      <file>/var/lib/jenkins/workspace/itrust-main/iTrust-v23/iTrust/target/surefire-reports/TEST-edu.ncsu.csc.itrust.unit.action.SetSecurityQuestionTest.xml</file>
      <name>edu.ncsu.csc.itrust.unit.action.SetSecurityQuestionTest</name>
      <duration>0.225</duration>
      <time>0.225</time>
      <cases>
        <case>
          <duration>0.066</duration>
          <className>edu.ncsu.csc.itrust.unit.action.SetSecurityQuestionTest</className>
          <testName>testUpdateInformationCorrectly</testName>
          <skipped>false</skipped>
          <errorStackTrace>edu.ncsu.csc.itrust.exception.DBException: A database exception has occurred. Please see the log in the console for stacktrace
	at edu.ncsu.csc.itrust.unit.action.SetSecurityQuestionTest.testUpdateInformationCorrectly(SetSecurityQuestionTest.java:54)
</errorStackTrace>
          <errorDetails>A database exception has occurred. Please see the log in the console for stacktrace</errorDetails>
          <failedSince>1</failedSince>
        </case>
        <case>
          <duration>0.049</duration>
          <className>edu.ncsu.csc.itrust.unit.action.SetSecurityQuestionTest</className>
          <testName>testRetriveInformation</testName>
          <skipped>false</skipped>
          <errorStackTrace>edu.ncsu.csc.itrust.exception.DBException: A database exception has occurred. Please see the log in the console for stacktrace
	at edu.ncsu.csc.itrust.unit.action.SetSecurityQuestionTest.testRetriveInformation(SetSecurityQuestionTest.java:46)
</errorStackTrace>
          <errorDetails>A database exception has occurred. Please see the log in the console for stacktrace</errorDetails>
          <failedSince>1</failedSince>
        </case>
        <case>
          <duration>0.057</duration>
          <className>edu.ncsu.csc.itrust.unit.action.SetSecurityQuestionTest</className>
          <testName>testBadConnection</testName>
          <skipped>false</skipped>
          <errorStackTrace>junit.framework.ComparisonFailure: expected:&lt;[Exception thrown from Evil Test Connection Driver]&gt; but was:&lt;[No extended information.]&gt;
	at edu.ncsu.csc.itrust.unit.action.SetSecurityQuestionTest.testBadConnection(SetSecurityQuestionTest.java:39)
</errorStackTrace>
          <errorDetails>expected:&lt;[Exception thrown from Evil Test Connection Driver]&gt; but was:&lt;[No extended information.]&gt;</errorDetails>
          <failedSince>2</failedSince>
        </case>
        <case>
          <duration>0.048</duration>
          <className>edu.ncsu.csc.itrust.unit.action.SetSecurityQuestionTest</className>
          <testName>testNotUserID</testName>
          <skipped>false</skipped>
          <failedSince>0</failedSince>
        </case>
      </cases>
    </suite>
    <suite>
      <file>/var/lib/jenkins/workspace/itrust-main/iTrust-v23/iTrust/target/surefire-reports/TEST-edu.ncsu.csc.itrust.unit.action.UpdateHospitalListActionTest.xml</file>
      <name>edu.ncsu.csc.itrust.unit.action.UpdateHospitalListActionTest</name>
      <duration>0.478</duration>
      <time>0.478</time>
      <cases>
        <case>
          <duration>0.048</duration>
          <className>edu.ncsu.csc.itrust.unit.action.UpdateHospitalListActionTest</className>
          <testName>testAddHospital</testName>
          <skipped>false</skipped>
          <errorStackTrace>java.lang.NullPointerException
	at edu.ncsu.csc.itrust.unit.action.UpdateHospitalListActionTest.testAddHospital(UpdateHospitalListActionTest.java:80)
</errorStackTrace>
          <failedSince>1</failedSince>
        </case>
        <case>
          <duration>0.059</duration>
          <className>edu.ncsu.csc.itrust.unit.action.UpdateHospitalListActionTest</className>
          <testName>testEvilFactory2</testName>
          <skipped>false</skipped>
          <failedSince>0</failedSince>
        </case>
        <case>
          <duration>0.045</duration>
          <className>edu.ncsu.csc.itrust.unit.action.UpdateHospitalListActionTest</className>
          <testName>testUpdateAddress</testName>
          <skipped>false</skipped>
          <errorStackTrace>java.lang.NullPointerException
	at edu.ncsu.csc.itrust.unit.action.UpdateHospitalListActionTest.addEmpty(UpdateHospitalListActionTest.java:66)
	at edu.ncsu.csc.itrust.unit.action.UpdateHospitalListActionTest.testUpdateAddress(UpdateHospitalListActionTest.java:169)
</errorStackTrace>
          <failedSince>1</failedSince>
        </case>
        <case>
          <duration>0.054</duration>
          <className>edu.ncsu.csc.itrust.unit.action.UpdateHospitalListActionTest</className>
          <testName>testUpdateICDInformation0</testName>
          <skipped>false</skipped>
          <errorStackTrace>java.lang.NullPointerException
	at edu.ncsu.csc.itrust.unit.action.UpdateHospitalListActionTest.addEmpty(UpdateHospitalListActionTest.java:66)
	at edu.ncsu.csc.itrust.unit.action.UpdateHospitalListActionTest.testUpdateICDInformation0(UpdateHospitalListActionTest.java:124)
</errorStackTrace>
          <failedSince>1</failedSince>
        </case>
        <case>
          <duration>0.045</duration>
          <className>edu.ncsu.csc.itrust.unit.action.UpdateHospitalListActionTest</className>
          <testName>testEvilFactory</testName>
          <skipped>false</skipped>
          <failedSince>0</failedSince>
        </case>
        <case>
          <duration>0.063</duration>
          <className>edu.ncsu.csc.itrust.unit.action.UpdateHospitalListActionTest</className>
          <testName>testAddAddress</testName>
          <skipped>false</skipped>
          <errorStackTrace>java.lang.NullPointerException
	at edu.ncsu.csc.itrust.unit.action.UpdateHospitalListActionTest.testAddAddress(UpdateHospitalListActionTest.java:152)
</errorStackTrace>
          <failedSince>1</failedSince>
        </case>
        <case>
          <duration>0.05</duration>
          <className>edu.ncsu.csc.itrust.unit.action.UpdateHospitalListActionTest</className>
          <testName>testAddHospital2</testName>
          <skipped>false</skipped>
          <errorStackTrace>java.lang.NullPointerException
	at edu.ncsu.csc.itrust.unit.action.UpdateHospitalListActionTest.testAddHospital2(UpdateHospitalListActionTest.java:94)
</errorStackTrace>
          <failedSince>1</failedSince>
        </case>
        <case>
          <duration>0.063</duration>
          <className>edu.ncsu.csc.itrust.unit.action.UpdateHospitalListActionTest</className>
          <testName>testUpdateNonExistent</testName>
          <skipped>false</skipped>
          <failedSince>0</failedSince>
        </case>
        <case>
          <duration>0.05</duration>
          <className>edu.ncsu.csc.itrust.unit.action.UpdateHospitalListActionTest</className>
          <testName>testAddDuplicate</testName>
          <skipped>false</skipped>
          <errorStackTrace>java.lang.NullPointerException
	at edu.ncsu.csc.itrust.unit.action.UpdateHospitalListActionTest.testAddDuplicate(UpdateHospitalListActionTest.java:108)
</errorStackTrace>
          <failedSince>1</failedSince>
        </case>
      </cases>
    </suite>
    <suite>
      <file>/var/lib/jenkins/workspace/itrust-main/iTrust-v23/iTrust/target/surefire-reports/TEST-edu.ncsu.csc.itrust.unit.action.UpdateNDCodeListActionTest.xml</file>
      <name>edu.ncsu.csc.itrust.unit.action.UpdateNDCodeListActionTest</name>
      <duration>0.36</duration>
      <time>0.36</time>
      <cases>
        <case>
          <duration>0.062</duration>
          <className>edu.ncsu.csc.itrust.unit.action.UpdateNDCodeListActionTest</className>
          <testName>testUpdateNDInformation0</testName>
          <skipped>false</skipped>
          <errorStackTrace>junit.framework.ComparisonFailure: expected:&lt;[Success: 1 row(s) updated]&gt; but was:&lt;[Error: Code not found.]&gt;
	at edu.ncsu.csc.itrust.unit.action.UpdateNDCodeListActionTest.testUpdateNDInformation0(UpdateNDCodeListActionTest.java:113)
</errorStackTrace>
          <errorDetails>expected:&lt;[Success: 1 row(s) updated]&gt; but was:&lt;[Error: Code not found.]&gt;</errorDetails>
          <failedSince>1</failedSince>
        </case>
        <case>
          <duration>0.055</duration>
          <className>edu.ncsu.csc.itrust.unit.action.UpdateNDCodeListActionTest</className>
          <testName>testEvilFactory</testName>
          <skipped>false</skipped>
          <failedSince>0</failedSince>
        </case>
        <case>
          <duration>0.054</duration>
          <className>edu.ncsu.csc.itrust.unit.action.UpdateNDCodeListActionTest</className>
          <testName>testRemoveNDCode</testName>
          <skipped>false</skipped>
          <errorStackTrace>junit.framework.AssertionFailedError: Expected: &lt;null&gt; but was: edu.ncsu.csc.itrust.model.old.beans.MedicationBean@2a
	at edu.ncsu.csc.itrust.unit.action.UpdateNDCodeListActionTest.testRemoveNDCode(UpdateNDCodeListActionTest.java:145)
</errorStackTrace>
          <errorDetails>Expected: &lt;null&gt; but was: edu.ncsu.csc.itrust.model.old.beans.MedicationBean@2a</errorDetails>
          <failedSince>1</failedSince>
        </case>
        <case>
          <duration>0.048</duration>
          <className>edu.ncsu.csc.itrust.unit.action.UpdateNDCodeListActionTest</className>
          <testName>testRemoveNonExistent</testName>
          <skipped>false</skipped>
          <errorStackTrace>junit.framework.ComparisonFailure: expected:&lt;[Drug does not exist or already has been removed from the databas]e.&gt; but was:&lt;[The database has become corrupt. Please contact the system administrator for assistanc]e.&gt;
	at edu.ncsu.csc.itrust.unit.action.UpdateNDCodeListActionTest.testRemoveNonExistent(UpdateNDCodeListActionTest.java:156)
</errorStackTrace>
          <errorDetails>expected:&lt;[Drug does not exist or already has been removed from the databas]e.&gt; but was:&lt;[The database has become corrupt. Please contact the system administrator for assistanc]e.&gt;</errorDetails>
          <failedSince>1</failedSince>
        </case>
        <case>
          <duration>0.048</duration>
          <className>edu.ncsu.csc.itrust.unit.action.UpdateNDCodeListActionTest</className>
          <testName>testAddNDCode</testName>
          <skipped>false</skipped>
          <failedSince>0</failedSince>
        </case>
        <case>
          <duration>0.04</duration>
          <className>edu.ncsu.csc.itrust.unit.action.UpdateNDCodeListActionTest</className>
          <testName>testUpdateNonExistent</testName>
          <skipped>false</skipped>
          <errorStackTrace>junit.framework.ComparisonFailure: expected:&lt;[Error: Code not found.]&gt; but was:&lt;[Success: 0 row(s) updated]&gt;
	at edu.ncsu.csc.itrust.unit.action.UpdateNDCodeListActionTest.testUpdateNonExistent(UpdateNDCodeListActionTest.java:126)
</errorStackTrace>
          <errorDetails>expected:&lt;[Error: Code not found.]&gt; but was:&lt;[Success: 0 row(s) updated]&gt;</errorDetails>
          <failedSince>1</failedSince>
        </case>
        <case>
          <duration>0.05</duration>
          <className>edu.ncsu.csc.itrust.unit.action.UpdateNDCodeListActionTest</className>
          <testName>testAddDuplicate</testName>
          <skipped>false</skipped>
          <failedSince>0</failedSince>
        </case>
      </cases>
    </suite>
    <suite>
      <file>/var/lib/jenkins/workspace/itrust-main/iTrust-v23/iTrust/target/surefire-reports/TEST-edu.ncsu.csc.itrust.unit.action.UpdateORCListActionTest.xml</file>
      <name>edu.ncsu.csc.itrust.unit.action.UpdateORCListActionTest</name>
      <duration>0.273</duration>
      <time>0.273</time>
      <cases>
        <case>
          <duration>0.05</duration>
          <className>edu.ncsu.csc.itrust.unit.action.UpdateORCListActionTest</className>
          <testName>testUpdateNDInformation0</testName>
          <skipped>false</skipped>
          <errorStackTrace>edu.ncsu.csc.itrust.exception.DBException: A database exception has occurred. Please see the log in the console for stacktrace
	at edu.ncsu.csc.itrust.unit.action.UpdateORCListActionTest.addEmpty(UpdateORCListActionTest.java:62)
	at edu.ncsu.csc.itrust.unit.action.UpdateORCListActionTest.testUpdateNDInformation0(UpdateORCListActionTest.java:118)
</errorStackTrace>
          <errorDetails>A database exception has occurred. Please see the log in the console for stacktrace</errorDetails>
          <failedSince>1</failedSince>
        </case>
        <case>
          <duration>0.046</duration>
          <className>edu.ncsu.csc.itrust.unit.action.UpdateORCListActionTest</className>
          <testName>testEvilFactory</testName>
          <skipped>false</skipped>
          <failedSince>0</failedSince>
        </case>
        <case>
          <duration>0.07</duration>
          <className>edu.ncsu.csc.itrust.unit.action.UpdateORCListActionTest</className>
          <testName>testAddORCode</testName>
          <skipped>false</skipped>
          <errorStackTrace>edu.ncsu.csc.itrust.exception.DBException: A database exception has occurred. Please see the log in the console for stacktrace
	at edu.ncsu.csc.itrust.unit.action.UpdateORCListActionTest.testAddORCode(UpdateORCListActionTest.java:83)
</errorStackTrace>
          <errorDetails>A database exception has occurred. Please see the log in the console for stacktrace</errorDetails>
          <failedSince>1</failedSince>
        </case>
        <case>
          <duration>0.043</duration>
          <className>edu.ncsu.csc.itrust.unit.action.UpdateORCListActionTest</className>
          <testName>testUpdateNonExistent</testName>
          <skipped>false</skipped>
          <errorStackTrace>edu.ncsu.csc.itrust.exception.DBException: A database exception has occurred. Please see the log in the console for stacktrace
	at edu.ncsu.csc.itrust.unit.action.UpdateORCListActionTest.testUpdateNonExistent(UpdateORCListActionTest.java:142)
</errorStackTrace>
          <errorDetails>A database exception has occurred. Please see the log in the console for stacktrace</errorDetails>
          <failedSince>1</failedSince>
        </case>
        <case>
          <duration>0.064</duration>
          <className>edu.ncsu.csc.itrust.unit.action.UpdateORCListActionTest</className>
          <testName>testAddDuplicate</testName>
          <skipped>false</skipped>
          <errorStackTrace>edu.ncsu.csc.itrust.exception.DBException: A database exception has occurred. Please see the log in the console for stacktrace
	at edu.ncsu.csc.itrust.unit.action.UpdateORCListActionTest.testAddDuplicate(UpdateORCListActionTest.java:105)
</errorStackTrace>
          <errorDetails>A database exception has occurred. Please see the log in the console for stacktrace</errorDetails>
          <failedSince>1</failedSince>
        </case>
      </cases>
    </suite>
    <suite>
      <file>/var/lib/jenkins/workspace/itrust-main/iTrust-v23/iTrust/target/surefire-reports/TEST-edu.ncsu.csc.itrust.unit.action.UpdateReasonCodeListActionTest.xml</file>
      <name>edu.ncsu.csc.itrust.unit.action.UpdateReasonCodeListActionTest</name>
      <duration>0.275</duration>
      <time>0.275</time>
      <cases>
        <case>
          <duration>0.068</duration>
          <className>edu.ncsu.csc.itrust.unit.action.UpdateReasonCodeListActionTest</className>
          <testName>testUpdateNDInformation0</testName>
          <skipped>false</skipped>
          <errorStackTrace>junit.framework.ComparisonFailure: expected:&lt;[Success: 1 row(s) updated]&gt; but was:&lt;[Error: Code not found.]&gt;
	at edu.ncsu.csc.itrust.unit.action.UpdateReasonCodeListActionTest.testUpdateNDInformation0(UpdateReasonCodeListActionTest.java:106)
</errorStackTrace>
          <errorDetails>expected:&lt;[Success: 1 row(s) updated]&gt; but was:&lt;[Error: Code not found.]&gt;</errorDetails>
          <failedSince>1</failedSince>
        </case>
        <case>
          <duration>0.054</duration>
          <className>edu.ncsu.csc.itrust.unit.action.UpdateReasonCodeListActionTest</className>
          <testName>testEvilFactory</testName>
          <skipped>false</skipped>
          <failedSince>0</failedSince>
        </case>
        <case>
          <duration>0.052</duration>
          <className>edu.ncsu.csc.itrust.unit.action.UpdateReasonCodeListActionTest</className>
          <testName>testAddNDCode</testName>
          <skipped>false</skipped>
          <failedSince>0</failedSince>
        </case>
        <case>
          <duration>0.049</duration>
          <className>edu.ncsu.csc.itrust.unit.action.UpdateReasonCodeListActionTest</className>
          <testName>testUpdateNonExistent</testName>
          <skipped>false</skipped>
          <errorStackTrace>junit.framework.ComparisonFailure: expected:&lt;[Error: Code not found.]&gt; but was:&lt;[Success: 0 row(s) updated]&gt;
	at edu.ncsu.csc.itrust.unit.action.UpdateReasonCodeListActionTest.testUpdateNonExistent(UpdateReasonCodeListActionTest.java:119)
</errorStackTrace>
          <errorDetails>expected:&lt;[Error: Code not found.]&gt; but was:&lt;[Success: 0 row(s) updated]&gt;</errorDetails>
          <failedSince>1</failedSince>
        </case>
        <case>
          <duration>0.05</duration>
          <className>edu.ncsu.csc.itrust.unit.action.UpdateReasonCodeListActionTest</className>
          <testName>testAddDuplicate</testName>
          <skipped>false</skipped>
          <failedSince>0</failedSince>
        </case>
      </cases>
    </suite>
    <suite>
      <file>/var/lib/jenkins/workspace/itrust-main/iTrust-v23/iTrust/target/surefire-reports/TEST-edu.ncsu.csc.itrust.unit.action.VerifyClaimActionTest.xml</file>
      <name>edu.ncsu.csc.itrust.unit.action.VerifyClaimActionTest</name>
      <duration>0.277</duration>
      <time>0.277</time>
      <cases>
        <case>
          <duration>0.075</duration>
          <className>edu.ncsu.csc.itrust.unit.action.VerifyClaimActionTest</className>
          <testName>testDenyClaim</testName>
          <skipped>false</skipped>
          <errorStackTrace>java.lang.NullPointerException
	at edu.ncsu.csc.itrust.unit.action.VerifyClaimActionTest.testDenyClaim(VerifyClaimActionTest.java:67)
</errorStackTrace>
          <failedSince>1</failedSince>
        </case>
        <case>
          <duration>0.071</duration>
          <className>edu.ncsu.csc.itrust.unit.action.VerifyClaimActionTest</className>
          <testName>testGetBill</testName>
          <skipped>false</skipped>
          <errorStackTrace>java.lang.NullPointerException
	at edu.ncsu.csc.itrust.unit.action.VerifyClaimActionTest.testGetBill(VerifyClaimActionTest.java:60)
</errorStackTrace>
          <failedSince>1</failedSince>
        </case>
        <case>
          <duration>0.066</duration>
          <className>edu.ncsu.csc.itrust.unit.action.VerifyClaimActionTest</className>
          <testName>testEvilAction</testName>
          <skipped>false</skipped>
          <failedSince>0</failedSince>
        </case>
        <case>
          <duration>0.062</duration>
          <className>edu.ncsu.csc.itrust.unit.action.VerifyClaimActionTest</className>
          <testName>testApproveClaim</testName>
          <skipped>false</skipped>
          <errorStackTrace>java.lang.NullPointerException
	at edu.ncsu.csc.itrust.unit.action.VerifyClaimActionTest.testApproveClaim(VerifyClaimActionTest.java:79)
</errorStackTrace>
          <failedSince>1</failedSince>
        </case>
      </cases>
    </suite>
    <suite>
      <file>/var/lib/jenkins/workspace/itrust-main/iTrust-v23/iTrust/target/surefire-reports/TEST-edu.ncsu.csc.itrust.unit.action.ViewApptRequestsActionTest.xml</file>
      <name>edu.ncsu.csc.itrust.unit.action.ViewApptRequestsActionTest</name>
      <duration>0.594</duration>
      <time>0.594</time>
      <cases>
        <case>
          <duration>0.208</duration>
          <className>edu.ncsu.csc.itrust.unit.action.ViewApptRequestsActionTest</className>
          <testName>testRejectApptRequest</testName>
          <skipped>false</skipped>
          <errorStackTrace>java.lang.NullPointerException
	at edu.ncsu.csc.itrust.unit.action.ViewApptRequestsActionTest.setUp(ViewApptRequestsActionTest.java:24)
</errorStackTrace>
          <failedSince>1</failedSince>
        </case>
        <case>
          <duration>0.189</duration>
          <className>edu.ncsu.csc.itrust.unit.action.ViewApptRequestsActionTest</className>
          <testName>testAcceptApptRequest</testName>
          <skipped>false</skipped>
          <errorStackTrace>java.lang.NullPointerException
	at edu.ncsu.csc.itrust.unit.action.ViewApptRequestsActionTest.setUp(ViewApptRequestsActionTest.java:24)
</errorStackTrace>
          <failedSince>1</failedSince>
        </case>
        <case>
          <duration>0.196</duration>
          <className>edu.ncsu.csc.itrust.unit.action.ViewApptRequestsActionTest</className>
          <testName>testGetApptRequests</testName>
          <skipped>false</skipped>
          <errorStackTrace>java.lang.NullPointerException
	at edu.ncsu.csc.itrust.unit.action.ViewApptRequestsActionTest.setUp(ViewApptRequestsActionTest.java:24)
</errorStackTrace>
          <failedSince>2</failedSince>
        </case>
      </cases>
    </suite>
    <suite>
      <file>/var/lib/jenkins/workspace/itrust-main/iTrust-v23/iTrust/target/surefire-reports/TEST-edu.ncsu.csc.itrust.unit.action.ViewClaimsActionTest.xml</file>
      <name>edu.ncsu.csc.itrust.unit.action.ViewClaimsActionTest</name>
      <duration>0.958</duration>
      <time>0.958</time>
      <cases>
        <case>
          <duration>0.252</duration>
          <className>edu.ncsu.csc.itrust.unit.action.ViewClaimsActionTest</className>
          <testName>testGetDate</testName>
          <skipped>false</skipped>
          <failedSince>0</failedSince>
        </case>
        <case>
          <duration>0.243</duration>
          <className>edu.ncsu.csc.itrust.unit.action.ViewClaimsActionTest</className>
          <testName>testEvilAction</testName>
          <skipped>false</skipped>
          <failedSince>0</failedSince>
        </case>
        <case>
          <duration>0.246</duration>
          <className>edu.ncsu.csc.itrust.unit.action.ViewClaimsActionTest</className>
          <testName>testGetClaims</testName>
          <skipped>false</skipped>
          <errorStackTrace>java.lang.NullPointerException
	at edu.ncsu.csc.itrust.unit.action.ViewClaimsActionTest.testGetClaims(ViewClaimsActionTest.java:90)
</errorStackTrace>
          <failedSince>1</failedSince>
        </case>
        <case>
          <duration>0.217</duration>
          <className>edu.ncsu.csc.itrust.unit.action.ViewClaimsActionTest</className>
          <testName>testGetSubmitter</testName>
          <skipped>false</skipped>
          <failedSince>0</failedSince>
        </case>
      </cases>
    </suite>
    <suite>
      <file>/var/lib/jenkins/workspace/itrust-main/iTrust-v23/iTrust/target/surefire-reports/TEST-edu.ncsu.csc.itrust.unit.action.ViewHelperActionTest.xml</file>
      <name>edu.ncsu.csc.itrust.unit.action.ViewHelperActionTest</name>
      <duration>0.0</duration>
      <time>0</time>
      <cases>
        <case>
          <duration>0.0</duration>
          <className>edu.ncsu.csc.itrust.unit.action.ViewHelperActionTest</className>
          <testName>testUpdateUserPrefs</testName>
          <skipped>false</skipped>
          <failedSince>0</failedSince>
        </case>
      </cases>
    </suite>
    <suite>
      <file>/var/lib/jenkins/workspace/itrust-main/iTrust-v23/iTrust/target/surefire-reports/TEST-edu.ncsu.csc.itrust.unit.action.ViewMyAccessLogActionTest.xml</file>
      <name>edu.ncsu.csc.itrust.unit.action.ViewMyAccessLogActionTest</name>
      <duration>0.635</duration>
      <time>0.635</time>
      <cases>
        <case>
          <duration>0.096</duration>
          <className>edu.ncsu.csc.itrust.unit.action.ViewMyAccessLogActionTest</className>
          <testName>testDefaultNoList</testName>
          <skipped>false</skipped>
          <failedSince>0</failedSince>
        </case>
        <case>
          <duration>0.082</duration>
          <className>edu.ncsu.csc.itrust.unit.action.ViewMyAccessLogActionTest</className>
          <testName>testGetAccessesIllegalUser</testName>
          <skipped>false</skipped>
          <errorStackTrace>junit.framework.AssertionFailedError: exception should have been thrown
	at edu.ncsu.csc.itrust.unit.action.ViewMyAccessLogActionTest.testGetAccessesIllegalUser(ViewMyAccessLogActionTest.java:55)
</errorStackTrace>
          <errorDetails>exception should have been thrown</errorDetails>
          <failedSince>1</failedSince>
        </case>
        <case>
          <duration>0.072</duration>
          <className>edu.ncsu.csc.itrust.unit.action.ViewMyAccessLogActionTest</className>
          <testName>testNoProblems</testName>
          <skipped>false</skipped>
          <failedSince>0</failedSince>
        </case>
        <case>
          <duration>0.075</duration>
          <className>edu.ncsu.csc.itrust.unit.action.ViewMyAccessLogActionTest</className>
          <testName>testDLHCPAccessesHidden</testName>
          <skipped>false</skipped>
          <errorStackTrace>java.lang.NullPointerException
	at edu.ncsu.csc.itrust.unit.action.ViewMyAccessLogActionTest.testDLHCPAccessesHidden(ViewMyAccessLogActionTest.java:103)
</errorStackTrace>
          <failedSince>1</failedSince>
        </case>
        <case>
          <duration>0.083</duration>
          <className>edu.ncsu.csc.itrust.unit.action.ViewMyAccessLogActionTest</className>
          <testName>testDefaultWithList</testName>
          <skipped>false</skipped>
          <failedSince>0</failedSince>
        </case>
        <case>
          <duration>0.068</duration>
          <className>edu.ncsu.csc.itrust.unit.action.ViewMyAccessLogActionTest</className>
          <testName>testGetAccessesBadData</testName>
          <skipped>false</skipped>
          <errorStackTrace>java.lang.NullPointerException
</errorStackTrace>
          <failedSince>1</failedSince>
        </case>
        <case>
          <duration>0.086</duration>
          <className>edu.ncsu.csc.itrust.unit.action.ViewMyAccessLogActionTest</className>
          <testName>testNoProblemsDependentLog</testName>
          <skipped>false</skipped>
          <errorStackTrace>edu.ncsu.csc.itrust.exception.FormValidationException: This form has not been validated correctly. The following field are not properly filled in: [Log to View.]
	at edu.ncsu.csc.itrust.unit.action.ViewMyAccessLogActionTest.testNoProblemsDependentLog(ViewMyAccessLogActionTest.java:46)
</errorStackTrace>
          <errorDetails>This form has not been validated correctly. The following field are not properly filled in: [Log to View.]</errorDetails>
          <failedSince>1</failedSince>
        </case>
        <case>
          <duration>0.071</duration>
          <className>edu.ncsu.csc.itrust.unit.action.ViewMyAccessLogActionTest</className>
          <testName>testGetAccessesByRole</testName>
          <skipped>false</skipped>
          <errorStackTrace>java.lang.NullPointerException
</errorStackTrace>
          <failedSince>1</failedSince>
        </case>
      </cases>
    </suite>
    <suite>
      <file>/var/lib/jenkins/workspace/itrust-main/iTrust-v23/iTrust/target/surefire-reports/TEST-edu.ncsu.csc.itrust.unit.action.ViewMyApptsActionTest.xml</file>
      <name>edu.ncsu.csc.itrust.unit.action.ViewMyApptsActionTest</name>
      <duration>0.676</duration>
      <time>0.676</time>
      <cases>
        <case>
          <duration>0.237</duration>
          <className>edu.ncsu.csc.itrust.unit.action.ViewMyApptsActionTest</className>
          <testName>testGetName2</testName>
          <skipped>false</skipped>
          <errorStackTrace>java.lang.NullPointerException
	at edu.ncsu.csc.itrust.unit.action.ViewMyApptsActionTest.setUp(ViewMyApptsActionTest.java:26)
</errorStackTrace>
          <failedSince>2</failedSince>
        </case>
        <case>
          <duration>0.221</duration>
          <className>edu.ncsu.csc.itrust.unit.action.ViewMyApptsActionTest</className>
          <testName>testGetMyAppointments</testName>
          <skipped>false</skipped>
          <errorStackTrace>java.lang.NullPointerException
	at edu.ncsu.csc.itrust.unit.action.ViewMyApptsActionTest.setUp(ViewMyApptsActionTest.java:26)
</errorStackTrace>
          <failedSince>2</failedSince>
        </case>
        <case>
          <duration>0.217</duration>
          <className>edu.ncsu.csc.itrust.unit.action.ViewMyApptsActionTest</className>
          <testName>testGetName</testName>
          <skipped>false</skipped>
          <errorStackTrace>java.lang.NullPointerException
	at edu.ncsu.csc.itrust.unit.action.ViewMyApptsActionTest.setUp(ViewMyApptsActionTest.java:26)
</errorStackTrace>
          <failedSince>1</failedSince>
        </case>
      </cases>
    </suite>
    <suite>
      <file>/var/lib/jenkins/workspace/itrust-main/iTrust-v23/iTrust/target/surefire-reports/TEST-edu.ncsu.csc.itrust.unit.action.ViewMyBillingActionTest.xml</file>
      <name>edu.ncsu.csc.itrust.unit.action.ViewMyBillingActionTest</name>
      <duration>0.444</duration>
      <time>0.444</time>
      <cases>
        <case>
          <duration>0.232</duration>
          <className>edu.ncsu.csc.itrust.unit.action.ViewMyBillingActionTest</className>
          <testName>testGetMyUnpaidBills</testName>
          <skipped>false</skipped>
          <failedSince>0</failedSince>
        </case>
        <case>
          <duration>0.211</duration>
          <className>edu.ncsu.csc.itrust.unit.action.ViewMyBillingActionTest</className>
          <testName>testGetAllMyBills</testName>
          <skipped>false</skipped>
          <errorStackTrace>java.lang.NullPointerException
	at edu.ncsu.csc.itrust.unit.action.ViewMyBillingActionTest.testGetAllMyBills(ViewMyBillingActionTest.java:31)
</errorStackTrace>
          <failedSince>1</failedSince>
        </case>
      </cases>
    </suite>
    <suite>
      <file>/var/lib/jenkins/workspace/itrust-main/iTrust-v23/iTrust/target/surefire-reports/TEST-edu.ncsu.csc.itrust.unit.action.ViewMyMessagesActionTest.xml</file>
      <name>edu.ncsu.csc.itrust.unit.action.ViewMyMessagesActionTest</name>
      <duration>3.311</duration>
      <time>3.311</time>
      <cases>
        <case>
          <duration>0.15</duration>
          <className>edu.ncsu.csc.itrust.unit.action.ViewMyMessagesActionTest</className>
          <testName>testAddMessage</testName>
          <skipped>false</skipped>
          <errorStackTrace>java.lang.NullPointerException
	at edu.ncsu.csc.itrust.unit.action.ViewMyMessagesActionTest.setUp(ViewMyMessagesActionTest.java:42)
</errorStackTrace>
          <failedSince>2</failedSince>
        </case>
        <case>
          <duration>0.215</duration>
          <className>edu.ncsu.csc.itrust.unit.action.ViewMyMessagesActionTest</className>
          <testName>testFilterMessages</testName>
          <skipped>false</skipped>
          <errorStackTrace>java.lang.NullPointerException
	at edu.ncsu.csc.itrust.unit.action.ViewMyMessagesActionTest.setUp(ViewMyMessagesActionTest.java:42)
</errorStackTrace>
          <failedSince>2</failedSince>
        </case>
        <case>
          <duration>0.214</duration>
          <className>edu.ncsu.csc.itrust.unit.action.ViewMyMessagesActionTest</className>
          <testName>testGetAllMySentMessages</testName>
          <skipped>false</skipped>
          <errorStackTrace>java.lang.NullPointerException
	at edu.ncsu.csc.itrust.unit.action.ViewMyMessagesActionTest.setUp(ViewMyMessagesActionTest.java:42)
</errorStackTrace>
          <failedSince>2</failedSince>
        </case>
        <case>
          <duration>0.213</duration>
          <className>edu.ncsu.csc.itrust.unit.action.ViewMyMessagesActionTest</className>
          <testName>testGetPatientName</testName>
          <skipped>false</skipped>
          <errorStackTrace>java.lang.NullPointerException
	at edu.ncsu.csc.itrust.unit.action.ViewMyMessagesActionTest.setUp(ViewMyMessagesActionTest.java:42)
</errorStackTrace>
          <failedSince>2</failedSince>
        </case>
        <case>
          <duration>0.152</duration>
          <className>edu.ncsu.csc.itrust.unit.action.ViewMyMessagesActionTest</className>
          <testName>testGetAllMyMessagesFromTimeAscending</testName>
          <skipped>false</skipped>
          <errorStackTrace>java.lang.NullPointerException
	at edu.ncsu.csc.itrust.unit.action.ViewMyMessagesActionTest.setUp(ViewMyMessagesActionTest.java:42)
</errorStackTrace>
          <failedSince>2</failedSince>
        </case>
        <case>
          <duration>0.183</duration>
          <className>edu.ncsu.csc.itrust.unit.action.ViewMyMessagesActionTest</className>
          <testName>testGetAllMyMessagesFromNameDescending</testName>
          <skipped>false</skipped>
          <errorStackTrace>java.lang.NullPointerException
	at edu.ncsu.csc.itrust.unit.action.ViewMyMessagesActionTest.setUp(ViewMyMessagesActionTest.java:42)
</errorStackTrace>
          <failedSince>2</failedSince>
        </case>
        <case>
          <duration>0.212</duration>
          <className>edu.ncsu.csc.itrust.unit.action.ViewMyMessagesActionTest</className>
          <testName>testUpdateRead</testName>
          <skipped>false</skipped>
          <errorStackTrace>java.lang.NullPointerException
	at edu.ncsu.csc.itrust.unit.action.ViewMyMessagesActionTest.setUp(ViewMyMessagesActionTest.java:42)
</errorStackTrace>
          <failedSince>2</failedSince>
        </case>
        <case>
          <duration>0.219</duration>
          <className>edu.ncsu.csc.itrust.unit.action.ViewMyMessagesActionTest</className>
          <testName>testGetCCdMessages</testName>
          <skipped>false</skipped>
          <errorStackTrace>java.lang.NullPointerException
	at edu.ncsu.csc.itrust.unit.action.ViewMyMessagesActionTest.setUp(ViewMyMessagesActionTest.java:42)
</errorStackTrace>
          <failedSince>2</failedSince>
        </case>
        <case>
          <duration>0.228</duration>
          <className>edu.ncsu.csc.itrust.unit.action.ViewMyMessagesActionTest</className>
          <testName>testGetAllMyMessagesFromNameAscending</testName>
          <skipped>false</skipped>
          <errorStackTrace>java.lang.NullPointerException
	at edu.ncsu.csc.itrust.unit.action.ViewMyMessagesActionTest.setUp(ViewMyMessagesActionTest.java:42)
</errorStackTrace>
          <failedSince>2</failedSince>
        </case>
        <case>
          <duration>0.215</duration>
          <className>edu.ncsu.csc.itrust.unit.action.ViewMyMessagesActionTest</className>
          <testName>testThrowsExceptions</testName>
          <skipped>false</skipped>
          <errorStackTrace>java.lang.NullPointerException
	at edu.ncsu.csc.itrust.unit.action.ViewMyMessagesActionTest.setUp(ViewMyMessagesActionTest.java:42)
</errorStackTrace>
          <failedSince>2</failedSince>
        </case>
        <case>
          <duration>0.212</duration>
          <className>edu.ncsu.csc.itrust.unit.action.ViewMyMessagesActionTest</className>
          <testName>testGetAllMyMessagesTimeAscending</testName>
          <skipped>false</skipped>
          <errorStackTrace>java.lang.NullPointerException
	at edu.ncsu.csc.itrust.unit.action.ViewMyMessagesActionTest.setUp(ViewMyMessagesActionTest.java:42)
</errorStackTrace>
          <failedSince>2</failedSince>
        </case>
        <case>
          <duration>0.201</duration>
          <className>edu.ncsu.csc.itrust.unit.action.ViewMyMessagesActionTest</className>
          <testName>testGetAllMyMessagesNameDescending</testName>
          <skipped>false</skipped>
          <errorStackTrace>java.lang.NullPointerException
	at edu.ncsu.csc.itrust.unit.action.ViewMyMessagesActionTest.setUp(ViewMyMessagesActionTest.java:42)
</errorStackTrace>
          <failedSince>2</failedSince>
        </case>
        <case>
          <duration>0.209</duration>
          <className>edu.ncsu.csc.itrust.unit.action.ViewMyMessagesActionTest</className>
          <testName>testGetAllMyMessagesNameAscending</testName>
          <skipped>false</skipped>
          <errorStackTrace>java.lang.NullPointerException
	at edu.ncsu.csc.itrust.unit.action.ViewMyMessagesActionTest.setUp(ViewMyMessagesActionTest.java:42)
</errorStackTrace>
          <failedSince>2</failedSince>
        </case>
        <case>
          <duration>0.235</duration>
          <className>edu.ncsu.csc.itrust.unit.action.ViewMyMessagesActionTest</className>
          <testName>testGetPersonnelName</testName>
          <skipped>false</skipped>
          <errorStackTrace>java.lang.NullPointerException
	at edu.ncsu.csc.itrust.unit.action.ViewMyMessagesActionTest.setUp(ViewMyMessagesActionTest.java:42)
</errorStackTrace>
          <failedSince>1</failedSince>
        </case>
        <case>
          <duration>0.232</duration>
          <className>edu.ncsu.csc.itrust.unit.action.ViewMyMessagesActionTest</className>
          <testName>testGetUnreadCount</testName>
          <skipped>false</skipped>
          <errorStackTrace>java.lang.NullPointerException
	at edu.ncsu.csc.itrust.unit.action.ViewMyMessagesActionTest.setUp(ViewMyMessagesActionTest.java:42)
</errorStackTrace>
          <failedSince>1</failedSince>
        </case>
        <case>
          <duration>0.212</duration>
          <className>edu.ncsu.csc.itrust.unit.action.ViewMyMessagesActionTest</className>
          <testName>testGetAllMyMessages</testName>
          <skipped>false</skipped>
          <errorStackTrace>java.lang.NullPointerException
	at edu.ncsu.csc.itrust.unit.action.ViewMyMessagesActionTest.setUp(ViewMyMessagesActionTest.java:42)
</errorStackTrace>
          <failedSince>2</failedSince>
        </case>
      </cases>
    </suite>
    <suite>
      <file>/var/lib/jenkins/workspace/itrust-main/iTrust-v23/iTrust/target/surefire-reports/TEST-edu.ncsu.csc.itrust.unit.action.ViewMyRemoteMonitoringListActionTest.xml</file>
      <name>edu.ncsu.csc.itrust.unit.action.ViewMyRemoteMonitoringListActionTest</name>
      <duration>0.292</duration>
      <time>0.292</time>
      <cases>
        <case>
          <duration>0.059</duration>
          <className>edu.ncsu.csc.itrust.unit.action.ViewMyRemoteMonitoringListActionTest</className>
          <testName>testGetPatientDataByDate</testName>
          <skipped>false</skipped>
          <errorStackTrace>java.lang.NullPointerException
	at edu.ncsu.csc.itrust.unit.action.ViewMyRemoteMonitoringListActionTest.setUp(ViewMyRemoteMonitoringListActionTest.java:26)
</errorStackTrace>
          <failedSince>1</failedSince>
        </case>
        <case>
          <duration>0.046</duration>
          <className>edu.ncsu.csc.itrust.unit.action.ViewMyRemoteMonitoringListActionTest</className>
          <testName>testGetPatientDataByType</testName>
          <skipped>false</skipped>
          <errorStackTrace>java.lang.NullPointerException
	at edu.ncsu.csc.itrust.unit.action.ViewMyRemoteMonitoringListActionTest.setUp(ViewMyRemoteMonitoringListActionTest.java:26)
</errorStackTrace>
          <failedSince>1</failedSince>
        </case>
        <case>
          <duration>0.058</duration>
          <className>edu.ncsu.csc.itrust.unit.action.ViewMyRemoteMonitoringListActionTest</className>
          <testName>testGetPatientData</testName>
          <skipped>false</skipped>
          <errorStackTrace>java.lang.NullPointerException
	at edu.ncsu.csc.itrust.unit.action.ViewMyRemoteMonitoringListActionTest.setUp(ViewMyRemoteMonitoringListActionTest.java:26)
</errorStackTrace>
          <failedSince>1</failedSince>
        </case>
        <case>
          <duration>0.056</duration>
          <className>edu.ncsu.csc.itrust.unit.action.ViewMyRemoteMonitoringListActionTest</className>
          <testName>testGetPatientName</testName>
          <skipped>false</skipped>
          <errorStackTrace>java.lang.NullPointerException
	at edu.ncsu.csc.itrust.unit.action.ViewMyRemoteMonitoringListActionTest.setUp(ViewMyRemoteMonitoringListActionTest.java:26)
</errorStackTrace>
          <failedSince>2</failedSince>
        </case>
        <case>
          <duration>0.058</duration>
          <className>edu.ncsu.csc.itrust.unit.action.ViewMyRemoteMonitoringListActionTest</className>
          <testName>testIllegalGetPatientDataByDate1</testName>
          <skipped>false</skipped>
          <errorStackTrace>java.lang.NullPointerException
	at edu.ncsu.csc.itrust.unit.action.ViewMyRemoteMonitoringListActionTest.setUp(ViewMyRemoteMonitoringListActionTest.java:26)
</errorStackTrace>
          <failedSince>2</failedSince>
        </case>
      </cases>
    </suite>
    <suite>
      <file>/var/lib/jenkins/workspace/itrust-main/iTrust-v23/iTrust/target/surefire-reports/TEST-edu.ncsu.csc.itrust.unit.action.ViewMyReportRequestsActionTest.xml</file>
      <name>edu.ncsu.csc.itrust.unit.action.ViewMyReportRequestsActionTest</name>
      <duration>0.451</duration>
      <time>0.451</time>
      <cases>
        <case>
          <duration>0.048</duration>
          <className>edu.ncsu.csc.itrust.unit.action.ViewMyReportRequestsActionTest</className>
          <testName>testInsertReport1</testName>
          <skipped>false</skipped>
          <errorStackTrace>junit.framework.ComparisonFailure: expected:&lt;[Exception thrown from Evil Test Connection Driver]&gt; but was:&lt;[RequesterMID cannot be null]&gt;
	at edu.ncsu.csc.itrust.unit.action.ViewMyReportRequestsActionTest.testInsertReport1(ViewMyReportRequestsActionTest.java:77)
</errorStackTrace>
          <errorDetails>expected:&lt;[Exception thrown from Evil Test Connection Driver]&gt; but was:&lt;[RequesterMID cannot be null]&gt;</errorDetails>
          <failedSince>1</failedSince>
        </case>
        <case>
          <duration>0.06</duration>
          <className>edu.ncsu.csc.itrust.unit.action.ViewMyReportRequestsActionTest</className>
          <testName>testInsertReport2</testName>
          <skipped>false</skipped>
          <errorStackTrace>edu.ncsu.csc.itrust.exception.DBException: A database exception has occurred. Please see the log in the console for stacktrace
	at edu.ncsu.csc.itrust.unit.action.ViewMyReportRequestsActionTest.testInsertReport2(ViewMyReportRequestsActionTest.java:83)
</errorStackTrace>
          <errorDetails>A database exception has occurred. Please see the log in the console for stacktrace</errorDetails>
          <failedSince>1</failedSince>
        </case>
        <case>
          <duration>0.052</duration>
          <className>edu.ncsu.csc.itrust.unit.action.ViewMyReportRequestsActionTest</className>
          <testName>testSetViewedToZero</testName>
          <skipped>false</skipped>
          <errorStackTrace>junit.framework.AssertionFailedError: Should have throw exception
	at edu.ncsu.csc.itrust.unit.action.ViewMyReportRequestsActionTest.testSetViewedToZero(ViewMyReportRequestsActionTest.java:94)
</errorStackTrace>
          <errorDetails>Should have throw exception</errorDetails>
          <failedSince>2</failedSince>
        </case>
        <case>
          <duration>0.056</duration>
          <className>edu.ncsu.csc.itrust.unit.action.ViewMyReportRequestsActionTest</className>
          <testName>testGetReportRequests3</testName>
          <skipped>false</skipped>
          <errorStackTrace>edu.ncsu.csc.itrust.exception.DBException: A database exception has occurred. Please see the log in the console for stacktrace
	at edu.ncsu.csc.itrust.unit.action.ViewMyReportRequestsActionTest.testGetReportRequests3(ViewMyReportRequestsActionTest.java:34)
</errorStackTrace>
          <errorDetails>A database exception has occurred. Please see the log in the console for stacktrace</errorDetails>
          <failedSince>1</failedSince>
        </case>
        <case>
          <duration>0.062</duration>
          <className>edu.ncsu.csc.itrust.unit.action.ViewMyReportRequestsActionTest</className>
          <testName>testGetEvilReportRequest</testName>
          <skipped>false</skipped>
          <failedSince>0</failedSince>
        </case>
        <case>
          <duration>0.055</duration>
          <className>edu.ncsu.csc.itrust.unit.action.ViewMyReportRequestsActionTest</className>
          <testName>testGetLongStatus</testName>
          <skipped>false</skipped>
          <errorStackTrace>java.lang.NoClassDefFoundError: Could not initialize class edu.ncsu.csc.itrust.model.old.beans.ReportRequestBean
	at edu.ncsu.csc.itrust.unit.action.ViewMyReportRequestsActionTest.testGetLongStatus(ViewMyReportRequestsActionTest.java:105)
</errorStackTrace>
          <errorDetails>Could not initialize class edu.ncsu.csc.itrust.model.old.beans.ReportRequestBean</errorDetails>
          <failedSince>1</failedSince>
        </case>
        <case>
          <duration>0.061</duration>
          <className>edu.ncsu.csc.itrust.unit.action.ViewMyReportRequestsActionTest</className>
          <testName>testGetReportRequestForID3</testName>
          <skipped>false</skipped>
          <errorStackTrace>java.lang.NoClassDefFoundError: Could not initialize class edu.ncsu.csc.itrust.model.old.beans.ReportRequestBean
	at edu.ncsu.csc.itrust.unit.action.ViewMyReportRequestsActionTest.testGetReportRequestForID3(ViewMyReportRequestsActionTest.java:52)
</errorStackTrace>
          <errorDetails>Could not initialize class edu.ncsu.csc.itrust.model.old.beans.ReportRequestBean</errorDetails>
          <failedSince>1</failedSince>
        </case>
        <case>
          <duration>0.056</duration>
          <className>edu.ncsu.csc.itrust.unit.action.ViewMyReportRequestsActionTest</className>
          <testName>testGetReportRequestForID4</testName>
          <skipped>false</skipped>
          <errorStackTrace>java.lang.NoClassDefFoundError: Could not initialize class edu.ncsu.csc.itrust.model.old.beans.ReportRequestBean
	at edu.ncsu.csc.itrust.unit.action.ViewMyReportRequestsActionTest.testGetReportRequestForID4(ViewMyReportRequestsActionTest.java:61)
</errorStackTrace>
          <errorDetails>Could not initialize class edu.ncsu.csc.itrust.model.old.beans.ReportRequestBean</errorDetails>
          <failedSince>1</failedSince>
        </case>
      </cases>
    </suite>
    <suite>
      <file>/var/lib/jenkins/workspace/itrust-main/iTrust-v23/iTrust/target/surefire-reports/TEST-edu.ncsu.csc.itrust.unit.action.ViewNumberOfPendingAppointmentsActionTest.xml</file>
      <name>edu.ncsu.csc.itrust.unit.action.ViewNumberOfPendingAppointmentsActionTest</name>
      <duration>0.223</duration>
      <time>0.223</time>
      <cases>
        <case>
          <duration>0.223</duration>
          <className>edu.ncsu.csc.itrust.unit.action.ViewNumberOfPendingAppointmentsActionTest</className>
          <testName>testGetNumRequest</testName>
          <skipped>false</skipped>
          <errorStackTrace>java.lang.NullPointerException
	at edu.ncsu.csc.itrust.unit.action.ViewNumberOfPendingAppointmentsActionTest.setUp(ViewNumberOfPendingAppointmentsActionTest.java:30)
</errorStackTrace>
          <failedSince>1</failedSince>
        </case>
      </cases>
    </suite>
    <suite>
      <file>/var/lib/jenkins/workspace/itrust-main/iTrust-v23/iTrust/target/surefire-reports/TEST-edu.ncsu.csc.itrust.unit.action.ViewPatientActionTest.xml</file>
      <name>edu.ncsu.csc.itrust.unit.action.ViewPatientActionTest</name>
      <duration>0.114</duration>
      <time>0.114</time>
      <cases>
        <case>
          <duration>0.052</duration>
          <className>edu.ncsu.csc.itrust.unit.action.ViewPatientActionTest</className>
          <testName>testGetViewablePatients</testName>
          <skipped>false</skipped>
          <errorStackTrace>java.lang.NullPointerException
	at edu.ncsu.csc.itrust.unit.action.ViewPatientActionTest.setUp(ViewPatientActionTest.java:27)
</errorStackTrace>
          <failedSince>1</failedSince>
        </case>
        <case>
          <duration>0.062</duration>
          <className>edu.ncsu.csc.itrust.unit.action.ViewPatientActionTest</className>
          <testName>testGetPatient</testName>
          <skipped>false</skipped>
          <errorStackTrace>java.lang.NullPointerException
	at edu.ncsu.csc.itrust.unit.action.ViewPatientActionTest.setUp(ViewPatientActionTest.java:27)
</errorStackTrace>
          <failedSince>1</failedSince>
        </case>
      </cases>
    </suite>
    <suite>
      <file>/var/lib/jenkins/workspace/itrust-main/iTrust-v23/iTrust/target/surefire-reports/TEST-edu.ncsu.csc.itrust.unit.action.ViewPersonnelActionTest.xml</file>
      <name>edu.ncsu.csc.itrust.unit.action.ViewPersonnelActionTest</name>
      <duration>0.129</duration>
      <time>0.129</time>
      <cases>
        <case>
          <duration>0.04</duration>
          <className>edu.ncsu.csc.itrust.unit.action.ViewPersonnelActionTest</className>
          <testName>testViewPersonnel</testName>
          <skipped>false</skipped>
          <failedSince>0</failedSince>
        </case>
        <case>
          <duration>0.047</duration>
          <className>edu.ncsu.csc.itrust.unit.action.ViewPersonnelActionTest</className>
          <testName>testNotANumber</testName>
          <skipped>false</skipped>
          <errorStackTrace>java.lang.NoClassDefFoundError: Could not initialize class edu.ncsu.csc.itrust.Messages
	at edu.ncsu.csc.itrust.unit.action.ViewPersonnelActionTest.testNotANumber(ViewPersonnelActionTest.java:44)
</errorStackTrace>
          <errorDetails>Could not initialize class edu.ncsu.csc.itrust.Messages</errorDetails>
          <failedSince>1</failedSince>
        </case>
        <case>
          <duration>0.041</duration>
          <className>edu.ncsu.csc.itrust.unit.action.ViewPersonnelActionTest</className>
          <testName>testNoPersonnel</testName>
          <skipped>false</skipped>
          <errorStackTrace>java.lang.NoClassDefFoundError: Could not initialize class edu.ncsu.csc.itrust.Messages
	at edu.ncsu.csc.itrust.unit.action.ViewPersonnelActionTest.testNoPersonnel(ViewPersonnelActionTest.java:34)
</errorStackTrace>
          <errorDetails>Could not initialize class edu.ncsu.csc.itrust.Messages</errorDetails>
          <failedSince>1</failedSince>
        </case>
      </cases>
    </suite>
    <suite>
      <file>/var/lib/jenkins/workspace/itrust-main/iTrust-v23/iTrust/target/surefire-reports/TEST-edu.ncsu.csc.itrust.unit.action.ViewReportActionTest.xml</file>
      <name>edu.ncsu.csc.itrust.unit.action.ViewReportActionTest</name>
      <duration>0.015</duration>
      <time>0.015</time>
      <cases>
        <case>
          <duration>0.001</duration>
          <className>junit.framework.TestSuite$1</className>
          <testName>warning</testName>
          <skipped>false</skipped>
          <errorStackTrace>junit.framework.AssertionFailedError: 
Exception in constructor: testGetPatientl (java.lang.NullPointerException
	at edu.ncsu.csc.itrust.model.old.dao.ProductionConnectionDriver.getConnection(ProductionConnectionDriver.java:34)
	at edu.ncsu.csc.itrust.model.old.dao.DAOFactory.getConnection(DAOFactory.java:48)
	at edu.ncsu.csc.itrust.model.old.dao.mysql.TransactionDAO.logTransaction(TransactionDAO.java:90)
	at edu.ncsu.csc.itrust.logger.TransactionLogger.logTransaction(TransactionLogger.java:40)
	at edu.ncsu.csc.itrust.action.ViewReportAction.&lt;init&gt;(ViewReportAction.java:26)
	at edu.ncsu.csc.itrust.action.ViewReportAction.&lt;init&gt;(ViewReportAction.java:35)
	at edu.ncsu.csc.itrust.unit.action.ViewReportActionTest.&lt;init&gt;(ViewReportActionTest.java:17)
	at sun.reflect.NativeConstructorAccessorImpl.newInstance0(Native Method)
	at sun.reflect.NativeConstructorAccessorImpl.newInstance(NativeConstructorAccessorImpl.java:62)
	at sun.reflect.DelegatingConstructorAccessorImpl.newInstance(DelegatingConstructorAccessorImpl.java:45)
	at java.lang.reflect.Constructor.newInstance(Constructor.java:423)
	at junit.framework.TestSuite.createTest(TestSuite.java:60)
	at junit.framework.TestSuite.addTestMethod(TestSuite.java:307)
	at junit.framework.TestSuite.addTestsFromTestCase(TestSuite.java:150)
	at junit.framework.TestSuite.&lt;init&gt;(TestSuite.java:129)
	at org.junit.internal.runners.JUnit38ClassRunner.&lt;init&gt;(JUnit38ClassRunner.java:74)
	at org.junit.internal.builders.JUnit3Builder.runnerForClass(JUnit3Builder.java:11)
	at org.junit.runners.model.RunnerBuilder.safeRunnerForClass(RunnerBuilder.java:59)
	at org.junit.internal.builders.AllDefaultPossibilitiesBuilder.runnerForClass(AllDefaultPossibilitiesBuilder.java:26)
	at org.junit.runners.model.RunnerBuilder.safeRunnerForClass(RunnerBuilder.java:59)
	at org.junit.internal.requests.ClassRequest.getRunner(ClassRequest.java:33)
	at org.junit.internal.requests.FilterRequest.getRunner(FilterRequest.java:36)
	at org.apache.maven.surefire.junit4.JUnit4Provider.execute(JUnit4Provider.java:341)
	at org.apache.maven.surefire.junit4.JUnit4Provider.executeWithRerun(JUnit4Provider.java:269)
	at org.apache.maven.surefire.junit4.JUnit4Provider.executeTestSet(JUnit4Provider.java:240)
	at org.apache.maven.surefire.junit4.JUnit4Provider.invoke(JUnit4Provider.java:184)
	at org.apache.maven.surefire.booter.ForkedBooter.invokeProviderInSameClassLoader(ForkedBooter.java:286)
	at org.apache.maven.surefire.booter.ForkedBooter.runSuitesInProcess(ForkedBooter.java:240)
	at org.apache.maven.surefire.booter.ForkedBooter.main(ForkedBooter.java:121)
)
	at junit.framework.TestSuite$1.runTest(TestSuite.java:97)
</errorStackTrace>
          <errorDetails>Exception in constructor: testGetPatientl (java.lang.NullPointerException
 at edu.ncsu.csc.itrust.model.old.dao.ProductionConnectionDriver.getConnection(ProductionConnectionDriver.java:34)
 at edu.ncsu.csc.itrust.model.old.dao.DAOFactory.getConnection(DAOFactory.java:48)
 at edu.ncsu.csc.itrust.model.old.dao.mysql.TransactionDAO.logTransaction(TransactionDAO.java:90)
 at edu.ncsu.csc.itrust.logger.TransactionLogger.logTransaction(TransactionLogger.java:40)
 at edu.ncsu.csc.itrust.action.ViewReportAction.&lt;init&gt;(ViewReportAction.java:26)
 at edu.ncsu.csc.itrust.action.ViewReportAction.&lt;init&gt;(ViewReportAction.java:35)
 at edu.ncsu.csc.itrust.unit.action.ViewReportActionTest.&lt;init&gt;(ViewReportActionTest.java:17)
 at sun.reflect.NativeConstructorAccessorImpl.newInstance0(Native Method)
 at sun.reflect.NativeConstructorAccessorImpl.newInstance(NativeConstructorAccessorImpl.java:62)
 at sun.reflect.DelegatingConstructorAccessorImpl.newInstance(DelegatingConstructorAccessorImpl.java:45)
 at java.lang.reflect.Constructor.newInstance(Constructor.java:423)
 at junit.framework.TestSuite.createTest(TestSuite.java:60)
 at junit.framework.TestSuite.addTestMethod(TestSuite.java:307)
 at junit.framework.TestSuite.addTestsFromTestCase(TestSuite.java:150)
 at junit.framework.TestSuite.&lt;init&gt;(TestSuite.java:129)
 at org.junit.internal.runners.JUnit38ClassRunner.&lt;init&gt;(JUnit38ClassRunner.java:74)
 at org.junit.internal.builders.JUnit3Builder.runnerForClass(JUnit3Builder.java:11)
 at org.junit.runners.model.RunnerBuilder.safeRunnerForClass(RunnerBuilder.java:59)
 at org.junit.internal.builders.AllDefaultPossibilitiesBuilder.runnerForClass(AllDefaultPossibilitiesBuilder.java:26)
 at org.junit.runners.model.RunnerBuilder.safeRunnerForClass(RunnerBuilder.java:59)
 at org.junit.internal.requests.ClassRequest.getRunner(ClassRequest.java:33)
 at org.junit.internal.requests.FilterRequest.getRunner(FilterRequest.java:36)
 at org.apache.maven.surefire.junit4.JUnit4Provider.execute(JUnit4Provider.java:341)
 at org.apache.maven.surefire.junit4.JUnit4Provider.executeWithRerun(JUnit4Provider.java:269)
 at org.apache.maven.surefire.junit4.JUnit4Provider.executeTestSet(JUnit4Provider.java:240)
 at org.apache.maven.surefire.junit4.JUnit4Provider.invoke(JUnit4Provider.java:184)
 at org.apache.maven.surefire.booter.ForkedBooter.invokeProviderInSameClassLoader(ForkedBooter.java:286)
 at org.apache.maven.surefire.booter.ForkedBooter.runSuitesInProcess(ForkedBooter.java:240)
 at org.apache.maven.surefire.booter.ForkedBooter.main(ForkedBooter.java:121)
)</errorDetails>
          <failedSince>2</failedSince>
        </case>
        <case>
          <duration>0.003</duration>
          <className>junit.framework.TestSuite$1</className>
          <testName>warning</testName>
          <skipped>false</skipped>
          <errorStackTrace>junit.framework.AssertionFailedError: 
Exception in constructor: testGetDeclaredHCPs (java.lang.NullPointerException
	at edu.ncsu.csc.itrust.model.old.dao.ProductionConnectionDriver.getConnection(ProductionConnectionDriver.java:34)
	at edu.ncsu.csc.itrust.model.old.dao.DAOFactory.getConnection(DAOFactory.java:48)
	at edu.ncsu.csc.itrust.model.old.dao.mysql.TransactionDAO.logTransaction(TransactionDAO.java:90)
	at edu.ncsu.csc.itrust.logger.TransactionLogger.logTransaction(TransactionLogger.java:40)
	at edu.ncsu.csc.itrust.action.ViewReportAction.&lt;init&gt;(ViewReportAction.java:26)
	at edu.ncsu.csc.itrust.action.ViewReportAction.&lt;init&gt;(ViewReportAction.java:35)
	at edu.ncsu.csc.itrust.unit.action.ViewReportActionTest.&lt;init&gt;(ViewReportActionTest.java:17)
	at sun.reflect.NativeConstructorAccessorImpl.newInstance0(Native Method)
	at sun.reflect.NativeConstructorAccessorImpl.newInstance(NativeConstructorAccessorImpl.java:62)
	at sun.reflect.DelegatingConstructorAccessorImpl.newInstance(DelegatingConstructorAccessorImpl.java:45)
	at java.lang.reflect.Constructor.newInstance(Constructor.java:423)
	at junit.framework.TestSuite.createTest(TestSuite.java:60)
	at junit.framework.TestSuite.addTestMethod(TestSuite.java:307)
	at junit.framework.TestSuite.addTestsFromTestCase(TestSuite.java:150)
	at junit.framework.TestSuite.&lt;init&gt;(TestSuite.java:129)
	at org.junit.internal.runners.JUnit38ClassRunner.&lt;init&gt;(JUnit38ClassRunner.java:74)
	at org.junit.internal.builders.JUnit3Builder.runnerForClass(JUnit3Builder.java:11)
	at org.junit.runners.model.RunnerBuilder.safeRunnerForClass(RunnerBuilder.java:59)
	at org.junit.internal.builders.AllDefaultPossibilitiesBuilder.runnerForClass(AllDefaultPossibilitiesBuilder.java:26)
	at org.junit.runners.model.RunnerBuilder.safeRunnerForClass(RunnerBuilder.java:59)
	at org.junit.internal.requests.ClassRequest.getRunner(ClassRequest.java:33)
	at org.junit.internal.requests.FilterRequest.getRunner(FilterRequest.java:36)
	at org.apache.maven.surefire.junit4.JUnit4Provider.execute(JUnit4Provider.java:341)
	at org.apache.maven.surefire.junit4.JUnit4Provider.executeWithRerun(JUnit4Provider.java:269)
	at org.apache.maven.surefire.junit4.JUnit4Provider.executeTestSet(JUnit4Provider.java:240)
	at org.apache.maven.surefire.junit4.JUnit4Provider.invoke(JUnit4Provider.java:184)
	at org.apache.maven.surefire.booter.ForkedBooter.invokeProviderInSameClassLoader(ForkedBooter.java:286)
	at org.apache.maven.surefire.booter.ForkedBooter.runSuitesInProcess(ForkedBooter.java:240)
	at org.apache.maven.surefire.booter.ForkedBooter.main(ForkedBooter.java:121)
)
	at junit.framework.TestSuite$1.runTest(TestSuite.java:97)
</errorStackTrace>
          <errorDetails>Exception in constructor: testGetDeclaredHCPs (java.lang.NullPointerException
 at edu.ncsu.csc.itrust.model.old.dao.ProductionConnectionDriver.getConnection(ProductionConnectionDriver.java:34)
 at edu.ncsu.csc.itrust.model.old.dao.DAOFactory.getConnection(DAOFactory.java:48)
 at edu.ncsu.csc.itrust.model.old.dao.mysql.TransactionDAO.logTransaction(TransactionDAO.java:90)
 at edu.ncsu.csc.itrust.logger.TransactionLogger.logTransaction(TransactionLogger.java:40)
 at edu.ncsu.csc.itrust.action.ViewReportAction.&lt;init&gt;(ViewReportAction.java:26)
 at edu.ncsu.csc.itrust.action.ViewReportAction.&lt;init&gt;(ViewReportAction.java:35)
 at edu.ncsu.csc.itrust.unit.action.ViewReportActionTest.&lt;init&gt;(ViewReportActionTest.java:17)
 at sun.reflect.NativeConstructorAccessorImpl.newInstance0(Native Method)
 at sun.reflect.NativeConstructorAccessorImpl.newInstance(NativeConstructorAccessorImpl.java:62)
 at sun.reflect.DelegatingConstructorAccessorImpl.newInstance(DelegatingConstructorAccessorImpl.java:45)
 at java.lang.reflect.Constructor.newInstance(Constructor.java:423)
 at junit.framework.TestSuite.createTest(TestSuite.java:60)
 at junit.framework.TestSuite.addTestMethod(TestSuite.java:307)
 at junit.framework.TestSuite.addTestsFromTestCase(TestSuite.java:150)
 at junit.framework.TestSuite.&lt;init&gt;(TestSuite.java:129)
 at org.junit.internal.runners.JUnit38ClassRunner.&lt;init&gt;(JUnit38ClassRunner.java:74)
 at org.junit.internal.builders.JUnit3Builder.runnerForClass(JUnit3Builder.java:11)
 at org.junit.runners.model.RunnerBuilder.safeRunnerForClass(RunnerBuilder.java:59)
 at org.junit.internal.builders.AllDefaultPossibilitiesBuilder.runnerForClass(AllDefaultPossibilitiesBuilder.java:26)
 at org.junit.runners.model.RunnerBuilder.safeRunnerForClass(RunnerBuilder.java:59)
 at org.junit.internal.requests.ClassRequest.getRunner(ClassRequest.java:33)
 at org.junit.internal.requests.FilterRequest.getRunner(FilterRequest.java:36)
 at org.apache.maven.surefire.junit4.JUnit4Provider.execute(JUnit4Provider.java:341)
 at org.apache.maven.surefire.junit4.JUnit4Provider.executeWithRerun(JUnit4Provider.java:269)
 at org.apache.maven.surefire.junit4.JUnit4Provider.executeTestSet(JUnit4Provider.java:240)
 at org.apache.maven.surefire.junit4.JUnit4Provider.invoke(JUnit4Provider.java:184)
 at org.apache.maven.surefire.booter.ForkedBooter.invokeProviderInSameClassLoader(ForkedBooter.java:286)
 at org.apache.maven.surefire.booter.ForkedBooter.runSuitesInProcess(ForkedBooter.java:240)
 at org.apache.maven.surefire.booter.ForkedBooter.main(ForkedBooter.java:121)
)</errorDetails>
          <failedSince>2</failedSince>
        </case>
        <case>
          <duration>0.0</duration>
          <className>junit.framework.TestSuite$1</className>
          <testName>warning</testName>
          <skipped>false</skipped>
          <errorStackTrace>junit.framework.AssertionFailedError: 
Exception in constructor: testGetPersonnel (java.lang.NullPointerException
	at edu.ncsu.csc.itrust.model.old.dao.ProductionConnectionDriver.getConnection(ProductionConnectionDriver.java:34)
	at edu.ncsu.csc.itrust.model.old.dao.DAOFactory.getConnection(DAOFactory.java:48)
	at edu.ncsu.csc.itrust.model.old.dao.mysql.TransactionDAO.logTransaction(TransactionDAO.java:90)
	at edu.ncsu.csc.itrust.logger.TransactionLogger.logTransaction(TransactionLogger.java:40)
	at edu.ncsu.csc.itrust.action.ViewReportAction.&lt;init&gt;(ViewReportAction.java:26)
	at edu.ncsu.csc.itrust.action.ViewReportAction.&lt;init&gt;(ViewReportAction.java:35)
	at edu.ncsu.csc.itrust.unit.action.ViewReportActionTest.&lt;init&gt;(ViewReportActionTest.java:17)
	at sun.reflect.NativeConstructorAccessorImpl.newInstance0(Native Method)
	at sun.reflect.NativeConstructorAccessorImpl.newInstance(NativeConstructorAccessorImpl.java:62)
	at sun.reflect.DelegatingConstructorAccessorImpl.newInstance(DelegatingConstructorAccessorImpl.java:45)
	at java.lang.reflect.Constructor.newInstance(Constructor.java:423)
	at junit.framework.TestSuite.createTest(TestSuite.java:60)
	at junit.framework.TestSuite.addTestMethod(TestSuite.java:307)
	at junit.framework.TestSuite.addTestsFromTestCase(TestSuite.java:150)
	at junit.framework.TestSuite.&lt;init&gt;(TestSuite.java:129)
	at org.junit.internal.runners.JUnit38ClassRunner.&lt;init&gt;(JUnit38ClassRunner.java:74)
	at org.junit.internal.builders.JUnit3Builder.runnerForClass(JUnit3Builder.java:11)
	at org.junit.runners.model.RunnerBuilder.safeRunnerForClass(RunnerBuilder.java:59)
	at org.junit.internal.builders.AllDefaultPossibilitiesBuilder.runnerForClass(AllDefaultPossibilitiesBuilder.java:26)
	at org.junit.runners.model.RunnerBuilder.safeRunnerForClass(RunnerBuilder.java:59)
	at org.junit.internal.requests.ClassRequest.getRunner(ClassRequest.java:33)
	at org.junit.internal.requests.FilterRequest.getRunner(FilterRequest.java:36)
	at org.apache.maven.surefire.junit4.JUnit4Provider.execute(JUnit4Provider.java:341)
	at org.apache.maven.surefire.junit4.JUnit4Provider.executeWithRerun(JUnit4Provider.java:269)
	at org.apache.maven.surefire.junit4.JUnit4Provider.executeTestSet(JUnit4Provider.java:240)
	at org.apache.maven.surefire.junit4.JUnit4Provider.invoke(JUnit4Provider.java:184)
	at org.apache.maven.surefire.booter.ForkedBooter.invokeProviderInSameClassLoader(ForkedBooter.java:286)
	at org.apache.maven.surefire.booter.ForkedBooter.runSuitesInProcess(ForkedBooter.java:240)
	at org.apache.maven.surefire.booter.ForkedBooter.main(ForkedBooter.java:121)
)
	at junit.framework.TestSuite$1.runTest(TestSuite.java:97)
</errorStackTrace>
          <errorDetails>Exception in constructor: testGetPersonnel (java.lang.NullPointerException
 at edu.ncsu.csc.itrust.model.old.dao.ProductionConnectionDriver.getConnection(ProductionConnectionDriver.java:34)
 at edu.ncsu.csc.itrust.model.old.dao.DAOFactory.getConnection(DAOFactory.java:48)
 at edu.ncsu.csc.itrust.model.old.dao.mysql.TransactionDAO.logTransaction(TransactionDAO.java:90)
 at edu.ncsu.csc.itrust.logger.TransactionLogger.logTransaction(TransactionLogger.java:40)
 at edu.ncsu.csc.itrust.action.ViewReportAction.&lt;init&gt;(ViewReportAction.java:26)
 at edu.ncsu.csc.itrust.action.ViewReportAction.&lt;init&gt;(ViewReportAction.java:35)
 at edu.ncsu.csc.itrust.unit.action.ViewReportActionTest.&lt;init&gt;(ViewReportActionTest.java:17)
 at sun.reflect.NativeConstructorAccessorImpl.newInstance0(Native Method)
 at sun.reflect.NativeConstructorAccessorImpl.newInstance(NativeConstructorAccessorImpl.java:62)
 at sun.reflect.DelegatingConstructorAccessorImpl.newInstance(DelegatingConstructorAccessorImpl.java:45)
 at java.lang.reflect.Constructor.newInstance(Constructor.java:423)
 at junit.framework.TestSuite.createTest(TestSuite.java:60)
 at junit.framework.TestSuite.addTestMethod(TestSuite.java:307)
 at junit.framework.TestSuite.addTestsFromTestCase(TestSuite.java:150)
 at junit.framework.TestSuite.&lt;init&gt;(TestSuite.java:129)
 at org.junit.internal.runners.JUnit38ClassRunner.&lt;init&gt;(JUnit38ClassRunner.java:74)
 at org.junit.internal.builders.JUnit3Builder.runnerForClass(JUnit3Builder.java:11)
 at org.junit.runners.model.RunnerBuilder.safeRunnerForClass(RunnerBuilder.java:59)
 at org.junit.internal.builders.AllDefaultPossibilitiesBuilder.runnerForClass(AllDefaultPossibilitiesBuilder.java:26)
 at org.junit.runners.model.RunnerBuilder.safeRunnerForClass(RunnerBuilder.java:59)
 at org.junit.internal.requests.ClassRequest.getRunner(ClassRequest.java:33)
 at org.junit.internal.requests.FilterRequest.getRunner(FilterRequest.java:36)
 at org.apache.maven.surefire.junit4.JUnit4Provider.execute(JUnit4Provider.java:341)
 at org.apache.maven.surefire.junit4.JUnit4Provider.executeWithRerun(JUnit4Provider.java:269)
 at org.apache.maven.surefire.junit4.JUnit4Provider.executeTestSet(JUnit4Provider.java:240)
 at org.apache.maven.surefire.junit4.JUnit4Provider.invoke(JUnit4Provider.java:184)
 at org.apache.maven.surefire.booter.ForkedBooter.invokeProviderInSameClassLoader(ForkedBooter.java:286)
 at org.apache.maven.surefire.booter.ForkedBooter.runSuitesInProcess(ForkedBooter.java:240)
 at org.apache.maven.surefire.booter.ForkedBooter.main(ForkedBooter.java:121)
)</errorDetails>
          <failedSince>2</failedSince>
        </case>
      </cases>
    </suite>
    <suite>
      <file>/var/lib/jenkins/workspace/itrust-main/iTrust-v23/iTrust/target/surefire-reports/TEST-edu.ncsu.csc.itrust.unit.action.ZipCodeActionTest.xml</file>
      <name>edu.ncsu.csc.itrust.unit.action.ZipCodeActionTest</name>
      <duration>0.175</duration>
      <time>0.175</time>
      <cases>
        <case>
          <duration>0.175</duration>
          <className>edu.ncsu.csc.itrust.unit.action.ZipCodeActionTest</className>
          <testName>testGetExperts</testName>
          <skipped>false</skipped>
          <errorStackTrace>java.lang.NullPointerException
	at edu.ncsu.csc.itrust.unit.action.ZipCodeActionTest.testGetExperts(ZipCodeActionTest.java:30)
</errorStackTrace>
          <stdout>Begin testGetExperts
</stdout>
          <failedSince>1</failedSince>
        </case>
      </cases>
    </suite>
    <suite>
      <file>/var/lib/jenkins/workspace/itrust-main/iTrust-v23/iTrust/target/surefire-reports/TEST-edu.ncsu.csc.itrust.unit.bean.AllergyBeanTest.xml</file>
      <name>edu.ncsu.csc.itrust.unit.bean.AllergyBeanTest</name>
      <duration>0.0</duration>
      <time>0</time>
      <cases>
        <case>
          <duration>0.0</duration>
          <className>edu.ncsu.csc.itrust.unit.bean.AllergyBeanTest</className>
          <testName>testGetID</testName>
          <skipped>false</skipped>
          <failedSince>0</failedSince>
        </case>
        <case>
          <duration>0.0</duration>
          <className>edu.ncsu.csc.itrust.unit.bean.AllergyBeanTest</className>
          <testName>testFirstFound</testName>
          <skipped>false</skipped>
          <errorStackTrace>junit.framework.ComparisonFailure: expected:&lt;[05/19/1984]&gt; but was:&lt;[]&gt;
	at edu.ncsu.csc.itrust.unit.bean.AllergyBeanTest.testFirstFound(AllergyBeanTest.java:12)
</errorStackTrace>
          <errorDetails>expected:&lt;[05/19/1984]&gt; but was:&lt;[]&gt;</errorDetails>
          <failedSince>1</failedSince>
        </case>
        <case>
          <duration>0.0</duration>
          <className>edu.ncsu.csc.itrust.unit.bean.AllergyBeanTest</className>
          <testName>testInvalidFirstFound</testName>
          <skipped>false</skipped>
          <errorStackTrace>java.lang.NullPointerException
	at edu.ncsu.csc.itrust.unit.bean.AllergyBeanTest.testInvalidFirstFound(AllergyBeanTest.java:25)
</errorStackTrace>
          <failedSince>2</failedSince>
        </case>
      </cases>
    </suite>
    <suite>
      <file>/var/lib/jenkins/workspace/itrust-main/iTrust-v23/iTrust/target/surefire-reports/TEST-edu.ncsu.csc.itrust.unit.bean.ApptRequestBeanTest.xml</file>
      <name>edu.ncsu.csc.itrust.unit.bean.ApptRequestBeanTest</name>
      <duration>0.006</duration>
      <time>0.006</time>
      <cases>
        <case>
          <duration>0.003</duration>
          <className>edu.ncsu.csc.itrust.unit.bean.ApptRequestBeanTest</className>
          <testName>testAccepted</testName>
          <skipped>false</skipped>
          <errorStackTrace>junit.framework.AssertionFailedError
	at edu.ncsu.csc.itrust.unit.bean.ApptRequestBeanTest.testAccepted(ApptRequestBeanTest.java:39)
</errorStackTrace>
          <failedSince>1</failedSince>
        </case>
        <case>
          <duration>0.001</duration>
          <className>edu.ncsu.csc.itrust.unit.bean.ApptRequestBeanTest</className>
          <testName>testPending</testName>
          <skipped>false</skipped>
          <errorStackTrace>junit.framework.AssertionFailedError
	at edu.ncsu.csc.itrust.unit.bean.ApptRequestBeanTest.testPending(ApptRequestBeanTest.java:27)
</errorStackTrace>
          <failedSince>1</failedSince>
        </case>
        <case>
          <duration>0.001</duration>
          <className>edu.ncsu.csc.itrust.unit.bean.ApptRequestBeanTest</className>
          <testName>testGetRequestedAppt</testName>
          <skipped>false</skipped>
          <failedSince>0</failedSince>
        </case>
      </cases>
    </suite>
    <suite>
      <file>/var/lib/jenkins/workspace/itrust-main/iTrust-v23/iTrust/target/surefire-reports/TEST-edu.ncsu.csc.itrust.unit.bean.BeanLoaderTest.xml</file>
      <name>edu.ncsu.csc.itrust.unit.bean.BeanLoaderTest</name>
      <duration>0.003</duration>
      <time>0.003</time>
      <cases>
        <case>
          <duration>0.001</duration>
          <className>edu.ncsu.csc.itrust.unit.bean.BeanLoaderTest</className>
          <testName>testLoadParameters</testName>
          <skipped>false</skipped>
          <failedSince>0</failedSince>
        </case>
      </cases>
    </suite>
    <suite>
      <file>/var/lib/jenkins/workspace/itrust-main/iTrust-v23/iTrust/target/surefire-reports/TEST-edu.ncsu.csc.itrust.unit.bean.BillingBeanLoaderTest.xml</file>
      <name>edu.ncsu.csc.itrust.unit.bean.BillingBeanLoaderTest</name>
      <duration>0.005</duration>
      <time>0.005</time>
      <cases>
        <case>
          <duration>0.001</duration>
          <className>edu.ncsu.csc.itrust.unit.bean.BillingBeanLoaderTest</className>
          <testName>testLoadList</testName>
          <skipped>false</skipped>
          <failedSince>0</failedSince>
        </case>
        <case>
          <duration>0.002</duration>
          <className>edu.ncsu.csc.itrust.unit.bean.BillingBeanLoaderTest</className>
          <testName>testLoadSingle</testName>
          <skipped>false</skipped>
          <errorStackTrace>java.lang.NullPointerException
	at edu.ncsu.csc.itrust.unit.bean.BillingBeanLoaderTest.testLoadSingle(BillingBeanLoaderTest.java:78)
</errorStackTrace>
          <failedSince>1</failedSince>
        </case>
        <case>
          <duration>0.001</duration>
          <className>edu.ncsu.csc.itrust.unit.bean.BillingBeanLoaderTest</className>
          <testName>testLoadParameters</testName>
          <skipped>false</skipped>
          <failedSince>0</failedSince>
        </case>
      </cases>
    </suite>
    <suite>
      <file>/var/lib/jenkins/workspace/itrust-main/iTrust-v23/iTrust/target/surefire-reports/TEST-edu.ncsu.csc.itrust.unit.bean.DistanceComparatorTest.xml</file>
      <name>edu.ncsu.csc.itrust.unit.bean.DistanceComparatorTest</name>
      <duration>1.438</duration>
      <time>1.438</time>
      <cases>
        <case>
          <duration>0.302</duration>
          <className>edu.ncsu.csc.itrust.unit.bean.DistanceComparatorTest</className>
          <testName>testComparatorEvil</testName>
          <skipped>false</skipped>
          <failedSince>0</failedSince>
        </case>
        <case>
          <duration>0.452</duration>
          <className>edu.ncsu.csc.itrust.unit.bean.DistanceComparatorTest</className>
          <testName>testComparator</testName>
          <skipped>false</skipped>
          <failedSince>0</failedSince>
        </case>
        <case>
          <duration>0.683</duration>
          <className>edu.ncsu.csc.itrust.unit.bean.DistanceComparatorTest</className>
          <testName>testError</testName>
          <skipped>false</skipped>
          <failedSince>0</failedSince>
        </case>
      </cases>
    </suite>
    <suite>
      <file>/var/lib/jenkins/workspace/itrust-main/iTrust-v23/iTrust/target/surefire-reports/TEST-edu.ncsu.csc.itrust.unit.bean.EmailBeanTest.xml</file>
      <name>edu.ncsu.csc.itrust.unit.bean.EmailBeanTest</name>
      <duration>0.004</duration>
      <time>0.004</time>
      <cases>
        <case>
          <duration>0.001</duration>
          <className>edu.ncsu.csc.itrust.unit.bean.EmailBeanTest</className>
          <testName>testAttributes</testName>
          <skipped>false</skipped>
          <failedSince>0</failedSince>
        </case>
        <case>
          <duration>0.0</duration>
          <className>edu.ncsu.csc.itrust.unit.bean.EmailBeanTest</className>
          <testName>testMakeStr</testName>
          <skipped>false</skipped>
          <failedSince>0</failedSince>
        </case>
        <case>
          <duration>0.001</duration>
          <className>edu.ncsu.csc.itrust.unit.bean.EmailBeanTest</className>
          <testName>testEquals</testName>
          <skipped>false</skipped>
          <errorStackTrace>junit.framework.AssertionFailedError: expected:&lt;FROM: from address TO: [first, second, third] SUBJECT: this is the subject BODY: this is the body&gt; but was:&lt;FROM: from address TO: [first, second, third] SUBJECT: this is the subject BODY: this is the body&gt;
	at edu.ncsu.csc.itrust.unit.bean.EmailBeanTest.testEquals(EmailBeanTest.java:23)
</errorStackTrace>
          <errorDetails>expected:&lt;FROM: from address TO: [first, second, third] SUBJECT: this is the subject BODY: this is the body&gt; but was:&lt;FROM: from address TO: [first, second, third] SUBJECT: this is the subject BODY: this is the body&gt;</errorDetails>
          <failedSince>1</failedSince>
        </case>
        <case>
          <duration>0.0</duration>
          <className>edu.ncsu.csc.itrust.unit.bean.EmailBeanTest</className>
          <testName>testGetHashCode</testName>
          <skipped>false</skipped>
          <failedSince>0</failedSince>
        </case>
        <case>
          <duration>0.0</duration>
          <className>edu.ncsu.csc.itrust.unit.bean.EmailBeanTest</className>
          <testName>testToList</testName>
          <skipped>false</skipped>
          <failedSince>0</failedSince>
        </case>
      </cases>
    </suite>
    <suite>
      <file>/var/lib/jenkins/workspace/itrust-main/iTrust-v23/iTrust/target/surefire-reports/TEST-edu.ncsu.csc.itrust.unit.bean.GroupReportBeanTest.xml</file>
      <name>edu.ncsu.csc.itrust.unit.bean.GroupReportBeanTest</name>
      <duration>9.599</duration>
      <time>9.599</time>
      <cases>
        <case>
          <duration>8.403</duration>
          <className>edu.ncsu.csc.itrust.unit.bean.GroupReportBeanTest</className>
          <testName>testGetPatients</testName>
          <skipped>false</skipped>
          <failedSince>0</failedSince>
        </case>
        <case>
          <duration>0.558</duration>
          <className>edu.ncsu.csc.itrust.unit.bean.GroupReportBeanTest</className>
          <testName>testGetFilters</testName>
          <skipped>false</skipped>
          <failedSince>0</failedSince>
        </case>
        <case>
          <duration>0.318</duration>
          <className>edu.ncsu.csc.itrust.unit.bean.GroupReportBeanTest</className>
          <testName>testGetFilterStrings</testName>
          <skipped>false</skipped>
          <failedSince>0</failedSince>
        </case>
        <case>
          <duration>0.317</duration>
          <className>edu.ncsu.csc.itrust.unit.bean.GroupReportBeanTest</className>
          <testName>testGetPatientNames</testName>
          <skipped>false</skipped>
          <failedSince>0</failedSince>
        </case>
      </cases>
    </suite>
    <suite>
      <file>/var/lib/jenkins/workspace/itrust-main/iTrust-v23/iTrust/target/surefire-reports/TEST-edu.ncsu.csc.itrust.unit.bean.HCPLinkBeanTest.xml</file>
      <name>edu.ncsu.csc.itrust.unit.bean.HCPLinkBeanTest</name>
      <duration>0.003</duration>
      <time>0.003</time>
      <cases>
        <case>
          <duration>0.001</duration>
          <className>edu.ncsu.csc.itrust.unit.bean.HCPLinkBeanTest</className>
          <testName>testGetPresciberMID</testName>
          <skipped>false</skipped>
          <failedSince>0</failedSince>
        </case>
        <case>
          <duration>0.001</duration>
          <className>edu.ncsu.csc.itrust.unit.bean.HCPLinkBeanTest</className>
          <testName>testGetDrug</testName>
          <skipped>false</skipped>
          <failedSince>0</failedSince>
        </case>
        <case>
          <duration>0.0</duration>
          <className>edu.ncsu.csc.itrust.unit.bean.HCPLinkBeanTest</className>
          <testName>testChecked</testName>
          <skipped>false</skipped>
          <failedSince>0</failedSince>
        </case>
      </cases>
    </suite>
    <suite>
      <file>/var/lib/jenkins/workspace/itrust-main/iTrust-v23/iTrust/target/surefire-reports/TEST-edu.ncsu.csc.itrust.unit.bean.HospitalBeanTest.xml</file>
      <name>edu.ncsu.csc.itrust.unit.bean.HospitalBeanTest</name>
      <duration>0.002</duration>
      <time>0.002</time>
      <cases>
        <case>
          <duration>0.001</duration>
          <className>edu.ncsu.csc.itrust.unit.bean.HospitalBeanTest</className>
          <testName>testHospitalBean</testName>
          <skipped>false</skipped>
          <failedSince>0</failedSince>
        </case>
        <case>
          <duration>0.001</duration>
          <className>edu.ncsu.csc.itrust.unit.bean.HospitalBeanTest</className>
          <testName>testFullConstructor</testName>
          <skipped>false</skipped>
          <failedSince>0</failedSince>
        </case>
      </cases>
    </suite>
    <suite>
      <file>/var/lib/jenkins/workspace/itrust-main/iTrust-v23/iTrust/target/surefire-reports/TEST-edu.ncsu.csc.itrust.unit.bean.MedicationBeanTest.xml</file>
      <name>edu.ncsu.csc.itrust.unit.bean.MedicationBeanTest</name>
      <duration>0.007</duration>
      <time>0.007</time>
      <cases>
        <case>
          <duration>0.001</duration>
          <className>edu.ncsu.csc.itrust.unit.bean.MedicationBeanTest</className>
          <testName>testGetFormatted</testName>
          <skipped>false</skipped>
          <failedSince>0</failedSince>
        </case>
        <case>
          <duration>0.0</duration>
          <className>edu.ncsu.csc.itrust.unit.bean.MedicationBeanTest</className>
          <testName>testShortCode</testName>
          <skipped>false</skipped>
          <failedSince>0</failedSince>
        </case>
        <case>
          <duration>0.001</duration>
          <className>edu.ncsu.csc.itrust.unit.bean.MedicationBeanTest</className>
          <testName>testPrescriptionEquals</testName>
          <skipped>false</skipped>
          <errorStackTrace>junit.framework.AssertionFailedError: expected:&lt;edu.ncsu.csc.itrust.model.old.beans.MedicationBean@2a&gt; but was:&lt;edu.ncsu.csc.itrust.model.old.beans.MedicationBean@2a&gt;
	at edu.ncsu.csc.itrust.unit.bean.MedicationBeanTest.testPrescriptionEquals(MedicationBeanTest.java:24)
</errorStackTrace>
          <errorDetails>expected:&lt;edu.ncsu.csc.itrust.model.old.beans.MedicationBean@2a&gt; but was:&lt;edu.ncsu.csc.itrust.model.old.beans.MedicationBean@2a&gt;</errorDetails>
          <failedSince>2</failedSince>
        </case>
      </cases>
    </suite>
    <suite>
      <file>/var/lib/jenkins/workspace/itrust-main/iTrust-v23/iTrust/target/surefire-reports/TEST-edu.ncsu.csc.itrust.unit.bean.OverrideReasonBeanTest.xml</file>
      <name>edu.ncsu.csc.itrust.unit.bean.OverrideReasonBeanTest</name>
      <duration>0.012</duration>
      <time>0.012</time>
      <cases>
        <case>
          <duration>0.011</duration>
          <className>edu.ncsu.csc.itrust.unit.bean.OverrideReasonBeanTest</className>
          <testName>testPrescriptionEquals</testName>
          <skipped>false</skipped>
          <errorStackTrace>junit.framework.AssertionFailedError
	at edu.ncsu.csc.itrust.unit.bean.OverrideReasonBeanTest.testPrescriptionEquals(OverrideReasonBeanTest.java:22)
</errorStackTrace>
          <failedSince>2</failedSince>
        </case>
      </cases>
    </suite>
    <suite>
      <file>/var/lib/jenkins/workspace/itrust-main/iTrust-v23/iTrust/target/surefire-reports/TEST-edu.ncsu.csc.itrust.unit.bean.PatientBeanTest.xml</file>
      <name>edu.ncsu.csc.itrust.unit.bean.PatientBeanTest</name>
      <duration>0.008</duration>
      <time>0.008</time>
      <cases>
        <case>
          <duration>0.005</duration>
          <className>edu.ncsu.csc.itrust.unit.bean.PatientBeanTest</className>
          <testName>testAgeZero</testName>
          <skipped>false</skipped>
          <failedSince>0</failedSince>
        </case>
        <case>
          <duration>0.002</duration>
          <className>edu.ncsu.csc.itrust.unit.bean.PatientBeanTest</className>
          <testName>testAge10</testName>
          <skipped>false</skipped>
          <failedSince>0</failedSince>
        </case>
        <case>
          <duration>0.001</duration>
          <className>edu.ncsu.csc.itrust.unit.bean.PatientBeanTest</className>
          <testName>testBean</testName>
          <skipped>false</skipped>
          <failedSince>0</failedSince>
        </case>
      </cases>
    </suite>
    <suite>
      <file>/var/lib/jenkins/workspace/itrust-main/iTrust-v23/iTrust/target/surefire-reports/TEST-edu.ncsu.csc.itrust.unit.bean.PersonnelBeanTest.xml</file>
      <name>edu.ncsu.csc.itrust.unit.bean.PersonnelBeanTest</name>
      <duration>0.001</duration>
      <time>0.001</time>
      <cases>
        <case>
          <duration>0.0</duration>
          <className>edu.ncsu.csc.itrust.unit.bean.PersonnelBeanTest</className>
          <testName>testPersonnelBeanSecurity</testName>
          <skipped>false</skipped>
          <failedSince>0</failedSince>
        </case>
      </cases>
    </suite>
    <suite>
      <file>/var/lib/jenkins/workspace/itrust-main/iTrust-v23/iTrust/target/surefire-reports/TEST-edu.ncsu.csc.itrust.unit.bean.RatingComparatorTest.xml</file>
      <name>edu.ncsu.csc.itrust.unit.bean.RatingComparatorTest</name>
      <duration>0.281</duration>
      <time>0.281</time>
      <cases>
        <case>
          <duration>0.28</duration>
          <className>edu.ncsu.csc.itrust.unit.bean.RatingComparatorTest</className>
          <testName>testComparator</testName>
          <skipped>false</skipped>
          <failedSince>0</failedSince>
        </case>
      </cases>
    </suite>
    <suite>
      <file>/var/lib/jenkins/workspace/itrust-main/iTrust-v23/iTrust/target/surefire-reports/TEST-edu.ncsu.csc.itrust.unit.bean.RecordsReleaseBeanTest.xml</file>
      <name>edu.ncsu.csc.itrust.unit.bean.RecordsReleaseBeanTest</name>
      <duration>0.027</duration>
      <time>0.027</time>
      <cases>
        <case>
          <duration>0.002</duration>
          <className>edu.ncsu.csc.itrust.unit.bean.RecordsReleaseBeanTest</className>
          <testName>testReleaseHospitalID</testName>
          <skipped>false</skipped>
          <failedSince>0</failedSince>
        </case>
        <case>
          <duration>0.001</duration>
          <className>edu.ncsu.csc.itrust.unit.bean.RecordsReleaseBeanTest</className>
          <testName>testPid</testName>
          <skipped>false</skipped>
          <failedSince>0</failedSince>
        </case>
        <case>
          <duration>0.0</duration>
          <className>edu.ncsu.csc.itrust.unit.bean.RecordsReleaseBeanTest</className>
          <testName>testDocFirstName</testName>
          <skipped>false</skipped>
          <failedSince>0</failedSince>
        </case>
        <case>
          <duration>0.0</duration>
          <className>edu.ncsu.csc.itrust.unit.bean.RecordsReleaseBeanTest</className>
          <testName>testRecHospitalAddress</testName>
          <skipped>false</skipped>
          <failedSince>0</failedSince>
        </case>
        <case>
          <duration>0.001</duration>
          <className>edu.ncsu.csc.itrust.unit.bean.RecordsReleaseBeanTest</className>
          <testName>testJustification</testName>
          <skipped>false</skipped>
          <failedSince>0</failedSince>
        </case>
        <case>
          <duration>0.001</duration>
          <className>edu.ncsu.csc.itrust.unit.bean.RecordsReleaseBeanTest</className>
          <testName>testRecHospitalName</testName>
          <skipped>false</skipped>
          <failedSince>0</failedSince>
        </case>
        <case>
          <duration>0.0</duration>
          <className>edu.ncsu.csc.itrust.unit.bean.RecordsReleaseBeanTest</className>
          <testName>testDocLastName</testName>
          <skipped>false</skipped>
          <failedSince>0</failedSince>
        </case>
        <case>
          <duration>0.0</duration>
          <className>edu.ncsu.csc.itrust.unit.bean.RecordsReleaseBeanTest</className>
          <testName>testDateRequested</testName>
          <skipped>false</skipped>
          <failedSince>0</failedSince>
        </case>
        <case>
          <duration>0.0</duration>
          <className>edu.ncsu.csc.itrust.unit.bean.RecordsReleaseBeanTest</className>
          <testName>testReleaseID</testName>
          <skipped>false</skipped>
          <failedSince>0</failedSince>
        </case>
        <case>
          <duration>0.0</duration>
          <className>edu.ncsu.csc.itrust.unit.bean.RecordsReleaseBeanTest</className>
          <testName>testDocEmail</testName>
          <skipped>false</skipped>
          <failedSince>0</failedSince>
        </case>
        <case>
          <duration>0.0</duration>
          <className>edu.ncsu.csc.itrust.unit.bean.RecordsReleaseBeanTest</className>
          <testName>testDocPhone</testName>
          <skipped>false</skipped>
          <failedSince>0</failedSince>
        </case>
        <case>
          <duration>0.001</duration>
          <className>edu.ncsu.csc.itrust.unit.bean.RecordsReleaseBeanTest</className>
          <testName>testStatus</testName>
          <skipped>false</skipped>
          <errorStackTrace>junit.framework.ComparisonFailure: expected:&lt;[Denied]&gt; but was:&lt;[deineD]&gt;
	at edu.ncsu.csc.itrust.unit.bean.RecordsReleaseBeanTest.testStatus(RecordsReleaseBeanTest.java:139)
</errorStackTrace>
          <errorDetails>expected:&lt;[Denied]&gt; but was:&lt;[deineD]&gt;</errorDetails>
          <failedSince>1</failedSince>
        </case>
      </cases>
    </suite>
    <suite>
      <file>/var/lib/jenkins/workspace/itrust-main/iTrust-v23/iTrust/target/surefire-reports/TEST-edu.ncsu.csc.itrust.unit.bean.ReportRequestBeanTest.xml</file>
      <name>edu.ncsu.csc.itrust.unit.bean.ReportRequestBeanTest</name>
      <duration>0.005</duration>
      <time>0.005</time>
      <cases>
        <case>
          <duration>0.003</duration>
          <className>edu.ncsu.csc.itrust.unit.bean.ReportRequestBeanTest</className>
          <testName>testReportRequestBean</testName>
          <skipped>false</skipped>
          <errorStackTrace>java.lang.ExceptionInInitializerError
	at edu.ncsu.csc.itrust.unit.bean.ReportRequestBeanTest.testReportRequestBean(ReportRequestBeanTest.java:9)
Caused by: java.lang.NullPointerException
	at edu.ncsu.csc.itrust.unit.bean.ReportRequestBeanTest.testReportRequestBean(ReportRequestBeanTest.java:9)
</errorStackTrace>
          <failedSince>1</failedSince>
        </case>
        <case>
          <duration>0.0</duration>
          <className>edu.ncsu.csc.itrust.unit.bean.ReportRequestBeanTest</className>
          <testName>testBadRequestedDate</testName>
          <skipped>false</skipped>
          <errorStackTrace>java.lang.NoClassDefFoundError: Could not initialize class edu.ncsu.csc.itrust.model.old.beans.ReportRequestBean
	at edu.ncsu.csc.itrust.unit.bean.ReportRequestBeanTest.testBadRequestedDate(ReportRequestBeanTest.java:29)
</errorStackTrace>
          <errorDetails>Could not initialize class edu.ncsu.csc.itrust.model.old.beans.ReportRequestBean</errorDetails>
          <failedSince>1</failedSince>
        </case>
      </cases>
    </suite>
    <suite>
      <file>/var/lib/jenkins/workspace/itrust-main/iTrust-v23/iTrust/target/surefire-reports/TEST-edu.ncsu.csc.itrust.unit.bean.ReviewsBeanLoaderTest.xml</file>
      <name>edu.ncsu.csc.itrust.unit.bean.ReviewsBeanLoaderTest</name>
      <duration>0.004</duration>
      <time>0.004</time>
      <cases>
        <case>
          <duration>0.001</duration>
          <className>edu.ncsu.csc.itrust.unit.bean.ReviewsBeanLoaderTest</className>
          <testName>testLoadList</testName>
          <skipped>false</skipped>
          <failedSince>0</failedSince>
        </case>
        <case>
          <duration>0.001</duration>
          <className>edu.ncsu.csc.itrust.unit.bean.ReviewsBeanLoaderTest</className>
          <testName>testLoadSingle</testName>
          <skipped>false</skipped>
          <failedSince>0</failedSince>
        </case>
        <case>
          <duration>0.001</duration>
          <className>edu.ncsu.csc.itrust.unit.bean.ReviewsBeanLoaderTest</className>
          <testName>testLoadParameters</testName>
          <skipped>false</skipped>
          <failedSince>0</failedSince>
        </case>
      </cases>
    </suite>
    <suite>
      <file>/var/lib/jenkins/workspace/itrust-main/iTrust-v23/iTrust/target/surefire-reports/TEST-edu.ncsu.csc.itrust.unit.bean.SurveyBeanTest.xml</file>
      <name>edu.ncsu.csc.itrust.unit.bean.SurveyBeanTest</name>
      <duration>0.003</duration>
      <time>0.003</time>
      <cases>
        <case>
          <duration>0.0</duration>
          <className>edu.ncsu.csc.itrust.unit.bean.SurveyBeanTest</className>
          <testName>testSurveyBean</testName>
          <skipped>false</skipped>
          <errorStackTrace>java.lang.NullPointerException
	at edu.ncsu.csc.itrust.unit.bean.SurveyBeanTest.testSurveyBean(SurveyBeanTest.java:22)
</errorStackTrace>
          <failedSince>2</failedSince>
        </case>
      </cases>
    </suite>
    <suite>
      <file>/var/lib/jenkins/workspace/itrust-main/iTrust-v23/iTrust/target/surefire-reports/TEST-edu.ncsu.csc.itrust.unit.bean.SurveyResultBeanTest.xml</file>
      <name>edu.ncsu.csc.itrust.unit.bean.SurveyResultBeanTest</name>
      <duration>0.0</duration>
      <time>0</time>
      <cases>
        <case>
          <duration>0.0</duration>
          <className>edu.ncsu.csc.itrust.unit.bean.SurveyResultBeanTest</className>
          <testName>testSurveyResultBean</testName>
          <skipped>false</skipped>
          <failedSince>0</failedSince>
        </case>
      </cases>
    </suite>
    <suite>
      <file>/var/lib/jenkins/workspace/itrust-main/iTrust-v23/iTrust/target/surefire-reports/TEST-edu.ncsu.csc.itrust.unit.bean.TelemedicineBeanTest.xml</file>
      <name>edu.ncsu.csc.itrust.unit.bean.TelemedicineBeanTest</name>
      <duration>0.006</duration>
      <time>0.006</time>
      <cases>
        <case>
          <duration>0.006</duration>
          <className>edu.ncsu.csc.itrust.unit.bean.TelemedicineBeanTest</className>
          <testName>testGlucoseLevel</testName>
          <skipped>false</skipped>
          <failedSince>0</failedSince>
        </case>
        <case>
          <duration>0.0</duration>
          <className>edu.ncsu.csc.itrust.unit.bean.TelemedicineBeanTest</className>
          <testName>testHeight</testName>
          <skipped>false</skipped>
          <failedSince>0</failedSince>
        </case>
        <case>
          <duration>0.0</duration>
          <className>edu.ncsu.csc.itrust.unit.bean.TelemedicineBeanTest</className>
          <testName>testWeight</testName>
          <skipped>false</skipped>
          <failedSince>0</failedSince>
        </case>
      </cases>
    </suite>
    <suite>
      <file>/var/lib/jenkins/workspace/itrust-main/iTrust-v23/iTrust/target/surefire-reports/TEST-edu.ncsu.csc.itrust.unit.bean.VisitFlagBeanTest.xml</file>
      <name>edu.ncsu.csc.itrust.unit.bean.VisitFlagBeanTest</name>
      <duration>0.015</duration>
      <time>0.015</time>
      <cases>
        <case>
          <duration>0.014</duration>
          <className>edu.ncsu.csc.itrust.unit.bean.VisitFlagBeanTest</className>
          <testName>testSetTypeAndValue</testName>
          <skipped>false</skipped>
          <failedSince>0</failedSince>
        </case>
      </cases>
    </suite>
    <suite>
      <file>/var/lib/jenkins/workspace/itrust-main/iTrust-v23/iTrust/target/surefire-reports/TEST-edu.ncsu.csc.itrust.unit.bean.WardBeanLoaderTest.xml</file>
      <name>edu.ncsu.csc.itrust.unit.bean.WardBeanLoaderTest</name>
      <duration>0.081</duration>
      <time>0.081</time>
      <cases>
        <case>
          <duration>0.071</duration>
          <className>edu.ncsu.csc.itrust.unit.bean.WardBeanLoaderTest</className>
          <testName>testLoadList</testName>
          <skipped>false</skipped>
          <failedSince>0</failedSince>
        </case>
        <case>
          <duration>0.001</duration>
          <className>edu.ncsu.csc.itrust.unit.bean.WardBeanLoaderTest</className>
          <testName>testLoadParameters</testName>
          <skipped>false</skipped>
          <failedSince>0</failedSince>
        </case>
        <case>
          <duration>0.009</duration>
          <className>edu.ncsu.csc.itrust.unit.bean.WardBeanLoaderTest</className>
          <testName>testloadSingle</testName>
          <skipped>false</skipped>
          <failedSince>0</failedSince>
        </case>
      </cases>
    </suite>
    <suite>
      <file>/var/lib/jenkins/workspace/itrust-main/iTrust-v23/iTrust/target/surefire-reports/TEST-edu.ncsu.csc.itrust.unit.bean.WardBeanTest.xml</file>
      <name>edu.ncsu.csc.itrust.unit.bean.WardBeanTest</name>
      <duration>0.001</duration>
      <time>0.001</time>
      <cases>
        <case>
          <duration>0.0</duration>
          <className>edu.ncsu.csc.itrust.unit.bean.WardBeanTest</className>
          <testName>testInHospital</testName>
          <skipped>false</skipped>
          <failedSince>0</failedSince>
        </case>
        <case>
          <duration>0.0</duration>
          <className>edu.ncsu.csc.itrust.unit.bean.WardBeanTest</className>
          <testName>testSpecialty</testName>
          <skipped>false</skipped>
          <failedSince>0</failedSince>
        </case>
        <case>
          <duration>0.0</duration>
          <className>edu.ncsu.csc.itrust.unit.bean.WardBeanTest</className>
          <testName>testEquals</testName>
          <skipped>false</skipped>
          <failedSince>0</failedSince>
        </case>
        <case>
          <duration>0.0</duration>
          <className>edu.ncsu.csc.itrust.unit.bean.WardBeanTest</className>
          <testName>testWardID</testName>
          <skipped>false</skipped>
          <failedSince>0</failedSince>
        </case>
      </cases>
    </suite>
    <suite>
      <file>/var/lib/jenkins/workspace/itrust-main/iTrust-v23/iTrust/target/surefire-reports/TEST-edu.ncsu.csc.itrust.unit.bean.WardRoomBeanLoaderTest.xml</file>
      <name>edu.ncsu.csc.itrust.unit.bean.WardRoomBeanLoaderTest</name>
      <duration>0.011</duration>
      <time>0.011</time>
      <cases>
        <case>
          <duration>0.0</duration>
          <className>edu.ncsu.csc.itrust.unit.bean.WardRoomBeanLoaderTest</className>
          <testName>testLoadList</testName>
          <skipped>false</skipped>
          <failedSince>0</failedSince>
        </case>
        <case>
          <duration>0.0</duration>
          <className>edu.ncsu.csc.itrust.unit.bean.WardRoomBeanLoaderTest</className>
          <testName>testLoadParameters</testName>
          <skipped>false</skipped>
          <failedSince>0</failedSince>
        </case>
        <case>
          <duration>0.011</duration>
          <className>edu.ncsu.csc.itrust.unit.bean.WardRoomBeanLoaderTest</className>
          <testName>testloadSingle</testName>
          <skipped>false</skipped>
          <errorStackTrace>java.lang.AssertionError: 

  Unexpected method call getLong(&quot;BK&quot;):
    getLong(&quot;RoomID&quot;): expected: 1, actual: 0
    getLong(&quot;OccupiedBy&quot;): expected: 1, actual: 0
    getLong(&quot;InWard&quot;): expected: 1, actual: 0
    getString(&quot;roomName&quot;): expected: 1, actual: 0
    getString(&quot;Status&quot;): expected: 1, actual: 0
	at edu.ncsu.csc.itrust.unit.bean.WardRoomBeanLoaderTest.testloadSingle(WardRoomBeanLoaderTest.java:63)
</errorStackTrace>
          <errorDetails>
  Unexpected method call getLong(&quot;BK&quot;):
    getLong(&quot;RoomID&quot;): expected: 1, actual: 0
    getLong(&quot;OccupiedBy&quot;): expected: 1, actual: 0
    getLong(&quot;InWard&quot;): expected: 1, actual: 0
    getString(&quot;roomName&quot;): expected: 1, actual: 0
    getString(&quot;Status&quot;): expected: 1, actual: 0</errorDetails>
          <failedSince>1</failedSince>
        </case>
      </cases>
    </suite>
    <suite>
      <file>/var/lib/jenkins/workspace/itrust-main/iTrust-v23/iTrust/target/surefire-reports/TEST-edu.ncsu.csc.itrust.unit.bean.WardRoomBeanTest.xml</file>
      <name>edu.ncsu.csc.itrust.unit.bean.WardRoomBeanTest</name>
      <duration>0.009</duration>
      <time>0.009</time>
      <cases>
        <case>
          <duration>0.001</duration>
          <className>edu.ncsu.csc.itrust.unit.bean.WardRoomBeanTest</className>
          <testName>testRoomStatus</testName>
          <skipped>false</skipped>
          <failedSince>0</failedSince>
        </case>
        <case>
          <duration>0.001</duration>
          <className>edu.ncsu.csc.itrust.unit.bean.WardRoomBeanTest</className>
          <testName>testRoomName</testName>
          <skipped>false</skipped>
          <failedSince>0</failedSince>
        </case>
        <case>
          <duration>0.001</duration>
          <className>edu.ncsu.csc.itrust.unit.bean.WardRoomBeanTest</className>
          <testName>testOccupiedBy</testName>
          <skipped>false</skipped>
          <failedSince>0</failedSince>
        </case>
        <case>
          <duration>0.005</duration>
          <className>edu.ncsu.csc.itrust.unit.bean.WardRoomBeanTest</className>
          <testName>testEquals</testName>
          <skipped>false</skipped>
          <failedSince>0</failedSince>
        </case>
        <case>
          <duration>0.0</duration>
          <className>edu.ncsu.csc.itrust.unit.bean.WardRoomBeanTest</className>
          <testName>testInWard</testName>
          <skipped>false</skipped>
          <failedSince>0</failedSince>
        </case>
        <case>
          <duration>0.0</duration>
          <className>edu.ncsu.csc.itrust.unit.bean.WardRoomBeanTest</className>
          <testName>testRoomID</testName>
          <skipped>false</skipped>
          <failedSince>0</failedSince>
        </case>
      </cases>
    </suite>
    <suite>
      <file>/var/lib/jenkins/workspace/itrust-main/iTrust-v23/iTrust/target/surefire-reports/TEST-edu.ncsu.csc.itrust.unit.bean.ZipCodeBeanTest.xml</file>
      <name>edu.ncsu.csc.itrust.unit.bean.ZipCodeBeanTest</name>
      <duration>0.002</duration>
      <time>0.002</time>
      <cases>
        <case>
          <duration>0.0</duration>
          <className>edu.ncsu.csc.itrust.unit.bean.ZipCodeBeanTest</className>
          <testName>testBean</testName>
          <skipped>false</skipped>
          <failedSince>0</failedSince>
        </case>
      </cases>
    </suite>
    <suite>
      <file>/var/lib/jenkins/workspace/itrust-main/iTrust-v23/iTrust/target/surefire-reports/TEST-edu.ncsu.csc.itrust.unit.bean.ZipCodeLoaderTest.xml</file>
      <name>edu.ncsu.csc.itrust.unit.bean.ZipCodeLoaderTest</name>
      <duration>0.026</duration>
      <time>0.026</time>
      <cases>
        <case>
          <duration>0.001</duration>
          <className>edu.ncsu.csc.itrust.unit.bean.ZipCodeLoaderTest</className>
          <testName>testLoadList</testName>
          <skipped>false</skipped>
          <failedSince>0</failedSince>
        </case>
        <case>
          <duration>0.024</duration>
          <className>edu.ncsu.csc.itrust.unit.bean.ZipCodeLoaderTest</className>
          <testName>testLoadSingle</testName>
          <skipped>false</skipped>
          <failedSince>0</failedSince>
        </case>
      </cases>
    </suite>
    <suite>
      <file>/var/lib/jenkins/workspace/itrust-main/iTrust-v23/iTrust/target/surefire-reports/TEST-edu.ncsu.csc.itrust.unit.controller.cptcode.CPTCodeControllerTest.xml</file>
      <name>edu.ncsu.csc.itrust.unit.controller.cptcode.CPTCodeControllerTest</name>
      <duration>0.458</duration>
      <time>0.458</time>
      <cases>
        <case>
          <duration>0.078</duration>
          <className>edu.ncsu.csc.itrust.unit.controller.cptcode.CPTCodeControllerTest</className>
          <testName>testAdd</testName>
          <skipped>false</skipped>
          <errorStackTrace>java.lang.NullPointerException
	at edu.ncsu.csc.itrust.unit.controller.cptcode.CPTCodeControllerTest.testAdd(CPTCodeControllerTest.java:49)
</errorStackTrace>
          <failedSince>1</failedSince>
        </case>
        <case>
          <duration>0.071</duration>
          <className>edu.ncsu.csc.itrust.unit.controller.cptcode.CPTCodeControllerTest</className>
          <testName>testEdit</testName>
          <skipped>false</skipped>
          <errorStackTrace>java.lang.NullPointerException
	at edu.ncsu.csc.itrust.unit.controller.cptcode.CPTCodeControllerTest.testEdit(CPTCodeControllerTest.java:79)
</errorStackTrace>
          <failedSince>1</failedSince>
        </case>
        <case>
          <duration>0.11</duration>
          <className>edu.ncsu.csc.itrust.unit.controller.cptcode.CPTCodeControllerTest</className>
          <testName>testSQLErrors</testName>
          <skipped>false</skipped>
          <errorStackTrace>java.lang.NullPointerException
	at edu.ncsu.csc.itrust.unit.controller.cptcode.CPTCodeControllerTest.testSQLErrors(CPTCodeControllerTest.java:161)
</errorStackTrace>
          <failedSince>1</failedSince>
        </case>
        <case>
          <duration>0.077</duration>
          <className>edu.ncsu.csc.itrust.unit.controller.cptcode.CPTCodeControllerTest</className>
          <testName>testGetters</testName>
          <skipped>false</skipped>
          <errorStackTrace>java.lang.NullPointerException
	at edu.ncsu.csc.itrust.unit.controller.cptcode.CPTCodeControllerTest.testGetters(CPTCodeControllerTest.java:142)
</errorStackTrace>
          <failedSince>1</failedSince>
        </case>
        <case>
          <duration>0.061</duration>
          <className>edu.ncsu.csc.itrust.unit.controller.cptcode.CPTCodeControllerTest</className>
          <testName>testRemove</testName>
          <skipped>false</skipped>
          <errorStackTrace>java.lang.NullPointerException
	at edu.ncsu.csc.itrust.unit.controller.cptcode.CPTCodeControllerTest.testRemove(CPTCodeControllerTest.java:117)
</errorStackTrace>
          <failedSince>1</failedSince>
        </case>
        <case>
          <duration>0.061</duration>
          <className>edu.ncsu.csc.itrust.unit.controller.cptcode.CPTCodeControllerTest</className>
          <testName>testConstructor</testName>
          <skipped>false</skipped>
          <failedSince>0</failedSince>
        </case>
      </cases>
    </suite>
    <suite>
      <file>/var/lib/jenkins/workspace/itrust-main/iTrust-v23/iTrust/target/surefire-reports/TEST-edu.ncsu.csc.itrust.unit.controller.cptcode.CPTCodeFormTest.xml</file>
      <name>edu.ncsu.csc.itrust.unit.controller.cptcode.CPTCodeFormTest</name>
      <duration>0.082</duration>
      <time>0.082</time>
      <cases>
        <case>
          <duration>0.082</duration>
          <className>edu.ncsu.csc.itrust.unit.controller.cptcode.CPTCodeFormTest</className>
          <testName>testCPTCodeForm</testName>
          <skipped>false</skipped>
          <errorStackTrace>java.lang.NullPointerException
	at edu.ncsu.csc.itrust.unit.controller.cptcode.CPTCodeFormTest.testCPTCodeForm(CPTCodeFormTest.java:63)
</errorStackTrace>
          <failedSince>1</failedSince>
        </case>
      </cases>
    </suite>
    <suite>
      <file>/var/lib/jenkins/workspace/itrust-main/iTrust-v23/iTrust/target/surefire-reports/TEST-edu.ncsu.csc.itrust.unit.controller.emergencyRecord.EmergencyRecordControllerTest.xml</file>
      <name>edu.ncsu.csc.itrust.unit.controller.emergencyRecord.EmergencyRecordControllerTest</name>
      <duration>0.591</duration>
      <time>0.591</time>
      <cases>
        <case>
          <duration>0.195</duration>
          <className>edu.ncsu.csc.itrust.unit.controller.emergencyRecord.EmergencyRecordControllerTest</className>
          <testName>testLoadRecord</testName>
          <skipped>false</skipped>
          <errorStackTrace>java.lang.AssertionError
	at edu.ncsu.csc.itrust.unit.controller.emergencyRecord.EmergencyRecordControllerTest.testLoadRecord(EmergencyRecordControllerTest.java:66)
</errorStackTrace>
          <failedSince>1</failedSince>
        </case>
        <case>
          <duration>0.192</duration>
          <className>edu.ncsu.csc.itrust.unit.controller.emergencyRecord.EmergencyRecordControllerTest</className>
          <testName>testNoDataSource</testName>
          <skipped>false</skipped>
          <failedSince>0</failedSince>
        </case>
        <case>
          <duration>0.107</duration>
          <className>edu.ncsu.csc.itrust.unit.controller.emergencyRecord.EmergencyRecordControllerTest</className>
          <testName>testInvalidPatient</testName>
          <skipped>false</skipped>
          <failedSince>0</failedSince>
        </case>
        <case>
          <duration>0.095</duration>
          <className>edu.ncsu.csc.itrust.unit.controller.emergencyRecord.EmergencyRecordControllerTest</className>
          <testName>testLogViewEmergencyRecord</testName>
          <skipped>false</skipped>
          <failedSince>0</failedSince>
        </case>
      </cases>
    </suite>
    <suite>
      <file>/var/lib/jenkins/workspace/itrust-main/iTrust-v23/iTrust/target/surefire-reports/TEST-edu.ncsu.csc.itrust.unit.controller.hospital.HospitalControllerTest.xml</file>
      <name>edu.ncsu.csc.itrust.unit.controller.hospital.HospitalControllerTest</name>
      <duration>0.03</duration>
      <time>0.03</time>
      <cases>
        <case>
          <duration>0.029</duration>
          <className>edu.ncsu.csc.itrust.unit.controller.hospital.HospitalControllerTest</className>
          <testName>testHospitalInList</testName>
          <skipped>false</skipped>
          <errorStackTrace>java.lang.NullPointerException
	at edu.ncsu.csc.itrust.unit.controller.hospital.HospitalControllerTest.testHospitalInList(HospitalControllerTest.java:33)
</errorStackTrace>
          <failedSince>1</failedSince>
        </case>
      </cases>
    </suite>
    <suite>
      <file>/var/lib/jenkins/workspace/itrust-main/iTrust-v23/iTrust/target/surefire-reports/TEST-edu.ncsu.csc.itrust.unit.controller.icdCode.ICDCodeControllerTest.xml</file>
      <name>edu.ncsu.csc.itrust.unit.controller.icdCode.ICDCodeControllerTest</name>
      <duration>0.436</duration>
      <time>0.436</time>
      <cases>
        <case>
          <duration>0.088</duration>
          <className>edu.ncsu.csc.itrust.unit.controller.icdCode.ICDCodeControllerTest</className>
          <testName>testAdd</testName>
          <skipped>false</skipped>
          <errorStackTrace>java.lang.NullPointerException
	at edu.ncsu.csc.itrust.unit.controller.icdCode.ICDCodeControllerTest.testAdd(ICDCodeControllerTest.java:48)
</errorStackTrace>
          <failedSince>1</failedSince>
        </case>
        <case>
          <duration>0.073</duration>
          <className>edu.ncsu.csc.itrust.unit.controller.icdCode.ICDCodeControllerTest</className>
          <testName>testEdit</testName>
          <skipped>false</skipped>
          <errorStackTrace>java.lang.NullPointerException
	at edu.ncsu.csc.itrust.unit.controller.icdCode.ICDCodeControllerTest.testEdit(ICDCodeControllerTest.java:77)
</errorStackTrace>
          <failedSince>1</failedSince>
        </case>
        <case>
          <duration>0.111</duration>
          <className>edu.ncsu.csc.itrust.unit.controller.icdCode.ICDCodeControllerTest</className>
          <testName>testSQLErrors</testName>
          <skipped>false</skipped>
          <errorStackTrace>java.lang.NullPointerException
	at edu.ncsu.csc.itrust.unit.controller.icdCode.ICDCodeControllerTest.testSQLErrors(ICDCodeControllerTest.java:118)
</errorStackTrace>
          <failedSince>1</failedSince>
        </case>
        <case>
          <duration>0.085</duration>
          <className>edu.ncsu.csc.itrust.unit.controller.icdCode.ICDCodeControllerTest</className>
          <testName>testRemove</testName>
          <skipped>false</skipped>
          <errorStackTrace>java.lang.NullPointerException
	at edu.ncsu.csc.itrust.unit.controller.icdCode.ICDCodeControllerTest.testRemove(ICDCodeControllerTest.java:108)
</errorStackTrace>
          <failedSince>1</failedSince>
        </case>
        <case>
          <duration>0.076</duration>
          <className>edu.ncsu.csc.itrust.unit.controller.icdCode.ICDCodeControllerTest</className>
          <testName>testConstructor</testName>
          <skipped>false</skipped>
          <failedSince>0</failedSince>
        </case>
      </cases>
    </suite>
    <suite>
      <file>/var/lib/jenkins/workspace/itrust-main/iTrust-v23/iTrust/target/surefire-reports/TEST-edu.ncsu.csc.itrust.unit.controller.icdCode.ICDCodeFormTest.xml</file>
      <name>edu.ncsu.csc.itrust.unit.controller.icdCode.ICDCodeFormTest</name>
      <duration>0.093</duration>
      <time>0.093</time>
      <cases>
        <case>
          <duration>0.086</duration>
          <className>edu.ncsu.csc.itrust.unit.controller.icdCode.ICDCodeFormTest</className>
          <testName>testICDCodeForm</testName>
          <skipped>false</skipped>
          <errorStackTrace>java.lang.NullPointerException
	at edu.ncsu.csc.itrust.unit.controller.icdCode.ICDCodeFormTest.testICDCodeForm(ICDCodeFormTest.java:64)
</errorStackTrace>
          <failedSince>1</failedSince>
        </case>
      </cases>
    </suite>
    <suite>
      <file>/var/lib/jenkins/workspace/itrust-main/iTrust-v23/iTrust/target/surefire-reports/TEST-edu.ncsu.csc.itrust.unit.controller.immunization.ImmunizationControllerTest.xml</file>
      <name>edu.ncsu.csc.itrust.unit.controller.immunization.ImmunizationControllerTest</name>
      <duration>0.035</duration>
      <time>0.035</time>
      <cases>
        <case>
          <duration>0.03</duration>
          <className>edu.ncsu.csc.itrust.unit.controller.immunization.ImmunizationControllerTest</className>
          <testName>testDiabolicals</testName>
          <skipped>false</skipped>
          <errorStackTrace>edu.ncsu.csc.itrust.exception.DBException: A database exception has occurred. Please see the log in the console for stacktrace
	at edu.ncsu.csc.itrust.unit.controller.immunization.ImmunizationControllerTest.testDiabolicals(ImmunizationControllerTest.java:36)
</errorStackTrace>
          <errorDetails>A database exception has occurred. Please see the log in the console for stacktrace</errorDetails>
          <failedSince>1</failedSince>
        </case>
      </cases>
    </suite>
    <suite>
      <file>/var/lib/jenkins/workspace/itrust-main/iTrust-v23/iTrust/target/surefire-reports/TEST-edu.ncsu.csc.itrust.unit.controller.immunization.ImmunizationFormTest.xml</file>
      <name>edu.ncsu.csc.itrust.unit.controller.immunization.ImmunizationFormTest</name>
      <duration>0.092</duration>
      <time>0.092</time>
      <cases>
        <case>
          <duration>0.092</duration>
          <className>edu.ncsu.csc.itrust.unit.controller.immunization.ImmunizationFormTest</className>
          <testName>testForm</testName>
          <skipped>false</skipped>
          <errorStackTrace>java.lang.NullPointerException
	at edu.ncsu.csc.itrust.unit.controller.immunization.ImmunizationFormTest.testForm(ImmunizationFormTest.java:60)
</errorStackTrace>
          <failedSince>1</failedSince>
        </case>
      </cases>
    </suite>
    <suite>
      <file>/var/lib/jenkins/workspace/itrust-main/iTrust-v23/iTrust/target/surefire-reports/TEST-edu.ncsu.csc.itrust.unit.controller.labProcedure.LabProcedureControllerTest.xml</file>
      <name>edu.ncsu.csc.itrust.unit.controller.labProcedure.LabProcedureControllerTest</name>
      <duration>4.04</duration>
      <time>4.04</time>
      <cases>
        <case>
          <duration>0.273</duration>
          <className>edu.ncsu.csc.itrust.unit.controller.labProcedure.LabProcedureControllerTest</className>
          <testName>testGetLabProceduresByOfficeVisit</testName>
          <skipped>false</skipped>
          <errorStackTrace>java.lang.NullPointerException
	at edu.ncsu.csc.itrust.unit.controller.labProcedure.LabProcedureControllerTest.testGetLabProceduresByOfficeVisit(LabProcedureControllerTest.java:155)
</errorStackTrace>
          <failedSince>1</failedSince>
        </case>
        <case>
          <duration>0.139</duration>
          <className>edu.ncsu.csc.itrust.unit.controller.labProcedure.LabProcedureControllerTest</className>
          <testName>testGetPendingLabProceduresByTechnician</testName>
          <skipped>false</skipped>
          <errorStackTrace>java.lang.NullPointerException
	at edu.ncsu.csc.itrust.unit.controller.labProcedure.LabProcedureControllerTest.testGetPendingLabProceduresByTechnician(LabProcedureControllerTest.java:214)
</errorStackTrace>
          <failedSince>1</failedSince>
        </case>
        <case>
          <duration>0.138</duration>
          <className>edu.ncsu.csc.itrust.unit.controller.labProcedure.LabProcedureControllerTest</className>
          <testName>testLabProcedure</testName>
          <skipped>false</skipped>
          <failedSince>0</failedSince>
        </case>
        <case>
          <duration>0.19</duration>
          <className>edu.ncsu.csc.itrust.unit.controller.labProcedure.LabProcedureControllerTest</className>
          <testName>testAdd</testName>
          <skipped>false</skipped>
          <failedSince>0</failedSince>
        </case>
        <case>
          <duration>0.154</duration>
          <className>edu.ncsu.csc.itrust.unit.controller.labProcedure.LabProcedureControllerTest</className>
          <testName>testGet</testName>
          <skipped>false</skipped>
          <errorStackTrace>java.lang.AssertionError
	at edu.ncsu.csc.itrust.unit.controller.labProcedure.LabProcedureControllerTest.testGet(LabProcedureControllerTest.java:467)
</errorStackTrace>
          <failedSince>1</failedSince>
        </case>
        <case>
          <duration>0.195</duration>
          <className>edu.ncsu.csc.itrust.unit.controller.labProcedure.LabProcedureControllerTest</className>
          <testName>getCompletedLabProceduresByTechnician</testName>
          <skipped>false</skipped>
          <errorStackTrace>java.lang.NullPointerException
	at edu.ncsu.csc.itrust.unit.controller.labProcedure.LabProcedureControllerTest.getCompletedLabProceduresByTechnician(LabProcedureControllerTest.java:300)
</errorStackTrace>
          <failedSince>1</failedSince>
        </case>
        <case>
          <duration>0.142</duration>
          <className>edu.ncsu.csc.itrust.unit.controller.labProcedure.LabProcedureControllerTest</className>
          <testName>testEdit</testName>
          <skipped>false</skipped>
          <errorStackTrace>java.lang.NullPointerException
	at edu.ncsu.csc.itrust.unit.controller.labProcedure.LabProcedureControllerTest.testEdit(LabProcedureControllerTest.java:435)
</errorStackTrace>
          <failedSince>1</failedSince>
        </case>
        <case>
          <duration>0.166</duration>
          <className>edu.ncsu.csc.itrust.unit.controller.labProcedure.LabProcedureControllerTest</className>
          <testName>testGetCompletedLabProceduresByOfficeVisit</testName>
          <skipped>false</skipped>
          <errorStackTrace>java.lang.NullPointerException
	at edu.ncsu.csc.itrust.unit.controller.labProcedure.LabProcedureControllerTest.testGetCompletedLabProceduresByOfficeVisit(LabProcedureControllerTest.java:175)
</errorStackTrace>
          <failedSince>1</failedSince>
        </case>
        <case>
          <duration>0.184</duration>
          <className>edu.ncsu.csc.itrust.unit.controller.labProcedure.LabProcedureControllerTest</className>
          <testName>testRemoveInvalidID</testName>
          <skipped>false</skipped>
          <errorStackTrace>java.lang.NullPointerException
	at edu.ncsu.csc.itrust.unit.controller.labProcedure.LabProcedureControllerTest.testRemoveInvalidID(LabProcedureControllerTest.java:487)
</errorStackTrace>
          <failedSince>1</failedSince>
        </case>
        <case>
          <duration>0.156</duration>
          <className>edu.ncsu.csc.itrust.unit.controller.labProcedure.LabProcedureControllerTest</className>
          <testName>testGetLabProceduresByLabTechnicianMultipleResults</testName>
          <skipped>false</skipped>
          <errorStackTrace>java.lang.NullPointerException
	at edu.ncsu.csc.itrust.unit.controller.labProcedure.LabProcedureControllerTest.testGetLabProceduresByLabTechnicianMultipleResults(LabProcedureControllerTest.java:127)
</errorStackTrace>
          <failedSince>1</failedSince>
        </case>
        <case>
          <duration>0.148</duration>
          <className>edu.ncsu.csc.itrust.unit.controller.labProcedure.LabProcedureControllerTest</className>
          <testName>testGetInTransitLabProceduresByTechnician</testName>
          <skipped>false</skipped>
          <errorStackTrace>java.lang.NullPointerException
	at edu.ncsu.csc.itrust.unit.controller.labProcedure.LabProcedureControllerTest.testGetInTransitLabProceduresByTechnician(LabProcedureControllerTest.java:238)
</errorStackTrace>
          <failedSince>1</failedSince>
        </case>
        <case>
          <duration>0.159</duration>
          <className>edu.ncsu.csc.itrust.unit.controller.labProcedure.LabProcedureControllerTest</className>
          <testName>testSetLabProcedureToReceivedStatus</testName>
          <skipped>false</skipped>
          <errorStackTrace>java.lang.NullPointerException
	at edu.ncsu.csc.itrust.unit.controller.labProcedure.LabProcedureControllerTest.testSetLabProcedureToReceivedStatus(LabProcedureControllerTest.java:328)
</errorStackTrace>
          <failedSince>1</failedSince>
        </case>
        <case>
          <duration>0.167</duration>
          <className>edu.ncsu.csc.itrust.unit.controller.labProcedure.LabProcedureControllerTest</className>
          <testName>testLogLabTechnicianViewLabProcedureQueue</testName>
          <skipped>false</skipped>
          <failedSince>0</failedSince>
        </case>
        <case>
          <duration>0.173</duration>
          <className>edu.ncsu.csc.itrust.unit.controller.labProcedure.LabProcedureControllerTest</className>
          <testName>testLogViewLabProcedure</testName>
          <skipped>false</skipped>
          <failedSince>0</failedSince>
        </case>
        <case>
          <duration>0.209</duration>
          <className>edu.ncsu.csc.itrust.unit.controller.labProcedure.LabProcedureControllerTest</className>
          <testName>testGetLabProceduresByLabTechnicianSingleResult</testName>
          <skipped>false</skipped>
          <errorStackTrace>java.lang.NullPointerException
	at edu.ncsu.csc.itrust.unit.controller.labProcedure.LabProcedureControllerTest.testGetLabProceduresByLabTechnicianSingleResult(LabProcedureControllerTest.java:95)
</errorStackTrace>
          <failedSince>1</failedSince>
        </case>
        <case>
          <duration>0.173</duration>
          <className>edu.ncsu.csc.itrust.unit.controller.labProcedure.LabProcedureControllerTest</className>
          <testName>testGetReceivedLabProceduresByTechnician</testName>
          <skipped>false</skipped>
          <errorStackTrace>java.lang.NullPointerException
	at edu.ncsu.csc.itrust.unit.controller.labProcedure.LabProcedureControllerTest.testGetReceivedLabProceduresByTechnician(LabProcedureControllerTest.java:262)
</errorStackTrace>
          <failedSince>1</failedSince>
        </case>
        <case>
          <duration>0.159</duration>
          <className>edu.ncsu.csc.itrust.unit.controller.labProcedure.LabProcedureControllerTest</className>
          <testName>testSetLabProcedureToReceivedStatusException</testName>
          <skipped>false</skipped>
          <errorStackTrace>java.lang.NullPointerException
	at edu.ncsu.csc.itrust.unit.controller.labProcedure.LabProcedureControllerTest.testSetLabProcedureToReceivedStatusException(LabProcedureControllerTest.java:373)
</errorStackTrace>
          <failedSince>1</failedSince>
        </case>
        <case>
          <duration>0.168</duration>
          <className>edu.ncsu.csc.itrust.unit.controller.labProcedure.LabProcedureControllerTest</className>
          <testName>testGetNonCompletedLabProceduresByOfficeVisit</testName>
          <skipped>false</skipped>
          <errorStackTrace>java.lang.NullPointerException
	at edu.ncsu.csc.itrust.unit.controller.labProcedure.LabProcedureControllerTest.testGetNonCompletedLabProceduresByOfficeVisit(LabProcedureControllerTest.java:192)
</errorStackTrace>
          <failedSince>1</failedSince>
        </case>
        <case>
          <duration>0.16</duration>
          <className>edu.ncsu.csc.itrust.unit.controller.labProcedure.LabProcedureControllerTest</className>
          <testName>testGetTestingLabProceduresByTechnician</testName>
          <skipped>false</skipped>
          <errorStackTrace>java.lang.NullPointerException
	at edu.ncsu.csc.itrust.unit.controller.labProcedure.LabProcedureControllerTest.testGetTestingLabProceduresByTechnician(LabProcedureControllerTest.java:281)
</errorStackTrace>
          <failedSince>1</failedSince>
        </case>
        <case>
          <duration>0.132</duration>
          <className>edu.ncsu.csc.itrust.unit.controller.labProcedure.LabProcedureControllerTest</className>
          <testName>testSetLabProcedureToReceivedStatusDBException</testName>
          <skipped>false</skipped>
          <errorStackTrace>java.lang.NullPointerException
	at edu.ncsu.csc.itrust.unit.controller.labProcedure.LabProcedureControllerTest.testSetLabProcedureToReceivedStatusDBException(LabProcedureControllerTest.java:350)
</errorStackTrace>
          <failedSince>1</failedSince>
        </case>
        <case>
          <duration>0.156</duration>
          <className>edu.ncsu.csc.itrust.unit.controller.labProcedure.LabProcedureControllerTest</className>
          <testName>testRemove</testName>
          <skipped>false</skipped>
          <errorStackTrace>java.lang.NullPointerException
	at edu.ncsu.csc.itrust.unit.controller.labProcedure.LabProcedureControllerTest.testRemove(LabProcedureControllerTest.java:452)
</errorStackTrace>
          <failedSince>1</failedSince>
        </case>
        <case>
          <duration>0.153</duration>
          <className>edu.ncsu.csc.itrust.unit.controller.labProcedure.LabProcedureControllerTest</className>
          <testName>testAddWithDBException</testName>
          <skipped>false</skipped>
          <failedSince>0</failedSince>
        </case>
        <case>
          <duration>0.187</duration>
          <className>edu.ncsu.csc.itrust.unit.controller.labProcedure.LabProcedureControllerTest</className>
          <testName>testRecordResults</testName>
          <skipped>false</skipped>
          <errorStackTrace>java.lang.NullPointerException
	at edu.ncsu.csc.itrust.unit.controller.labProcedure.LabProcedureControllerTest.testRecordResults(LabProcedureControllerTest.java:508)
</errorStackTrace>
          <failedSince>1</failedSince>
        </case>
        <case>
          <duration>0.157</duration>
          <className>edu.ncsu.csc.itrust.unit.controller.labProcedure.LabProcedureControllerTest</className>
          <testName>testLogViewLabProcedureNoOfficeVisitSelected</testName>
          <skipped>false</skipped>
          <failedSince>0</failedSince>
        </case>
      </cases>
    </suite>
    <suite>
      <file>/var/lib/jenkins/workspace/itrust-main/iTrust-v23/iTrust/target/surefire-reports/TEST-edu.ncsu.csc.itrust.unit.controller.loincCode.LOINCCodeControllerTest.xml</file>
      <name>edu.ncsu.csc.itrust.unit.controller.loincCode.LOINCCodeControllerTest</name>
      <duration>0.454</duration>
      <time>0.454</time>
      <cases>
        <case>
          <duration>0.102</duration>
          <className>edu.ncsu.csc.itrust.unit.controller.loincCode.LOINCCodeControllerTest</className>
          <testName>testAdd</testName>
          <skipped>false</skipped>
          <errorStackTrace>java.lang.NullPointerException
	at edu.ncsu.csc.itrust.unit.controller.loincCode.LOINCCodeControllerTest.testAdd(LOINCCodeControllerTest.java:52)
</errorStackTrace>
          <failedSince>1</failedSince>
        </case>
        <case>
          <duration>0.08</duration>
          <className>edu.ncsu.csc.itrust.unit.controller.loincCode.LOINCCodeControllerTest</className>
          <testName>testEdit</testName>
          <skipped>false</skipped>
          <errorStackTrace>java.lang.NullPointerException
	at edu.ncsu.csc.itrust.unit.controller.loincCode.LOINCCodeControllerTest.testEdit(LOINCCodeControllerTest.java:83)
</errorStackTrace>
          <failedSince>1</failedSince>
        </case>
        <case>
          <duration>0.101</duration>
          <className>edu.ncsu.csc.itrust.unit.controller.loincCode.LOINCCodeControllerTest</className>
          <testName>testSQLErrors</testName>
          <skipped>false</skipped>
          <errorStackTrace>java.lang.NullPointerException
	at edu.ncsu.csc.itrust.unit.controller.loincCode.LOINCCodeControllerTest.testSQLErrors(LOINCCodeControllerTest.java:124)
</errorStackTrace>
          <failedSince>1</failedSince>
        </case>
        <case>
          <duration>0.081</duration>
          <className>edu.ncsu.csc.itrust.unit.controller.loincCode.LOINCCodeControllerTest</className>
          <testName>testRemove</testName>
          <skipped>false</skipped>
          <errorStackTrace>java.lang.NullPointerException
	at edu.ncsu.csc.itrust.unit.controller.loincCode.LOINCCodeControllerTest.testRemove(LOINCCodeControllerTest.java:114)
</errorStackTrace>
          <failedSince>1</failedSince>
        </case>
        <case>
          <duration>0.074</duration>
          <className>edu.ncsu.csc.itrust.unit.controller.loincCode.LOINCCodeControllerTest</className>
          <testName>testConstructor</testName>
          <skipped>false</skipped>
          <failedSince>0</failedSince>
        </case>
      </cases>
    </suite>
    <suite>
      <file>/var/lib/jenkins/workspace/itrust-main/iTrust-v23/iTrust/target/surefire-reports/TEST-edu.ncsu.csc.itrust.unit.controller.loincCode.LOINCCodeFormTest.xml</file>
      <name>edu.ncsu.csc.itrust.unit.controller.loincCode.LOINCCodeFormTest</name>
      <duration>0.084</duration>
      <time>0.084</time>
      <cases>
        <case>
          <duration>0.084</duration>
          <className>edu.ncsu.csc.itrust.unit.controller.loincCode.LOINCCodeFormTest</className>
          <testName>testForm</testName>
          <skipped>false</skipped>
          <errorStackTrace>java.lang.NullPointerException
	at edu.ncsu.csc.itrust.unit.controller.loincCode.LOINCCodeFormTest.testForm(LOINCCodeFormTest.java:74)
</errorStackTrace>
          <failedSince>1</failedSince>
        </case>
      </cases>
    </suite>
    <suite>
      <file>/var/lib/jenkins/workspace/itrust-main/iTrust-v23/iTrust/target/surefire-reports/TEST-edu.ncsu.csc.itrust.unit.controller.medicalProcedure.MedicalProcedureControllerTest.xml</file>
      <name>edu.ncsu.csc.itrust.unit.controller.medicalProcedure.MedicalProcedureControllerTest</name>
      <duration>0.044</duration>
      <time>0.044</time>
      <cases>
        <case>
          <duration>0.043</duration>
          <className>edu.ncsu.csc.itrust.unit.controller.medicalProcedure.MedicalProcedureControllerTest</className>
          <testName>testDiabolicals</testName>
          <skipped>false</skipped>
          <errorStackTrace>java.lang.NullPointerException
	at edu.ncsu.csc.itrust.unit.controller.medicalProcedure.MedicalProcedureControllerTest.testDiabolicals(MedicalProcedureControllerTest.java:37)
</errorStackTrace>
          <failedSince>1</failedSince>
        </case>
      </cases>
    </suite>
    <suite>
      <file>/var/lib/jenkins/workspace/itrust-main/iTrust-v23/iTrust/target/surefire-reports/TEST-edu.ncsu.csc.itrust.unit.controller.medicalProcedure.MedicalProcedureFormTest.xml</file>
      <name>edu.ncsu.csc.itrust.unit.controller.medicalProcedure.MedicalProcedureFormTest</name>
      <duration>0.15</duration>
      <time>0.15</time>
      <cases>
        <case>
          <duration>0.15</duration>
          <className>edu.ncsu.csc.itrust.unit.controller.medicalProcedure.MedicalProcedureFormTest</className>
          <testName>testForm</testName>
          <skipped>false</skipped>
          <errorStackTrace>java.lang.NullPointerException
	at edu.ncsu.csc.itrust.unit.controller.medicalProcedure.MedicalProcedureFormTest.testForm(MedicalProcedureFormTest.java:62)
</errorStackTrace>
          <failedSince>1</failedSince>
        </case>
      </cases>
    </suite>
    <suite>
      <file>/var/lib/jenkins/workspace/itrust-main/iTrust-v23/iTrust/target/surefire-reports/TEST-edu.ncsu.csc.itrust.unit.controller.ndcCode.NDCCodeControllerTest.xml</file>
      <name>edu.ncsu.csc.itrust.unit.controller.ndcCode.NDCCodeControllerTest</name>
      <duration>0.595</duration>
      <time>0.595</time>
      <cases>
        <case>
          <duration>0.127</duration>
          <className>edu.ncsu.csc.itrust.unit.controller.ndcCode.NDCCodeControllerTest</className>
          <testName>testAdd</testName>
          <skipped>false</skipped>
          <errorStackTrace>java.lang.NullPointerException
	at edu.ncsu.csc.itrust.unit.controller.ndcCode.NDCCodeControllerTest.testAdd(NDCCodeControllerTest.java:48)
</errorStackTrace>
          <failedSince>1</failedSince>
        </case>
        <case>
          <duration>0.092</duration>
          <className>edu.ncsu.csc.itrust.unit.controller.ndcCode.NDCCodeControllerTest</className>
          <testName>testEdit</testName>
          <skipped>false</skipped>
          <errorStackTrace>java.lang.NullPointerException
	at edu.ncsu.csc.itrust.unit.controller.ndcCode.NDCCodeControllerTest.testEdit(NDCCodeControllerTest.java:77)
</errorStackTrace>
          <failedSince>1</failedSince>
        </case>
        <case>
          <duration>0.172</duration>
          <className>edu.ncsu.csc.itrust.unit.controller.ndcCode.NDCCodeControllerTest</className>
          <testName>testSQLErrors</testName>
          <skipped>false</skipped>
          <errorStackTrace>java.lang.NullPointerException
	at edu.ncsu.csc.itrust.unit.controller.ndcCode.NDCCodeControllerTest.testSQLErrors(NDCCodeControllerTest.java:118)
</errorStackTrace>
          <failedSince>1</failedSince>
        </case>
        <case>
          <duration>0.106</duration>
          <className>edu.ncsu.csc.itrust.unit.controller.ndcCode.NDCCodeControllerTest</className>
          <testName>testRemove</testName>
          <skipped>false</skipped>
          <errorStackTrace>java.lang.NullPointerException
	at edu.ncsu.csc.itrust.unit.controller.ndcCode.NDCCodeControllerTest.testRemove(NDCCodeControllerTest.java:108)
</errorStackTrace>
          <failedSince>1</failedSince>
        </case>
        <case>
          <duration>0.097</duration>
          <className>edu.ncsu.csc.itrust.unit.controller.ndcCode.NDCCodeControllerTest</className>
          <testName>testConstructor</testName>
          <skipped>false</skipped>
          <failedSince>0</failedSince>
        </case>
      </cases>
    </suite>
    <suite>
      <file>/var/lib/jenkins/workspace/itrust-main/iTrust-v23/iTrust/target/surefire-reports/TEST-edu.ncsu.csc.itrust.unit.controller.ndcCode.NDCCodeFormTest.xml</file>
      <name>edu.ncsu.csc.itrust.unit.controller.ndcCode.NDCCodeFormTest</name>
      <duration>0.155</duration>
      <time>0.155</time>
      <cases>
        <case>
          <duration>0.155</duration>
          <className>edu.ncsu.csc.itrust.unit.controller.ndcCode.NDCCodeFormTest</className>
          <testName>testForm</testName>
          <skipped>false</skipped>
          <errorStackTrace>java.lang.NullPointerException
	at edu.ncsu.csc.itrust.unit.controller.ndcCode.NDCCodeFormTest.testForm(NDCCodeFormTest.java:60)
</errorStackTrace>
          <failedSince>1</failedSince>
        </case>
      </cases>
    </suite>
    <suite>
      <file>/var/lib/jenkins/workspace/itrust-main/iTrust-v23/iTrust/target/surefire-reports/TEST-edu.ncsu.csc.itrust.unit.controller.officeVisit.OfficeVisitControllerTest.xml</file>
      <name>edu.ncsu.csc.itrust.unit.controller.officeVisit.OfficeVisitControllerTest</name>
      <duration>1.402</duration>
      <time>1.402</time>
      <cases>
        <case>
          <duration>0.066</duration>
          <className>edu.ncsu.csc.itrust.unit.controller.officeVisit.OfficeVisitControllerTest</className>
          <testName>testGetOfficeVisitsForPatientWithException</testName>
          <skipped>false</skipped>
          <errorStackTrace>java.lang.NullPointerException
	at edu.ncsu.csc.itrust.unit.controller.officeVisit.OfficeVisitControllerTest.setUp(OfficeVisitControllerTest.java:82)
</errorStackTrace>
          <failedSince>1</failedSince>
        </case>
        <case>
          <duration>0.037</duration>
          <className>edu.ncsu.csc.itrust.unit.controller.officeVisit.OfficeVisitControllerTest</className>
          <testName>testGetSelectedVisitWithNullRequest</testName>
          <skipped>false</skipped>
          <errorStackTrace>java.lang.NullPointerException
	at edu.ncsu.csc.itrust.unit.controller.officeVisit.OfficeVisitControllerTest.setUp(OfficeVisitControllerTest.java:82)
</errorStackTrace>
          <failedSince>1</failedSince>
        </case>
        <case>
          <duration>0.045</duration>
          <className>edu.ncsu.csc.itrust.unit.controller.officeVisit.OfficeVisitControllerTest</className>
          <testName>testCurrentPatientHasVisited</testName>
          <skipped>false</skipped>
          <errorStackTrace>java.lang.NullPointerException
	at edu.ncsu.csc.itrust.unit.controller.officeVisit.OfficeVisitControllerTest.setUp(OfficeVisitControllerTest.java:82)
</errorStackTrace>
          <failedSince>1</failedSince>
        </case>
        <case>
          <duration>0.053</duration>
          <className>edu.ncsu.csc.itrust.unit.controller.officeVisit.OfficeVisitControllerTest</className>
          <testName>testGetAdultOfficeVisitsForCurrentPatient</testName>
          <skipped>false</skipped>
          <errorStackTrace>java.lang.NullPointerException
	at edu.ncsu.csc.itrust.unit.controller.officeVisit.OfficeVisitControllerTest.setUp(OfficeVisitControllerTest.java:82)
</errorStackTrace>
          <failedSince>1</failedSince>
        </case>
        <case>
          <duration>0.04</duration>
          <className>edu.ncsu.csc.itrust.unit.controller.officeVisit.OfficeVisitControllerTest</className>
          <testName>testGetChildOfficeVisitsForCurrentPatient</testName>
          <skipped>false</skipped>
          <errorStackTrace>java.lang.NullPointerException
	at edu.ncsu.csc.itrust.unit.controller.officeVisit.OfficeVisitControllerTest.setUp(OfficeVisitControllerTest.java:82)
</errorStackTrace>
          <failedSince>1</failedSince>
        </case>
        <case>
          <duration>0.061</duration>
          <className>edu.ncsu.csc.itrust.unit.controller.officeVisit.OfficeVisitControllerTest</className>
          <testName>testGetVisitByIDWithInvalidID</testName>
          <skipped>false</skipped>
          <errorStackTrace>java.lang.NullPointerException
	at edu.ncsu.csc.itrust.unit.controller.officeVisit.OfficeVisitControllerTest.setUp(OfficeVisitControllerTest.java:82)
</errorStackTrace>
          <failedSince>1</failedSince>
        </case>
        <case>
          <duration>0.042</duration>
          <className>edu.ncsu.csc.itrust.unit.controller.officeVisit.OfficeVisitControllerTest</className>
          <testName>testGetOfficeVisitsForCurrentPatientWithInvalidMID</testName>
          <skipped>false</skipped>
          <errorStackTrace>java.lang.NullPointerException
	at edu.ncsu.csc.itrust.unit.controller.officeVisit.OfficeVisitControllerTest.setUp(OfficeVisitControllerTest.java:82)
</errorStackTrace>
          <failedSince>1</failedSince>
        </case>
        <case>
          <duration>0.044</duration>
          <className>edu.ncsu.csc.itrust.unit.controller.officeVisit.OfficeVisitControllerTest</className>
          <testName>testAddOfficeVisitWithInvalidDate</testName>
          <skipped>false</skipped>
          <errorStackTrace>java.lang.NullPointerException
	at edu.ncsu.csc.itrust.unit.controller.officeVisit.OfficeVisitControllerTest.setUp(OfficeVisitControllerTest.java:82)
</errorStackTrace>
          <failedSince>1</failedSince>
        </case>
        <case>
          <duration>0.049</duration>
          <className>edu.ncsu.csc.itrust.unit.controller.officeVisit.OfficeVisitControllerTest</className>
          <testName>testRetrieveOfficeVisit</testName>
          <skipped>false</skipped>
          <errorStackTrace>java.lang.NullPointerException
	at edu.ncsu.csc.itrust.unit.controller.officeVisit.OfficeVisitControllerTest.setUp(OfficeVisitControllerTest.java:82)
</errorStackTrace>
          <failedSince>1</failedSince>
        </case>
        <case>
          <duration>0.051</duration>
          <className>edu.ncsu.csc.itrust.unit.controller.officeVisit.OfficeVisitControllerTest</className>
          <testName>testCalculatePatientAge</testName>
          <skipped>false</skipped>
          <errorStackTrace>java.lang.NullPointerException
	at edu.ncsu.csc.itrust.unit.controller.officeVisit.OfficeVisitControllerTest.setUp(OfficeVisitControllerTest.java:82)
</errorStackTrace>
          <failedSince>1</failedSince>
        </case>
        <case>
          <duration>0.081</duration>
          <className>edu.ncsu.csc.itrust.unit.controller.officeVisit.OfficeVisitControllerTest</className>
          <testName>testGetSelectedVisit</testName>
          <skipped>false</skipped>
          <errorStackTrace>java.lang.NullPointerException
	at edu.ncsu.csc.itrust.unit.controller.officeVisit.OfficeVisitControllerTest.setUp(OfficeVisitControllerTest.java:82)
</errorStackTrace>
          <failedSince>1</failedSince>
        </case>
        <case>
          <duration>0.075</duration>
          <className>edu.ncsu.csc.itrust.unit.controller.officeVisit.OfficeVisitControllerTest</className>
          <testName>testHasPatientVisitedWithNulls</testName>
          <skipped>false</skipped>
          <errorStackTrace>java.lang.NullPointerException
	at edu.ncsu.csc.itrust.unit.controller.officeVisit.OfficeVisitControllerTest.setUp(OfficeVisitControllerTest.java:82)
</errorStackTrace>
          <failedSince>1</failedSince>
        </case>
        <case>
          <duration>0.059</duration>
          <className>edu.ncsu.csc.itrust.unit.controller.officeVisit.OfficeVisitControllerTest</className>
          <testName>testLogViewOfficeVisit</testName>
          <skipped>false</skipped>
          <errorStackTrace>java.lang.NullPointerException
	at edu.ncsu.csc.itrust.unit.controller.officeVisit.OfficeVisitControllerTest.setUp(OfficeVisitControllerTest.java:82)
</errorStackTrace>
          <failedSince>1</failedSince>
        </case>
        <case>
          <duration>0.074</duration>
          <className>edu.ncsu.csc.itrust.unit.controller.officeVisit.OfficeVisitControllerTest</className>
          <testName>testGetOfficeVisitsForPatient</testName>
          <skipped>false</skipped>
          <errorStackTrace>java.lang.NullPointerException
	at edu.ncsu.csc.itrust.unit.controller.officeVisit.OfficeVisitControllerTest.setUp(OfficeVisitControllerTest.java:82)
</errorStackTrace>
          <failedSince>1</failedSince>
        </case>
        <case>
          <duration>0.056</duration>
          <className>edu.ncsu.csc.itrust.unit.controller.officeVisit.OfficeVisitControllerTest</className>
          <testName>testGetOfficeVisitsForPatientWithHCPPid</testName>
          <skipped>false</skipped>
          <errorStackTrace>java.lang.NullPointerException
	at edu.ncsu.csc.itrust.unit.controller.officeVisit.OfficeVisitControllerTest.setUp(OfficeVisitControllerTest.java:82)
</errorStackTrace>
          <failedSince>1</failedSince>
        </case>
        <case>
          <duration>0.068</duration>
          <className>edu.ncsu.csc.itrust.unit.controller.officeVisit.OfficeVisitControllerTest</className>
          <testName>testAddOfficeVisitWithFacesContext</testName>
          <skipped>false</skipped>
          <errorStackTrace>java.lang.NullPointerException
	at edu.ncsu.csc.itrust.unit.controller.officeVisit.OfficeVisitControllerTest.setUp(OfficeVisitControllerTest.java:82)
</errorStackTrace>
          <failedSince>1</failedSince>
        </case>
        <case>
          <duration>0.054</duration>
          <className>edu.ncsu.csc.itrust.unit.controller.officeVisit.OfficeVisitControllerTest</className>
          <testName>testAddOfficeVisitWithInvalidDateAndFacesContext</testName>
          <skipped>false</skipped>
          <errorStackTrace>java.lang.NullPointerException
	at edu.ncsu.csc.itrust.unit.controller.officeVisit.OfficeVisitControllerTest.setUp(OfficeVisitControllerTest.java:82)
</errorStackTrace>
          <failedSince>1</failedSince>
        </case>
        <case>
          <duration>0.053</duration>
          <className>edu.ncsu.csc.itrust.unit.controller.officeVisit.OfficeVisitControllerTest</className>
          <testName>testGetOfficeVisitsForPatientWithNullPid</testName>
          <skipped>false</skipped>
          <errorStackTrace>java.lang.NullPointerException
	at edu.ncsu.csc.itrust.unit.controller.officeVisit.OfficeVisitControllerTest.setUp(OfficeVisitControllerTest.java:82)
</errorStackTrace>
          <failedSince>1</failedSince>
        </case>
        <case>
          <duration>0.042</duration>
          <className>edu.ncsu.csc.itrust.unit.controller.officeVisit.OfficeVisitControllerTest</className>
          <testName>testHasPatientVisited</testName>
          <skipped>false</skipped>
          <errorStackTrace>java.lang.NullPointerException
	at edu.ncsu.csc.itrust.unit.controller.officeVisit.OfficeVisitControllerTest.setUp(OfficeVisitControllerTest.java:82)
</errorStackTrace>
          <failedSince>1</failedSince>
        </case>
        <case>
          <duration>0.057</duration>
          <className>edu.ncsu.csc.itrust.unit.controller.officeVisit.OfficeVisitControllerTest</className>
          <testName>testGetOfficeVisitsForCurrentPatient</testName>
          <skipped>false</skipped>
          <errorStackTrace>java.lang.NullPointerException
	at edu.ncsu.csc.itrust.unit.controller.officeVisit.OfficeVisitControllerTest.setUp(OfficeVisitControllerTest.java:82)
</errorStackTrace>
          <failedSince>1</failedSince>
        </case>
        <case>
          <duration>0.058</duration>
          <className>edu.ncsu.csc.itrust.unit.controller.officeVisit.OfficeVisitControllerTest</className>
          <testName>testLogViewOfficeVisitNoneSelected</testName>
          <skipped>false</skipped>
          <errorStackTrace>java.lang.NullPointerException
	at edu.ncsu.csc.itrust.unit.controller.officeVisit.OfficeVisitControllerTest.setUp(OfficeVisitControllerTest.java:82)
</errorStackTrace>
          <failedSince>1</failedSince>
        </case>
        <case>
          <duration>0.033</duration>
          <className>edu.ncsu.csc.itrust.unit.controller.officeVisit.OfficeVisitControllerTest</className>
          <testName>testAddReturnGeneratedId</testName>
          <skipped>false</skipped>
          <errorStackTrace>java.lang.NullPointerException
	at edu.ncsu.csc.itrust.unit.controller.officeVisit.OfficeVisitControllerTest.setUp(OfficeVisitControllerTest.java:82)
</errorStackTrace>
          <failedSince>1</failedSince>
        </case>
        <case>
          <duration>0.061</duration>
          <className>edu.ncsu.csc.itrust.unit.controller.officeVisit.OfficeVisitControllerTest</className>
          <testName>testGetSelectedVisitWithNullVisitId</testName>
          <skipped>false</skipped>
          <errorStackTrace>java.lang.NullPointerException
	at edu.ncsu.csc.itrust.unit.controller.officeVisit.OfficeVisitControllerTest.setUp(OfficeVisitControllerTest.java:82)
</errorStackTrace>
          <failedSince>1</failedSince>
        </case>
        <case>
          <duration>0.056</duration>
          <className>edu.ncsu.csc.itrust.unit.controller.officeVisit.OfficeVisitControllerTest</className>
          <testName>testGetBabyOfficeVisitsForCurrentPatient</testName>
          <skipped>false</skipped>
          <errorStackTrace>java.lang.NullPointerException
	at edu.ncsu.csc.itrust.unit.controller.officeVisit.OfficeVisitControllerTest.setUp(OfficeVisitControllerTest.java:82)
</errorStackTrace>
          <failedSince>1</failedSince>
        </case>
        <case>
          <duration>0.067</duration>
          <className>edu.ncsu.csc.itrust.unit.controller.officeVisit.OfficeVisitControllerTest</className>
          <testName>testCalculatePatientAgeWithNulls</testName>
          <skipped>false</skipped>
          <errorStackTrace>java.lang.NullPointerException
	at edu.ncsu.csc.itrust.unit.controller.officeVisit.OfficeVisitControllerTest.setUp(OfficeVisitControllerTest.java:82)
</errorStackTrace>
          <failedSince>1</failedSince>
        </case>
      </cases>
    </suite>
    <suite>
      <file>/var/lib/jenkins/workspace/itrust-main/iTrust-v23/iTrust/target/surefire-reports/TEST-edu.ncsu.csc.itrust.unit.controller.officeVisit.OfficeVisitFormTest.xml</file>
      <name>edu.ncsu.csc.itrust.unit.controller.officeVisit.OfficeVisitFormTest</name>
      <duration>1.799</duration>
      <time>1.799</time>
      <cases>
        <case>
          <duration>0.257</duration>
          <className>edu.ncsu.csc.itrust.unit.controller.officeVisit.OfficeVisitFormTest</className>
          <testName>testGetSendBill</testName>
          <skipped>false</skipped>
          <failedSince>0</failedSince>
        </case>
        <case>
          <duration>0.106</duration>
          <className>edu.ncsu.csc.itrust.unit.controller.officeVisit.OfficeVisitFormTest</className>
          <testName>testGetNotes</testName>
          <skipped>false</skipped>
          <failedSince>0</failedSince>
        </case>
        <case>
          <duration>0.088</duration>
          <className>edu.ncsu.csc.itrust.unit.controller.officeVisit.OfficeVisitFormTest</className>
          <testName>testGetPatientSmokingStatus</testName>
          <skipped>false</skipped>
          <failedSince>0</failedSince>
        </case>
        <case>
          <duration>0.069</duration>
          <className>edu.ncsu.csc.itrust.unit.controller.officeVisit.OfficeVisitFormTest</className>
          <testName>testGetLocationID</testName>
          <skipped>false</skipped>
          <failedSince>0</failedSince>
        </case>
        <case>
          <duration>0.088</duration>
          <className>edu.ncsu.csc.itrust.unit.controller.officeVisit.OfficeVisitFormTest</className>
          <testName>testGetApptTypeID</testName>
          <skipped>false</skipped>
          <failedSince>0</failedSince>
        </case>
        <case>
          <duration>0.076</duration>
          <className>edu.ncsu.csc.itrust.unit.controller.officeVisit.OfficeVisitFormTest</className>
          <testName>testGetDate</testName>
          <skipped>false</skipped>
          <failedSince>0</failedSince>
        </case>
        <case>
          <duration>0.096</duration>
          <className>edu.ncsu.csc.itrust.unit.controller.officeVisit.OfficeVisitFormTest</className>
          <testName>testGetPatientMID</testName>
          <skipped>false</skipped>
          <failedSince>0</failedSince>
        </case>
        <case>
          <duration>0.186</duration>
          <className>edu.ncsu.csc.itrust.unit.controller.officeVisit.OfficeVisitFormTest</className>
          <testName>testIsPatientAChild</testName>
          <skipped>false</skipped>
          <errorStackTrace>java.lang.AssertionError
	at edu.ncsu.csc.itrust.unit.controller.officeVisit.OfficeVisitFormTest.testIsPatientAChild(OfficeVisitFormTest.java:310)
</errorStackTrace>
          <failedSince>1</failedSince>
        </case>
        <case>
          <duration>0.066</duration>
          <className>edu.ncsu.csc.itrust.unit.controller.officeVisit.OfficeVisitFormTest</className>
          <testName>testGetHeadCircumference</testName>
          <skipped>false</skipped>
          <failedSince>0</failedSince>
        </case>
        <case>
          <duration>0.072</duration>
          <className>edu.ncsu.csc.itrust.unit.controller.officeVisit.OfficeVisitFormTest</className>
          <testName>testGetBloodPressure</testName>
          <skipped>false</skipped>
          <failedSince>0</failedSince>
        </case>
        <case>
          <duration>0.065</duration>
          <className>edu.ncsu.csc.itrust.unit.controller.officeVisit.OfficeVisitFormTest</className>
          <testName>testGetVisitID</testName>
          <skipped>false</skipped>
          <failedSince>0</failedSince>
        </case>
        <case>
          <duration>0.05</duration>
          <className>edu.ncsu.csc.itrust.unit.controller.officeVisit.OfficeVisitFormTest</className>
          <testName>testGetHeight</testName>
          <skipped>false</skipped>
          <failedSince>0</failedSince>
        </case>
        <case>
          <duration>0.053</duration>
          <className>edu.ncsu.csc.itrust.unit.controller.officeVisit.OfficeVisitFormTest</className>
          <testName>testGetLength</testName>
          <skipped>false</skipped>
          <failedSince>0</failedSince>
        </case>
        <case>
          <duration>0.058</duration>
          <className>edu.ncsu.csc.itrust.unit.controller.officeVisit.OfficeVisitFormTest</className>
          <testName>testGetHDL</testName>
          <skipped>false</skipped>
          <failedSince>0</failedSince>
        </case>
        <case>
          <duration>0.084</duration>
          <className>edu.ncsu.csc.itrust.unit.controller.officeVisit.OfficeVisitFormTest</className>
          <testName>testGetLDL</testName>
          <skipped>false</skipped>
          <failedSince>0</failedSince>
        </case>
        <case>
          <duration>0.068</duration>
          <className>edu.ncsu.csc.itrust.unit.controller.officeVisit.OfficeVisitFormTest</className>
          <testName>testIsPatientABaby</testName>
          <skipped>false</skipped>
          <errorStackTrace>java.lang.AssertionError
	at edu.ncsu.csc.itrust.unit.controller.officeVisit.OfficeVisitFormTest.testIsPatientABaby(OfficeVisitFormTest.java:300)
</errorStackTrace>
          <failedSince>1</failedSince>
        </case>
        <case>
          <duration>0.051</duration>
          <className>edu.ncsu.csc.itrust.unit.controller.officeVisit.OfficeVisitFormTest</className>
          <testName>testGetWeight</testName>
          <skipped>false</skipped>
          <failedSince>0</failedSince>
        </case>
        <case>
          <duration>0.059</duration>
          <className>edu.ncsu.csc.itrust.unit.controller.officeVisit.OfficeVisitFormTest</className>
          <testName>testSubmit</testName>
          <skipped>false</skipped>
          <failedSince>0</failedSince>
        </case>
        <case>
          <duration>0.048</duration>
          <className>edu.ncsu.csc.itrust.unit.controller.officeVisit.OfficeVisitFormTest</className>
          <testName>testGetHouseholdSmokingStatus</testName>
          <skipped>false</skipped>
          <failedSince>0</failedSince>
        </case>
        <case>
          <duration>0.08</duration>
          <className>edu.ncsu.csc.itrust.unit.controller.officeVisit.OfficeVisitFormTest</className>
          <testName>testGetTriglyceride</testName>
          <skipped>false</skipped>
          <failedSince>0</failedSince>
        </case>
        <case>
          <duration>0.071</duration>
          <className>edu.ncsu.csc.itrust.unit.controller.officeVisit.OfficeVisitFormTest</className>
          <testName>testIsPatientAnAdult</testName>
          <skipped>false</skipped>
          <errorStackTrace>java.lang.AssertionError
	at edu.ncsu.csc.itrust.unit.controller.officeVisit.OfficeVisitFormTest.testIsPatientAnAdult(OfficeVisitFormTest.java:320)
</errorStackTrace>
          <failedSince>1</failedSince>
        </case>
      </cases>
    </suite>
    <suite>
      <file>/var/lib/jenkins/workspace/itrust-main/iTrust-v23/iTrust/target/surefire-reports/TEST-edu.ncsu.csc.itrust.unit.controller.prescription.PrescriptionControllerTest.xml</file>
      <name>edu.ncsu.csc.itrust.unit.controller.prescription.PrescriptionControllerTest</name>
      <duration>1.528</duration>
      <time>1.528</time>
      <cases>
        <case>
          <duration>0.26</duration>
          <className>edu.ncsu.csc.itrust.unit.controller.prescription.PrescriptionControllerTest</className>
          <testName>testExceptions</testName>
          <skipped>false</skipped>
          <errorStackTrace>java.sql.SQLException: This form has not been validated correctly. The following field are not properly filled in: []
	at edu.ncsu.csc.itrust.unit.controller.prescription.PrescriptionControllerTest.testExceptions(PrescriptionControllerTest.java:123)
</errorStackTrace>
          <errorDetails>This form has not been validated correctly. The following field are not properly filled in: []</errorDetails>
          <failedSince>2</failedSince>
        </case>
        <case>
          <duration>0.24</duration>
          <className>edu.ncsu.csc.itrust.unit.controller.prescription.PrescriptionControllerTest</className>
          <testName>testGetPrescriptionsForCurrentPatient</testName>
          <skipped>false</skipped>
          <failedSince>0</failedSince>
        </case>
        <case>
          <duration>0.208</duration>
          <className>edu.ncsu.csc.itrust.unit.controller.prescription.PrescriptionControllerTest</className>
          <testName>testGetPrescriptionByID</testName>
          <skipped>false</skipped>
          <failedSince>0</failedSince>
        </case>
        <case>
          <duration>0.208</duration>
          <className>edu.ncsu.csc.itrust.unit.controller.prescription.PrescriptionControllerTest</className>
          <testName>testGetCodeName</testName>
          <skipped>false</skipped>
          <failedSince>0</failedSince>
        </case>
        <case>
          <duration>0.188</duration>
          <className>edu.ncsu.csc.itrust.unit.controller.prescription.PrescriptionControllerTest</className>
          <testName>getRepParameter</testName>
          <skipped>false</skipped>
          <failedSince>0</failedSince>
        </case>
        <case>
          <duration>0.162</duration>
          <className>edu.ncsu.csc.itrust.unit.controller.prescription.PrescriptionControllerTest</className>
          <testName>testLogViewPrescriptionReport</testName>
          <skipped>false</skipped>
          <failedSince>0</failedSince>
        </case>
        <case>
          <duration>0.258</duration>
          <className>edu.ncsu.csc.itrust.unit.controller.prescription.PrescriptionControllerTest</className>
          <testName>testGetListOfRepresentees</testName>
          <skipped>false</skipped>
          <failedSince>0</failedSince>
        </case>
      </cases>
    </suite>
    <suite>
      <file>/var/lib/jenkins/workspace/itrust-main/iTrust-v23/iTrust/target/surefire-reports/TEST-edu.ncsu.csc.itrust.unit.controller.prescription.PrescriptionFormTest.xml</file>
      <name>edu.ncsu.csc.itrust.unit.controller.prescription.PrescriptionFormTest</name>
      <duration>0.165</duration>
      <time>0.165</time>
      <cases>
        <case>
          <duration>0.165</duration>
          <className>edu.ncsu.csc.itrust.unit.controller.prescription.PrescriptionFormTest</className>
          <testName>testEverything</testName>
          <skipped>false</skipped>
          <errorStackTrace>java.lang.NullPointerException
	at edu.ncsu.csc.itrust.unit.controller.prescription.PrescriptionFormTest.testEverything(PrescriptionFormTest.java:65)
</errorStackTrace>
          <failedSince>1</failedSince>
        </case>
      </cases>
    </suite>
    <suite>
      <file>/var/lib/jenkins/workspace/itrust-main/iTrust-v23/iTrust/target/surefire-reports/TEST-edu.ncsu.csc.itrust.unit.dao.AutoIncrementTest.xml</file>
      <name>edu.ncsu.csc.itrust.unit.dao.AutoIncrementTest</name>
      <duration>0.021</duration>
      <time>0.021</time>
      <cases>
        <case>
          <duration>0.02</duration>
          <className>edu.ncsu.csc.itrust.unit.dao.AutoIncrementTest</className>
          <testName>testNoIncrementCollision</testName>
          <skipped>false</skipped>
          <failedSince>0</failedSince>
        </case>
      </cases>
    </suite>
    <suite>
      <file>/var/lib/jenkins/workspace/itrust-main/iTrust-v23/iTrust/target/surefire-reports/TEST-edu.ncsu.csc.itrust.unit.dao.DAOFactoryTest.xml</file>
      <name>edu.ncsu.csc.itrust.unit.dao.DAOFactoryTest</name>
      <duration>0.0</duration>
      <time>0</time>
      <cases>
        <case>
          <duration>0.0</duration>
          <className>edu.ncsu.csc.itrust.unit.dao.DAOFactoryTest</className>
          <testName>testRealProductionDriver</testName>
          <skipped>false</skipped>
          <errorStackTrace>java.lang.NullPointerException
	at edu.ncsu.csc.itrust.unit.dao.DAOFactoryTest.testRealProductionDriver(DAOFactoryTest.java:12)
</errorStackTrace>
          <failedSince>2</failedSince>
        </case>
      </cases>
    </suite>
    <suite>
      <file>/var/lib/jenkins/workspace/itrust-main/iTrust-v23/iTrust/target/surefire-reports/TEST-edu.ncsu.csc.itrust.unit.dao.DBUtilTest.xml</file>
      <name>edu.ncsu.csc.itrust.unit.dao.DBUtilTest</name>
      <duration>0.004</duration>
      <time>0.004</time>
      <cases>
        <case>
          <duration>0.002</duration>
          <className>edu.ncsu.csc.itrust.unit.dao.DBUtilTest</className>
          <testName>testClosingNullPS</testName>
          <skipped>false</skipped>
          <failedSince>0</failedSince>
        </case>
        <case>
          <duration>0.001</duration>
          <className>edu.ncsu.csc.itrust.unit.dao.DBUtilTest</className>
          <testName>testException</testName>
          <skipped>false</skipped>
          <failedSince>0</failedSince>
        </case>
        <case>
          <duration>0.001</duration>
          <className>edu.ncsu.csc.itrust.unit.dao.DBUtilTest</className>
          <testName>testCanAccessProductionDriver</testName>
          <skipped>false</skipped>
          <errorStackTrace>java.lang.NullPointerException
	at edu.ncsu.csc.itrust.unit.dao.DBUtilTest.testCanAccessProductionDriver(DBUtilTest.java:16)
</errorStackTrace>
          <failedSince>2</failedSince>
        </case>
      </cases>
    </suite>
    <suite>
      <file>/var/lib/jenkins/workspace/itrust-main/iTrust-v23/iTrust/target/surefire-reports/TEST-edu.ncsu.csc.itrust.unit.dao.WardDAOTest.xml</file>
      <name>edu.ncsu.csc.itrust.unit.dao.WardDAOTest</name>
      <duration>0.033</duration>
      <time>0.033</time>
      <cases>
        <case>
          <duration>0.002</duration>
          <className>edu.ncsu.csc.itrust.unit.dao.WardDAOTest</className>
          <testName>testgetAllWardsByHospitalID</testName>
          <skipped>false</skipped>
          <failedSince>0</failedSince>
        </case>
        <case>
          <duration>0.001</duration>
          <className>edu.ncsu.csc.itrust.unit.dao.WardDAOTest</className>
          <testName>testAddWard</testName>
          <skipped>false</skipped>
          <failedSince>0</failedSince>
        </case>
        <case>
          <duration>0.001</duration>
          <className>edu.ncsu.csc.itrust.unit.dao.WardDAOTest</className>
          <testName>testAssignHCPToWard</testName>
          <skipped>false</skipped>
          <failedSince>0</failedSince>
        </case>
        <case>
          <duration>0.002</duration>
          <className>edu.ncsu.csc.itrust.unit.dao.WardDAOTest</className>
          <testName>testGetHospitalByWard</testName>
          <skipped>false</skipped>
          <failedSince>0</failedSince>
        </case>
        <case>
          <duration>0.005</duration>
          <className>edu.ncsu.csc.itrust.unit.dao.WardDAOTest</className>
          <testName>testAddWardRoom</testName>
          <skipped>false</skipped>
          <failedSince>0</failedSince>
        </case>
        <case>
          <duration>0.001</duration>
          <className>edu.ncsu.csc.itrust.unit.dao.WardDAOTest</className>
          <testName>testUpdateWard</testName>
          <skipped>false</skipped>
          <failedSince>0</failedSince>
        </case>
        <case>
          <duration>0.001</duration>
          <className>edu.ncsu.csc.itrust.unit.dao.WardDAOTest</className>
          <testName>testRemoveWard2</testName>
          <skipped>false</skipped>
          <failedSince>0</failedSince>
        </case>
        <case>
          <duration>0.0</duration>
          <className>edu.ncsu.csc.itrust.unit.dao.WardDAOTest</className>
          <testName>testgetAllWardRoomsByWardID</testName>
          <skipped>false</skipped>
          <failedSince>0</failedSince>
        </case>
        <case>
          <duration>0.001</duration>
          <className>edu.ncsu.csc.itrust.unit.dao.WardDAOTest</className>
          <testName>testUpdateWardRoom</testName>
          <skipped>false</skipped>
          <failedSince>0</failedSince>
        </case>
        <case>
          <duration>0.001</duration>
          <className>edu.ncsu.csc.itrust.unit.dao.WardDAOTest</className>
          <testName>testUpdateWardRoomOccupant</testName>
          <skipped>false</skipped>
          <failedSince>0</failedSince>
        </case>
        <case>
          <duration>0.001</duration>
          <className>edu.ncsu.csc.itrust.unit.dao.WardDAOTest</className>
          <testName>testgetAllWardsByHCP</testName>
          <skipped>false</skipped>
          <failedSince>0</failedSince>
        </case>
        <case>
          <duration>0.002</duration>
          <className>edu.ncsu.csc.itrust.unit.dao.WardDAOTest</className>
          <testName>testRemoveWard</testName>
          <skipped>false</skipped>
          <failedSince>0</failedSince>
        </case>
        <case>
          <duration>0.006</duration>
          <className>edu.ncsu.csc.itrust.unit.dao.WardDAOTest</className>
          <testName>testgetAllHCPsAssignedToWard</testName>
          <skipped>false</skipped>
          <failedSince>0</failedSince>
        </case>
        <case>
          <duration>0.002</duration>
          <className>edu.ncsu.csc.itrust.unit.dao.WardDAOTest</className>
          <testName>testGetWardRoom</testName>
          <skipped>false</skipped>
          <failedSince>0</failedSince>
        </case>
        <case>
          <duration>0.002</duration>
          <className>edu.ncsu.csc.itrust.unit.dao.WardDAOTest</className>
          <testName>testRemoveWardRoom</testName>
          <skipped>false</skipped>
          <failedSince>0</failedSince>
        </case>
        <case>
          <duration>0.002</duration>
          <className>edu.ncsu.csc.itrust.unit.dao.WardDAOTest</className>
          <testName>testGetWardRoomsByStatus</testName>
          <skipped>false</skipped>
          <failedSince>0</failedSince>
        </case>
      </cases>
    </suite>
    <suite>
      <file>/var/lib/jenkins/workspace/itrust-main/iTrust-v23/iTrust/target/surefire-reports/TEST-edu.ncsu.csc.itrust.unit.dao.access.AccessDAOExceptionTest.xml</file>
      <name>edu.ncsu.csc.itrust.unit.dao.access.AccessDAOExceptionTest</name>
      <duration>0.009</duration>
      <time>0.009</time>
      <cases>
        <case>
          <duration>0.0</duration>
          <className>edu.ncsu.csc.itrust.unit.dao.access.AccessDAOExceptionTest</className>
          <testName>testGetSessionTimeoutException</testName>
          <skipped>false</skipped>
          <failedSince>0</failedSince>
        </case>
        <case>
          <duration>0.0</duration>
          <className>edu.ncsu.csc.itrust.unit.dao.access.AccessDAOExceptionTest</className>
          <testName>testDBException</testName>
          <skipped>false</skipped>
          <errorStackTrace>java.lang.NullPointerException
	at edu.ncsu.csc.itrust.unit.dao.access.AccessDAOExceptionTest.testDBException(AccessDAOExceptionTest.java:37)
</errorStackTrace>
          <failedSince>2</failedSince>
        </case>
        <case>
          <duration>0.001</duration>
          <className>edu.ncsu.csc.itrust.unit.dao.access.AccessDAOExceptionTest</className>
          <testName>testSetSessionTimeoutException</testName>
          <skipped>false</skipped>
          <failedSince>0</failedSince>
        </case>
        <case>
          <duration>0.0</duration>
          <className>edu.ncsu.csc.itrust.unit.dao.access.AccessDAOExceptionTest</className>
          <testName>testiTrustException</testName>
          <skipped>false</skipped>
          <failedSince>0</failedSince>
        </case>
      </cases>
    </suite>
    <suite>
      <file>/var/lib/jenkins/workspace/itrust-main/iTrust-v23/iTrust/target/surefire-reports/TEST-edu.ncsu.csc.itrust.unit.dao.access.GetSessionTimeoutTest.xml</file>
      <name>edu.ncsu.csc.itrust.unit.dao.access.GetSessionTimeoutTest</name>
      <duration>0.008</duration>
      <time>0.008</time>
      <cases>
        <case>
          <duration>0.005</duration>
          <className>edu.ncsu.csc.itrust.unit.dao.access.GetSessionTimeoutTest</className>
          <testName>testUpdateBadTimeout</testName>
          <skipped>false</skipped>
          <failedSince>0</failedSince>
        </case>
        <case>
          <duration>0.003</duration>
          <className>edu.ncsu.csc.itrust.unit.dao.access.GetSessionTimeoutTest</className>
          <testName>testChangeTimeout</testName>
          <skipped>false</skipped>
          <failedSince>0</failedSince>
        </case>
      </cases>
    </suite>
    <suite>
      <file>/var/lib/jenkins/workspace/itrust-main/iTrust-v23/iTrust/target/surefire-reports/TEST-edu.ncsu.csc.itrust.unit.dao.allergies.AddAllergiesTest.xml</file>
      <name>edu.ncsu.csc.itrust.unit.dao.allergies.AddAllergiesTest</name>
      <duration>0.094</duration>
      <time>0.094</time>
      <cases>
        <case>
          <duration>0.094</duration>
          <className>edu.ncsu.csc.itrust.unit.dao.allergies.AddAllergiesTest</className>
          <testName>testGetAllergiesFor2</testName>
          <skipped>false</skipped>
          <errorStackTrace>edu.ncsu.csc.itrust.exception.DBException: A database exception has occurred. Please see the log in the console for stacktrace
	at edu.ncsu.csc.itrust.unit.dao.allergies.AddAllergiesTest.testGetAllergiesFor2(AddAllergiesTest.java:31)
</errorStackTrace>
          <errorDetails>A database exception has occurred. Please see the log in the console for stacktrace</errorDetails>
          <failedSince>1</failedSince>
        </case>
      </cases>
    </suite>
    <suite>
      <file>/var/lib/jenkins/workspace/itrust-main/iTrust-v23/iTrust/target/surefire-reports/TEST-edu.ncsu.csc.itrust.unit.dao.allergies.AllergyDAOExceptionTest.xml</file>
      <name>edu.ncsu.csc.itrust.unit.dao.allergies.AllergyDAOExceptionTest</name>
      <duration>0.0</duration>
      <time>0</time>
      <cases>
        <case>
          <duration>0.0</duration>
          <className>edu.ncsu.csc.itrust.unit.dao.allergies.AllergyDAOExceptionTest</className>
          <testName>testGetAllergyException</testName>
          <skipped>false</skipped>
          <failedSince>0</failedSince>
        </case>
        <case>
          <duration>0.0</duration>
          <className>edu.ncsu.csc.itrust.unit.dao.allergies.AllergyDAOExceptionTest</className>
          <testName>testAddAllergyException</testName>
          <skipped>false</skipped>
          <failedSince>0</failedSince>
        </case>
      </cases>
    </suite>
    <suite>
      <file>/var/lib/jenkins/workspace/itrust-main/iTrust-v23/iTrust/target/surefire-reports/TEST-edu.ncsu.csc.itrust.unit.dao.allergies.GetAllergiesTest.xml</file>
      <name>edu.ncsu.csc.itrust.unit.dao.allergies.GetAllergiesTest</name>
      <duration>0.147</duration>
      <time>0.147</time>
      <cases>
        <case>
          <duration>0.072</duration>
          <className>edu.ncsu.csc.itrust.unit.dao.allergies.GetAllergiesTest</className>
          <testName>testGetAllergiesFor1</testName>
          <skipped>false</skipped>
          <failedSince>0</failedSince>
        </case>
        <case>
          <duration>0.075</duration>
          <className>edu.ncsu.csc.itrust.unit.dao.allergies.GetAllergiesTest</className>
          <testName>testGetAllergiesFor2</testName>
          <skipped>false</skipped>
          <errorStackTrace>edu.ncsu.csc.itrust.exception.DBException: A database exception has occurred. Please see the log in the console for stacktrace
	at edu.ncsu.csc.itrust.unit.dao.allergies.GetAllergiesTest.testGetAllergiesFor2(GetAllergiesTest.java:29)
</errorStackTrace>
          <errorDetails>A database exception has occurred. Please see the log in the console for stacktrace</errorDetails>
          <failedSince>1</failedSince>
        </case>
      </cases>
    </suite>
    <suite>
      <file>/var/lib/jenkins/workspace/itrust-main/iTrust-v23/iTrust/target/surefire-reports/TEST-edu.ncsu.csc.itrust.unit.dao.appointment.ApptDAOTest.xml</file>
      <name>edu.ncsu.csc.itrust.unit.dao.appointment.ApptDAOTest</name>
      <duration>0.357</duration>
      <time>0.357</time>
      <cases>
        <case>
          <duration>0.059</duration>
          <className>edu.ncsu.csc.itrust.unit.dao.appointment.ApptDAOTest</className>
          <testName>testAppointment</testName>
          <skipped>false</skipped>
          <failedSince>0</failedSince>
        </case>
        <case>
          <duration>0.056</duration>
          <className>edu.ncsu.csc.itrust.unit.dao.appointment.ApptDAOTest</className>
          <testName>testGetApptType</testName>
          <skipped>false</skipped>
          <errorStackTrace>edu.ncsu.csc.itrust.exception.DBException: A database exception has occurred. Please see the log in the console for stacktrace
	at edu.ncsu.csc.itrust.unit.dao.appointment.ApptDAOTest.testGetApptType(ApptDAOTest.java:146)
</errorStackTrace>
          <errorDetails>A database exception has occurred. Please see the log in the console for stacktrace</errorDetails>
          <failedSince>2</failedSince>
        </case>
        <case>
          <duration>0.064</duration>
          <className>edu.ncsu.csc.itrust.unit.dao.appointment.ApptDAOTest</className>
          <testName>testAppointmentConflict</testName>
          <skipped>false</skipped>
          <errorStackTrace>edu.ncsu.csc.itrust.exception.DBException: A database exception has occurred. Please see the log in the console for stacktrace
	at edu.ncsu.csc.itrust.unit.dao.appointment.ApptDAOTest.testAppointmentConflict(ApptDAOTest.java:81)
</errorStackTrace>
          <errorDetails>A database exception has occurred. Please see the log in the console for stacktrace</errorDetails>
          <failedSince>2</failedSince>
        </case>
        <case>
          <duration>0.056</duration>
          <className>edu.ncsu.csc.itrust.unit.dao.appointment.ApptDAOTest</className>
          <testName>testAppointmentPatientConflict</testName>
          <skipped>false</skipped>
          <errorStackTrace>edu.ncsu.csc.itrust.exception.DBException: A database exception has occurred. Please see the log in the console for stacktrace
	at edu.ncsu.csc.itrust.unit.dao.appointment.ApptDAOTest.testAppointmentPatientConflict(ApptDAOTest.java:94)
</errorStackTrace>
          <errorDetails>A database exception has occurred. Please see the log in the console for stacktrace</errorDetails>
          <failedSince>1</failedSince>
        </case>
        <case>
          <duration>0.058</duration>
          <className>edu.ncsu.csc.itrust.unit.dao.appointment.ApptDAOTest</className>
          <testName>testGetPatientConflictForAppointment</testName>
          <skipped>false</skipped>
          <errorStackTrace>edu.ncsu.csc.itrust.exception.DBException: A database exception has occurred. Please see the log in the console for stacktrace
	at edu.ncsu.csc.itrust.unit.dao.appointment.ApptDAOTest.testGetPatientConflictForAppointment(ApptDAOTest.java:123)
</errorStackTrace>
          <errorDetails>A database exception has occurred. Please see the log in the console for stacktrace</errorDetails>
          <failedSince>1</failedSince>
        </case>
        <case>
          <duration>0.055</duration>
          <className>edu.ncsu.csc.itrust.unit.dao.appointment.ApptDAOTest</className>
          <testName>testGetConflictForAppointment</testName>
          <skipped>false</skipped>
          <errorStackTrace>edu.ncsu.csc.itrust.exception.DBException: A database exception has occurred. Please see the log in the console for stacktrace
	at edu.ncsu.csc.itrust.unit.dao.appointment.ApptDAOTest.testGetConflictForAppointment(ApptDAOTest.java:101)
</errorStackTrace>
          <errorDetails>A database exception has occurred. Please see the log in the console for stacktrace</errorDetails>
          <failedSince>1</failedSince>
        </case>
      </cases>
    </suite>
    <suite>
      <file>/var/lib/jenkins/workspace/itrust-main/iTrust-v23/iTrust/target/surefire-reports/TEST-edu.ncsu.csc.itrust.unit.dao.appointment.ApptRequestDAOTest.xml</file>
      <name>edu.ncsu.csc.itrust.unit.dao.appointment.ApptRequestDAOTest</name>
      <duration>1.149</duration>
      <time>1.149</time>
      <cases>
        <case>
          <duration>0.198</duration>
          <className>edu.ncsu.csc.itrust.unit.dao.appointment.ApptRequestDAOTest</className>
          <testName>testAddApptRequest</testName>
          <skipped>false</skipped>
          <errorStackTrace>edu.ncsu.csc.itrust.exception.DBException: A database exception has occurred. Please see the log in the console for stacktrace
	at edu.ncsu.csc.itrust.unit.dao.appointment.ApptRequestDAOTest.testAddApptRequest(ApptRequestDAOTest.java:60)
</errorStackTrace>
          <errorDetails>A database exception has occurred. Please see the log in the console for stacktrace</errorDetails>
          <failedSince>2</failedSince>
        </case>
        <case>
          <duration>0.261</duration>
          <className>edu.ncsu.csc.itrust.unit.dao.appointment.ApptRequestDAOTest</className>
          <testName>testGetApptRequestsFor</testName>
          <skipped>false</skipped>
          <errorStackTrace>edu.ncsu.csc.itrust.exception.DBException: A database exception has occurred. Please see the log in the console for stacktrace
	at edu.ncsu.csc.itrust.unit.dao.appointment.ApptRequestDAOTest.testGetApptRequestsFor(ApptRequestDAOTest.java:37)
</errorStackTrace>
          <errorDetails>A database exception has occurred. Please see the log in the console for stacktrace</errorDetails>
          <failedSince>2</failedSince>
        </case>
        <case>
          <duration>0.249</duration>
          <className>edu.ncsu.csc.itrust.unit.dao.appointment.ApptRequestDAOTest</className>
          <testName>testTypeDBExceptions</testName>
          <skipped>false</skipped>
          <failedSince>0</failedSince>
        </case>
        <case>
          <duration>0.228</duration>
          <className>edu.ncsu.csc.itrust.unit.dao.appointment.ApptRequestDAOTest</className>
          <testName>testUpdateApptRequest</testName>
          <skipped>false</skipped>
          <errorStackTrace>edu.ncsu.csc.itrust.exception.DBException: A database exception has occurred. Please see the log in the console for stacktrace
	at edu.ncsu.csc.itrust.unit.dao.appointment.ApptRequestDAOTest.testUpdateApptRequest(ApptRequestDAOTest.java:91)
</errorStackTrace>
          <errorDetails>A database exception has occurred. Please see the log in the console for stacktrace</errorDetails>
          <failedSince>1</failedSince>
        </case>
        <case>
          <duration>0.212</duration>
          <className>edu.ncsu.csc.itrust.unit.dao.appointment.ApptRequestDAOTest</className>
          <testName>testGetApptRequest</testName>
          <skipped>false</skipped>
          <errorStackTrace>edu.ncsu.csc.itrust.exception.DBException: A database exception has occurred. Please see the log in the console for stacktrace
	at edu.ncsu.csc.itrust.unit.dao.appointment.ApptRequestDAOTest.testGetApptRequest(ApptRequestDAOTest.java:75)
</errorStackTrace>
          <errorDetails>A database exception has occurred. Please see the log in the console for stacktrace</errorDetails>
          <failedSince>2</failedSince>
        </case>
      </cases>
    </suite>
    <suite>
      <file>/var/lib/jenkins/workspace/itrust-main/iTrust-v23/iTrust/target/surefire-reports/TEST-edu.ncsu.csc.itrust.unit.dao.auth.AddUserTest.xml</file>
      <name>edu.ncsu.csc.itrust.unit.dao.auth.AddUserTest</name>
      <duration>0.165</duration>
      <time>0.165</time>
      <cases>
        <case>
          <duration>0.061</duration>
          <className>edu.ncsu.csc.itrust.unit.dao.auth.AddUserTest</className>
          <testName>testAdd500WithHCP</testName>
          <skipped>false</skipped>
          <errorStackTrace>edu.ncsu.csc.itrust.exception.DBException: A database exception has occurred. Please see the log in the console for stacktrace
	at edu.ncsu.csc.itrust.unit.dao.auth.AddUserTest.testAdd500WithHCP(AddUserTest.java:30)
</errorStackTrace>
          <errorDetails>A database exception has occurred. Please see the log in the console for stacktrace</errorDetails>
          <failedSince>2</failedSince>
        </case>
        <case>
          <duration>0.046</duration>
          <className>edu.ncsu.csc.itrust.unit.dao.auth.AddUserTest</className>
          <testName>test500Gone</testName>
          <skipped>false</skipped>
          <failedSince>0</failedSince>
        </case>
        <case>
          <duration>0.057</duration>
          <className>edu.ncsu.csc.itrust.unit.dao.auth.AddUserTest</className>
          <testName>testAddWithPatient</testName>
          <skipped>false</skipped>
          <errorStackTrace>edu.ncsu.csc.itrust.exception.DBException: A database exception has occurred. Please see the log in the console for stacktrace
	at edu.ncsu.csc.itrust.unit.dao.auth.AddUserTest.testAddWithPatient(AddUserTest.java:38)
</errorStackTrace>
          <errorDetails>A database exception has occurred. Please see the log in the console for stacktrace</errorDetails>
          <failedSince>2</failedSince>
        </case>
      </cases>
    </suite>
    <suite>
      <file>/var/lib/jenkins/workspace/itrust-main/iTrust-v23/iTrust/target/surefire-reports/TEST-edu.ncsu.csc.itrust.unit.dao.auth.AuthDAOExceptionTest.xml</file>
      <name>edu.ncsu.csc.itrust.unit.dao.auth.AuthDAOExceptionTest</name>
      <duration>0.004</duration>
      <time>0.004</time>
      <cases>
        <case>
          <duration>0.0</duration>
          <className>edu.ncsu.csc.itrust.unit.dao.auth.AuthDAOExceptionTest</className>
          <testName>testAddUserException</testName>
          <skipped>false</skipped>
          <failedSince>0</failedSince>
        </case>
        <case>
          <duration>0.0</duration>
          <className>edu.ncsu.csc.itrust.unit.dao.auth.AuthDAOExceptionTest</className>
          <testName>testSetDependency</testName>
          <skipped>false</skipped>
          <failedSince>0</failedSince>
        </case>
        <case>
          <duration>0.0</duration>
          <className>edu.ncsu.csc.itrust.unit.dao.auth.AuthDAOExceptionTest</className>
          <testName>testCheckUserExistsException</testName>
          <skipped>false</skipped>
          <failedSince>0</failedSince>
        </case>
        <case>
          <duration>0.0</duration>
          <className>edu.ncsu.csc.itrust.unit.dao.auth.AuthDAOExceptionTest</className>
          <testName>testLoginFailuresException</testName>
          <skipped>false</skipped>
          <failedSince>0</failedSince>
        </case>
        <case>
          <duration>0.0</duration>
          <className>edu.ncsu.csc.itrust.unit.dao.auth.AuthDAOExceptionTest</className>
          <testName>testRecordLoginFailureException</testName>
          <skipped>false</skipped>
          <failedSince>0</failedSince>
        </case>
        <case>
          <duration>0.0</duration>
          <className>edu.ncsu.csc.itrust.unit.dao.auth.AuthDAOExceptionTest</className>
          <testName>testRecordResetPasswordFailure</testName>
          <skipped>false</skipped>
          <failedSince>0</failedSince>
        </case>
        <case>
          <duration>0.0</duration>
          <className>edu.ncsu.csc.itrust.unit.dao.auth.AuthDAOExceptionTest</className>
          <testName>testSetSecurityQuestionAnswer</testName>
          <skipped>false</skipped>
          <failedSince>0</failedSince>
        </case>
        <case>
          <duration>0.0</duration>
          <className>edu.ncsu.csc.itrust.unit.dao.auth.AuthDAOExceptionTest</className>
          <testName>testIsDependent</testName>
          <skipped>false</skipped>
          <failedSince>0</failedSince>
        </case>
        <case>
          <duration>0.0</duration>
          <className>edu.ncsu.csc.itrust.unit.dao.auth.AuthDAOExceptionTest</className>
          <testName>testGetUserRoleException</testName>
          <skipped>false</skipped>
          <failedSince>0</failedSince>
        </case>
        <case>
          <duration>0.0</duration>
          <className>edu.ncsu.csc.itrust.unit.dao.auth.AuthDAOExceptionTest</className>
          <testName>testGetSecurityAnswer</testName>
          <skipped>false</skipped>
          <failedSince>0</failedSince>
        </case>
        <case>
          <duration>0.0</duration>
          <className>edu.ncsu.csc.itrust.unit.dao.auth.AuthDAOExceptionTest</className>
          <testName>testGetUserNameException</testName>
          <skipped>false</skipped>
          <failedSince>0</failedSince>
        </case>
        <case>
          <duration>0.0</duration>
          <className>edu.ncsu.csc.itrust.unit.dao.auth.AuthDAOExceptionTest</className>
          <testName>testResetPasswordException</testName>
          <skipped>false</skipped>
          <failedSince>0</failedSince>
        </case>
        <case>
          <duration>0.0</duration>
          <className>edu.ncsu.csc.itrust.unit.dao.auth.AuthDAOExceptionTest</className>
          <testName>testGetSecurityQuestion</testName>
          <skipped>false</skipped>
          <failedSince>0</failedSince>
        </case>
      </cases>
    </suite>
    <suite>
      <file>/var/lib/jenkins/workspace/itrust-main/iTrust-v23/iTrust/target/surefire-reports/TEST-edu.ncsu.csc.itrust.unit.dao.auth.CheckUserActivatedTest.xml</file>
      <name>edu.ncsu.csc.itrust.unit.dao.auth.CheckUserActivatedTest</name>
      <duration>0.372</duration>
      <time>0.372</time>
      <cases>
        <case>
          <duration>0.222</duration>
          <className>edu.ncsu.csc.itrust.unit.dao.auth.CheckUserActivatedTest</className>
          <testName>testDeactivatedUser</testName>
          <skipped>false</skipped>
          <errorStackTrace>junit.framework.AssertionFailedError: Exception should not be thrown.
	at edu.ncsu.csc.itrust.unit.dao.auth.CheckUserActivatedTest.testDeactivatedUser(CheckUserActivatedTest.java:31)
</errorStackTrace>
          <errorDetails>Exception should not be thrown.</errorDetails>
          <failedSince>1</failedSince>
        </case>
        <case>
          <duration>0.149</duration>
          <className>edu.ncsu.csc.itrust.unit.dao.auth.CheckUserActivatedTest</className>
          <testName>testActivatedUser</testName>
          <skipped>false</skipped>
          <errorStackTrace>junit.framework.AssertionFailedError: Exception should not be thrown.
	at edu.ncsu.csc.itrust.unit.dao.auth.CheckUserActivatedTest.testActivatedUser(CheckUserActivatedTest.java:23)
</errorStackTrace>
          <errorDetails>Exception should not be thrown.</errorDetails>
          <failedSince>1</failedSince>
        </case>
      </cases>
    </suite>
    <suite>
      <file>/var/lib/jenkins/workspace/itrust-main/iTrust-v23/iTrust/target/surefire-reports/TEST-edu.ncsu.csc.itrust.unit.dao.auth.GetLoginFailureTest.xml</file>
      <name>edu.ncsu.csc.itrust.unit.dao.auth.GetLoginFailureTest</name>
      <duration>0.007</duration>
      <time>0.007</time>
      <cases>
        <case>
          <duration>0.002</duration>
          <className>edu.ncsu.csc.itrust.unit.dao.auth.GetLoginFailureTest</className>
          <testName>testGetLoginFailures15MinutesAgo</testName>
          <skipped>false</skipped>
          <errorStackTrace>edu.ncsu.csc.itrust.exception.DBException: A database exception has occurred. Please see the log in the console for stacktrace
	at edu.ncsu.csc.itrust.unit.dao.auth.GetLoginFailureTest.testGetLoginFailures15MinutesAgo(GetLoginFailureTest.java:42)
</errorStackTrace>
          <errorDetails>A database exception has occurred. Please see the log in the console for stacktrace</errorDetails>
          <failedSince>1</failedSince>
        </case>
        <case>
          <duration>0.001</duration>
          <className>edu.ncsu.csc.itrust.unit.dao.auth.GetLoginFailureTest</className>
          <testName>testGetLoginFailuresNoEntry</testName>
          <skipped>false</skipped>
          <failedSince>0</failedSince>
        </case>
        <case>
          <duration>0.002</duration>
          <className>edu.ncsu.csc.itrust.unit.dao.auth.GetLoginFailureTest</className>
          <testName>testGetLoginFailuresWithEntry5</testName>
          <skipped>false</skipped>
          <errorStackTrace>edu.ncsu.csc.itrust.exception.DBException: A database exception has occurred. Please see the log in the console for stacktrace
	at edu.ncsu.csc.itrust.unit.dao.auth.GetLoginFailureTest.testGetLoginFailuresWithEntry5(GetLoginFailureTest.java:36)
</errorStackTrace>
          <errorDetails>A database exception has occurred. Please see the log in the console for stacktrace</errorDetails>
          <failedSince>1</failedSince>
        </case>
      </cases>
    </suite>
    <suite>
      <file>/var/lib/jenkins/workspace/itrust-main/iTrust-v23/iTrust/target/surefire-reports/TEST-edu.ncsu.csc.itrust.unit.dao.auth.GetUserNameTest.xml</file>
      <name>edu.ncsu.csc.itrust.unit.dao.auth.GetUserNameTest</name>
      <duration>0.155</duration>
      <time>0.155</time>
      <cases>
        <case>
          <duration>0.054</duration>
          <className>edu.ncsu.csc.itrust.unit.dao.auth.GetUserNameTest</className>
          <testName>testHCP0</testName>
          <skipped>false</skipped>
          <errorStackTrace>edu.ncsu.csc.itrust.exception.DBException: A database exception has occurred. Please see the log in the console for stacktrace
	at edu.ncsu.csc.itrust.unit.dao.auth.GetUserNameTest.testHCP0(GetUserNameTest.java:19)
</errorStackTrace>
          <errorDetails>A database exception has occurred. Please see the log in the console for stacktrace</errorDetails>
          <failedSince>1</failedSince>
        </case>
        <case>
          <duration>0.055</duration>
          <className>edu.ncsu.csc.itrust.unit.dao.auth.GetUserNameTest</className>
          <testName>testAdmin1</testName>
          <skipped>false</skipped>
          <errorStackTrace>edu.ncsu.csc.itrust.exception.DBException: A database exception has occurred. Please see the log in the console for stacktrace
	at edu.ncsu.csc.itrust.unit.dao.auth.GetUserNameTest.testAdmin1(GetUserNameTest.java:29)
</errorStackTrace>
          <errorDetails>A database exception has occurred. Please see the log in the console for stacktrace</errorDetails>
          <failedSince>1</failedSince>
        </case>
        <case>
          <duration>0.045</duration>
          <className>edu.ncsu.csc.itrust.unit.dao.auth.GetUserNameTest</className>
          <testName>testPatient1</testName>
          <skipped>false</skipped>
          <errorStackTrace>edu.ncsu.csc.itrust.exception.DBException: A database exception has occurred. Please see the log in the console for stacktrace
	at edu.ncsu.csc.itrust.unit.dao.auth.GetUserNameTest.testPatient1(GetUserNameTest.java:24)
</errorStackTrace>
          <errorDetails>A database exception has occurred. Please see the log in the console for stacktrace</errorDetails>
          <failedSince>2</failedSince>
        </case>
      </cases>
    </suite>
    <suite>
      <file>/var/lib/jenkins/workspace/itrust-main/iTrust-v23/iTrust/target/surefire-reports/TEST-edu.ncsu.csc.itrust.unit.dao.auth.GetUserRoleTest.xml</file>
      <name>edu.ncsu.csc.itrust.unit.dao.auth.GetUserRoleTest</name>
      <duration>0.052</duration>
      <time>0.052</time>
      <cases>
        <case>
          <duration>0.052</duration>
          <className>edu.ncsu.csc.itrust.unit.dao.auth.GetUserRoleTest</className>
          <testName>testHCPMeganHunt</testName>
          <skipped>false</skipped>
          <errorStackTrace>edu.ncsu.csc.itrust.exception.DBException: A database exception has occurred. Please see the log in the console for stacktrace
	at edu.ncsu.csc.itrust.unit.dao.auth.GetUserRoleTest.testHCPMeganHunt(GetUserRoleTest.java:18)
</errorStackTrace>
          <errorDetails>A database exception has occurred. Please see the log in the console for stacktrace</errorDetails>
          <failedSince>2</failedSince>
        </case>
      </cases>
    </suite>
    <suite>
      <file>/var/lib/jenkins/workspace/itrust-main/iTrust-v23/iTrust/target/surefire-reports/TEST-edu.ncsu.csc.itrust.unit.dao.auth.RecordLoginFailureTest.xml</file>
      <name>edu.ncsu.csc.itrust.unit.dao.auth.RecordLoginFailureTest</name>
      <duration>0.007</duration>
      <time>0.007</time>
      <cases>
        <case>
          <duration>0.004</duration>
          <className>edu.ncsu.csc.itrust.unit.dao.auth.RecordLoginFailureTest</className>
          <testName>testGetLoginFailuresWithEntry</testName>
          <skipped>false</skipped>
          <errorStackTrace>edu.ncsu.csc.itrust.exception.DBException: A database exception has occurred. Please see the log in the console for stacktrace
	at edu.ncsu.csc.itrust.unit.dao.auth.RecordLoginFailureTest.testGetLoginFailuresWithEntry(RecordLoginFailureTest.java:28)
</errorStackTrace>
          <errorDetails>A database exception has occurred. Please see the log in the console for stacktrace</errorDetails>
          <failedSince>1</failedSince>
        </case>
        <case>
          <duration>0.003</duration>
          <className>edu.ncsu.csc.itrust.unit.dao.auth.RecordLoginFailureTest</className>
          <testName>testGetLoginFailuresNoEntry</testName>
          <skipped>false</skipped>
          <errorStackTrace>edu.ncsu.csc.itrust.exception.DBException: A database exception has occurred. Please see the log in the console for stacktrace
	at edu.ncsu.csc.itrust.unit.dao.auth.RecordLoginFailureTest.testGetLoginFailuresNoEntry(RecordLoginFailureTest.java:22)
</errorStackTrace>
          <errorDetails>A database exception has occurred. Please see the log in the console for stacktrace</errorDetails>
          <failedSince>1</failedSince>
        </case>
      </cases>
    </suite>
    <suite>
      <file>/var/lib/jenkins/workspace/itrust-main/iTrust-v23/iTrust/target/surefire-reports/TEST-edu.ncsu.csc.itrust.unit.dao.auth.ResetPasswordTest.xml</file>
      <name>edu.ncsu.csc.itrust.unit.dao.auth.ResetPasswordTest</name>
      <duration>0.252</duration>
      <time>0.252</time>
      <cases>
        <case>
          <duration>0.046</duration>
          <className>edu.ncsu.csc.itrust.unit.dao.auth.ResetPasswordTest</className>
          <testName>testResetSecurityQuestionAnswer</testName>
          <skipped>false</skipped>
          <failedSince>0</failedSince>
        </case>
        <case>
          <duration>0.055</duration>
          <className>edu.ncsu.csc.itrust.unit.dao.auth.ResetPasswordTest</className>
          <testName>testResetPasswordNonExistent</testName>
          <skipped>false</skipped>
          <failedSince>0</failedSince>
        </case>
        <case>
          <duration>0.047</duration>
          <className>edu.ncsu.csc.itrust.unit.dao.auth.ResetPasswordTest</className>
          <testName>testGetNoSecurityAnswer</testName>
          <skipped>false</skipped>
          <failedSince>0</failedSince>
        </case>
        <case>
          <duration>0.054</duration>
          <className>edu.ncsu.csc.itrust.unit.dao.auth.ResetPasswordTest</className>
          <testName>testResetPassword</testName>
          <skipped>false</skipped>
          <failedSince>0</failedSince>
        </case>
        <case>
          <duration>0.049</duration>
          <className>edu.ncsu.csc.itrust.unit.dao.auth.ResetPasswordTest</className>
          <testName>testGetNoSecurityQuestion</testName>
          <skipped>false</skipped>
          <failedSince>0</failedSince>
        </case>
      </cases>
    </suite>
    <suite>
      <file>/var/lib/jenkins/workspace/itrust-main/iTrust-v23/iTrust/target/surefire-reports/TEST-edu.ncsu.csc.itrust.unit.dao.auth.UserExistsTest.xml</file>
      <name>edu.ncsu.csc.itrust.unit.dao.auth.UserExistsTest</name>
      <duration>0.064</duration>
      <time>0.064</time>
      <cases>
        <case>
          <duration>0.063</duration>
          <className>edu.ncsu.csc.itrust.unit.dao.auth.UserExistsTest</className>
          <testName>testUserExists</testName>
          <skipped>false</skipped>
          <failedSince>0</failedSince>
        </case>
      </cases>
    </suite>
    <suite>
      <file>/var/lib/jenkins/workspace/itrust-main/iTrust-v23/iTrust/target/surefire-reports/TEST-edu.ncsu.csc.itrust.unit.dao.billing.BillingDAOTest.xml</file>
      <name>edu.ncsu.csc.itrust.unit.dao.billing.BillingDAOTest</name>
      <duration>1.288</duration>
      <time>1.288</time>
      <cases>
        <case>
          <duration>0.128</duration>
          <className>edu.ncsu.csc.itrust.unit.dao.billing.BillingDAOTest</className>
          <testName>testEditBill</testName>
          <skipped>false</skipped>
          <errorStackTrace>java.lang.Exception: Unexpected exception, expected&lt;edu.ncsu.csc.itrust.exception.DBException&gt; but was&lt;java.lang.NullPointerException&gt;
	at edu.ncsu.csc.itrust.unit.dao.billing.BillingDAOTest.testEditBill(BillingDAOTest.java:230)
</errorStackTrace>
          <errorDetails>Unexpected exception, expected&lt;edu.ncsu.csc.itrust.exception.DBException&gt; but was&lt;java.lang.NullPointerException&gt;</errorDetails>
          <failedSince>2</failedSince>
        </case>
        <case>
          <duration>0.117</duration>
          <className>edu.ncsu.csc.itrust.unit.dao.billing.BillingDAOTest</className>
          <testName>testGetDeniedNum</testName>
          <skipped>false</skipped>
          <errorStackTrace>java.lang.AssertionError: expected:&lt;1&gt; but was:&lt;0&gt;
	at edu.ncsu.csc.itrust.unit.dao.billing.BillingDAOTest.testGetDeniedNum(BillingDAOTest.java:283)
</errorStackTrace>
          <errorDetails>expected:&lt;1&gt; but was:&lt;0&gt;</errorDetails>
          <failedSince>1</failedSince>
        </case>
        <case>
          <duration>0.114</duration>
          <className>edu.ncsu.csc.itrust.unit.dao.billing.BillingDAOTest</className>
          <testName>testGetBills</testName>
          <skipped>false</skipped>
          <errorStackTrace>java.lang.NullPointerException
	at edu.ncsu.csc.itrust.unit.dao.billing.BillingDAOTest.testGetBills(BillingDAOTest.java:150)
</errorStackTrace>
          <failedSince>1</failedSince>
        </case>
        <case>
          <duration>0.128</duration>
          <className>edu.ncsu.csc.itrust.unit.dao.billing.BillingDAOTest</className>
          <testName>testAddBill</testName>
          <skipped>false</skipped>
          <failedSince>0</failedSince>
        </case>
        <case>
          <duration>0.111</duration>
          <className>edu.ncsu.csc.itrust.unit.dao.billing.BillingDAOTest</className>
          <testName>testGetApprovedNum</testName>
          <skipped>false</skipped>
          <errorStackTrace>java.lang.AssertionError: expected:&lt;1&gt; but was:&lt;0&gt;
	at edu.ncsu.csc.itrust.unit.dao.billing.BillingDAOTest.testGetApprovedNum(BillingDAOTest.java:300)
</errorStackTrace>
          <errorDetails>expected:&lt;1&gt; but was:&lt;0&gt;</errorDetails>
          <failedSince>1</failedSince>
        </case>
        <case>
          <duration>0.113</duration>
          <className>edu.ncsu.csc.itrust.unit.dao.billing.BillingDAOTest</className>
          <testName>testGetBillWithOVId</testName>
          <skipped>false</skipped>
          <errorStackTrace>java.lang.NullPointerException
	at edu.ncsu.csc.itrust.unit.dao.billing.BillingDAOTest.testGetBillWithOVId(BillingDAOTest.java:118)
</errorStackTrace>
          <failedSince>1</failedSince>
        </case>
        <case>
          <duration>0.134</duration>
          <className>edu.ncsu.csc.itrust.unit.dao.billing.BillingDAOTest</className>
          <testName>testGetPendingNum</testName>
          <skipped>false</skipped>
          <errorStackTrace>java.lang.AssertionError: expected:&lt;1&gt; but was:&lt;0&gt;
	at edu.ncsu.csc.itrust.unit.dao.billing.BillingDAOTest.testGetPendingNum(BillingDAOTest.java:266)
</errorStackTrace>
          <errorDetails>expected:&lt;1&gt; but was:&lt;0&gt;</errorDetails>
          <failedSince>2</failedSince>
        </case>
        <case>
          <duration>0.127</duration>
          <className>edu.ncsu.csc.itrust.unit.dao.billing.BillingDAOTest</className>
          <testName>testGetInsuranceBills</testName>
          <skipped>false</skipped>
          <errorStackTrace>java.lang.NullPointerException
	at edu.ncsu.csc.itrust.unit.dao.billing.BillingDAOTest.testGetInsuranceBills(BillingDAOTest.java:211)
</errorStackTrace>
          <failedSince>1</failedSince>
        </case>
        <case>
          <duration>0.109</duration>
          <className>edu.ncsu.csc.itrust.unit.dao.billing.BillingDAOTest</className>
          <testName>testRemoveBill</testName>
          <skipped>false</skipped>
          <failedSince>0</failedSince>
        </case>
        <case>
          <duration>0.105</duration>
          <className>edu.ncsu.csc.itrust.unit.dao.billing.BillingDAOTest</className>
          <testName>testGetUnpaidBills</testName>
          <skipped>false</skipped>
          <failedSince>0</failedSince>
        </case>
        <case>
          <duration>0.101</duration>
          <className>edu.ncsu.csc.itrust.unit.dao.billing.BillingDAOTest</className>
          <testName>testGetBillID</testName>
          <skipped>false</skipped>
          <errorStackTrace>java.lang.NullPointerException
	at edu.ncsu.csc.itrust.unit.dao.billing.BillingDAOTest.testGetBillID(BillingDAOTest.java:193)
</errorStackTrace>
          <failedSince>1</failedSince>
        </case>
      </cases>
    </suite>
    <suite>
      <file>/var/lib/jenkins/workspace/itrust-main/iTrust-v23/iTrust/target/surefire-reports/TEST-edu.ncsu.csc.itrust.unit.dao.druginteraction.DrugInteractionDAOTest.xml</file>
      <name>edu.ncsu.csc.itrust.unit.dao.druginteraction.DrugInteractionDAOTest</name>
      <duration>0.256</duration>
      <time>0.256</time>
      <cases>
        <case>
          <duration>0.069</duration>
          <className>edu.ncsu.csc.itrust.unit.dao.druginteraction.DrugInteractionDAOTest</className>
          <testName>testDeleteInteraction</testName>
          <skipped>false</skipped>
          <failedSince>0</failedSince>
        </case>
        <case>
          <duration>0.066</duration>
          <className>edu.ncsu.csc.itrust.unit.dao.druginteraction.DrugInteractionDAOTest</className>
          <testName>testReportInteraction</testName>
          <skipped>false</skipped>
          <failedSince>0</failedSince>
        </case>
        <case>
          <duration>0.061</duration>
          <className>edu.ncsu.csc.itrust.unit.dao.druginteraction.DrugInteractionDAOTest</className>
          <testName>testReportInteractionThatExistsReverseOrder</testName>
          <skipped>false</skipped>
          <failedSince>0</failedSince>
        </case>
        <case>
          <duration>0.059</duration>
          <className>edu.ncsu.csc.itrust.unit.dao.druginteraction.DrugInteractionDAOTest</className>
          <testName>testReportInteractionThatExists</testName>
          <skipped>false</skipped>
          <failedSince>0</failedSince>
        </case>
      </cases>
    </suite>
    <suite>
      <file>/var/lib/jenkins/workspace/itrust-main/iTrust-v23/iTrust/target/surefire-reports/TEST-edu.ncsu.csc.itrust.unit.dao.fakeemail.EmailExceptionTest.xml</file>
      <name>edu.ncsu.csc.itrust.unit.dao.fakeemail.EmailExceptionTest</name>
      <duration>0.001</duration>
      <time>0.001</time>
      <cases>
        <case>
          <duration>0.0</duration>
          <className>edu.ncsu.csc.itrust.unit.dao.fakeemail.EmailExceptionTest</className>
          <testName>testSendException</testName>
          <skipped>false</skipped>
          <failedSince>0</failedSince>
        </case>
        <case>
          <duration>0.0</duration>
          <className>edu.ncsu.csc.itrust.unit.dao.fakeemail.EmailExceptionTest</className>
          <testName>testGetPersonException</testName>
          <skipped>false</skipped>
          <failedSince>0</failedSince>
        </case>
        <case>
          <duration>0.0</duration>
          <className>edu.ncsu.csc.itrust.unit.dao.fakeemail.EmailExceptionTest</className>
          <testName>testGetAllException</testName>
          <skipped>false</skipped>
          <failedSince>0</failedSince>
        </case>
      </cases>
    </suite>
    <suite>
      <file>/var/lib/jenkins/workspace/itrust-main/iTrust-v23/iTrust/target/surefire-reports/TEST-edu.ncsu.csc.itrust.unit.dao.fakeemail.EmailTest.xml</file>
      <name>edu.ncsu.csc.itrust.unit.dao.fakeemail.EmailTest</name>
      <duration>0.01</duration>
      <time>0.01</time>
      <cases>
        <case>
          <duration>0.005</duration>
          <className>edu.ncsu.csc.itrust.unit.dao.fakeemail.EmailTest</className>
          <testName>testFindWithString</testName>
          <skipped>false</skipped>
          <errorStackTrace>junit.framework.AssertionFailedError: expected:&lt;FROM: ncsucsc326@gmail.com TO: [ncsucsc326@gmail.com] SUBJECT: this is the subject BODY: this is the body&gt; but was:&lt;FROM: ncsucsc326@gmail.com TO: [ncsucsc326@gmail.com] SUBJECT: this is the subject BODY: this is the body&gt;
	at edu.ncsu.csc.itrust.unit.dao.fakeemail.EmailTest.testFindWithString(EmailTest.java:49)
</errorStackTrace>
          <errorDetails>expected:&lt;FROM: ncsucsc326@gmail.com TO: [ncsucsc326@gmail.com] SUBJECT: this is the subject BODY: this is the body&gt; but was:&lt;FROM: ncsucsc326@gmail.com TO: [ncsucsc326@gmail.com] SUBJECT: this is the subject BODY: this is the body&gt;</errorDetails>
          <failedSince>1</failedSince>
        </case>
        <case>
          <duration>0.003</duration>
          <className>edu.ncsu.csc.itrust.unit.dao.fakeemail.EmailTest</className>
          <testName>testListAllEmails</testName>
          <skipped>false</skipped>
          <errorStackTrace>junit.framework.AssertionFailedError: expected:&lt;FROM: ncsucsc326@gmail.com TO: [ncsucsc326@gmail.com] SUBJECT: this is the subject BODY: this is the body&gt; but was:&lt;FROM: ncsucsc326@gmail.com TO: [ncsucsc326@gmail.com] SUBJECT: this is the subject BODY: this is the body&gt;
	at edu.ncsu.csc.itrust.unit.dao.fakeemail.EmailTest.testListAllEmails(EmailTest.java:30)
</errorStackTrace>
          <errorDetails>expected:&lt;FROM: ncsucsc326@gmail.com TO: [ncsucsc326@gmail.com] SUBJECT: this is the subject BODY: this is the body&gt; but was:&lt;FROM: ncsucsc326@gmail.com TO: [ncsucsc326@gmail.com] SUBJECT: this is the subject BODY: this is the body&gt;</errorDetails>
          <failedSince>1</failedSince>
        </case>
        <case>
          <duration>0.002</duration>
          <className>edu.ncsu.csc.itrust.unit.dao.fakeemail.EmailTest</className>
          <testName>testListEmailsByPerson</testName>
          <skipped>false</skipped>
          <failedSince>0</failedSince>
        </case>
      </cases>
    </suite>
    <suite>
      <file>/var/lib/jenkins/workspace/itrust-main/iTrust-v23/iTrust/target/surefire-reports/TEST-edu.ncsu.csc.itrust.unit.dao.family.FamilyDAOExceptionTest.xml</file>
      <name>edu.ncsu.csc.itrust.unit.dao.family.FamilyDAOExceptionTest</name>
      <duration>0.0</duration>
      <time>0</time>
      <cases>
        <case>
          <duration>0.0</duration>
          <className>edu.ncsu.csc.itrust.unit.dao.family.FamilyDAOExceptionTest</className>
          <testName>testFamilyMemberException</testName>
          <skipped>false</skipped>
          <failedSince>0</failedSince>
        </case>
      </cases>
    </suite>
    <suite>
      <file>/var/lib/jenkins/workspace/itrust-main/iTrust-v23/iTrust/target/surefire-reports/TEST-edu.ncsu.csc.itrust.unit.dao.family.FamilyMembersTest.xml</file>
      <name>edu.ncsu.csc.itrust.unit.dao.family.FamilyMembersTest</name>
      <duration>0.31</duration>
      <time>0.31</time>
      <cases>
        <case>
          <duration>0.055</duration>
          <className>edu.ncsu.csc.itrust.unit.dao.family.FamilyMembersTest</className>
          <testName>testGetAllSiblings</testName>
          <skipped>false</skipped>
          <failedSince>0</failedSince>
        </case>
        <case>
          <duration>0.061</duration>
          <className>edu.ncsu.csc.itrust.unit.dao.family.FamilyMembersTest</className>
          <testName>testGetChildrenWithPerson</testName>
          <skipped>false</skipped>
          <failedSince>0</failedSince>
        </case>
        <case>
          <duration>0.063</duration>
          <className>edu.ncsu.csc.itrust.unit.dao.family.FamilyMembersTest</className>
          <testName>testGetChildrenWithMom</testName>
          <skipped>false</skipped>
          <failedSince>0</failedSince>
        </case>
        <case>
          <duration>0.068</duration>
          <className>edu.ncsu.csc.itrust.unit.dao.family.FamilyMembersTest</className>
          <testName>testGetBothParents</testName>
          <skipped>false</skipped>
          <failedSince>0</failedSince>
        </case>
        <case>
          <duration>0.063</duration>
          <className>edu.ncsu.csc.itrust.unit.dao.family.FamilyMembersTest</className>
          <testName>testGetNoParents</testName>
          <skipped>false</skipped>
          <failedSince>0</failedSince>
        </case>
      </cases>
    </suite>
    <suite>
      <file>/var/lib/jenkins/workspace/itrust-main/iTrust-v23/iTrust/target/surefire-reports/TEST-edu.ncsu.csc.itrust.unit.dao.hospital.AddEditHospitalDAOTest.xml</file>
      <name>edu.ncsu.csc.itrust.unit.dao.hospital.AddEditHospitalDAOTest</name>
      <duration>0.395</duration>
      <time>0.395</time>
      <cases>
        <case>
          <duration>0.054</duration>
          <className>edu.ncsu.csc.itrust.unit.dao.hospital.AddEditHospitalDAOTest</className>
          <testName>testGetAllFromEmptyTable</testName>
          <skipped>false</skipped>
          <failedSince>0</failedSince>
        </case>
        <case>
          <duration>0.043</duration>
          <className>edu.ncsu.csc.itrust.unit.dao.hospital.AddEditHospitalDAOTest</className>
          <testName>testAddHospital</testName>
          <skipped>false</skipped>
          <failedSince>0</failedSince>
        </case>
        <case>
          <duration>0.05</duration>
          <className>edu.ncsu.csc.itrust.unit.dao.hospital.AddEditHospitalDAOTest</className>
          <testName>testAddDupe</testName>
          <skipped>false</skipped>
          <failedSince>0</failedSince>
        </case>
        <case>
          <duration>0.045</duration>
          <className>edu.ncsu.csc.itrust.unit.dao.hospital.AddEditHospitalDAOTest</className>
          <testName>testUpdateName</testName>
          <skipped>false</skipped>
          <failedSince>0</failedSince>
        </case>
        <case>
          <duration>0.048</duration>
          <className>edu.ncsu.csc.itrust.unit.dao.hospital.AddEditHospitalDAOTest</className>
          <testName>testGetHospitalFromEmptyTable</testName>
          <skipped>false</skipped>
          <failedSince>0</failedSince>
        </case>
        <case>
          <duration>0.047</duration>
          <className>edu.ncsu.csc.itrust.unit.dao.hospital.AddEditHospitalDAOTest</className>
          <testName>testGetHospital</testName>
          <skipped>false</skipped>
          <failedSince>0</failedSince>
        </case>
        <case>
          <duration>0.053</duration>
          <className>edu.ncsu.csc.itrust.unit.dao.hospital.AddEditHospitalDAOTest</className>
          <testName>testUpdateNonExistent</testName>
          <skipped>false</skipped>
          <failedSince>0</failedSince>
        </case>
        <case>
          <duration>0.054</duration>
          <className>edu.ncsu.csc.itrust.unit.dao.hospital.AddEditHospitalDAOTest</className>
          <testName>testGetAllHospitals</testName>
          <skipped>false</skipped>
          <failedSince>0</failedSince>
        </case>
      </cases>
    </suite>
    <suite>
      <file>/var/lib/jenkins/workspace/itrust-main/iTrust-v23/iTrust/target/surefire-reports/TEST-edu.ncsu.csc.itrust.unit.dao.hospital.AssignHospitalDAOTest.xml</file>
      <name>edu.ncsu.csc.itrust.unit.dao.hospital.AssignHospitalDAOTest</name>
      <duration>0.19</duration>
      <time>0.19</time>
      <cases>
        <case>
          <duration>0.055</duration>
          <className>edu.ncsu.csc.itrust.unit.dao.hospital.AssignHospitalDAOTest</className>
          <testName>testDoItTwice</testName>
          <skipped>false</skipped>
          <failedSince>0</failedSince>
        </case>
        <case>
          <duration>0.073</duration>
          <className>edu.ncsu.csc.itrust.unit.dao.hospital.AssignHospitalDAOTest</className>
          <testName>testPersonnelHospitals</testName>
          <skipped>false</skipped>
          <failedSince>0</failedSince>
        </case>
        <case>
          <duration>0.062</duration>
          <className>edu.ncsu.csc.itrust.unit.dao.hospital.AssignHospitalDAOTest</className>
          <testName>testAssignNewHospital</testName>
          <skipped>false</skipped>
          <failedSince>0</failedSince>
        </case>
      </cases>
    </suite>
    <suite>
      <file>/var/lib/jenkins/workspace/itrust-main/iTrust-v23/iTrust/target/surefire-reports/TEST-edu.ncsu.csc.itrust.unit.dao.hospital.HospitalDAOExceptionTest.xml</file>
      <name>edu.ncsu.csc.itrust.unit.dao.hospital.HospitalDAOExceptionTest</name>
      <duration>0.004</duration>
      <time>0.004</time>
      <cases>
        <case>
          <duration>0.0</duration>
          <className>edu.ncsu.csc.itrust.unit.dao.hospital.HospitalDAOExceptionTest</className>
          <testName>testAssignHospitalException</testName>
          <skipped>false</skipped>
          <failedSince>0</failedSince>
        </case>
        <case>
          <duration>0.0</duration>
          <className>edu.ncsu.csc.itrust.unit.dao.hospital.HospitalDAOExceptionTest</className>
          <testName>testRemoveAllHospitalAssignmentsException</testName>
          <skipped>false</skipped>
          <failedSince>0</failedSince>
        </case>
        <case>
          <duration>0.0</duration>
          <className>edu.ncsu.csc.itrust.unit.dao.hospital.HospitalDAOExceptionTest</className>
          <testName>testAddHospitalException</testName>
          <skipped>false</skipped>
          <failedSince>0</failedSince>
        </case>
        <case>
          <duration>0.0</duration>
          <className>edu.ncsu.csc.itrust.unit.dao.hospital.HospitalDAOExceptionTest</className>
          <testName>testRemoveHospitalAssignmentException</testName>
          <skipped>false</skipped>
          <failedSince>0</failedSince>
        </case>
        <case>
          <duration>0.0</duration>
          <className>edu.ncsu.csc.itrust.unit.dao.hospital.HospitalDAOExceptionTest</className>
          <testName>testGetAllHospitalsException</testName>
          <skipped>false</skipped>
          <failedSince>0</failedSince>
        </case>
        <case>
          <duration>0.0</duration>
          <className>edu.ncsu.csc.itrust.unit.dao.hospital.HospitalDAOExceptionTest</className>
          <testName>testGetHospitalException</testName>
          <skipped>false</skipped>
          <failedSince>0</failedSince>
        </case>
        <case>
          <duration>0.0</duration>
          <className>edu.ncsu.csc.itrust.unit.dao.hospital.HospitalDAOExceptionTest</className>
          <testName>testUpdateHospitalException</testName>
          <skipped>false</skipped>
          <failedSince>0</failedSince>
        </case>
      </cases>
    </suite>
    <suite>
      <file>/var/lib/jenkins/workspace/itrust-main/iTrust-v23/iTrust/target/surefire-reports/TEST-edu.ncsu.csc.itrust.unit.dao.patient.AddPatientTest.xml</file>
      <name>edu.ncsu.csc.itrust.unit.dao.patient.AddPatientTest</name>
      <duration>0.331</duration>
      <time>0.331</time>
      <cases>
        <case>
          <duration>0.084</duration>
          <className>edu.ncsu.csc.itrust.unit.dao.patient.AddPatientTest</className>
          <testName>testEmergencyContactInfo</testName>
          <skipped>false</skipped>
          <failedSince>0</failedSince>
        </case>
        <case>
          <duration>0.076</duration>
          <className>edu.ncsu.csc.itrust.unit.dao.patient.AddPatientTest</className>
          <testName>testInsertDeath</testName>
          <skipped>false</skipped>
          <failedSince>0</failedSince>
        </case>
        <case>
          <duration>0.095</duration>
          <className>edu.ncsu.csc.itrust.unit.dao.patient.AddPatientTest</className>
          <testName>testGetEmptyPatient</testName>
          <skipped>false</skipped>
          <failedSince>0</failedSince>
        </case>
        <case>
          <duration>0.076</duration>
          <className>edu.ncsu.csc.itrust.unit.dao.patient.AddPatientTest</className>
          <testName>testAddEmptyPatient</testName>
          <skipped>false</skipped>
          <failedSince>0</failedSince>
        </case>
      </cases>
    </suite>
    <suite>
      <file>/var/lib/jenkins/workspace/itrust-main/iTrust-v23/iTrust/target/surefire-reports/TEST-edu.ncsu.csc.itrust.unit.dao.patient.DeclareHCPTest.xml</file>
      <name>edu.ncsu.csc.itrust.unit.dao.patient.DeclareHCPTest</name>
      <duration>0.43</duration>
      <time>0.43</time>
      <cases>
        <case>
          <duration>0.055</duration>
          <className>edu.ncsu.csc.itrust.unit.dao.patient.DeclareHCPTest</className>
          <testName>testGetDeclaredHCPs</testName>
          <skipped>false</skipped>
          <failedSince>0</failedSince>
        </case>
        <case>
          <duration>0.077</duration>
          <className>edu.ncsu.csc.itrust.unit.dao.patient.DeclareHCPTest</className>
          <testName>testDeclareDuplicateHCP</testName>
          <skipped>false</skipped>
          <failedSince>0</failedSince>
        </case>
        <case>
          <duration>0.076</duration>
          <className>edu.ncsu.csc.itrust.unit.dao.patient.DeclareHCPTest</className>
          <testName>testDeclareHCP</testName>
          <skipped>false</skipped>
          <failedSince>0</failedSince>
        </case>
        <case>
          <duration>0.078</duration>
          <className>edu.ncsu.csc.itrust.unit.dao.patient.DeclareHCPTest</className>
          <testName>testUnDeclareNotDeclaredHCP</testName>
          <skipped>false</skipped>
          <failedSince>0</failedSince>
        </case>
        <case>
          <duration>0.074</duration>
          <className>edu.ncsu.csc.itrust.unit.dao.patient.DeclareHCPTest</className>
          <testName>testCheckDeclared</testName>
          <skipped>false</skipped>
          <failedSince>0</failedSince>
        </case>
        <case>
          <duration>0.07</duration>
          <className>edu.ncsu.csc.itrust.unit.dao.patient.DeclareHCPTest</className>
          <testName>testUnDeclareHCP</testName>
          <skipped>false</skipped>
          <failedSince>0</failedSince>
        </case>
      </cases>
    </suite>
    <suite>
      <file>/var/lib/jenkins/workspace/itrust-main/iTrust-v23/iTrust/target/surefire-reports/TEST-edu.ncsu.csc.itrust.unit.dao.patient.EditPatientTest.xml</file>
      <name>edu.ncsu.csc.itrust.unit.dao.patient.EditPatientTest</name>
      <duration>0.293</duration>
      <time>0.293</time>
      <cases>
        <case>
          <duration>0.077</duration>
          <className>edu.ncsu.csc.itrust.unit.dao.patient.EditPatientTest</className>
          <testName>testGetPatient2</testName>
          <skipped>false</skipped>
          <failedSince>0</failedSince>
        </case>
        <case>
          <duration>0.073</duration>
          <className>edu.ncsu.csc.itrust.unit.dao.patient.EditPatientTest</className>
          <testName>testGetEmpty</testName>
          <skipped>false</skipped>
          <failedSince>0</failedSince>
        </case>
        <case>
          <duration>0.069</duration>
          <className>edu.ncsu.csc.itrust.unit.dao.patient.EditPatientTest</className>
          <testName>testRemoveAllRepresented</testName>
          <skipped>false</skipped>
          <failedSince>0</failedSince>
        </case>
        <case>
          <duration>0.074</duration>
          <className>edu.ncsu.csc.itrust.unit.dao.patient.EditPatientTest</className>
          <testName>testEditPatient2</testName>
          <skipped>false</skipped>
          <failedSince>0</failedSince>
        </case>
      </cases>
    </suite>
    <suite>
      <file>/var/lib/jenkins/workspace/itrust-main/iTrust-v23/iTrust/target/surefire-reports/TEST-edu.ncsu.csc.itrust.unit.dao.patient.PatientDAOExceptionTest.xml</file>
      <name>edu.ncsu.csc.itrust.unit.dao.patient.PatientDAOExceptionTest</name>
      <duration>0.002</duration>
      <time>0.002</time>
      <cases>
        <case>
          <duration>0.0</duration>
          <className>edu.ncsu.csc.itrust.unit.dao.patient.PatientDAOExceptionTest</className>
          <testName>testUndeclareHCPException</testName>
          <skipped>false</skipped>
          <failedSince>0</failedSince>
        </case>
        <case>
          <duration>0.0</duration>
          <className>edu.ncsu.csc.itrust.unit.dao.patient.PatientDAOExceptionTest</className>
          <testName>testCheckDeclaredHCPException</testName>
          <skipped>false</skipped>
          <failedSince>0</failedSince>
        </case>
        <case>
          <duration>0.0</duration>
          <className>edu.ncsu.csc.itrust.unit.dao.patient.PatientDAOExceptionTest</className>
          <testName>testGetDeclaredHCPsException</testName>
          <skipped>false</skipped>
          <failedSince>0</failedSince>
        </case>
        <case>
          <duration>0.0</duration>
          <className>edu.ncsu.csc.itrust.unit.dao.patient.PatientDAOExceptionTest</className>
          <testName>testGetPatientException</testName>
          <skipped>false</skipped>
          <failedSince>0</failedSince>
        </case>
        <case>
          <duration>0.0</duration>
          <className>edu.ncsu.csc.itrust.unit.dao.patient.PatientDAOExceptionTest</className>
          <testName>testCheckPatientExistsException</testName>
          <skipped>false</skipped>
          <failedSince>0</failedSince>
        </case>
        <case>
          <duration>0.0</duration>
          <className>edu.ncsu.csc.itrust.unit.dao.patient.PatientDAOExceptionTest</className>
          <testName>testEditPatientException</testName>
          <skipped>false</skipped>
          <failedSince>0</failedSince>
        </case>
        <case>
          <duration>0.0</duration>
          <className>edu.ncsu.csc.itrust.unit.dao.patient.PatientDAOExceptionTest</className>
          <testName>testRepresentsException</testName>
          <skipped>false</skipped>
          <failedSince>0</failedSince>
        </case>
        <case>
          <duration>0.0</duration>
          <className>edu.ncsu.csc.itrust.unit.dao.patient.PatientDAOExceptionTest</className>
          <testName>testDeclareHCPException</testName>
          <skipped>false</skipped>
          <failedSince>0</failedSince>
        </case>
        <case>
          <duration>0.0</duration>
          <className>edu.ncsu.csc.itrust.unit.dao.patient.PatientDAOExceptionTest</className>
          <testName>testRemoveRepresentativeException</testName>
          <skipped>false</skipped>
          <failedSince>0</failedSince>
        </case>
        <case>
          <duration>0.0</duration>
          <className>edu.ncsu.csc.itrust.unit.dao.patient.PatientDAOExceptionTest</className>
          <testName>testAddRepException</testName>
          <skipped>false</skipped>
          <failedSince>0</failedSince>
        </case>
        <case>
          <duration>0.0</duration>
          <className>edu.ncsu.csc.itrust.unit.dao.patient.PatientDAOExceptionTest</className>
          <testName>testGetRepresentedException</testName>
          <skipped>false</skipped>
          <failedSince>0</failedSince>
        </case>
        <case>
          <duration>0.001</duration>
          <className>edu.ncsu.csc.itrust.unit.dao.patient.PatientDAOExceptionTest</className>
          <testName>testAddEmptyPatientException</testName>
          <skipped>false</skipped>
          <failedSince>0</failedSince>
        </case>
        <case>
          <duration>0.0</duration>
          <className>edu.ncsu.csc.itrust.unit.dao.patient.PatientDAOExceptionTest</className>
          <testName>testGetNameException</testName>
          <skipped>false</skipped>
          <failedSince>0</failedSince>
        </case>
      </cases>
    </suite>
    <suite>
      <file>/var/lib/jenkins/workspace/itrust-main/iTrust-v23/iTrust/target/surefire-reports/TEST-edu.ncsu.csc.itrust.unit.dao.patient.PatientExistsTest.xml</file>
      <name>edu.ncsu.csc.itrust.unit.dao.patient.PatientExistsTest</name>
      <duration>0.213</duration>
      <time>0.213</time>
      <cases>
        <case>
          <duration>0.072</duration>
          <className>edu.ncsu.csc.itrust.unit.dao.patient.PatientExistsTest</className>
          <testName>testGetPatient2</testName>
          <skipped>false</skipped>
          <failedSince>0</failedSince>
        </case>
        <case>
          <duration>0.069</duration>
          <className>edu.ncsu.csc.itrust.unit.dao.patient.PatientExistsTest</className>
          <testName>testNotPatient200</testName>
          <skipped>false</skipped>
          <failedSince>0</failedSince>
        </case>
        <case>
          <duration>0.072</duration>
          <className>edu.ncsu.csc.itrust.unit.dao.patient.PatientExistsTest</className>
          <testName>testGetAllPatients</testName>
          <skipped>false</skipped>
          <failedSince>0</failedSince>
        </case>
      </cases>
    </suite>
    <suite>
      <file>/var/lib/jenkins/workspace/itrust-main/iTrust-v23/iTrust/target/surefire-reports/TEST-edu.ncsu.csc.itrust.unit.dao.patient.RepresentativeTest.xml</file>
      <name>edu.ncsu.csc.itrust.unit.dao.patient.RepresentativeTest</name>
      <duration>0.766</duration>
      <time>0.766</time>
      <cases>
        <case>
          <duration>0.078</duration>
          <className>edu.ncsu.csc.itrust.unit.dao.patient.RepresentativeTest</className>
          <testName>testRepresentsTrue</testName>
          <skipped>false</skipped>
          <failedSince>0</failedSince>
        </case>
        <case>
          <duration>0.077</duration>
          <className>edu.ncsu.csc.itrust.unit.dao.patient.RepresentativeTest</className>
          <testName>testRemoveRepresentative</testName>
          <skipped>false</skipped>
          <failedSince>0</failedSince>
        </case>
        <case>
          <duration>0.074</duration>
          <className>edu.ncsu.csc.itrust.unit.dao.patient.RepresentativeTest</className>
          <testName>testGetNonExistentRepresented</testName>
          <skipped>false</skipped>
          <failedSince>0</failedSince>
        </case>
        <case>
          <duration>0.077</duration>
          <className>edu.ncsu.csc.itrust.unit.dao.patient.RepresentativeTest</className>
          <testName>testAddExistingRepresentative</testName>
          <skipped>false</skipped>
          <failedSince>0</failedSince>
        </case>
        <case>
          <duration>0.074</duration>
          <className>edu.ncsu.csc.itrust.unit.dao.patient.RepresentativeTest</className>
          <testName>testAddRepresentative</testName>
          <skipped>false</skipped>
          <failedSince>0</failedSince>
        </case>
        <case>
          <duration>0.083</duration>
          <className>edu.ncsu.csc.itrust.unit.dao.patient.RepresentativeTest</className>
          <testName>testRemoveNonExistingRepresentative</testName>
          <skipped>false</skipped>
          <failedSince>0</failedSince>
        </case>
        <case>
          <duration>0.061</duration>
          <className>edu.ncsu.csc.itrust.unit.dao.patient.RepresentativeTest</className>
          <testName>testGetRepresented</testName>
          <skipped>false</skipped>
          <failedSince>0</failedSince>
        </case>
        <case>
          <duration>0.074</duration>
          <className>edu.ncsu.csc.itrust.unit.dao.patient.RepresentativeTest</className>
          <testName>testRepresentsFalse</testName>
          <skipped>false</skipped>
          <failedSince>0</failedSince>
        </case>
        <case>
          <duration>0.084</duration>
          <className>edu.ncsu.csc.itrust.unit.dao.patient.RepresentativeTest</className>
          <testName>testGetDependents</testName>
          <skipped>false</skipped>
          <failedSince>0</failedSince>
        </case>
        <case>
          <duration>0.084</duration>
          <className>edu.ncsu.csc.itrust.unit.dao.patient.RepresentativeTest</className>
          <testName>testGetNoneRepresented</testName>
          <skipped>false</skipped>
          <failedSince>0</failedSince>
        </case>
      </cases>
    </suite>
    <suite>
      <file>/var/lib/jenkins/workspace/itrust-main/iTrust-v23/iTrust/target/surefire-reports/TEST-edu.ncsu.csc.itrust.unit.dao.personnel.AddPersonnelTest.xml</file>
      <name>edu.ncsu.csc.itrust.unit.dao.personnel.AddPersonnelTest</name>
      <duration>0.215</duration>
      <time>0.215</time>
      <cases>
        <case>
          <duration>0.05</duration>
          <className>edu.ncsu.csc.itrust.unit.dao.personnel.AddPersonnelTest</className>
          <testName>testAddEmptyPersonnel</testName>
          <skipped>false</skipped>
          <errorStackTrace>edu.ncsu.csc.itrust.exception.DBException: A database exception has occurred. Please see the log in the console for stacktrace
	at edu.ncsu.csc.itrust.unit.dao.personnel.AddPersonnelTest.testAddEmptyPersonnel(AddPersonnelTest.java:21)
</errorStackTrace>
          <errorDetails>A database exception has occurred. Please see the log in the console for stacktrace</errorDetails>
          <failedSince>1</failedSince>
        </case>
        <case>
          <duration>0.055</duration>
          <className>edu.ncsu.csc.itrust.unit.dao.personnel.AddPersonnelTest</className>
          <testName>testAddEmptyER</testName>
          <skipped>false</skipped>
          <errorStackTrace>edu.ncsu.csc.itrust.exception.DBException: A database exception has occurred. Please see the log in the console for stacktrace
	at edu.ncsu.csc.itrust.unit.dao.personnel.AddPersonnelTest.testAddEmptyER(AddPersonnelTest.java:28)
</errorStackTrace>
          <errorDetails>A database exception has occurred. Please see the log in the console for stacktrace</errorDetails>
          <failedSince>1</failedSince>
        </case>
        <case>
          <duration>0.06</duration>
          <className>edu.ncsu.csc.itrust.unit.dao.personnel.AddPersonnelTest</className>
          <testName>testDoesNotExist</testName>
          <skipped>false</skipped>
          <failedSince>0</failedSince>
        </case>
        <case>
          <duration>0.05</duration>
          <className>edu.ncsu.csc.itrust.unit.dao.personnel.AddPersonnelTest</className>
          <testName>testGetNextID</testName>
          <skipped>false</skipped>
          <errorStackTrace>junit.framework.AssertionFailedError: expected:&lt;9000000000&gt; but was:&lt;1&gt;
	at edu.ncsu.csc.itrust.unit.dao.personnel.AddPersonnelTest.testGetNextID(AddPersonnelTest.java:34)
</errorStackTrace>
          <errorDetails>expected:&lt;9000000000&gt; but was:&lt;1&gt;</errorDetails>
          <failedSince>1</failedSince>
        </case>
      </cases>
    </suite>
    <suite>
      <file>/var/lib/jenkins/workspace/itrust-main/iTrust-v23/iTrust/target/surefire-reports/TEST-edu.ncsu.csc.itrust.unit.dao.personnel.EditPersonnelTest.xml</file>
      <name>edu.ncsu.csc.itrust.unit.dao.personnel.EditPersonnelTest</name>
      <duration>0.353</duration>
      <time>0.353</time>
      <cases>
        <case>
          <duration>0.074</duration>
          <className>edu.ncsu.csc.itrust.unit.dao.personnel.EditPersonnelTest</className>
          <testName>testGetPersonnel2</testName>
          <skipped>false</skipped>
          <failedSince>0</failedSince>
        </case>
        <case>
          <duration>0.052</duration>
          <className>edu.ncsu.csc.itrust.unit.dao.personnel.EditPersonnelTest</className>
          <testName>testEditPersonnelSpecialty</testName>
          <skipped>false</skipped>
          <failedSince>0</failedSince>
        </case>
        <case>
          <duration>0.064</duration>
          <className>edu.ncsu.csc.itrust.unit.dao.personnel.EditPersonnelTest</className>
          <testName>testEditPersonnel</testName>
          <skipped>false</skipped>
          <failedSince>0</failedSince>
        </case>
        <case>
          <duration>0.055</duration>
          <className>edu.ncsu.csc.itrust.unit.dao.personnel.EditPersonnelTest</className>
          <testName>testGetNonExistentPersonnel</testName>
          <skipped>false</skipped>
          <failedSince>0</failedSince>
        </case>
        <case>
          <duration>0.052</duration>
          <className>edu.ncsu.csc.itrust.unit.dao.personnel.EditPersonnelTest</className>
          <testName>testEditPersonnelZipCode</testName>
          <skipped>false</skipped>
          <failedSince>0</failedSince>
        </case>
        <case>
          <duration>0.056</duration>
          <className>edu.ncsu.csc.itrust.unit.dao.personnel.EditPersonnelTest</className>
          <testName>testEditPersonnel2</testName>
          <skipped>false</skipped>
          <failedSince>0</failedSince>
        </case>
      </cases>
    </suite>
    <suite>
      <file>/var/lib/jenkins/workspace/itrust-main/iTrust-v23/iTrust/target/surefire-reports/TEST-edu.ncsu.csc.itrust.unit.dao.personnel.PersonnelDAOExceptionTest.xml</file>
      <name>edu.ncsu.csc.itrust.unit.dao.personnel.PersonnelDAOExceptionTest</name>
      <duration>0.0</duration>
      <time>0</time>
      <cases>
        <case>
          <duration>0.0</duration>
          <className>edu.ncsu.csc.itrust.unit.dao.personnel.PersonnelDAOExceptionTest</className>
          <testName>testPersonnelException</testName>
          <skipped>false</skipped>
          <failedSince>0</failedSince>
        </case>
        <case>
          <duration>0.0</duration>
          <className>edu.ncsu.csc.itrust.unit.dao.personnel.PersonnelDAOExceptionTest</className>
          <testName>testGetHospitalsException</testName>
          <skipped>false</skipped>
          <failedSince>0</failedSince>
        </case>
        <case>
          <duration>0.0</duration>
          <className>edu.ncsu.csc.itrust.unit.dao.personnel.PersonnelDAOExceptionTest</className>
          <testName>testEditPersonnelException</testName>
          <skipped>false</skipped>
          <failedSince>0</failedSince>
        </case>
        <case>
          <duration>0.0</duration>
          <className>edu.ncsu.csc.itrust.unit.dao.personnel.PersonnelDAOExceptionTest</className>
          <testName>testAddEmptyPersonnelException</testName>
          <skipped>false</skipped>
          <failedSince>0</failedSince>
        </case>
        <case>
          <duration>0.0</duration>
          <className>edu.ncsu.csc.itrust.unit.dao.personnel.PersonnelDAOExceptionTest</className>
          <testName>testGetUAPHospitalsException</testName>
          <skipped>false</skipped>
          <failedSince>0</failedSince>
        </case>
        <case>
          <duration>0.0</duration>
          <className>edu.ncsu.csc.itrust.unit.dao.personnel.PersonnelDAOExceptionTest</className>
          <testName>testCheckPersonnelExistsException</testName>
          <skipped>false</skipped>
          <failedSince>0</failedSince>
        </case>
        <case>
          <duration>0.0</duration>
          <className>edu.ncsu.csc.itrust.unit.dao.personnel.PersonnelDAOExceptionTest</className>
          <testName>testGetNameException</testName>
          <skipped>false</skipped>
          <failedSince>0</failedSince>
        </case>
      </cases>
    </suite>
    <suite>
      <file>/var/lib/jenkins/workspace/itrust-main/iTrust-v23/iTrust/target/surefire-reports/TEST-edu.ncsu.csc.itrust.unit.dao.personnel.PersonnelExistsTest.xml</file>
      <name>edu.ncsu.csc.itrust.unit.dao.personnel.PersonnelExistsTest</name>
      <duration>0.274</duration>
      <time>0.274</time>
      <cases>
        <case>
          <duration>0.061</duration>
          <className>edu.ncsu.csc.itrust.unit.dao.personnel.PersonnelExistsTest</className>
          <testName>testGetPersonnel2</testName>
          <skipped>false</skipped>
          <failedSince>0</failedSince>
        </case>
        <case>
          <duration>0.213</duration>
          <className>edu.ncsu.csc.itrust.unit.dao.personnel.PersonnelExistsTest</className>
          <testName>testFuzzySearch</testName>
          <skipped>false</skipped>
          <failedSince>0</failedSince>
        </case>
      </cases>
    </suite>
    <suite>
      <file>/var/lib/jenkins/workspace/itrust-main/iTrust-v23/iTrust/target/surefire-reports/TEST-edu.ncsu.csc.itrust.unit.dao.recordsrelease.RecordsReleaseDAOTest.xml</file>
      <name>edu.ncsu.csc.itrust.unit.dao.recordsrelease.RecordsReleaseDAOTest</name>
      <duration>0.348</duration>
      <time>0.348</time>
      <cases>
        <case>
          <duration>0.07</duration>
          <className>edu.ncsu.csc.itrust.unit.dao.recordsrelease.RecordsReleaseDAOTest</className>
          <testName>testGetAllHealthRecordsByHospital</testName>
          <skipped>false</skipped>
          <errorStackTrace>edu.ncsu.csc.itrust.exception.DBException: A database exception has occurred. Please see the log in the console for stacktrace
	at edu.ncsu.csc.itrust.unit.dao.recordsrelease.RecordsReleaseDAOTest.testGetAllHealthRecordsByHospital(RecordsReleaseDAOTest.java:110)
</errorStackTrace>
          <errorDetails>A database exception has occurred. Please see the log in the console for stacktrace</errorDetails>
          <failedSince>1</failedSince>
        </case>
        <case>
          <duration>0.061</duration>
          <className>edu.ncsu.csc.itrust.unit.dao.recordsrelease.RecordsReleaseDAOTest</className>
          <testName>testGetAllHealthRecordsByPid</testName>
          <skipped>false</skipped>
          <errorStackTrace>edu.ncsu.csc.itrust.exception.DBException: A database exception has occurred. Please see the log in the console for stacktrace
	at edu.ncsu.csc.itrust.unit.dao.recordsrelease.RecordsReleaseDAOTest.testGetAllHealthRecordsByPid(RecordsReleaseDAOTest.java:132)
</errorStackTrace>
          <errorDetails>A database exception has occurred. Please see the log in the console for stacktrace</errorDetails>
          <failedSince>1</failedSince>
        </case>
        <case>
          <duration>0.052</duration>
          <className>edu.ncsu.csc.itrust.unit.dao.recordsrelease.RecordsReleaseDAOTest</className>
          <testName>testDBException</testName>
          <skipped>false</skipped>
          <failedSince>0</failedSince>
        </case>
        <case>
          <duration>0.056</duration>
          <className>edu.ncsu.csc.itrust.unit.dao.recordsrelease.RecordsReleaseDAOTest</className>
          <testName>testAddRecordsRelease</testName>
          <skipped>false</skipped>
          <errorStackTrace>junit.framework.AssertionFailedError
	at edu.ncsu.csc.itrust.unit.dao.recordsrelease.RecordsReleaseDAOTest.testAddRecordsRelease(RecordsReleaseDAOTest.java:51)
</errorStackTrace>
          <failedSince>1</failedSince>
        </case>
        <case>
          <duration>0.055</duration>
          <className>edu.ncsu.csc.itrust.unit.dao.recordsrelease.RecordsReleaseDAOTest</className>
          <testName>testGetRecordsReleaseByID</testName>
          <skipped>false</skipped>
          <errorStackTrace>edu.ncsu.csc.itrust.exception.DBException: A database exception has occurred. Please see the log in the console for stacktrace
	at edu.ncsu.csc.itrust.unit.dao.recordsrelease.RecordsReleaseDAOTest.testGetRecordsReleaseByID(RecordsReleaseDAOTest.java:83)
</errorStackTrace>
          <errorDetails>A database exception has occurred. Please see the log in the console for stacktrace</errorDetails>
          <failedSince>1</failedSince>
        </case>
        <case>
          <duration>0.053</duration>
          <className>edu.ncsu.csc.itrust.unit.dao.recordsrelease.RecordsReleaseDAOTest</className>
          <testName>testUpdateRecordsRelease</testName>
          <skipped>false</skipped>
          <errorStackTrace>edu.ncsu.csc.itrust.exception.DBException: A database exception has occurred. Please see the log in the console for stacktrace
	at edu.ncsu.csc.itrust.unit.dao.recordsrelease.RecordsReleaseDAOTest.testUpdateRecordsRelease(RecordsReleaseDAOTest.java:65)
</errorStackTrace>
          <errorDetails>A database exception has occurred. Please see the log in the console for stacktrace</errorDetails>
          <failedSince>1</failedSince>
        </case>
      </cases>
    </suite>
    <suite>
      <file>/var/lib/jenkins/workspace/itrust-main/iTrust-v23/iTrust/target/surefire-reports/TEST-edu.ncsu.csc.itrust.unit.dao.remotemonitoring.PatientDataTest.xml</file>
      <name>edu.ncsu.csc.itrust.unit.dao.remotemonitoring.PatientDataTest</name>
      <duration>0.593</duration>
      <time>0.593</time>
      <cases>
        <case>
          <duration>0.08</duration>
          <className>edu.ncsu.csc.itrust.unit.dao.remotemonitoring.PatientDataTest</className>
          <testName>testRemovePatientFromListBad</testName>
          <skipped>false</skipped>
          <failedSince>0</failedSince>
        </case>
        <case>
          <duration>0.065</duration>
          <className>edu.ncsu.csc.itrust.unit.dao.remotemonitoring.PatientDataTest</className>
          <testName>testValidatePRError</testName>
          <skipped>false</skipped>
          <failedSince>0</failedSince>
        </case>
        <case>
          <duration>0.057</duration>
          <className>edu.ncsu.csc.itrust.unit.dao.remotemonitoring.PatientDataTest</className>
          <testName>testValidatePR</testName>
          <skipped>false</skipped>
          <failedSince>0</failedSince>
        </case>
        <case>
          <duration>0.067</duration>
          <className>edu.ncsu.csc.itrust.unit.dao.remotemonitoring.PatientDataTest</className>
          <testName>testBadStoreRetrievePatientGlucoseOnlyDataBad</testName>
          <skipped>false</skipped>
          <failedSince>0</failedSince>
        </case>
        <case>
          <duration>0.068</duration>
          <className>edu.ncsu.csc.itrust.unit.dao.remotemonitoring.PatientDataTest</className>
          <testName>testStoreRetrievePatientNormalData</testName>
          <skipped>false</skipped>
          <errorStackTrace>edu.ncsu.csc.itrust.exception.DBException: A database exception has occurred. Please see the log in the console for stacktrace
	at edu.ncsu.csc.itrust.unit.dao.remotemonitoring.PatientDataTest.testStoreRetrievePatientNormalData(PatientDataTest.java:41)
</errorStackTrace>
          <errorDetails>A database exception has occurred. Please see the log in the console for stacktrace</errorDetails>
          <failedSince>1</failedSince>
        </case>
        <case>
          <duration>0.063</duration>
          <className>edu.ncsu.csc.itrust.unit.dao.remotemonitoring.PatientDataTest</className>
          <testName>testBadStoreRetrievePatientNormalDataBad</testName>
          <skipped>false</skipped>
          <failedSince>0</failedSince>
        </case>
        <case>
          <duration>0.072</duration>
          <className>edu.ncsu.csc.itrust.unit.dao.remotemonitoring.PatientDataTest</className>
          <testName>testGetMonitoringHCPs</testName>
          <skipped>false</skipped>
          <failedSince>0</failedSince>
        </case>
        <case>
          <duration>0.061</duration>
          <className>edu.ncsu.csc.itrust.unit.dao.remotemonitoring.PatientDataTest</className>
          <testName>testBadStoreRetrievePatientBPOnlyDataBad</testName>
          <skipped>false</skipped>
          <failedSince>0</failedSince>
        </case>
        <case>
          <duration>0.057</duration>
          <className>edu.ncsu.csc.itrust.unit.dao.remotemonitoring.PatientDataTest</className>
          <testName>testGetTelemedicineBean</testName>
          <skipped>false</skipped>
          <failedSince>0</failedSince>
        </case>
      </cases>
    </suite>
    <suite>
      <file>/var/lib/jenkins/workspace/itrust-main/iTrust-v23/iTrust/target/surefire-reports/TEST-edu.ncsu.csc.itrust.unit.dao.remotemonitoring.PatientListTest.xml</file>
      <name>edu.ncsu.csc.itrust.unit.dao.remotemonitoring.PatientListTest</name>
      <duration>0.078</duration>
      <time>0.078</time>
      <cases>
        <case>
          <duration>0.078</duration>
          <className>edu.ncsu.csc.itrust.unit.dao.remotemonitoring.PatientListTest</className>
          <testName>testAddRemoveFromList</testName>
          <skipped>false</skipped>
          <failedSince>0</failedSince>
        </case>
      </cases>
    </suite>
    <suite>
      <file>/var/lib/jenkins/workspace/itrust-main/iTrust-v23/iTrust/target/surefire-reports/TEST-edu.ncsu.csc.itrust.unit.dao.reportrequest.ReportRequestDAOTest.xml</file>
      <name>edu.ncsu.csc.itrust.unit.dao.reportrequest.ReportRequestDAOTest</name>
      <duration>0.628</duration>
      <time>0.628</time>
      <cases>
        <case>
          <duration>0.076</duration>
          <className>edu.ncsu.csc.itrust.unit.dao.reportrequest.ReportRequestDAOTest</className>
          <testName>testGetReportsUnknownRequeter</testName>
          <skipped>false</skipped>
          <errorStackTrace>junit.framework.AssertionFailedError: should have thrown an exception
	at edu.ncsu.csc.itrust.unit.dao.reportrequest.ReportRequestDAOTest.testGetReportsUnknownRequeter(ReportRequestDAOTest.java:34)
</errorStackTrace>
          <errorDetails>should have thrown an exception</errorDetails>
          <failedSince>2</failedSince>
        </case>
        <case>
          <duration>0.059</duration>
          <className>edu.ncsu.csc.itrust.unit.dao.reportrequest.ReportRequestDAOTest</className>
          <testName>testGetReportsCheckListPatient</testName>
          <skipped>false</skipped>
          <errorStackTrace>edu.ncsu.csc.itrust.exception.DBException: A database exception has occurred. Please see the log in the console for stacktrace
	at edu.ncsu.csc.itrust.unit.dao.reportrequest.ReportRequestDAOTest.testGetReportsCheckListPatient(ReportRequestDAOTest.java:47)
</errorStackTrace>
          <errorDetails>A database exception has occurred. Please see the log in the console for stacktrace</errorDetails>
          <failedSince>1</failedSince>
        </case>
        <case>
          <duration>0.061</duration>
          <className>edu.ncsu.csc.itrust.unit.dao.reportrequest.ReportRequestDAOTest</className>
          <testName>testSetViewedFailure</testName>
          <skipped>false</skipped>
          <errorStackTrace>java.lang.NullPointerException
	at edu.ncsu.csc.itrust.unit.dao.reportrequest.ReportRequestDAOTest.testSetViewedFailure(ReportRequestDAOTest.java:100)
</errorStackTrace>
          <failedSince>2</failedSince>
        </case>
        <case>
          <duration>0.072</duration>
          <className>edu.ncsu.csc.itrust.unit.dao.reportrequest.ReportRequestDAOTest</className>
          <testName>testAddThenRetrieveReport</testName>
          <skipped>false</skipped>
          <errorStackTrace>edu.ncsu.csc.itrust.exception.DBException: A database exception has occurred. Please see the log in the console for stacktrace
	at edu.ncsu.csc.itrust.unit.dao.reportrequest.ReportRequestDAOTest.testAddThenRetrieveReport(ReportRequestDAOTest.java:89)
</errorStackTrace>
          <errorDetails>A database exception has occurred. Please see the log in the console for stacktrace</errorDetails>
          <failedSince>1</failedSince>
        </case>
        <case>
          <duration>0.059</duration>
          <className>edu.ncsu.csc.itrust.unit.dao.reportrequest.ReportRequestDAOTest</className>
          <testName>testGetReportsNullReportID</testName>
          <skipped>false</skipped>
          <failedSince>0</failedSince>
        </case>
        <case>
          <duration>0.069</duration>
          <className>edu.ncsu.csc.itrust.unit.dao.reportrequest.ReportRequestDAOTest</className>
          <testName>testGetSpecificReport4CheckDetails</testName>
          <skipped>false</skipped>
          <errorStackTrace>java.lang.NoClassDefFoundError: Could not initialize class edu.ncsu.csc.itrust.model.old.beans.ReportRequestBean
	at edu.ncsu.csc.itrust.unit.dao.reportrequest.ReportRequestDAOTest.testGetSpecificReport4CheckDetails(ReportRequestDAOTest.java:70)
</errorStackTrace>
          <errorDetails>Could not initialize class edu.ncsu.csc.itrust.model.old.beans.ReportRequestBean</errorDetails>
          <failedSince>1</failedSince>
        </case>
        <case>
          <duration>0.053</duration>
          <className>edu.ncsu.csc.itrust.unit.dao.reportrequest.ReportRequestDAOTest</className>
          <testName>testGetSpecificReport3CheckDetails</testName>
          <skipped>false</skipped>
          <errorStackTrace>java.lang.NoClassDefFoundError: Could not initialize class edu.ncsu.csc.itrust.model.old.beans.ReportRequestBean
	at edu.ncsu.csc.itrust.unit.dao.reportrequest.ReportRequestDAOTest.testGetSpecificReport3CheckDetails(ReportRequestDAOTest.java:62)
</errorStackTrace>
          <errorDetails>Could not initialize class edu.ncsu.csc.itrust.model.old.beans.ReportRequestBean</errorDetails>
          <failedSince>1</failedSince>
        </case>
        <case>
          <duration>0.069</duration>
          <className>edu.ncsu.csc.itrust.unit.dao.reportrequest.ReportRequestDAOTest</className>
          <testName>testInsertReportFailureNullMIDs</testName>
          <skipped>false</skipped>
          <errorStackTrace>java.lang.NullPointerException
	at edu.ncsu.csc.itrust.unit.dao.reportrequest.ReportRequestDAOTest.testInsertReportFailureNullMIDs(ReportRequestDAOTest.java:81)
</errorStackTrace>
          <failedSince>1</failedSince>
        </case>
        <case>
          <duration>0.058</duration>
          <className>edu.ncsu.csc.itrust.unit.dao.reportrequest.ReportRequestDAOTest</className>
          <testName>testGetReportsCheckListRequester</testName>
          <skipped>false</skipped>
          <errorStackTrace>edu.ncsu.csc.itrust.exception.DBException: A database exception has occurred. Please see the log in the console for stacktrace
	at edu.ncsu.csc.itrust.unit.dao.reportrequest.ReportRequestDAOTest.testGetReportsCheckListRequester(ReportRequestDAOTest.java:41)
</errorStackTrace>
          <errorDetails>A database exception has occurred. Please see the log in the console for stacktrace</errorDetails>
          <failedSince>1</failedSince>
        </case>
        <case>
          <duration>0.05</duration>
          <className>edu.ncsu.csc.itrust.unit.dao.reportrequest.ReportRequestDAOTest</className>
          <testName>testAddThenSetViewed</testName>
          <skipped>false</skipped>
          <errorStackTrace>edu.ncsu.csc.itrust.exception.DBException: A database exception has occurred. Please see the log in the console for stacktrace
	at edu.ncsu.csc.itrust.unit.dao.reportrequest.ReportRequestDAOTest.testAddThenSetViewed(ReportRequestDAOTest.java:108)
</errorStackTrace>
          <errorDetails>A database exception has occurred. Please see the log in the console for stacktrace</errorDetails>
          <failedSince>1</failedSince>
        </case>
      </cases>
    </suite>
    <suite>
      <file>/var/lib/jenkins/workspace/itrust-main/iTrust-v23/iTrust/target/surefire-reports/TEST-edu.ncsu.csc.itrust.unit.dao.reviews.ReviewsDAOTest.xml</file>
      <name>edu.ncsu.csc.itrust.unit.dao.reviews.ReviewsDAOTest</name>
      <duration>2.343</duration>
      <time>2.343</time>
      <cases>
        <case>
          <duration>0.235</duration>
          <className>edu.ncsu.csc.itrust.unit.dao.reviews.ReviewsDAOTest</className>
          <testName>testGetAllReviewsEvilDAO</testName>
          <skipped>false</skipped>
          <failedSince>0</failedSince>
        </case>
        <case>
          <duration>0.205</duration>
          <className>edu.ncsu.csc.itrust.unit.dao.reviews.ReviewsDAOTest</className>
          <testName>testGetReviewsEvilDAO</testName>
          <skipped>false</skipped>
          <failedSince>0</failedSince>
        </case>
        <case>
          <duration>0.237</duration>
          <className>edu.ncsu.csc.itrust.unit.dao.reviews.ReviewsDAOTest</className>
          <testName>testGetTotalAverageRating</testName>
          <skipped>false</skipped>
          <failedSince>0</failedSince>
        </case>
        <case>
          <duration>0.319</duration>
          <className>edu.ncsu.csc.itrust.unit.dao.reviews.ReviewsDAOTest</className>
          <testName>testIsRateable</testName>
          <skipped>false</skipped>
          <failedSince>0</failedSince>
        </case>
        <case>
          <duration>0.248</duration>
          <className>edu.ncsu.csc.itrust.unit.dao.reviews.ReviewsDAOTest</className>
          <testName>testGetAllReviews</testName>
          <skipped>false</skipped>
          <failedSince>0</failedSince>
        </case>
        <case>
          <duration>0.32</duration>
          <className>edu.ncsu.csc.itrust.unit.dao.reviews.ReviewsDAOTest</className>
          <testName>testAverageRatingEvilDAO</testName>
          <skipped>false</skipped>
          <failedSince>0</failedSince>
        </case>
        <case>
          <duration>0.264</duration>
          <className>edu.ncsu.csc.itrust.unit.dao.reviews.ReviewsDAOTest</className>
          <testName>testAddReviewValid</testName>
          <skipped>false</skipped>
          <failedSince>0</failedSince>
        </case>
        <case>
          <duration>0.231</duration>
          <className>edu.ncsu.csc.itrust.unit.dao.reviews.ReviewsDAOTest</className>
          <testName>testGetReviews</testName>
          <skipped>false</skipped>
          <failedSince>0</failedSince>
        </case>
        <case>
          <duration>0.282</duration>
          <className>edu.ncsu.csc.itrust.unit.dao.reviews.ReviewsDAOTest</className>
          <testName>testAddInvalidReview</testName>
          <skipped>false</skipped>
          <failedSince>0</failedSince>
        </case>
      </cases>
    </suite>
    <suite>
      <file>/var/lib/jenkins/workspace/itrust-main/iTrust-v23/iTrust/target/surefire-reports/TEST-edu.ncsu.csc.itrust.unit.dao.standards.NDCodeTest.xml</file>
      <name>edu.ncsu.csc.itrust.unit.dao.standards.NDCodeTest</name>
      <duration>0.823</duration>
      <time>0.823</time>
      <cases>
        <case>
          <duration>0.099</duration>
          <className>edu.ncsu.csc.itrust.unit.dao.standards.NDCodeTest</className>
          <testName>testGetAllFromEmptyTable</testName>
          <skipped>false</skipped>
          <failedSince>0</failedSince>
        </case>
        <case>
          <duration>0.117</duration>
          <className>edu.ncsu.csc.itrust.unit.dao.standards.NDCodeTest</className>
          <testName>testAddDupe</testName>
          <skipped>false</skipped>
          <failedSince>0</failedSince>
        </case>
        <case>
          <duration>0.101</duration>
          <className>edu.ncsu.csc.itrust.unit.dao.standards.NDCodeTest</className>
          <testName>testGetNDCodeFromEmptyTable</testName>
          <skipped>false</skipped>
          <failedSince>0</failedSince>
        </case>
        <case>
          <duration>0.178</duration>
          <className>edu.ncsu.csc.itrust.unit.dao.standards.NDCodeTest</className>
          <testName>testUpdateDescription</testName>
          <skipped>false</skipped>
          <failedSince>0</failedSince>
        </case>
        <case>
          <duration>0.127</duration>
          <className>edu.ncsu.csc.itrust.unit.dao.standards.NDCodeTest</className>
          <testName>testGetAllNDCodes</testName>
          <skipped>false</skipped>
          <failedSince>0</failedSince>
        </case>
        <case>
          <duration>0.081</duration>
          <className>edu.ncsu.csc.itrust.unit.dao.standards.NDCodeTest</className>
          <testName>testAddNDCode</testName>
          <skipped>false</skipped>
          <failedSince>0</failedSince>
        </case>
        <case>
          <duration>0.06</duration>
          <className>edu.ncsu.csc.itrust.unit.dao.standards.NDCodeTest</className>
          <testName>testGetNDCode</testName>
          <skipped>false</skipped>
          <failedSince>0</failedSince>
        </case>
        <case>
          <duration>0.056</duration>
          <className>edu.ncsu.csc.itrust.unit.dao.standards.NDCodeTest</className>
          <testName>testUpdateNonExistent</testName>
          <skipped>false</skipped>
          <failedSince>0</failedSince>
        </case>
      </cases>
    </suite>
    <suite>
      <file>/var/lib/jenkins/workspace/itrust-main/iTrust-v23/iTrust/target/surefire-reports/TEST-edu.ncsu.csc.itrust.unit.dao.standards.NDDAOExceptionTest.xml</file>
      <name>edu.ncsu.csc.itrust.unit.dao.standards.NDDAOExceptionTest</name>
      <duration>0.0</duration>
      <time>0</time>
      <cases>
        <case>
          <duration>0.0</duration>
          <className>edu.ncsu.csc.itrust.unit.dao.standards.NDDAOExceptionTest</className>
          <testName>testUpdateCodeException</testName>
          <skipped>false</skipped>
          <failedSince>0</failedSince>
        </case>
        <case>
          <duration>0.0</duration>
          <className>edu.ncsu.csc.itrust.unit.dao.standards.NDDAOExceptionTest</className>
          <testName>testGetException</testName>
          <skipped>false</skipped>
          <failedSince>0</failedSince>
        </case>
        <case>
          <duration>0.0</duration>
          <className>edu.ncsu.csc.itrust.unit.dao.standards.NDDAOExceptionTest</className>
          <testName>testAddCodeException</testName>
          <skipped>false</skipped>
          <failedSince>0</failedSince>
        </case>
        <case>
          <duration>0.0</duration>
          <className>edu.ncsu.csc.itrust.unit.dao.standards.NDDAOExceptionTest</className>
          <testName>testGetAllCodesException</testName>
          <skipped>false</skipped>
          <failedSince>0</failedSince>
        </case>
      </cases>
    </suite>
    <suite>
      <file>/var/lib/jenkins/workspace/itrust-main/iTrust-v23/iTrust/target/surefire-reports/TEST-edu.ncsu.csc.itrust.unit.dao.transaction.AccessRecordTest.xml</file>
      <name>edu.ncsu.csc.itrust.unit.dao.transaction.AccessRecordTest</name>
      <duration>0.106</duration>
      <time>0.106</time>
      <cases>
        <case>
          <duration>0.055</duration>
          <className>edu.ncsu.csc.itrust.unit.dao.transaction.AccessRecordTest</className>
          <testName>testGetAllAccesses</testName>
          <skipped>false</skipped>
          <failedSince>0</failedSince>
        </case>
        <case>
          <duration>0.051</duration>
          <className>edu.ncsu.csc.itrust.unit.dao.transaction.AccessRecordTest</className>
          <testName>testGetSomeAccesses</testName>
          <skipped>false</skipped>
          <errorStackTrace>edu.ncsu.csc.itrust.exception.DBException: A database exception has occurred. Please see the log in the console for stacktrace
	at edu.ncsu.csc.itrust.unit.dao.transaction.AccessRecordTest.testGetSomeAccesses(AccessRecordTest.java:36)
</errorStackTrace>
          <errorDetails>A database exception has occurred. Please see the log in the console for stacktrace</errorDetails>
          <failedSince>1</failedSince>
        </case>
      </cases>
    </suite>
    <suite>
      <file>/var/lib/jenkins/workspace/itrust-main/iTrust-v23/iTrust/target/surefire-reports/TEST-edu.ncsu.csc.itrust.unit.dao.transaction.LogTransactionTest.xml</file>
      <name>edu.ncsu.csc.itrust.unit.dao.transaction.LogTransactionTest</name>
      <duration>0.264</duration>
      <time>0.264</time>
      <cases>
        <case>
          <duration>0.055</duration>
          <className>edu.ncsu.csc.itrust.unit.dao.transaction.LogTransactionTest</className>
          <testName>testGetAllTransactions</testName>
          <skipped>false</skipped>
          <errorStackTrace>junit.framework.AssertionFailedError: expected:&lt;DEMOGRAPHICS_EDIT&gt; but was:&lt;LOGIN_FAILURE&gt;
	at edu.ncsu.csc.itrust.unit.dao.transaction.LogTransactionTest.testGetAllTransactions(LogTransactionTest.java:29)
</errorStackTrace>
          <errorDetails>expected:&lt;DEMOGRAPHICS_EDIT&gt; but was:&lt;LOGIN_FAILURE&gt;</errorDetails>
          <failedSince>1</failedSince>
        </case>
        <case>
          <duration>0.055</duration>
          <className>edu.ncsu.csc.itrust.unit.dao.transaction.LogTransactionTest</className>
          <testName>testLogFull</testName>
          <skipped>false</skipped>
          <errorStackTrace>junit.framework.AssertionFailedError: expected:&lt;OFFICE_VISIT_EDIT&gt; but was:&lt;LOGIN_FAILURE&gt;
	at edu.ncsu.csc.itrust.unit.dao.transaction.LogTransactionTest.testLogFull(LogTransactionTest.java:39)
</errorStackTrace>
          <errorDetails>expected:&lt;OFFICE_VISIT_EDIT&gt; but was:&lt;LOGIN_FAILURE&gt;</errorDetails>
          <failedSince>1</failedSince>
        </case>
        <case>
          <duration>0.052</duration>
          <className>edu.ncsu.csc.itrust.unit.dao.transaction.LogTransactionTest</className>
          <testName>testSecondaryMIDPatient</testName>
          <skipped>false</skipped>
          <failedSince>0</failedSince>
        </case>
        <case>
          <duration>0.055</duration>
          <className>edu.ncsu.csc.itrust.unit.dao.transaction.LogTransactionTest</className>
          <testName>testSecondaryMIDHCP</testName>
          <skipped>false</skipped>
          <failedSince>0</failedSince>
        </case>
        <case>
          <duration>0.047</duration>
          <className>edu.ncsu.csc.itrust.unit.dao.transaction.LogTransactionTest</className>
          <testName>testSecondaryMIDUAP</testName>
          <skipped>false</skipped>
          <failedSince>0</failedSince>
        </case>
      </cases>
    </suite>
    <suite>
      <file>/var/lib/jenkins/workspace/itrust-main/iTrust-v23/iTrust/target/surefire-reports/TEST-edu.ncsu.csc.itrust.unit.dao.transaction.OperationalProfileTest.xml</file>
      <name>edu.ncsu.csc.itrust.unit.dao.transaction.OperationalProfileTest</name>
      <duration>0.105</duration>
      <time>0.105</time>
      <cases>
        <case>
          <duration>0.059</duration>
          <className>edu.ncsu.csc.itrust.unit.dao.transaction.OperationalProfileTest</className>
          <testName>testOperationProfileException</testName>
          <skipped>false</skipped>
          <failedSince>0</failedSince>
        </case>
        <case>
          <duration>0.046</duration>
          <className>edu.ncsu.csc.itrust.unit.dao.transaction.OperationalProfileTest</className>
          <testName>testGetOperationalProfile</testName>
          <skipped>false</skipped>
          <errorStackTrace>java.lang.NullPointerException
	at edu.ncsu.csc.itrust.unit.dao.transaction.OperationalProfileTest.testGetOperationalProfile(OperationalProfileTest.java:33)
</errorStackTrace>
          <failedSince>1</failedSince>
        </case>
      </cases>
    </suite>
    <suite>
      <file>/var/lib/jenkins/workspace/itrust-main/iTrust-v23/iTrust/target/surefire-reports/TEST-edu.ncsu.csc.itrust.unit.dao.transaction.TransactionDAOExceptionTest.xml</file>
      <name>edu.ncsu.csc.itrust.unit.dao.transaction.TransactionDAOExceptionTest</name>
      <duration>0.0</duration>
      <time>0</time>
      <cases>
        <case>
          <duration>0.0</duration>
          <className>edu.ncsu.csc.itrust.unit.dao.transaction.TransactionDAOExceptionTest</className>
          <testName>testGetAllAccessException</testName>
          <skipped>false</skipped>
          <failedSince>0</failedSince>
        </case>
        <case>
          <duration>0.0</duration>
          <className>edu.ncsu.csc.itrust.unit.dao.transaction.TransactionDAOExceptionTest</className>
          <testName>testAllTransactionsException</testName>
          <skipped>false</skipped>
          <failedSince>0</failedSince>
        </case>
        <case>
          <duration>0.0</duration>
          <className>edu.ncsu.csc.itrust.unit.dao.transaction.TransactionDAOExceptionTest</className>
          <testName>testRecordAccessesException</testName>
          <skipped>false</skipped>
          <failedSince>0</failedSince>
        </case>
      </cases>
    </suite>
    <suite>
      <file>/var/lib/jenkins/workspace/itrust-main/iTrust-v23/iTrust/target/surefire-reports/TEST-edu.ncsu.csc.itrust.unit.db.DBBuilderTest.xml</file>
      <name>edu.ncsu.csc.itrust.unit.db.DBBuilderTest</name>
      <duration>0.176</duration>
      <time>0.176</time>
      <cases>
        <case>
          <duration>0.176</duration>
          <className>edu.ncsu.csc.itrust.unit.db.DBBuilderTest</className>
          <testName>testRebuildNoException</testName>
          <skipped>false</skipped>
          <failedSince>0</failedSince>
        </case>
      </cases>
    </suite>
    <suite>
      <file>/var/lib/jenkins/workspace/itrust-main/iTrust-v23/iTrust/target/surefire-reports/TEST-edu.ncsu.csc.itrust.unit.db.DBUtilTest.xml</file>
      <name>edu.ncsu.csc.itrust.unit.db.DBUtilTest</name>
      <duration>0.001</duration>
      <time>0.001</time>
      <cases>
        <case>
          <duration>0.0</duration>
          <className>edu.ncsu.csc.itrust.unit.db.DBUtilTest</className>
          <testName>testNoFailCloseConnection</testName>
          <skipped>false</skipped>
          <failedSince>0</failedSince>
        </case>
        <case>
          <duration>0.001</duration>
          <className>edu.ncsu.csc.itrust.unit.db.DBUtilTest</className>
          <testName>testCloseConnection</testName>
          <skipped>false</skipped>
          <failedSince>0</failedSince>
        </case>
      </cases>
    </suite>
    <suite>
      <file>/var/lib/jenkins/workspace/itrust-main/iTrust-v23/iTrust/target/surefire-reports/TEST-edu.ncsu.csc.itrust.unit.enums.BloodTypeTest.xml</file>
      <name>edu.ncsu.csc.itrust.unit.enums.BloodTypeTest</name>
      <duration>0.0</duration>
      <time>0</time>
      <cases>
        <case>
          <duration>0.0</duration>
          <className>edu.ncsu.csc.itrust.unit.enums.BloodTypeTest</className>
          <testName>testParse</testName>
          <skipped>false</skipped>
          <failedSince>0</failedSince>
        </case>
      </cases>
    </suite>
    <suite>
      <file>/var/lib/jenkins/workspace/itrust-main/iTrust-v23/iTrust/target/surefire-reports/TEST-edu.ncsu.csc.itrust.unit.enums.EthnicityTest.xml</file>
      <name>edu.ncsu.csc.itrust.unit.enums.EthnicityTest</name>
      <duration>0.001</duration>
      <time>0.001</time>
      <cases>
        <case>
          <duration>0.0</duration>
          <className>edu.ncsu.csc.itrust.unit.enums.EthnicityTest</className>
          <testName>testParse</testName>
          <skipped>false</skipped>
          <failedSince>0</failedSince>
        </case>
      </cases>
    </suite>
    <suite>
      <file>/var/lib/jenkins/workspace/itrust-main/iTrust-v23/iTrust/target/surefire-reports/TEST-edu.ncsu.csc.itrust.unit.enums.StateTest.xml</file>
      <name>edu.ncsu.csc.itrust.unit.enums.StateTest</name>
      <duration>0.0</duration>
      <time>0</time>
      <cases>
        <case>
          <duration>0.0</duration>
          <className>edu.ncsu.csc.itrust.unit.enums.StateTest</className>
          <testName>testParse</testName>
          <skipped>false</skipped>
          <failedSince>0</failedSince>
        </case>
      </cases>
    </suite>
    <suite>
      <file>/var/lib/jenkins/workspace/itrust-main/iTrust-v23/iTrust/target/surefire-reports/TEST-edu.ncsu.csc.itrust.unit.enums.TransactionTypeTest.xml</file>
      <name>edu.ncsu.csc.itrust.unit.enums.TransactionTypeTest</name>
      <duration>0.003</duration>
      <time>0.003</time>
      <cases>
        <case>
          <duration>0.0</duration>
          <className>edu.ncsu.csc.itrust.unit.enums.TransactionTypeTest</className>
          <testName>testBadParse</testName>
          <skipped>false</skipped>
          <errorStackTrace>junit.framework.AssertionFailedError: exception should have been thrown
	at edu.ncsu.csc.itrust.unit.enums.TransactionTypeTest.testBadParse(TransactionTypeTest.java:17)
</errorStackTrace>
          <errorDetails>exception should have been thrown</errorDetails>
          <failedSince>1</failedSince>
        </case>
        <case>
          <duration>0.0</duration>
          <className>edu.ncsu.csc.itrust.unit.enums.TransactionTypeTest</className>
          <testName>testParse</testName>
          <skipped>false</skipped>
          <errorStackTrace>junit.framework.AssertionFailedError: expected:&lt;LOGIN_FAILURE&gt; but was:&lt;HOME_VIEW&gt;
	at edu.ncsu.csc.itrust.unit.enums.TransactionTypeTest.testParse(TransactionTypeTest.java:9)
</errorStackTrace>
          <errorDetails>expected:&lt;LOGIN_FAILURE&gt; but was:&lt;HOME_VIEW&gt;</errorDetails>
          <failedSince>1</failedSince>
        </case>
      </cases>
    </suite>
    <suite>
      <file>/var/lib/jenkins/workspace/itrust-main/iTrust-v23/iTrust/target/surefire-reports/TEST-edu.ncsu.csc.itrust.unit.exception.AddPatientFileExceptionTest.xml</file>
      <name>edu.ncsu.csc.itrust.unit.exception.AddPatientFileExceptionTest</name>
      <duration>0.0</duration>
      <time>0</time>
      <cases>
        <case>
          <duration>0.0</duration>
          <className>edu.ncsu.csc.itrust.unit.exception.AddPatientFileExceptionTest</className>
          <testName>testMessage</testName>
          <skipped>false</skipped>
          <failedSince>0</failedSince>
        </case>
      </cases>
    </suite>
    <suite>
      <file>/var/lib/jenkins/workspace/itrust-main/iTrust-v23/iTrust/target/surefire-reports/TEST-edu.ncsu.csc.itrust.unit.exception.FormValidationExceptionTest.xml</file>
      <name>edu.ncsu.csc.itrust.unit.exception.FormValidationExceptionTest</name>
      <duration>0.0</duration>
      <time>0</time>
      <cases>
        <case>
          <duration>0.0</duration>
          <className>edu.ncsu.csc.itrust.unit.exception.FormValidationExceptionTest</className>
          <testName>testMessage</testName>
          <skipped>false</skipped>
          <failedSince>0</failedSince>
        </case>
      </cases>
    </suite>
    <suite>
      <file>/var/lib/jenkins/workspace/itrust-main/iTrust-v23/iTrust/target/surefire-reports/TEST-edu.ncsu.csc.itrust.unit.model.cptcode.CPTCodeMySQLTest.xml</file>
      <name>edu.ncsu.csc.itrust.unit.model.cptcode.CPTCodeMySQLTest</name>
      <duration>0.128</duration>
      <time>0.128</time>
      <cases>
        <case>
          <duration>0.063</duration>
          <className>edu.ncsu.csc.itrust.unit.model.cptcode.CPTCodeMySQLTest</className>
          <testName>testDiabolicals</testName>
          <skipped>false</skipped>
          <errorStackTrace>junit.framework.AssertionFailedError
	at edu.ncsu.csc.itrust.unit.model.cptcode.CPTCodeMySQLTest.testDiabolicals(CPTCodeMySQLTest.java:111)
</errorStackTrace>
          <failedSince>1</failedSince>
        </case>
        <case>
          <duration>0.005</duration>
          <className>edu.ncsu.csc.itrust.unit.model.cptcode.CPTCodeMySQLTest</className>
          <testName>testNoDataSource</testName>
          <skipped>false</skipped>
          <failedSince>0</failedSince>
        </case>
        <case>
          <duration>0.059</duration>
          <className>edu.ncsu.csc.itrust.unit.model.cptcode.CPTCodeMySQLTest</className>
          <testName>testCPTCodeMySQL</testName>
          <skipped>false</skipped>
          <errorStackTrace>edu.ncsu.csc.itrust.exception.FormValidationException: This form has not been validated correctly. The following field are not properly filled in: []
	at edu.ncsu.csc.itrust.unit.model.cptcode.CPTCodeMySQLTest.testCPTCodeMySQL(CPTCodeMySQLTest.java:41)
</errorStackTrace>
          <errorDetails>This form has not been validated correctly. The following field are not properly filled in: []</errorDetails>
          <failedSince>1</failedSince>
        </case>
      </cases>
    </suite>
    <suite>
      <file>/var/lib/jenkins/workspace/itrust-main/iTrust-v23/iTrust/target/surefire-reports/TEST-edu.ncsu.csc.itrust.unit.model.cptcode.CPTCodeTest.xml</file>
      <name>edu.ncsu.csc.itrust.unit.model.cptcode.CPTCodeTest</name>
      <duration>0.001</duration>
      <time>0.001</time>
      <cases>
        <case>
          <duration>0.0</duration>
          <className>edu.ncsu.csc.itrust.unit.model.cptcode.CPTCodeTest</className>
          <testName>testCode</testName>
          <skipped>false</skipped>
          <failedSince>0</failedSince>
        </case>
        <case>
          <duration>0.0</duration>
          <className>edu.ncsu.csc.itrust.unit.model.cptcode.CPTCodeTest</className>
          <testName>testName</testName>
          <skipped>false</skipped>
          <failedSince>0</failedSince>
        </case>
      </cases>
    </suite>
    <suite>
      <file>/var/lib/jenkins/workspace/itrust-main/iTrust-v23/iTrust/target/surefire-reports/TEST-edu.ncsu.csc.itrust.unit.model.cptcode.CPTCodeValidatorTest.xml</file>
      <name>edu.ncsu.csc.itrust.unit.model.cptcode.CPTCodeValidatorTest</name>
      <duration>0.001</duration>
      <time>0.001</time>
      <cases>
        <case>
          <duration>0.0</duration>
          <className>edu.ncsu.csc.itrust.unit.model.cptcode.CPTCodeValidatorTest</className>
          <testName>testTooLong</testName>
          <skipped>false</skipped>
          <failedSince>0</failedSince>
        </case>
        <case>
          <duration>0.001</duration>
          <className>edu.ncsu.csc.itrust.unit.model.cptcode.CPTCodeValidatorTest</className>
          <testName>testGood</testName>
          <skipped>false</skipped>
          <errorStackTrace>junit.framework.ComparisonFailure: expected:&lt;[]&gt; but was:&lt;[Name: Up to four digit integer plus a letter or digit]&gt;
	at edu.ncsu.csc.itrust.unit.model.cptcode.CPTCodeValidatorTest.testGood(CPTCodeValidatorTest.java:16)
</errorStackTrace>
          <errorDetails>expected:&lt;[]&gt; but was:&lt;[Name: Up to four digit integer plus a letter or digit]&gt;</errorDetails>
          <failedSince>2</failedSince>
        </case>
        <case>
          <duration>0.0</duration>
          <className>edu.ncsu.csc.itrust.unit.model.cptcode.CPTCodeValidatorTest</className>
          <testName>testNotInt</testName>
          <skipped>false</skipped>
          <failedSince>0</failedSince>
        </case>
      </cases>
    </suite>
    <suite>
      <file>/var/lib/jenkins/workspace/itrust-main/iTrust-v23/iTrust/target/surefire-reports/TEST-edu.ncsu.csc.itrust.unit.model.diagnosis.DiagnosisControllerTest.xml</file>
      <name>edu.ncsu.csc.itrust.unit.model.diagnosis.DiagnosisControllerTest</name>
      <duration>0.213</duration>
      <time>0.213</time>
      <cases>
        <case>
          <duration>0.212</duration>
          <className>edu.ncsu.csc.itrust.unit.model.diagnosis.DiagnosisControllerTest</className>
          <testName>testController</testName>
          <skipped>false</skipped>
          <errorStackTrace>java.lang.NullPointerException
	at edu.ncsu.csc.itrust.unit.model.diagnosis.DiagnosisControllerTest.testController(DiagnosisControllerTest.java:56)
</errorStackTrace>
          <failedSince>1</failedSince>
        </case>
      </cases>
    </suite>
    <suite>
      <file>/var/lib/jenkins/workspace/itrust-main/iTrust-v23/iTrust/target/surefire-reports/TEST-edu.ncsu.csc.itrust.unit.model.diagnosis.DiagnosisFormTest.xml</file>
      <name>edu.ncsu.csc.itrust.unit.model.diagnosis.DiagnosisFormTest</name>
      <duration>0.252</duration>
      <time>0.252</time>
      <cases>
        <case>
          <duration>0.252</duration>
          <className>edu.ncsu.csc.itrust.unit.model.diagnosis.DiagnosisFormTest</className>
          <testName>testDiagnosisForm</testName>
          <skipped>false</skipped>
          <errorStackTrace>java.lang.NullPointerException
	at edu.ncsu.csc.itrust.unit.model.diagnosis.DiagnosisFormTest.testDiagnosisForm(DiagnosisFormTest.java:48)
</errorStackTrace>
          <failedSince>1</failedSince>
        </case>
      </cases>
    </suite>
    <suite>
      <file>/var/lib/jenkins/workspace/itrust-main/iTrust-v23/iTrust/target/surefire-reports/TEST-edu.ncsu.csc.itrust.unit.model.diagnosis.DiagnosisMySQLTest.xml</file>
      <name>edu.ncsu.csc.itrust.unit.model.diagnosis.DiagnosisMySQLTest</name>
      <duration>0.975</duration>
      <time>0.975</time>
      <cases>
        <case>
          <duration>0.08</duration>
          <className>edu.ncsu.csc.itrust.unit.model.diagnosis.DiagnosisMySQLTest</className>
          <testName>testAdd</testName>
          <skipped>false</skipped>
          <errorStackTrace>junit.framework.AssertionFailedError: Cannot add null ICDCode
	at edu.ncsu.csc.itrust.unit.model.diagnosis.DiagnosisMySQLTest.testAdd(DiagnosisMySQLTest.java:64)
</errorStackTrace>
          <errorDetails>Cannot add null ICDCode</errorDetails>
          <failedSince>1</failedSince>
        </case>
        <case>
          <duration>0.108</duration>
          <className>edu.ncsu.csc.itrust.unit.model.diagnosis.DiagnosisMySQLTest</className>
          <testName>testGetAllEmergencyDiagnosis</testName>
          <skipped>false</skipped>
          <errorStackTrace>java.sql.SQLException: Column &apos;dItisiv&apos; not found.
	at edu.ncsu.csc.itrust.unit.model.diagnosis.DiagnosisMySQLTest.testGetAllEmergencyDiagnosis(DiagnosisMySQLTest.java:40)
</errorStackTrace>
          <errorDetails>Column &apos;dItisiv&apos; not found.</errorDetails>
          <failedSince>1</failedSince>
        </case>
        <case>
          <duration>0.099</duration>
          <className>edu.ncsu.csc.itrust.unit.model.diagnosis.DiagnosisMySQLTest</className>
          <testName>testGetByID</testName>
          <skipped>false</skipped>
          <failedSince>0</failedSince>
        </case>
        <case>
          <duration>0.157</duration>
          <className>edu.ncsu.csc.itrust.unit.model.diagnosis.DiagnosisMySQLTest</className>
          <testName>testMockDataSource</testName>
          <skipped>false</skipped>
          <failedSince>0</failedSince>
        </case>
        <case>
          <duration>0.178</duration>
          <className>edu.ncsu.csc.itrust.unit.model.diagnosis.DiagnosisMySQLTest</className>
          <testName>testProdConstructor</testName>
          <skipped>false</skipped>
          <failedSince>0</failedSince>
        </case>
        <case>
          <duration>0.115</duration>
          <className>edu.ncsu.csc.itrust.unit.model.diagnosis.DiagnosisMySQLTest</className>
          <testName>testGetAll</testName>
          <skipped>false</skipped>
          <errorStackTrace>edu.ncsu.csc.itrust.exception.DBException: A database exception has occurred. Please see the log in the console for stacktrace
	at edu.ncsu.csc.itrust.unit.model.diagnosis.DiagnosisMySQLTest.testGetAll(DiagnosisMySQLTest.java:49)
</errorStackTrace>
          <errorDetails>A database exception has occurred. Please see the log in the console for stacktrace</errorDetails>
          <failedSince>1</failedSince>
        </case>
        <case>
          <duration>0.087</duration>
          <className>edu.ncsu.csc.itrust.unit.model.diagnosis.DiagnosisMySQLTest</className>
          <testName>testRemove</testName>
          <skipped>false</skipped>
          <errorStackTrace>edu.ncsu.csc.itrust.exception.DBException: A database exception has occurred. Please see the log in the console for stacktrace
	at edu.ncsu.csc.itrust.unit.model.diagnosis.DiagnosisMySQLTest.testRemove(DiagnosisMySQLTest.java:135)
</errorStackTrace>
          <errorDetails>A database exception has occurred. Please see the log in the console for stacktrace</errorDetails>
          <failedSince>1</failedSince>
        </case>
        <case>
          <duration>0.149</duration>
          <className>edu.ncsu.csc.itrust.unit.model.diagnosis.DiagnosisMySQLTest</className>
          <testName>testUpdate</testName>
          <skipped>false</skipped>
          <errorStackTrace>junit.framework.AssertionFailedError: Cannot update null ICDCode
	at edu.ncsu.csc.itrust.unit.model.diagnosis.DiagnosisMySQLTest.testUpdate(DiagnosisMySQLTest.java:84)
</errorStackTrace>
          <errorDetails>Cannot update null ICDCode</errorDetails>
          <failedSince>1</failedSince>
        </case>
      </cases>
    </suite>
    <suite>
      <file>/var/lib/jenkins/workspace/itrust-main/iTrust-v23/iTrust/target/surefire-reports/TEST-edu.ncsu.csc.itrust.unit.model.diagnosis.DiagnosisTest.xml</file>
      <name>edu.ncsu.csc.itrust.unit.model.diagnosis.DiagnosisTest</name>
      <duration>0.0</duration>
      <time>0</time>
      <cases>
        <case>
          <duration>0.0</duration>
          <className>edu.ncsu.csc.itrust.unit.model.diagnosis.DiagnosisTest</className>
          <testName>testGettersAndSetters</testName>
          <skipped>false</skipped>
          <failedSince>0</failedSince>
        </case>
      </cases>
    </suite>
    <suite>
      <file>/var/lib/jenkins/workspace/itrust-main/iTrust-v23/iTrust/target/surefire-reports/TEST-edu.ncsu.csc.itrust.unit.model.emergencyRecord.EmergencyRecordMySQLTest.xml</file>
      <name>edu.ncsu.csc.itrust.unit.model.emergencyRecord.EmergencyRecordMySQLTest</name>
      <duration>0.378</duration>
      <time>0.378</time>
      <cases>
        <case>
          <duration>0.086</duration>
          <className>edu.ncsu.csc.itrust.unit.model.emergencyRecord.EmergencyRecordMySQLTest</className>
          <testName>testLoadRecord</testName>
          <skipped>false</skipped>
          <errorStackTrace>edu.ncsu.csc.itrust.exception.DBException: A database exception has occurred. Please see the log in the console for stacktrace
	at edu.ncsu.csc.itrust.unit.model.emergencyRecord.EmergencyRecordMySQLTest.testLoadRecord(EmergencyRecordMySQLTest.java:60)
</errorStackTrace>
          <errorDetails>A database exception has occurred. Please see the log in the console for stacktrace</errorDetails>
          <failedSince>1</failedSince>
        </case>
        <case>
          <duration>0.09</duration>
          <className>edu.ncsu.csc.itrust.unit.model.emergencyRecord.EmergencyRecordMySQLTest</className>
          <testName>testNoDataSource</testName>
          <skipped>false</skipped>
          <failedSince>0</failedSince>
        </case>
        <case>
          <duration>0.076</duration>
          <className>edu.ncsu.csc.itrust.unit.model.emergencyRecord.EmergencyRecordMySQLTest</className>
          <testName>testMockGetEmergencyRecordForPatient</testName>
          <skipped>false</skipped>
          <failedSince>0</failedSince>
        </case>
        <case>
          <duration>0.061</duration>
          <className>edu.ncsu.csc.itrust.unit.model.emergencyRecord.EmergencyRecordMySQLTest</className>
          <testName>testMockDataSource</testName>
          <skipped>false</skipped>
          <failedSince>0</failedSince>
        </case>
        <case>
          <duration>0.064</duration>
          <className>edu.ncsu.csc.itrust.unit.model.emergencyRecord.EmergencyRecordMySQLTest</className>
          <testName>testInvalidPatient</testName>
          <skipped>false</skipped>
          <failedSince>0</failedSince>
        </case>
      </cases>
    </suite>
    <suite>
      <file>/var/lib/jenkins/workspace/itrust-main/iTrust-v23/iTrust/target/surefire-reports/TEST-edu.ncsu.csc.itrust.unit.model.emergencyRecord.EmergencyRecordTest.xml</file>
      <name>edu.ncsu.csc.itrust.unit.model.emergencyRecord.EmergencyRecordTest</name>
      <duration>0.002</duration>
      <time>0.002</time>
      <cases>
        <case>
          <duration>0.0</duration>
          <className>edu.ncsu.csc.itrust.unit.model.emergencyRecord.EmergencyRecordTest</className>
          <testName>testContactPhone</testName>
          <skipped>false</skipped>
          <failedSince>0</failedSince>
        </case>
        <case>
          <duration>0.0</duration>
          <className>edu.ncsu.csc.itrust.unit.model.emergencyRecord.EmergencyRecordTest</className>
          <testName>testAge</testName>
          <skipped>false</skipped>
          <failedSince>0</failedSince>
        </case>
        <case>
          <duration>0.0</duration>
          <className>edu.ncsu.csc.itrust.unit.model.emergencyRecord.EmergencyRecordTest</className>
          <testName>testName</testName>
          <skipped>false</skipped>
          <failedSince>0</failedSince>
        </case>
        <case>
          <duration>0.0</duration>
          <className>edu.ncsu.csc.itrust.unit.model.emergencyRecord.EmergencyRecordTest</className>
          <testName>testPrescriptions</testName>
          <skipped>false</skipped>
          <failedSince>0</failedSince>
        </case>
        <case>
          <duration>0.0</duration>
          <className>edu.ncsu.csc.itrust.unit.model.emergencyRecord.EmergencyRecordTest</className>
          <testName>testImmunizations</testName>
          <skipped>false</skipped>
          <failedSince>0</failedSince>
        </case>
        <case>
          <duration>0.0</duration>
          <className>edu.ncsu.csc.itrust.unit.model.emergencyRecord.EmergencyRecordTest</className>
          <testName>testContactName</testName>
          <skipped>false</skipped>
          <failedSince>0</failedSince>
        </case>
        <case>
          <duration>0.001</duration>
          <className>edu.ncsu.csc.itrust.unit.model.emergencyRecord.EmergencyRecordTest</className>
          <testName>testAllergies</testName>
          <skipped>false</skipped>
          <errorStackTrace>java.lang.NullPointerException
	at edu.ncsu.csc.itrust.unit.model.emergencyRecord.EmergencyRecordTest.testAllergies(EmergencyRecordTest.java:73)
</errorStackTrace>
          <failedSince>1</failedSince>
        </case>
        <case>
          <duration>0.0</duration>
          <className>edu.ncsu.csc.itrust.unit.model.emergencyRecord.EmergencyRecordTest</className>
          <testName>testGender</testName>
          <skipped>false</skipped>
          <failedSince>0</failedSince>
        </case>
        <case>
          <duration>0.0</duration>
          <className>edu.ncsu.csc.itrust.unit.model.emergencyRecord.EmergencyRecordTest</className>
          <testName>testDiagnoses</testName>
          <skipped>false</skipped>
          <failedSince>0</failedSince>
        </case>
        <case>
          <duration>0.0</duration>
          <className>edu.ncsu.csc.itrust.unit.model.emergencyRecord.EmergencyRecordTest</className>
          <testName>testBloodType</testName>
          <skipped>false</skipped>
          <failedSince>0</failedSince>
        </case>
      </cases>
    </suite>
    <suite>
      <file>/var/lib/jenkins/workspace/itrust-main/iTrust-v23/iTrust/target/surefire-reports/TEST-edu.ncsu.csc.itrust.unit.model.icdcode.ICDCodeMySQLTest.xml</file>
      <name>edu.ncsu.csc.itrust.unit.model.icdcode.ICDCodeMySQLTest</name>
      <duration>0.161</duration>
      <time>0.161</time>
      <cases>
        <case>
          <duration>0.085</duration>
          <className>edu.ncsu.csc.itrust.unit.model.icdcode.ICDCodeMySQLTest</className>
          <testName>testDiabolicals</testName>
          <skipped>false</skipped>
          <errorStackTrace>junit.framework.AssertionFailedError
	at edu.ncsu.csc.itrust.unit.model.icdcode.ICDCodeMySQLTest.testDiabolicals(ICDCodeMySQLTest.java:111)
</errorStackTrace>
          <failedSince>1</failedSince>
        </case>
        <case>
          <duration>0.006</duration>
          <className>edu.ncsu.csc.itrust.unit.model.icdcode.ICDCodeMySQLTest</className>
          <testName>testProdConstructor</testName>
          <skipped>false</skipped>
          <failedSince>0</failedSince>
        </case>
        <case>
          <duration>0.069</duration>
          <className>edu.ncsu.csc.itrust.unit.model.icdcode.ICDCodeMySQLTest</className>
          <testName>testICDCodeMySQL</testName>
          <skipped>false</skipped>
          <errorStackTrace>edu.ncsu.csc.itrust.exception.FormValidationException: This form has not been validated correctly. The following field are not properly filled in: []
	at edu.ncsu.csc.itrust.unit.model.icdcode.ICDCodeMySQLTest.testICDCodeMySQL(ICDCodeMySQLTest.java:44)
</errorStackTrace>
          <errorDetails>This form has not been validated correctly. The following field are not properly filled in: []</errorDetails>
          <failedSince>1</failedSince>
        </case>
      </cases>
    </suite>
    <suite>
      <file>/var/lib/jenkins/workspace/itrust-main/iTrust-v23/iTrust/target/surefire-reports/TEST-edu.ncsu.csc.itrust.unit.model.icdcode.ICDCodeTest.xml</file>
      <name>edu.ncsu.csc.itrust.unit.model.icdcode.ICDCodeTest</name>
      <duration>0.001</duration>
      <time>0.001</time>
      <cases>
        <case>
          <duration>0.0</duration>
          <className>edu.ncsu.csc.itrust.unit.model.icdcode.ICDCodeTest</className>
          <testName>testICDCode</testName>
          <skipped>false</skipped>
          <failedSince>0</failedSince>
        </case>
      </cases>
    </suite>
    <suite>
      <file>/var/lib/jenkins/workspace/itrust-main/iTrust-v23/iTrust/target/surefire-reports/TEST-edu.ncsu.csc.itrust.unit.model.immunization.ImmunizationMySQLTest.xml</file>
      <name>edu.ncsu.csc.itrust.unit.model.immunization.ImmunizationMySQLTest</name>
      <duration>0.462</duration>
      <time>0.462</time>
      <cases>
        <case>
          <duration>0.066</duration>
          <className>edu.ncsu.csc.itrust.unit.model.immunization.ImmunizationMySQLTest</className>
          <testName>testAdd</testName>
          <skipped>false</skipped>
          <errorStackTrace>edu.ncsu.csc.itrust.exception.DBException: A database exception has occurred. Please see the log in the console for stacktrace
	at edu.ncsu.csc.itrust.unit.model.immunization.ImmunizationMySQLTest.testAdd(ImmunizationMySQLTest.java:75)
</errorStackTrace>
          <errorDetails>A database exception has occurred. Please see the log in the console for stacktrace</errorDetails>
          <failedSince>1</failedSince>
        </case>
        <case>
          <duration>0.096</duration>
          <className>edu.ncsu.csc.itrust.unit.model.immunization.ImmunizationMySQLTest</className>
          <testName>testNoDataSource</testName>
          <skipped>false</skipped>
          <failedSince>0</failedSince>
        </case>
        <case>
          <duration>0.095</duration>
          <className>edu.ncsu.csc.itrust.unit.model.immunization.ImmunizationMySQLTest</className>
          <testName>testGetByID</testName>
          <skipped>false</skipped>
          <errorStackTrace>edu.ncsu.csc.itrust.exception.DBException: A database exception has occurred. Please see the log in the console for stacktrace
	at edu.ncsu.csc.itrust.unit.model.immunization.ImmunizationMySQLTest.testGetByID(ImmunizationMySQLTest.java:103)
</errorStackTrace>
          <errorDetails>A database exception has occurred. Please see the log in the console for stacktrace</errorDetails>
          <failedSince>2</failedSince>
        </case>
        <case>
          <duration>0.071</duration>
          <className>edu.ncsu.csc.itrust.unit.model.immunization.ImmunizationMySQLTest</className>
          <testName>testGetAll</testName>
          <skipped>false</skipped>
          <errorStackTrace>java.lang.AssertionError
	at edu.ncsu.csc.itrust.unit.model.immunization.ImmunizationMySQLTest.testGetAll(ImmunizationMySQLTest.java:52)
</errorStackTrace>
          <failedSince>2</failedSince>
        </case>
        <case>
          <duration>0.053</duration>
          <className>edu.ncsu.csc.itrust.unit.model.immunization.ImmunizationMySQLTest</className>
          <testName>testUpdate</testName>
          <skipped>false</skipped>
          <errorStackTrace>edu.ncsu.csc.itrust.exception.DBException: A database exception has occurred. Please see the log in the console for stacktrace
	at edu.ncsu.csc.itrust.unit.model.immunization.ImmunizationMySQLTest.testUpdate(ImmunizationMySQLTest.java:143)
</errorStackTrace>
          <errorDetails>A database exception has occurred. Please see the log in the console for stacktrace</errorDetails>
          <failedSince>1</failedSince>
        </case>
        <case>
          <duration>0.077</duration>
          <className>edu.ncsu.csc.itrust.unit.model.immunization.ImmunizationMySQLTest</className>
          <testName>testGetAllImmunizations</testName>
          <skipped>false</skipped>
          <errorStackTrace>edu.ncsu.csc.itrust.exception.DBException: A database exception has occurred. Please see the log in the console for stacktrace
	at edu.ncsu.csc.itrust.unit.model.immunization.ImmunizationMySQLTest.testGetAllImmunizations(ImmunizationMySQLTest.java:122)
</errorStackTrace>
          <errorDetails>A database exception has occurred. Please see the log in the console for stacktrace</errorDetails>
          <failedSince>2</failedSince>
        </case>
      </cases>
    </suite>
    <suite>
      <file>/var/lib/jenkins/workspace/itrust-main/iTrust-v23/iTrust/target/surefire-reports/TEST-edu.ncsu.csc.itrust.unit.model.immunization.ImmunizationTest.xml</file>
      <name>edu.ncsu.csc.itrust.unit.model.immunization.ImmunizationTest</name>
      <duration>0.001</duration>
      <time>0.001</time>
      <cases>
        <case>
          <duration>0.0</duration>
          <className>edu.ncsu.csc.itrust.unit.model.immunization.ImmunizationTest</className>
          <testName>testId</testName>
          <skipped>false</skipped>
          <failedSince>0</failedSince>
        </case>
        <case>
          <duration>0.0</duration>
          <className>edu.ncsu.csc.itrust.unit.model.immunization.ImmunizationTest</className>
          <testName>testCPTCode</testName>
          <skipped>false</skipped>
          <failedSince>0</failedSince>
        </case>
        <case>
          <duration>0.001</duration>
          <className>edu.ncsu.csc.itrust.unit.model.immunization.ImmunizationTest</className>
          <testName>testVisitId</testName>
          <skipped>false</skipped>
          <failedSince>0</failedSince>
        </case>
      </cases>
    </suite>
    <suite>
      <file>/var/lib/jenkins/workspace/itrust-main/iTrust-v23/iTrust/target/surefire-reports/TEST-edu.ncsu.csc.itrust.unit.model.immunization.ImmunizationValidatorTest.xml</file>
      <name>edu.ncsu.csc.itrust.unit.model.immunization.ImmunizationValidatorTest</name>
      <duration>0.013</duration>
      <time>0.013</time>
      <cases>
        <case>
          <duration>0.004</duration>
          <className>edu.ncsu.csc.itrust.unit.model.immunization.ImmunizationValidatorTest</className>
          <testName>testValidationBadCodeZeroLength</testName>
          <skipped>false</skipped>
          <errorStackTrace>java.lang.AssertionError
	at edu.ncsu.csc.itrust.unit.model.immunization.ImmunizationValidatorTest.testValidationBadCodeZeroLength(ImmunizationValidatorTest.java:62)
</errorStackTrace>
          <failedSince>2</failedSince>
        </case>
        <case>
          <duration>0.004</duration>
          <className>edu.ncsu.csc.itrust.unit.model.immunization.ImmunizationValidatorTest</className>
          <testName>testCorrectValidation</testName>
          <skipped>false</skipped>
          <errorStackTrace>java.lang.AssertionError
	at edu.ncsu.csc.itrust.unit.model.immunization.ImmunizationValidatorTest.testCorrectValidation(ImmunizationValidatorTest.java:34)
</errorStackTrace>
          <failedSince>2</failedSince>
        </case>
        <case>
          <duration>0.004</duration>
          <className>edu.ncsu.csc.itrust.unit.model.immunization.ImmunizationValidatorTest</className>
          <testName>testValidationBadCodeLength</testName>
          <skipped>false</skipped>
          <errorStackTrace>java.lang.AssertionError
	at edu.ncsu.csc.itrust.unit.model.immunization.ImmunizationValidatorTest.testValidationBadCodeLength(ImmunizationValidatorTest.java:49)
</errorStackTrace>
          <failedSince>2</failedSince>
        </case>
      </cases>
    </suite>
    <suite>
      <file>/var/lib/jenkins/workspace/itrust-main/iTrust-v23/iTrust/target/surefire-reports/TEST-edu.ncsu.csc.itrust.unit.model.labProcedure.LabProcedureFormTest.xml</file>
      <name>edu.ncsu.csc.itrust.unit.model.labProcedure.LabProcedureFormTest</name>
      <duration>1.072</duration>
      <time>1.072</time>
      <cases>
        <case>
          <duration>0.076</duration>
          <className>edu.ncsu.csc.itrust.unit.model.labProcedure.LabProcedureFormTest</className>
          <testName>testGetLoincCodesEmpty</testName>
          <skipped>false</skipped>
          <failedSince>0</failedSince>
        </case>
        <case>
          <duration>0.069</duration>
          <className>edu.ncsu.csc.itrust.unit.model.labProcedure.LabProcedureFormTest</className>
          <testName>testSubmitReassignment</testName>
          <skipped>false</skipped>
          <failedSince>0</failedSince>
        </case>
        <case>
          <duration>0.055</duration>
          <className>edu.ncsu.csc.itrust.unit.model.labProcedure.LabProcedureFormTest</className>
          <testName>testLabProcedureFormLabProcedureControllerNullLabProcedure</testName>
          <skipped>false</skipped>
          <failedSince>0</failedSince>
        </case>
        <case>
          <duration>0.058</duration>
          <className>edu.ncsu.csc.itrust.unit.model.labProcedure.LabProcedureFormTest</className>
          <testName>testRemoveLabProcedure</testName>
          <skipped>false</skipped>
          <failedSince>0</failedSince>
        </case>
        <case>
          <duration>0.05</duration>
          <className>edu.ncsu.csc.itrust.unit.model.labProcedure.LabProcedureFormTest</className>
          <testName>testIsCommentable</testName>
          <skipped>false</skipped>
          <failedSince>0</failedSince>
        </case>
        <case>
          <duration>0.05</duration>
          <className>edu.ncsu.csc.itrust.unit.model.labProcedure.LabProcedureFormTest</className>
          <testName>testIsCommentableBadLong</testName>
          <skipped>false</skipped>
          <failedSince>0</failedSince>
        </case>
        <case>
          <duration>0.064</duration>
          <className>edu.ncsu.csc.itrust.unit.model.labProcedure.LabProcedureFormTest</className>
          <testName>testIsReassignableBadLong</testName>
          <skipped>false</skipped>
          <failedSince>0</failedSince>
        </case>
        <case>
          <duration>0.05</duration>
          <className>edu.ncsu.csc.itrust.unit.model.labProcedure.LabProcedureFormTest</className>
          <testName>testAddCommentary</testName>
          <skipped>false</skipped>
          <failedSince>0</failedSince>
        </case>
        <case>
          <duration>0.059</duration>
          <className>edu.ncsu.csc.itrust.unit.model.labProcedure.LabProcedureFormTest</className>
          <testName>testGetLoincCodes</testName>
          <skipped>false</skipped>
          <failedSince>0</failedSince>
        </case>
        <case>
          <duration>0.052</duration>
          <className>edu.ncsu.csc.itrust.unit.model.labProcedure.LabProcedureFormTest</className>
          <testName>testRecordResultsDBException</testName>
          <skipped>false</skipped>
          <failedSince>0</failedSince>
        </case>
        <case>
          <duration>0.06</duration>
          <className>edu.ncsu.csc.itrust.unit.model.labProcedure.LabProcedureFormTest</className>
          <testName>testIsLabProcedureCreated</testName>
          <skipped>false</skipped>
          <failedSince>0</failedSince>
        </case>
        <case>
          <duration>0.047</duration>
          <className>edu.ncsu.csc.itrust.unit.model.labProcedure.LabProcedureFormTest</className>
          <testName>testGetLoincCodesDBException</testName>
          <skipped>false</skipped>
          <failedSince>0</failedSince>
        </case>
        <case>
          <duration>0.054</duration>
          <className>edu.ncsu.csc.itrust.unit.model.labProcedure.LabProcedureFormTest</className>
          <testName>testIsReassignable</testName>
          <skipped>false</skipped>
          <failedSince>0</failedSince>
        </case>
        <case>
          <duration>0.055</duration>
          <className>edu.ncsu.csc.itrust.unit.model.labProcedure.LabProcedureFormTest</className>
          <testName>testIsRemovableBadLong</testName>
          <skipped>false</skipped>
          <failedSince>0</failedSince>
        </case>
        <case>
          <duration>0.054</duration>
          <className>edu.ncsu.csc.itrust.unit.model.labProcedure.LabProcedureFormTest</className>
          <testName>testLabProcedureFormLabProcedureController</testName>
          <skipped>false</skipped>
          <failedSince>0</failedSince>
        </case>
        <case>
          <duration>0.058</duration>
          <className>edu.ncsu.csc.itrust.unit.model.labProcedure.LabProcedureFormTest</className>
          <testName>testGetSelectedLabProcedure</testName>
          <skipped>false</skipped>
          <failedSince>0</failedSince>
        </case>
        <case>
          <duration>0.047</duration>
          <className>edu.ncsu.csc.itrust.unit.model.labProcedure.LabProcedureFormTest</className>
          <testName>testIsRemovable</testName>
          <skipped>false</skipped>
          <failedSince>0</failedSince>
        </case>
        <case>
          <duration>0.06</duration>
          <className>edu.ncsu.csc.itrust.unit.model.labProcedure.LabProcedureFormTest</className>
          <testName>testRecordResults</testName>
          <skipped>false</skipped>
          <failedSince>0</failedSince>
        </case>
        <case>
          <duration>0.052</duration>
          <className>edu.ncsu.csc.itrust.unit.model.labProcedure.LabProcedureFormTest</className>
          <testName>testLabProcedureForm</testName>
          <skipped>false</skipped>
          <failedSince>0</failedSince>
        </case>
      </cases>
    </suite>
    <suite>
      <file>/var/lib/jenkins/workspace/itrust-main/iTrust-v23/iTrust/target/surefire-reports/TEST-edu.ncsu.csc.itrust.unit.model.labProcedure.LabProcedureMySQLTest.xml</file>
      <name>edu.ncsu.csc.itrust.unit.model.labProcedure.LabProcedureMySQLTest</name>
      <duration>0.951</duration>
      <time>0.951</time>
      <cases>
        <case>
          <duration>0.113</duration>
          <className>edu.ncsu.csc.itrust.unit.model.labProcedure.LabProcedureMySQLTest</className>
          <testName>testUpdateInvalid</testName>
          <skipped>false</skipped>
          <failedSince>0</failedSince>
        </case>
        <case>
          <duration>0.115</duration>
          <className>edu.ncsu.csc.itrust.unit.model.labProcedure.LabProcedureMySQLTest</className>
          <testName>testRemoveLabProcedure</testName>
          <skipped>false</skipped>
          <errorStackTrace>java.lang.AssertionError: Shouldn&apos;t throw exception when removing existing lab procedure
	at edu.ncsu.csc.itrust.unit.model.labProcedure.LabProcedureMySQLTest.testRemoveLabProcedure(LabProcedureMySQLTest.java:273)
</errorStackTrace>
          <errorDetails>Shouldn&apos;t throw exception when removing existing lab procedure</errorDetails>
          <failedSince>1</failedSince>
        </case>
        <case>
          <duration>0.096</duration>
          <className>edu.ncsu.csc.itrust.unit.model.labProcedure.LabProcedureMySQLTest</className>
          <testName>testAdd</testName>
          <skipped>false</skipped>
          <errorStackTrace>java.lang.AssertionError: Adding lab procedure should not throw error: A database exception has occurred. Please see the log in the console for stacktrace
	at edu.ncsu.csc.itrust.unit.model.labProcedure.LabProcedureMySQLTest.testAdd(LabProcedureMySQLTest.java:174)
</errorStackTrace>
          <errorDetails>Adding lab procedure should not throw error: A database exception has occurred. Please see the log in the console for stacktrace</errorDetails>
          <failedSince>1</failedSince>
        </case>
        <case>
          <duration>0.082</duration>
          <className>edu.ncsu.csc.itrust.unit.model.labProcedure.LabProcedureMySQLTest</className>
          <testName>testGetLabProceduresByOfficeVisitSQLException</testName>
          <skipped>false</skipped>
          <failedSince>0</failedSince>
        </case>
        <case>
          <duration>0.11</duration>
          <className>edu.ncsu.csc.itrust.unit.model.labProcedure.LabProcedureMySQLTest</className>
          <testName>testGetLabProcedure</testName>
          <skipped>false</skipped>
          <errorStackTrace>edu.ncsu.csc.itrust.exception.DBException: A database exception has occurred. Please see the log in the console for stacktrace
	at edu.ncsu.csc.itrust.unit.model.labProcedure.LabProcedureMySQLTest.testGetLabProcedure(LabProcedureMySQLTest.java:289)
</errorStackTrace>
          <errorDetails>A database exception has occurred. Please see the log in the console for stacktrace</errorDetails>
          <failedSince>1</failedSince>
        </case>
        <case>
          <duration>0.101</duration>
          <className>edu.ncsu.csc.itrust.unit.model.labProcedure.LabProcedureMySQLTest</className>
          <testName>testAddInvalid</testName>
          <skipped>false</skipped>
          <errorStackTrace>java.lang.NullPointerException
	at edu.ncsu.csc.itrust.unit.model.labProcedure.LabProcedureMySQLTest.testAddInvalid(LabProcedureMySQLTest.java:208)
</errorStackTrace>
          <failedSince>2</failedSince>
        </case>
        <case>
          <duration>0.116</duration>
          <className>edu.ncsu.csc.itrust.unit.model.labProcedure.LabProcedureMySQLTest</className>
          <testName>testGetByID</testName>
          <skipped>false</skipped>
          <errorStackTrace>java.lang.AssertionError: Getting an existing lab procedure by ID shouldn&apos;t throw exception
	at edu.ncsu.csc.itrust.unit.model.labProcedure.LabProcedureMySQLTest.testGetByID(LabProcedureMySQLTest.java:93)
</errorStackTrace>
          <errorDetails>Getting an existing lab procedure by ID shouldn&apos;t throw exception</errorDetails>
          <failedSince>1</failedSince>
        </case>
        <case>
          <duration>0.118</duration>
          <className>edu.ncsu.csc.itrust.unit.model.labProcedure.LabProcedureMySQLTest</className>
          <testName>testGetAll</testName>
          <skipped>false</skipped>
          <errorStackTrace>java.lang.AssertionError: Getting all lab procedures shouldn&apos;t throw exception
	at edu.ncsu.csc.itrust.unit.model.labProcedure.LabProcedureMySQLTest.testGetAll(LabProcedureMySQLTest.java:153)
</errorStackTrace>
          <errorDetails>Getting all lab procedures shouldn&apos;t throw exception</errorDetails>
          <failedSince>1</failedSince>
        </case>
        <case>
          <duration>0.099</duration>
          <className>edu.ncsu.csc.itrust.unit.model.labProcedure.LabProcedureMySQLTest</className>
          <testName>testUpdate</testName>
          <skipped>false</skipped>
          <errorStackTrace>java.lang.AssertionError: Shouldn&apos;t throw exception when updating lab procedure: A database exception has occurred. Please see the log in the console for stacktrace
	at edu.ncsu.csc.itrust.unit.model.labProcedure.LabProcedureMySQLTest.testUpdate(LabProcedureMySQLTest.java:229)
</errorStackTrace>
          <errorDetails>Shouldn&apos;t throw exception when updating lab procedure: A database exception has occurred. Please see the log in the console for stacktrace</errorDetails>
          <failedSince>1</failedSince>
        </case>
      </cases>
    </suite>
    <suite>
      <file>/var/lib/jenkins/workspace/itrust-main/iTrust-v23/iTrust/target/surefire-reports/TEST-edu.ncsu.csc.itrust.unit.model.labProcedure.LabProcedureTest.xml</file>
      <name>edu.ncsu.csc.itrust.unit.model.labProcedure.LabProcedureTest</name>
      <duration>0.008</duration>
      <time>0.008</time>
      <cases>
        <case>
          <duration>0.001</duration>
          <className>edu.ncsu.csc.itrust.unit.model.labProcedure.LabProcedureTest</className>
          <testName>testGetCommentary</testName>
          <skipped>false</skipped>
          <failedSince>0</failedSince>
        </case>
        <case>
          <duration>0.0</duration>
          <className>edu.ncsu.csc.itrust.unit.model.labProcedure.LabProcedureTest</className>
          <testName>testSetLabProcedureCode</testName>
          <skipped>false</skipped>
          <failedSince>0</failedSince>
        </case>
        <case>
          <duration>0.0</duration>
          <className>edu.ncsu.csc.itrust.unit.model.labProcedure.LabProcedureTest</className>
          <testName>testSetStatusLong</testName>
          <skipped>false</skipped>
          <failedSince>0</failedSince>
        </case>
        <case>
          <duration>0.0</duration>
          <className>edu.ncsu.csc.itrust.unit.model.labProcedure.LabProcedureTest</className>
          <testName>testGetConfidenceIntervalLower</testName>
          <skipped>false</skipped>
          <failedSince>0</failedSince>
        </case>
        <case>
          <duration>0.0</duration>
          <className>edu.ncsu.csc.itrust.unit.model.labProcedure.LabProcedureTest</className>
          <testName>testGetConfidenceIntervalUpper</testName>
          <skipped>false</skipped>
          <failedSince>0</failedSince>
        </case>
        <case>
          <duration>0.0</duration>
          <className>edu.ncsu.csc.itrust.unit.model.labProcedure.LabProcedureTest</className>
          <testName>testSetConfidenceIntervalLower</testName>
          <skipped>false</skipped>
          <failedSince>0</failedSince>
        </case>
        <case>
          <duration>0.0</duration>
          <className>edu.ncsu.csc.itrust.unit.model.labProcedure.LabProcedureTest</className>
          <testName>testSetConfidenceIntervalUpper</testName>
          <skipped>false</skipped>
          <failedSince>0</failedSince>
        </case>
        <case>
          <duration>0.0</duration>
          <className>edu.ncsu.csc.itrust.unit.model.labProcedure.LabProcedureTest</className>
          <testName>testSetIsRestricted</testName>
          <skipped>false</skipped>
          <failedSince>0</failedSince>
        </case>
        <case>
          <duration>0.0</duration>
          <className>edu.ncsu.csc.itrust.unit.model.labProcedure.LabProcedureTest</className>
          <testName>testSetCommentary</testName>
          <skipped>false</skipped>
          <failedSince>0</failedSince>
        </case>
        <case>
          <duration>0.0</duration>
          <className>edu.ncsu.csc.itrust.unit.model.labProcedure.LabProcedureTest</className>
          <testName>testSetResults</testName>
          <skipped>false</skipped>
          <failedSince>0</failedSince>
        </case>
        <case>
          <duration>0.0</duration>
          <className>edu.ncsu.csc.itrust.unit.model.labProcedure.LabProcedureTest</className>
          <testName>testSetOfficeVisitID</testName>
          <skipped>false</skipped>
          <failedSince>0</failedSince>
        </case>
        <case>
          <duration>0.0</duration>
          <className>edu.ncsu.csc.itrust.unit.model.labProcedure.LabProcedureTest</className>
          <testName>testGetLabProcedureCode</testName>
          <skipped>false</skipped>
          <failedSince>0</failedSince>
        </case>
        <case>
          <duration>0.001</duration>
          <className>edu.ncsu.csc.itrust.unit.model.labProcedure.LabProcedureTest</className>
          <testName>testSetUpdatedDate</testName>
          <skipped>false</skipped>
          <failedSince>0</failedSince>
        </case>
        <case>
          <duration>0.0</duration>
          <className>edu.ncsu.csc.itrust.unit.model.labProcedure.LabProcedureTest</className>
          <testName>testSetPriority</testName>
          <skipped>false</skipped>
          <failedSince>0</failedSince>
        </case>
        <case>
          <duration>0.002</duration>
          <className>edu.ncsu.csc.itrust.unit.model.labProcedure.LabProcedureTest</className>
          <testName>testSetStatusString</testName>
          <skipped>false</skipped>
          <failedSince>0</failedSince>
        </case>
        <case>
          <duration>0.0</duration>
          <className>edu.ncsu.csc.itrust.unit.model.labProcedure.LabProcedureTest</className>
          <testName>testGetPriority</testName>
          <skipped>false</skipped>
          <failedSince>0</failedSince>
        </case>
        <case>
          <duration>0.0</duration>
          <className>edu.ncsu.csc.itrust.unit.model.labProcedure.LabProcedureTest</className>
          <testName>testSetLabProcedureID</testName>
          <skipped>false</skipped>
          <failedSince>0</failedSince>
        </case>
        <case>
          <duration>0.0</duration>
          <className>edu.ncsu.csc.itrust.unit.model.labProcedure.LabProcedureTest</className>
          <testName>testGetLabTechnicianID</testName>
          <skipped>false</skipped>
          <failedSince>0</failedSince>
        </case>
        <case>
          <duration>0.0</duration>
          <className>edu.ncsu.csc.itrust.unit.model.labProcedure.LabProcedureTest</className>
          <testName>testGetOfficeVisitID</testName>
          <skipped>false</skipped>
          <failedSince>0</failedSince>
        </case>
        <case>
          <duration>0.0</duration>
          <className>edu.ncsu.csc.itrust.unit.model.labProcedure.LabProcedureTest</className>
          <testName>testGetResults</testName>
          <skipped>false</skipped>
          <failedSince>0</failedSince>
        </case>
        <case>
          <duration>0.0</duration>
          <className>edu.ncsu.csc.itrust.unit.model.labProcedure.LabProcedureTest</className>
          <testName>testGetStatus</testName>
          <skipped>false</skipped>
          <failedSince>0</failedSince>
        </case>
        <case>
          <duration>0.0</duration>
          <className>edu.ncsu.csc.itrust.unit.model.labProcedure.LabProcedureTest</className>
          <testName>testGetLabProcedureID</testName>
          <skipped>false</skipped>
          <failedSince>0</failedSince>
        </case>
        <case>
          <duration>0.0</duration>
          <className>edu.ncsu.csc.itrust.unit.model.labProcedure.LabProcedureTest</className>
          <testName>testGetUpdatedDate</testName>
          <skipped>false</skipped>
          <failedSince>0</failedSince>
        </case>
        <case>
          <duration>0.0</duration>
          <className>edu.ncsu.csc.itrust.unit.model.labProcedure.LabProcedureTest</className>
          <testName>testIsRestricted</testName>
          <skipped>false</skipped>
          <failedSince>0</failedSince>
        </case>
        <case>
          <duration>0.0</duration>
          <className>edu.ncsu.csc.itrust.unit.model.labProcedure.LabProcedureTest</className>
          <testName>testSetLabTechnicianID</testName>
          <skipped>false</skipped>
          <failedSince>0</failedSince>
        </case>
      </cases>
    </suite>
    <suite>
      <file>/var/lib/jenkins/workspace/itrust-main/iTrust-v23/iTrust/target/surefire-reports/TEST-edu.ncsu.csc.itrust.unit.model.labProcedure.LabProcedureValidatorTest.xml</file>
      <name>edu.ncsu.csc.itrust.unit.model.labProcedure.LabProcedureValidatorTest</name>
      <duration>0.008</duration>
      <time>0.008</time>
      <cases>
        <case>
          <duration>0.001</duration>
          <className>edu.ncsu.csc.itrust.unit.model.labProcedure.LabProcedureValidatorTest</className>
          <testName>testInvalidResults</testName>
          <skipped>false</skipped>
          <errorStackTrace>java.lang.AssertionError: Validator should catch invalid field results
	at edu.ncsu.csc.itrust.unit.model.labProcedure.LabProcedureValidatorTest.tryValidateWithInvalidField(LabProcedureValidatorTest.java:203)
	at edu.ncsu.csc.itrust.unit.model.labProcedure.LabProcedureValidatorTest.testInvalidResults(LabProcedureValidatorTest.java:143)
</errorStackTrace>
          <errorDetails>Validator should catch invalid field results</errorDetails>
          <failedSince>1</failedSince>
        </case>
        <case>
          <duration>0.001</duration>
          <className>edu.ncsu.csc.itrust.unit.model.labProcedure.LabProcedureValidatorTest</className>
          <testName>testInvalidLabTechnicianID</testName>
          <skipped>false</skipped>
          <errorStackTrace>java.lang.AssertionError: Validator should catch invalid field lab technician ID
	at edu.ncsu.csc.itrust.unit.model.labProcedure.LabProcedureValidatorTest.tryValidateWithInvalidField(LabProcedureValidatorTest.java:203)
	at edu.ncsu.csc.itrust.unit.model.labProcedure.LabProcedureValidatorTest.testInvalidLabTechnicianID(LabProcedureValidatorTest.java:127)
</errorStackTrace>
          <errorDetails>Validator should catch invalid field lab technician ID</errorDetails>
          <failedSince>2</failedSince>
        </case>
        <case>
          <duration>0.0</duration>
          <className>edu.ncsu.csc.itrust.unit.model.labProcedure.LabProcedureValidatorTest</className>
          <testName>testInvalidHcpMID</testName>
          <skipped>false</skipped>
          <errorStackTrace>java.lang.AssertionError: Validator should catch invalid field HCP MID
	at edu.ncsu.csc.itrust.unit.model.labProcedure.LabProcedureValidatorTest.tryValidateWithInvalidField(LabProcedureValidatorTest.java:203)
	at edu.ncsu.csc.itrust.unit.model.labProcedure.LabProcedureValidatorTest.testInvalidHcpMID(LabProcedureValidatorTest.java:180)
</errorStackTrace>
          <errorDetails>Validator should catch invalid field HCP MID</errorDetails>
          <failedSince>2</failedSince>
        </case>
        <case>
          <duration>0.001</duration>
          <className>edu.ncsu.csc.itrust.unit.model.labProcedure.LabProcedureValidatorTest</className>
          <testName>testInvalidCommentary</testName>
          <skipped>false</skipped>
          <errorStackTrace>java.lang.AssertionError: Validator should catch invalid field commentary
	at edu.ncsu.csc.itrust.unit.model.labProcedure.LabProcedureValidatorTest.tryValidateWithInvalidField(LabProcedureValidatorTest.java:203)
	at edu.ncsu.csc.itrust.unit.model.labProcedure.LabProcedureValidatorTest.testInvalidCommentary(LabProcedureValidatorTest.java:74)
</errorStackTrace>
          <errorDetails>Validator should catch invalid field commentary</errorDetails>
          <failedSince>2</failedSince>
        </case>
        <case>
          <duration>0.0</duration>
          <className>edu.ncsu.csc.itrust.unit.model.labProcedure.LabProcedureValidatorTest</className>
          <testName>testInvalidConfidenceIntervalLower</testName>
          <skipped>false</skipped>
          <errorStackTrace>java.lang.AssertionError: Validator should catch invalid field confidence interval lower
	at edu.ncsu.csc.itrust.unit.model.labProcedure.LabProcedureValidatorTest.tryValidateWithInvalidField(LabProcedureValidatorTest.java:203)
	at edu.ncsu.csc.itrust.unit.model.labProcedure.LabProcedureValidatorTest.testInvalidConfidenceIntervalLower(LabProcedureValidatorTest.java:80)
</errorStackTrace>
          <errorDetails>Validator should catch invalid field confidence interval lower</errorDetails>
          <failedSince>2</failedSince>
        </case>
        <case>
          <duration>0.001</duration>
          <className>edu.ncsu.csc.itrust.unit.model.labProcedure.LabProcedureValidatorTest</className>
          <testName>testInvalidConfidenceIntervalUpper</testName>
          <skipped>false</skipped>
          <errorStackTrace>java.lang.AssertionError: Validator should catch invalid field confidence interval upper
	at edu.ncsu.csc.itrust.unit.model.labProcedure.LabProcedureValidatorTest.tryValidateWithInvalidField(LabProcedureValidatorTest.java:203)
	at edu.ncsu.csc.itrust.unit.model.labProcedure.LabProcedureValidatorTest.testInvalidConfidenceIntervalUpper(LabProcedureValidatorTest.java:88)
</errorStackTrace>
          <errorDetails>Validator should catch invalid field confidence interval upper</errorDetails>
          <failedSince>2</failedSince>
        </case>
        <case>
          <duration>0.0</duration>
          <className>edu.ncsu.csc.itrust.unit.model.labProcedure.LabProcedureValidatorTest</className>
          <testName>testInvalidStatus</testName>
          <skipped>false</skipped>
          <errorStackTrace>java.lang.AssertionError: Validator should catch invalid status
	at edu.ncsu.csc.itrust.unit.model.labProcedure.LabProcedureValidatorTest.testInvalidStatus(LabProcedureValidatorTest.java:165)
</errorStackTrace>
          <errorDetails>Validator should catch invalid status</errorDetails>
          <failedSince>2</failedSince>
        </case>
        <case>
          <duration>0.0</duration>
          <className>edu.ncsu.csc.itrust.unit.model.labProcedure.LabProcedureValidatorTest</className>
          <testName>testInvalidLabProcedureCode</testName>
          <skipped>false</skipped>
          <errorStackTrace>java.lang.AssertionError: Validator should catch invalid field lab procedure code
	at edu.ncsu.csc.itrust.unit.model.labProcedure.LabProcedureValidatorTest.tryValidateWithInvalidField(LabProcedureValidatorTest.java:203)
	at edu.ncsu.csc.itrust.unit.model.labProcedure.LabProcedureValidatorTest.testInvalidLabProcedureCode(LabProcedureValidatorTest.java:96)
</errorStackTrace>
          <errorDetails>Validator should catch invalid field lab procedure code</errorDetails>
          <failedSince>2</failedSince>
        </case>
        <case>
          <duration>0.0</duration>
          <className>edu.ncsu.csc.itrust.unit.model.labProcedure.LabProcedureValidatorTest</className>
          <testName>testValidLabProcedure</testName>
          <skipped>false</skipped>
          <errorStackTrace>java.lang.AssertionError: Valid lab procedure wasn&apos;t validated. Error: This form has not been validated correctly. The following field are not properly filled in: []
	at edu.ncsu.csc.itrust.unit.model.labProcedure.LabProcedureValidatorTest.testValidLabProcedure(LabProcedureValidatorTest.java:67)
</errorStackTrace>
          <errorDetails>Valid lab procedure wasn&apos;t validated. Error: This form has not been validated correctly. The following field are not properly filled in: []</errorDetails>
          <failedSince>1</failedSince>
        </case>
        <case>
          <duration>0.001</duration>
          <className>edu.ncsu.csc.itrust.unit.model.labProcedure.LabProcedureValidatorTest</className>
          <testName>testInvalidUpdatedDate</testName>
          <skipped>false</skipped>
          <errorStackTrace>java.lang.AssertionError: Validator should catch invalid field updated date
	at edu.ncsu.csc.itrust.unit.model.labProcedure.LabProcedureValidatorTest.tryValidateWithInvalidField(LabProcedureValidatorTest.java:203)
	at edu.ncsu.csc.itrust.unit.model.labProcedure.LabProcedureValidatorTest.testInvalidUpdatedDate(LabProcedureValidatorTest.java:174)
</errorStackTrace>
          <errorDetails>Validator should catch invalid field updated date</errorDetails>
          <failedSince>2</failedSince>
        </case>
        <case>
          <duration>0.0</duration>
          <className>edu.ncsu.csc.itrust.unit.model.labProcedure.LabProcedureValidatorTest</className>
          <testName>testInvalidLabProcedureID</testName>
          <skipped>false</skipped>
          <errorStackTrace>java.lang.AssertionError: Validator should catch invalid field lab procedure ID
	at edu.ncsu.csc.itrust.unit.model.labProcedure.LabProcedureValidatorTest.tryValidateWithInvalidField(LabProcedureValidatorTest.java:203)
	at edu.ncsu.csc.itrust.unit.model.labProcedure.LabProcedureValidatorTest.testInvalidLabProcedureID(LabProcedureValidatorTest.java:106)
</errorStackTrace>
          <errorDetails>Validator should catch invalid field lab procedure ID</errorDetails>
          <failedSince>1</failedSince>
        </case>
        <case>
          <duration>0.0</duration>
          <className>edu.ncsu.csc.itrust.unit.model.labProcedure.LabProcedureValidatorTest</className>
          <testName>testInvalidPriority</testName>
          <skipped>false</skipped>
          <errorStackTrace>java.lang.AssertionError: Validator should catch invalid field priority
	at edu.ncsu.csc.itrust.unit.model.labProcedure.LabProcedureValidatorTest.tryValidateWithInvalidField(LabProcedureValidatorTest.java:203)
	at edu.ncsu.csc.itrust.unit.model.labProcedure.LabProcedureValidatorTest.testInvalidPriority(LabProcedureValidatorTest.java:135)
</errorStackTrace>
          <errorDetails>Validator should catch invalid field priority</errorDetails>
          <failedSince>1</failedSince>
        </case>
        <case>
          <duration>0.001</duration>
          <className>edu.ncsu.csc.itrust.unit.model.labProcedure.LabProcedureValidatorTest</className>
          <testName>testInvalidOfficeVisitID</testName>
          <skipped>false</skipped>
          <errorStackTrace>java.lang.AssertionError: Validator should catch invalid field office visit ID
	at edu.ncsu.csc.itrust.unit.model.labProcedure.LabProcedureValidatorTest.tryValidateWithInvalidField(LabProcedureValidatorTest.java:203)
	at edu.ncsu.csc.itrust.unit.model.labProcedure.LabProcedureValidatorTest.testInvalidOfficeVisitID(LabProcedureValidatorTest.java:119)
</errorStackTrace>
          <errorDetails>Validator should catch invalid field office visit ID</errorDetails>
          <failedSince>2</failedSince>
        </case>
      </cases>
    </suite>
    <suite>
      <file>/var/lib/jenkins/workspace/itrust-main/iTrust-v23/iTrust/target/surefire-reports/TEST-edu.ncsu.csc.itrust.unit.model.loinccode.LOINCCodeMySQLTest.xml</file>
      <name>edu.ncsu.csc.itrust.unit.model.loinccode.LOINCCodeMySQLTest</name>
      <duration>1.017</duration>
      <time>1.017</time>
      <cases>
        <case>
          <duration>0.135</duration>
          <className>edu.ncsu.csc.itrust.unit.model.loinccode.LOINCCodeMySQLTest</className>
          <testName>testAdd</testName>
          <skipped>false</skipped>
          <errorStackTrace>edu.ncsu.csc.itrust.exception.FormValidationException: This form has not been validated correctly. The following field are not properly filled in: []
	at edu.ncsu.csc.itrust.unit.model.loinccode.LOINCCodeMySQLTest.testAdd(LOINCCodeMySQLTest.java:59)
</errorStackTrace>
          <errorDetails>This form has not been validated correctly. The following field are not properly filled in: []</errorDetails>
          <failedSince>1</failedSince>
        </case>
        <case>
          <duration>0.13</duration>
          <className>edu.ncsu.csc.itrust.unit.model.loinccode.LOINCCodeMySQLTest</className>
          <testName>testEdit</testName>
          <skipped>false</skipped>
          <errorStackTrace>edu.ncsu.csc.itrust.exception.FormValidationException: This form has not been validated correctly. The following field are not properly filled in: []
	at edu.ncsu.csc.itrust.unit.model.loinccode.LOINCCodeMySQLTest.testEdit(LOINCCodeMySQLTest.java:70)
</errorStackTrace>
          <errorDetails>This form has not been validated correctly. The following field are not properly filled in: []</errorDetails>
          <failedSince>1</failedSince>
        </case>
        <case>
          <duration>0.173</duration>
          <className>edu.ncsu.csc.itrust.unit.model.loinccode.LOINCCodeMySQLTest</className>
          <testName>testAddInvalid</testName>
          <skipped>false</skipped>
          <failedSince>0</failedSince>
        </case>
        <case>
          <duration>0.09</duration>
          <className>edu.ncsu.csc.itrust.unit.model.loinccode.LOINCCodeMySQLTest</className>
          <testName>testGetByID</testName>
          <skipped>false</skipped>
          <failedSince>0</failedSince>
        </case>
        <case>
          <duration>0.153</duration>
          <className>edu.ncsu.csc.itrust.unit.model.loinccode.LOINCCodeMySQLTest</className>
          <testName>testGetByCode</testName>
          <skipped>false</skipped>
          <errorStackTrace>edu.ncsu.csc.itrust.exception.DBException: A database exception has occurred. Please see the log in the console for stacktrace
	at edu.ncsu.csc.itrust.unit.model.loinccode.LOINCCodeMySQLTest.testGetByCode(LOINCCodeMySQLTest.java:49)
</errorStackTrace>
          <errorDetails>A database exception has occurred. Please see the log in the console for stacktrace</errorDetails>
          <failedSince>1</failedSince>
        </case>
        <case>
          <duration>0.143</duration>
          <className>edu.ncsu.csc.itrust.unit.model.loinccode.LOINCCodeMySQLTest</className>
          <testName>testDelete</testName>
          <skipped>false</skipped>
          <errorStackTrace>edu.ncsu.csc.itrust.exception.FormValidationException: This form has not been validated correctly. The following field are not properly filled in: []
	at edu.ncsu.csc.itrust.unit.model.loinccode.LOINCCodeMySQLTest.testDelete(LOINCCodeMySQLTest.java:96)
</errorStackTrace>
          <errorDetails>This form has not been validated correctly. The following field are not properly filled in: []</errorDetails>
          <failedSince>2</failedSince>
        </case>
        <case>
          <duration>0.192</duration>
          <className>edu.ncsu.csc.itrust.unit.model.loinccode.LOINCCodeMySQLTest</className>
          <testName>testGetAll</testName>
          <skipped>false</skipped>
          <errorStackTrace>edu.ncsu.csc.itrust.exception.DBException: A database exception has occurred. Please see the log in the console for stacktrace
	at edu.ncsu.csc.itrust.unit.model.loinccode.LOINCCodeMySQLTest.testGetAll(LOINCCodeMySQLTest.java:37)
</errorStackTrace>
          <errorDetails>A database exception has occurred. Please see the log in the console for stacktrace</errorDetails>
          <failedSince>1</failedSince>
        </case>
      </cases>
    </suite>
    <suite>
      <file>/var/lib/jenkins/workspace/itrust-main/iTrust-v23/iTrust/target/surefire-reports/TEST-edu.ncsu.csc.itrust.unit.model.loinccode.LOINCCodeTest.xml</file>
      <name>edu.ncsu.csc.itrust.unit.model.loinccode.LOINCCodeTest</name>
      <duration>0.0</duration>
      <time>0</time>
      <cases>
        <case>
          <duration>0.0</duration>
          <className>edu.ncsu.csc.itrust.unit.model.loinccode.LOINCCodeTest</className>
          <testName>testGettersAndSetters</testName>
          <skipped>false</skipped>
          <failedSince>0</failedSince>
        </case>
        <case>
          <duration>0.0</duration>
          <className>edu.ncsu.csc.itrust.unit.model.loinccode.LOINCCodeTest</className>
          <testName>testConstructors</testName>
          <skipped>false</skipped>
          <failedSince>0</failedSince>
        </case>
      </cases>
    </suite>
    <suite>
      <file>/var/lib/jenkins/workspace/itrust-main/iTrust-v23/iTrust/target/surefire-reports/TEST-edu.ncsu.csc.itrust.unit.model.medicalProcedure.MedicalProcedureMySQLTest.xml</file>
      <name>edu.ncsu.csc.itrust.unit.model.medicalProcedure.MedicalProcedureMySQLTest</name>
      <duration>0.192</duration>
      <time>0.192</time>
      <cases>
        <case>
          <duration>0.192</duration>
          <className>edu.ncsu.csc.itrust.unit.model.medicalProcedure.MedicalProcedureMySQLTest</className>
          <testName>testValids</testName>
          <skipped>false</skipped>
          <failedSince>0</failedSince>
        </case>
      </cases>
    </suite>
    <suite>
      <file>/var/lib/jenkins/workspace/itrust-main/iTrust-v23/iTrust/target/surefire-reports/TEST-edu.ncsu.csc.itrust.unit.model.medicalProcedure.MedicalProcedureTest.xml</file>
      <name>edu.ncsu.csc.itrust.unit.model.medicalProcedure.MedicalProcedureTest</name>
      <duration>0.0</duration>
      <time>0</time>
      <cases>
        <case>
          <duration>0.0</duration>
          <className>edu.ncsu.csc.itrust.unit.model.medicalProcedure.MedicalProcedureTest</className>
          <testName>testFields</testName>
          <skipped>false</skipped>
          <failedSince>0</failedSince>
        </case>
      </cases>
    </suite>
    <suite>
      <file>/var/lib/jenkins/workspace/itrust-main/iTrust-v23/iTrust/target/surefire-reports/TEST-edu.ncsu.csc.itrust.unit.model.ndcode.NDCCodeMySQLTest.xml</file>
      <name>edu.ncsu.csc.itrust.unit.model.ndcode.NDCCodeMySQLTest</name>
      <duration>0.05</duration>
      <time>0.05</time>
      <cases>
        <case>
          <duration>0.043</duration>
          <className>edu.ncsu.csc.itrust.unit.model.ndcode.NDCCodeMySQLTest</className>
          <testName>testNDCodeMySQL</testName>
          <skipped>false</skipped>
          <errorStackTrace>edu.ncsu.csc.itrust.exception.FormValidationException: This form has not been validated correctly. The following field are not properly filled in: []
	at edu.ncsu.csc.itrust.unit.model.ndcode.NDCCodeMySQLTest.testNDCodeMySQL(NDCCodeMySQLTest.java:41)
</errorStackTrace>
          <errorDetails>This form has not been validated correctly. The following field are not properly filled in: []</errorDetails>
          <failedSince>1</failedSince>
        </case>
        <case>
          <duration>0.006</duration>
          <className>edu.ncsu.csc.itrust.unit.model.ndcode.NDCCodeMySQLTest</className>
          <testName>testProdConstructor</testName>
          <skipped>false</skipped>
          <failedSince>0</failedSince>
        </case>
      </cases>
    </suite>
    <suite>
      <file>/var/lib/jenkins/workspace/itrust-main/iTrust-v23/iTrust/target/surefire-reports/TEST-edu.ncsu.csc.itrust.unit.model.ndcode.NDCCodeTest.xml</file>
      <name>edu.ncsu.csc.itrust.unit.model.ndcode.NDCCodeTest</name>
      <duration>0.0</duration>
      <time>0</time>
      <cases>
        <case>
          <duration>0.0</duration>
          <className>edu.ncsu.csc.itrust.unit.model.ndcode.NDCCodeTest</className>
          <testName>testEverything</testName>
          <skipped>false</skipped>
          <failedSince>0</failedSince>
        </case>
      </cases>
    </suite>
    <suite>
      <file>/var/lib/jenkins/workspace/itrust-main/iTrust-v23/iTrust/target/surefire-reports/TEST-edu.ncsu.csc.itrust.unit.model.officeVisit.OfficeVisitMySQLTest.xml</file>
      <name>edu.ncsu.csc.itrust.unit.model.officeVisit.OfficeVisitMySQLTest</name>
      <duration>0.394</duration>
      <time>0.394</time>
      <cases>
        <case>
          <duration>0.21</duration>
          <className>edu.ncsu.csc.itrust.unit.model.officeVisit.OfficeVisitMySQLTest</className>
          <testName>testGetPatientDOB</testName>
          <skipped>false</skipped>
          <errorStackTrace>junit.framework.AssertionFailedError: expected:&lt;2013-05-01&gt; but was:&lt;null&gt;
	at edu.ncsu.csc.itrust.unit.model.officeVisit.OfficeVisitMySQLTest.testGetPatientDOB(OfficeVisitMySQLTest.java:67)
</errorStackTrace>
          <errorDetails>expected:&lt;2013-05-01&gt; but was:&lt;null&gt;</errorDetails>
          <failedSince>1</failedSince>
        </case>
        <case>
          <duration>0.102</duration>
          <className>edu.ncsu.csc.itrust.unit.model.officeVisit.OfficeVisitMySQLTest</className>
          <testName>testGetPatientDOBWithInvalidDataSource</testName>
          <skipped>false</skipped>
          <errorStackTrace>java.lang.NullPointerException
	at edu.ncsu.csc.itrust.unit.model.officeVisit.OfficeVisitMySQLTest.testGetPatientDOBWithInvalidDataSource(OfficeVisitMySQLTest.java:79)
</errorStackTrace>
          <failedSince>1</failedSince>
        </case>
        <case>
          <duration>0.082</duration>
          <className>edu.ncsu.csc.itrust.unit.model.officeVisit.OfficeVisitMySQLTest</className>
          <testName>testGetVisitsForPatient</testName>
          <skipped>false</skipped>
          <failedSince>0</failedSince>
        </case>
      </cases>
    </suite>
    <suite>
      <file>/var/lib/jenkins/workspace/itrust-main/iTrust-v23/iTrust/target/surefire-reports/TEST-edu.ncsu.csc.itrust.unit.model.officeVisit.OfficeVisitSQLLoaderTest.xml</file>
      <name>edu.ncsu.csc.itrust.unit.model.officeVisit.OfficeVisitSQLLoaderTest</name>
      <duration>0.019</duration>
      <time>0.019</time>
      <cases>
        <case>
          <duration>0.015</duration>
          <className>edu.ncsu.csc.itrust.unit.model.officeVisit.OfficeVisitSQLLoaderTest</className>
          <testName>testSetIntOrNull</testName>
          <skipped>false</skipped>
          <failedSince>0</failedSince>
        </case>
        <case>
          <duration>0.001</duration>
          <className>edu.ncsu.csc.itrust.unit.model.officeVisit.OfficeVisitSQLLoaderTest</className>
          <testName>testSetFloatOrNull</testName>
          <skipped>false</skipped>
          <failedSince>0</failedSince>
        </case>
        <case>
          <duration>0.001</duration>
          <className>edu.ncsu.csc.itrust.unit.model.officeVisit.OfficeVisitSQLLoaderTest</className>
          <testName>testGetFloatOrNull</testName>
          <skipped>false</skipped>
          <failedSince>0</failedSince>
        </case>
        <case>
          <duration>0.001</duration>
          <className>edu.ncsu.csc.itrust.unit.model.officeVisit.OfficeVisitSQLLoaderTest</className>
          <testName>testGetIntOrNull</testName>
          <skipped>false</skipped>
          <failedSince>0</failedSince>
        </case>
      </cases>
    </suite>
    <suite>
      <file>/var/lib/jenkins/workspace/itrust-main/iTrust-v23/iTrust/target/surefire-reports/TEST-edu.ncsu.csc.itrust.unit.model.officeVisit.OfficeVisitTest.xml</file>
      <name>edu.ncsu.csc.itrust.unit.model.officeVisit.OfficeVisitTest</name>
      <duration>0.127</duration>
      <time>0.127</time>
      <cases>
        <case>
          <duration>0.006</duration>
          <className>edu.ncsu.csc.itrust.unit.model.officeVisit.OfficeVisitTest</className>
          <testName>testPatientSmokingStatus</testName>
          <skipped>false</skipped>
          <failedSince>0</failedSince>
        </case>
        <case>
          <duration>0.006</duration>
          <className>edu.ncsu.csc.itrust.unit.model.officeVisit.OfficeVisitTest</className>
          <testName>testHeadCircumference</testName>
          <skipped>false</skipped>
          <failedSince>0</failedSince>
        </case>
        <case>
          <duration>0.004</duration>
          <className>edu.ncsu.csc.itrust.unit.model.officeVisit.OfficeVisitTest</className>
          <testName>testHDL</testName>
          <skipped>false</skipped>
          <failedSince>0</failedSince>
        </case>
        <case>
          <duration>0.007</duration>
          <className>edu.ncsu.csc.itrust.unit.model.officeVisit.OfficeVisitTest</className>
          <testName>testLDL</testName>
          <skipped>false</skipped>
          <failedSince>0</failedSince>
        </case>
        <case>
          <duration>0.006</duration>
          <className>edu.ncsu.csc.itrust.unit.model.officeVisit.OfficeVisitTest</className>
          <testName>testNotes</testName>
          <skipped>false</skipped>
          <failedSince>0</failedSince>
        </case>
        <case>
          <duration>0.008</duration>
          <className>edu.ncsu.csc.itrust.unit.model.officeVisit.OfficeVisitTest</className>
          <testName>testPatient</testName>
          <skipped>false</skipped>
          <failedSince>0</failedSince>
        </case>
        <case>
          <duration>0.005</duration>
          <className>edu.ncsu.csc.itrust.unit.model.officeVisit.OfficeVisitTest</className>
          <testName>testBill</testName>
          <skipped>false</skipped>
          <failedSince>0</failedSince>
        </case>
        <case>
          <duration>0.005</duration>
          <className>edu.ncsu.csc.itrust.unit.model.officeVisit.OfficeVisitTest</className>
          <testName>testDate</testName>
          <skipped>false</skipped>
          <failedSince>0</failedSince>
        </case>
        <case>
          <duration>0.003</duration>
          <className>edu.ncsu.csc.itrust.unit.model.officeVisit.OfficeVisitTest</className>
          <testName>testID</testName>
          <skipped>false</skipped>
          <failedSince>0</failedSince>
        </case>
        <case>
          <duration>0.007</duration>
          <className>edu.ncsu.csc.itrust.unit.model.officeVisit.OfficeVisitTest</className>
          <testName>testHouseholdSmokingStatusDescription</testName>
          <skipped>false</skipped>
          <failedSince>0</failedSince>
        </case>
        <case>
          <duration>0.004</duration>
          <className>edu.ncsu.csc.itrust.unit.model.officeVisit.OfficeVisitTest</className>
          <testName>testHouseholdSmokingStatusDescriptionInvalidID</testName>
          <skipped>false</skipped>
          <failedSince>0</failedSince>
        </case>
        <case>
          <duration>0.005</duration>
          <className>edu.ncsu.csc.itrust.unit.model.officeVisit.OfficeVisitTest</className>
          <testName>testPatientSmokingStatusDescription</testName>
          <skipped>false</skipped>
          <failedSince>0</failedSince>
        </case>
        <case>
          <duration>0.005</duration>
          <className>edu.ncsu.csc.itrust.unit.model.officeVisit.OfficeVisitTest</className>
          <testName>testBloodPressure</testName>
          <skipped>false</skipped>
          <failedSince>0</failedSince>
        </case>
        <case>
          <duration>0.012</duration>
          <className>edu.ncsu.csc.itrust.unit.model.officeVisit.OfficeVisitTest</className>
          <testName>testLocationID</testName>
          <skipped>false</skipped>
          <errorStackTrace>edu.ncsu.csc.itrust.exception.DBException: A database exception has occurred. Please see the log in the console for stacktrace
	at edu.ncsu.csc.itrust.unit.model.officeVisit.OfficeVisitTest.testLocationID(OfficeVisitTest.java:61)
</errorStackTrace>
          <errorDetails>A database exception has occurred. Please see the log in the console for stacktrace</errorDetails>
          <failedSince>2</failedSince>
        </case>
        <case>
          <duration>0.005</duration>
          <className>edu.ncsu.csc.itrust.unit.model.officeVisit.OfficeVisitTest</className>
          <testName>testHouseholdSmokingStatus</testName>
          <skipped>false</skipped>
          <failedSince>0</failedSince>
        </case>
        <case>
          <duration>0.012</duration>
          <className>edu.ncsu.csc.itrust.unit.model.officeVisit.OfficeVisitTest</className>
          <testName>testApptTypeID</testName>
          <skipped>false</skipped>
          <failedSince>0</failedSince>
        </case>
        <case>
          <duration>0.005</duration>
          <className>edu.ncsu.csc.itrust.unit.model.officeVisit.OfficeVisitTest</className>
          <testName>testHeight</testName>
          <skipped>false</skipped>
          <failedSince>0</failedSince>
        </case>
        <case>
          <duration>0.005</duration>
          <className>edu.ncsu.csc.itrust.unit.model.officeVisit.OfficeVisitTest</className>
          <testName>testLength</testName>
          <skipped>false</skipped>
          <failedSince>0</failedSince>
        </case>
        <case>
          <duration>0.004</duration>
          <className>edu.ncsu.csc.itrust.unit.model.officeVisit.OfficeVisitTest</className>
          <testName>testTriglyceride</testName>
          <skipped>false</skipped>
          <failedSince>0</failedSince>
        </case>
        <case>
          <duration>0.005</duration>
          <className>edu.ncsu.csc.itrust.unit.model.officeVisit.OfficeVisitTest</className>
          <testName>testWeight</testName>
          <skipped>false</skipped>
          <failedSince>0</failedSince>
        </case>
        <case>
          <duration>0.005</duration>
          <className>edu.ncsu.csc.itrust.unit.model.officeVisit.OfficeVisitTest</className>
          <testName>testPatientSmokingStatusDescriptionInvalidID</testName>
          <skipped>false</skipped>
          <failedSince>0</failedSince>
        </case>
      </cases>
    </suite>
    <suite>
      <file>/var/lib/jenkins/workspace/itrust-main/iTrust-v23/iTrust/target/surefire-reports/TEST-edu.ncsu.csc.itrust.unit.model.officeVisit.OfficeVisitValidatorTest.xml</file>
      <name>edu.ncsu.csc.itrust.unit.model.officeVisit.OfficeVisitValidatorTest</name>
      <duration>1.504</duration>
      <time>1.504</time>
      <cases>
        <case>
          <duration>0.117</duration>
          <className>edu.ncsu.csc.itrust.unit.model.officeVisit.OfficeVisitValidatorTest</className>
          <testName>testValidChild</testName>
          <skipped>false</skipped>
          <errorStackTrace>edu.ncsu.csc.itrust.exception.DBException: A database exception has occurred. Please see the log in the console for stacktrace
	at edu.ncsu.csc.itrust.unit.model.officeVisit.OfficeVisitValidatorTest.testValidChild(OfficeVisitValidatorTest.java:467)
</errorStackTrace>
          <errorDetails>A database exception has occurred. Please see the log in the console for stacktrace</errorDetails>
          <failedSince>1</failedSince>
        </case>
        <case>
          <duration>0.118</duration>
          <className>edu.ncsu.csc.itrust.unit.model.officeVisit.OfficeVisitValidatorTest</className>
          <testName>testInvalidHeadCircumference</testName>
          <skipped>false</skipped>
          <errorStackTrace>edu.ncsu.csc.itrust.exception.DBException: A database exception has occurred. Please see the log in the console for stacktrace
	at edu.ncsu.csc.itrust.unit.model.officeVisit.OfficeVisitValidatorTest.testInvalidHeadCircumference(OfficeVisitValidatorTest.java:533)
</errorStackTrace>
          <errorDetails>A database exception has occurred. Please see the log in the console for stacktrace</errorDetails>
          <failedSince>2</failedSince>
        </case>
        <case>
          <duration>0.114</duration>
          <className>edu.ncsu.csc.itrust.unit.model.officeVisit.OfficeVisitValidatorTest</className>
          <testName>testInvalidTriglyceride</testName>
          <skipped>false</skipped>
          <errorStackTrace>edu.ncsu.csc.itrust.exception.DBException: A database exception has occurred. Please see the log in the console for stacktrace
	at edu.ncsu.csc.itrust.unit.model.officeVisit.OfficeVisitValidatorTest.testInvalidTriglyceride(OfficeVisitValidatorTest.java:397)
</errorStackTrace>
          <errorDetails>A database exception has occurred. Please see the log in the console for stacktrace</errorDetails>
          <failedSince>2</failedSince>
        </case>
        <case>
          <duration>0.12</duration>
          <className>edu.ncsu.csc.itrust.unit.model.officeVisit.OfficeVisitValidatorTest</className>
          <testName>testValidOfficeVisit</testName>
          <skipped>false</skipped>
          <errorStackTrace>edu.ncsu.csc.itrust.exception.DBException: A database exception has occurred. Please see the log in the console for stacktrace
	at edu.ncsu.csc.itrust.unit.model.officeVisit.OfficeVisitValidatorTest.testValidOfficeVisit(OfficeVisitValidatorTest.java:58)
</errorStackTrace>
          <errorDetails>A database exception has occurred. Please see the log in the console for stacktrace</errorDetails>
          <failedSince>1</failedSince>
        </case>
        <case>
          <duration>0.134</duration>
          <className>edu.ncsu.csc.itrust.unit.model.officeVisit.OfficeVisitValidatorTest</className>
          <testName>testInvalidApptID</testName>
          <skipped>false</skipped>
          <errorStackTrace>edu.ncsu.csc.itrust.exception.DBException: A database exception has occurred. Please see the log in the console for stacktrace
	at edu.ncsu.csc.itrust.unit.model.officeVisit.OfficeVisitValidatorTest.testInvalidApptID(OfficeVisitValidatorTest.java:106)
</errorStackTrace>
          <errorDetails>A database exception has occurred. Please see the log in the console for stacktrace</errorDetails>
          <failedSince>2</failedSince>
        </case>
        <case>
          <duration>0.132</duration>
          <className>edu.ncsu.csc.itrust.unit.model.officeVisit.OfficeVisitValidatorTest</className>
          <testName>testSetNullMID</testName>
          <skipped>false</skipped>
          <errorStackTrace>edu.ncsu.csc.itrust.exception.DBException: A database exception has occurred. Please see the log in the console for stacktrace
	at edu.ncsu.csc.itrust.unit.model.officeVisit.OfficeVisitValidatorTest.testSetNullMID(OfficeVisitValidatorTest.java:156)
</errorStackTrace>
          <errorDetails>A database exception has occurred. Please see the log in the console for stacktrace</errorDetails>
          <failedSince>1</failedSince>
        </case>
        <case>
          <duration>0.126</duration>
          <className>edu.ncsu.csc.itrust.unit.model.officeVisit.OfficeVisitValidatorTest</className>
          <testName>testInvalidHeight</testName>
          <skipped>false</skipped>
          <errorStackTrace>edu.ncsu.csc.itrust.exception.DBException: A database exception has occurred. Please see the log in the console for stacktrace
	at edu.ncsu.csc.itrust.unit.model.officeVisit.OfficeVisitValidatorTest.testInvalidHeight(OfficeVisitValidatorTest.java:222)
</errorStackTrace>
          <errorDetails>A database exception has occurred. Please see the log in the console for stacktrace</errorDetails>
          <failedSince>2</failedSince>
        </case>
        <case>
          <duration>0.076</duration>
          <className>edu.ncsu.csc.itrust.unit.model.officeVisit.OfficeVisitValidatorTest</className>
          <testName>testInvalidLength</testName>
          <skipped>false</skipped>
          <errorStackTrace>edu.ncsu.csc.itrust.exception.DBException: A database exception has occurred. Please see the log in the console for stacktrace
	at edu.ncsu.csc.itrust.unit.model.officeVisit.OfficeVisitValidatorTest.testInvalidLength(OfficeVisitValidatorTest.java:502)
</errorStackTrace>
          <errorDetails>A database exception has occurred. Please see the log in the console for stacktrace</errorDetails>
          <failedSince>2</failedSince>
        </case>
        <case>
          <duration>0.068</duration>
          <className>edu.ncsu.csc.itrust.unit.model.officeVisit.OfficeVisitValidatorTest</className>
          <testName>testInvalidWeight</testName>
          <skipped>false</skipped>
          <errorStackTrace>edu.ncsu.csc.itrust.exception.DBException: A database exception has occurred. Please see the log in the console for stacktrace
	at edu.ncsu.csc.itrust.unit.model.officeVisit.OfficeVisitValidatorTest.testInvalidWeight(OfficeVisitValidatorTest.java:187)
</errorStackTrace>
          <errorDetails>A database exception has occurred. Please see the log in the console for stacktrace</errorDetails>
          <failedSince>2</failedSince>
        </case>
        <case>
          <duration>0.072</duration>
          <className>edu.ncsu.csc.itrust.unit.model.officeVisit.OfficeVisitValidatorTest</className>
          <testName>testInvalidBloodPressure</testName>
          <skipped>false</skipped>
          <errorStackTrace>edu.ncsu.csc.itrust.exception.DBException: A database exception has occurred. Please see the log in the console for stacktrace
	at edu.ncsu.csc.itrust.unit.model.officeVisit.OfficeVisitValidatorTest.testInvalidBloodPressure(OfficeVisitValidatorTest.java:327)
</errorStackTrace>
          <errorDetails>A database exception has occurred. Please see the log in the console for stacktrace</errorDetails>
          <failedSince>2</failedSince>
        </case>
        <case>
          <duration>0.107</duration>
          <className>edu.ncsu.csc.itrust.unit.model.officeVisit.OfficeVisitValidatorTest</className>
          <testName>testSetInvalidHospital</testName>
          <skipped>false</skipped>
          <failedSince>0</failedSince>
        </case>
        <case>
          <duration>0.065</duration>
          <className>edu.ncsu.csc.itrust.unit.model.officeVisit.OfficeVisitValidatorTest</className>
          <testName>testInvalidHDL</testName>
          <skipped>false</skipped>
          <errorStackTrace>edu.ncsu.csc.itrust.exception.DBException: A database exception has occurred. Please see the log in the console for stacktrace
	at edu.ncsu.csc.itrust.unit.model.officeVisit.OfficeVisitValidatorTest.testInvalidHDL(OfficeVisitValidatorTest.java:362)
</errorStackTrace>
          <errorDetails>A database exception has occurred. Please see the log in the console for stacktrace</errorDetails>
          <failedSince>2</failedSince>
        </case>
        <case>
          <duration>0.068</duration>
          <className>edu.ncsu.csc.itrust.unit.model.officeVisit.OfficeVisitValidatorTest</className>
          <testName>testInvalidHSS</testName>
          <skipped>false</skipped>
          <errorStackTrace>edu.ncsu.csc.itrust.exception.DBException: A database exception has occurred. Please see the log in the console for stacktrace
	at edu.ncsu.csc.itrust.unit.model.officeVisit.OfficeVisitValidatorTest.testInvalidHSS(OfficeVisitValidatorTest.java:257)
</errorStackTrace>
          <errorDetails>A database exception has occurred. Please see the log in the console for stacktrace</errorDetails>
          <failedSince>2</failedSince>
        </case>
        <case>
          <duration>0.058</duration>
          <className>edu.ncsu.csc.itrust.unit.model.officeVisit.OfficeVisitValidatorTest</className>
          <testName>testInvalidLDL</testName>
          <skipped>false</skipped>
          <errorStackTrace>edu.ncsu.csc.itrust.exception.DBException: A database exception has occurred. Please see the log in the console for stacktrace
	at edu.ncsu.csc.itrust.unit.model.officeVisit.OfficeVisitValidatorTest.testInvalidLDL(OfficeVisitValidatorTest.java:432)
</errorStackTrace>
          <errorDetails>A database exception has occurred. Please see the log in the console for stacktrace</errorDetails>
          <failedSince>2</failedSince>
        </case>
        <case>
          <duration>0.057</duration>
          <className>edu.ncsu.csc.itrust.unit.model.officeVisit.OfficeVisitValidatorTest</className>
          <testName>testInvalidMID</testName>
          <skipped>false</skipped>
          <errorStackTrace>edu.ncsu.csc.itrust.exception.DBException: A database exception has occurred. Please see the log in the console for stacktrace
	at edu.ncsu.csc.itrust.unit.model.officeVisit.OfficeVisitValidatorTest.testInvalidMID(OfficeVisitValidatorTest.java:85)
</errorStackTrace>
          <errorDetails>A database exception has occurred. Please see the log in the console for stacktrace</errorDetails>
          <failedSince>2</failedSince>
        </case>
        <case>
          <duration>0.065</duration>
          <className>edu.ncsu.csc.itrust.unit.model.officeVisit.OfficeVisitValidatorTest</className>
          <testName>testInvalidPSS</testName>
          <skipped>false</skipped>
          <errorStackTrace>edu.ncsu.csc.itrust.exception.DBException: A database exception has occurred. Please see the log in the console for stacktrace
	at edu.ncsu.csc.itrust.unit.model.officeVisit.OfficeVisitValidatorTest.testInvalidPSS(OfficeVisitValidatorTest.java:292)
</errorStackTrace>
          <errorDetails>A database exception has occurred. Please see the log in the console for stacktrace</errorDetails>
          <failedSince>2</failedSince>
        </case>
      </cases>
    </suite>
    <suite>
      <file>/var/lib/jenkins/workspace/itrust-main/iTrust-v23/iTrust/target/surefire-reports/TEST-edu.ncsu.csc.itrust.unit.model.patient.PatientDataTest.xml</file>
      <name>edu.ncsu.csc.itrust.unit.model.patient.PatientDataTest</name>
      <duration>0.04</duration>
      <time>0.04</time>
      <cases>
        <case>
          <duration>0.02</duration>
          <className>edu.ncsu.csc.itrust.unit.model.patient.PatientDataTest</className>
          <testName>testGetPatient1</testName>
          <skipped>false</skipped>
          <errorStackTrace>java.lang.IllegalArgumentException: Role patient does not exist
	at edu.ncsu.csc.itrust.unit.model.patient.PatientDataTest.testGetPatient1(PatientDataTest.java:51)
</errorStackTrace>
          <errorDetails>Role patient does not exist</errorDetails>
          <failedSince>2</failedSince>
        </case>
        <case>
          <duration>0.019</duration>
          <className>edu.ncsu.csc.itrust.unit.model.patient.PatientDataTest</className>
          <testName>testGetHCPInstead</testName>
          <skipped>false</skipped>
          <failedSince>0</failedSince>
        </case>
      </cases>
    </suite>
    <suite>
      <file>/var/lib/jenkins/workspace/itrust-main/iTrust-v23/iTrust/target/surefire-reports/TEST-edu.ncsu.csc.itrust.unit.model.prescription.PrescriptionMySQLTest.xml</file>
      <name>edu.ncsu.csc.itrust.unit.model.prescription.PrescriptionMySQLTest</name>
      <duration>0.696</duration>
      <time>0.696</time>
      <cases>
        <case>
          <duration>0.085</duration>
          <className>edu.ncsu.csc.itrust.unit.model.prescription.PrescriptionMySQLTest</className>
          <testName>testGetPrescriptionsForOfficeVisit</testName>
          <skipped>false</skipped>
          <failedSince>0</failedSince>
        </case>
        <case>
          <duration>0.095</duration>
          <className>edu.ncsu.csc.itrust.unit.model.prescription.PrescriptionMySQLTest</className>
          <testName>testAddUpdateAndDelete</testName>
          <skipped>false</skipped>
          <errorStackTrace>java.sql.SQLException: This form has not been validated correctly. The following field are not properly filled in: []
	at edu.ncsu.csc.itrust.unit.model.prescription.PrescriptionMySQLTest.testAddUpdateAndDelete(PrescriptionMySQLTest.java:163)
</errorStackTrace>
          <errorDetails>This form has not been validated correctly. The following field are not properly filled in: []</errorDetails>
          <failedSince>1</failedSince>
        </case>
        <case>
          <duration>0.074</duration>
          <className>edu.ncsu.csc.itrust.unit.model.prescription.PrescriptionMySQLTest</className>
          <testName>testMockGetPrescriptionsForPatientEndingAfter</testName>
          <skipped>false</skipped>
          <failedSince>0</failedSince>
        </case>
        <case>
          <duration>0.076</duration>
          <className>edu.ncsu.csc.itrust.unit.model.prescription.PrescriptionMySQLTest</className>
          <testName>testNoDataSource</testName>
          <skipped>false</skipped>
          <failedSince>0</failedSince>
        </case>
        <case>
          <duration>0.068</duration>
          <className>edu.ncsu.csc.itrust.unit.model.prescription.PrescriptionMySQLTest</className>
          <testName>testGetPrescriptionByID</testName>
          <skipped>false</skipped>
          <failedSince>0</failedSince>
        </case>
        <case>
          <duration>0.087</duration>
          <className>edu.ncsu.csc.itrust.unit.model.prescription.PrescriptionMySQLTest</className>
          <testName>testGetCodeName</testName>
          <skipped>false</skipped>
          <failedSince>0</failedSince>
        </case>
        <case>
          <duration>0.06</duration>
          <className>edu.ncsu.csc.itrust.unit.model.prescription.PrescriptionMySQLTest</className>
          <testName>testMockDataSource</testName>
          <skipped>false</skipped>
          <failedSince>0</failedSince>
        </case>
        <case>
          <duration>0.068</duration>
          <className>edu.ncsu.csc.itrust.unit.model.prescription.PrescriptionMySQLTest</className>
          <testName>testGetPrescriptionsForMID</testName>
          <skipped>false</skipped>
          <failedSince>0</failedSince>
        </case>
        <case>
          <duration>0.08</duration>
          <className>edu.ncsu.csc.itrust.unit.model.prescription.PrescriptionMySQLTest</className>
          <testName>testGetPrescriptionsForPatientEndingAfter</testName>
          <skipped>false</skipped>
          <failedSince>0</failedSince>
        </case>
      </cases>
    </suite>
    <suite>
      <file>/var/lib/jenkins/workspace/itrust-main/iTrust-v23/iTrust/target/surefire-reports/TEST-edu.ncsu.csc.itrust.unit.model.prescription.PrescriptionTest.xml</file>
      <name>edu.ncsu.csc.itrust.unit.model.prescription.PrescriptionTest</name>
      <duration>0.0</duration>
      <time>0</time>
      <cases>
        <case>
          <duration>0.0</duration>
          <className>edu.ncsu.csc.itrust.unit.model.prescription.PrescriptionTest</className>
          <testName>testEverything</testName>
          <skipped>false</skipped>
          <failedSince>0</failedSince>
        </case>
      </cases>
    </suite>
    <suite>
      <file>/var/lib/jenkins/workspace/itrust-main/iTrust-v23/iTrust/target/surefire-reports/TEST-edu.ncsu.csc.itrust.unit.model.user.UserDataTest.xml</file>
      <name>edu.ncsu.csc.itrust.unit.model.user.UserDataTest</name>
      <duration>0.03</duration>
      <time>0.03</time>
      <cases>
        <case>
          <duration>0.016</duration>
          <className>edu.ncsu.csc.itrust.unit.model.user.UserDataTest</className>
          <testName>testGetPatientUser</testName>
          <skipped>false</skipped>
          <errorStackTrace>java.lang.IllegalArgumentException: Role patient does not exist
	at edu.ncsu.csc.itrust.unit.model.user.UserDataTest.testGetPatientUser(UserDataTest.java:37)
</errorStackTrace>
          <errorDetails>Role patient does not exist</errorDetails>
          <failedSince>1</failedSince>
        </case>
        <case>
          <duration>0.012</duration>
          <className>edu.ncsu.csc.itrust.unit.model.user.UserDataTest</className>
          <testName>testGetHCPUser</testName>
          <skipped>false</skipped>
          <errorStackTrace>java.lang.IllegalArgumentException: Role hcp does not exist
	at edu.ncsu.csc.itrust.unit.model.user.UserDataTest.testGetHCPUser(UserDataTest.java:47)
</errorStackTrace>
          <errorDetails>Role hcp does not exist</errorDetails>
          <failedSince>1</failedSince>
        </case>
      </cases>
    </suite>
    <suite>
      <file>/var/lib/jenkins/workspace/itrust-main/iTrust-v23/iTrust/target/surefire-reports/TEST-edu.ncsu.csc.itrust.unit.model.user.UserTest.xml</file>
      <name>edu.ncsu.csc.itrust.unit.model.user.UserTest</name>
      <duration>0.0</duration>
      <time>0</time>
      <cases>
        <case>
          <duration>0.0</duration>
          <className>edu.ncsu.csc.itrust.unit.model.user.UserTest</className>
          <testName>testMID</testName>
          <skipped>false</skipped>
          <failedSince>0</failedSince>
        </case>
        <case>
          <duration>0.0</duration>
          <className>edu.ncsu.csc.itrust.unit.model.user.UserTest</className>
          <testName>testRole</testName>
          <skipped>false</skipped>
          <failedSince>0</failedSince>
        </case>
        <case>
          <duration>0.0</duration>
          <className>edu.ncsu.csc.itrust.unit.model.user.UserTest</className>
          <testName>testLastName</testName>
          <skipped>false</skipped>
          <failedSince>0</failedSince>
        </case>
        <case>
          <duration>0.0</duration>
          <className>edu.ncsu.csc.itrust.unit.model.user.UserTest</className>
          <testName>testSmallMID</testName>
          <skipped>false</skipped>
          <failedSince>0</failedSince>
        </case>
        <case>
          <duration>0.0</duration>
          <className>edu.ncsu.csc.itrust.unit.model.user.UserTest</className>
          <testName>testFirstName</testName>
          <skipped>false</skipped>
          <failedSince>0</failedSince>
        </case>
        <case>
          <duration>0.0</duration>
          <className>edu.ncsu.csc.itrust.unit.model.user.UserTest</className>
          <testName>testBigMID</testName>
          <skipped>false</skipped>
          <failedSince>0</failedSince>
        </case>
      </cases>
    </suite>
    <suite>
      <file>/var/lib/jenkins/workspace/itrust-main/iTrust-v23/iTrust/target/surefire-reports/TEST-edu.ncsu.csc.itrust.unit.report.DemographicReportFilterTest.xml</file>
      <name>edu.ncsu.csc.itrust.unit.report.DemographicReportFilterTest</name>
      <duration>14.015</duration>
      <time>14.015</time>
      <cases>
        <case>
          <duration>0.248</duration>
          <className>edu.ncsu.csc.itrust.unit.report.DemographicReportFilterTest</className>
          <testName>testFilterByGenderNoResult</testName>
          <skipped>false</skipped>
          <failedSince>0</failedSince>
        </case>
        <case>
          <duration>0.267</duration>
          <className>edu.ncsu.csc.itrust.unit.report.DemographicReportFilterTest</className>
          <testName>testFilterByParentLastName2</testName>
          <skipped>false</skipped>
          <failedSince>0</failedSince>
        </case>
        <case>
          <duration>0.217</duration>
          <className>edu.ncsu.csc.itrust.unit.report.DemographicReportFilterTest</className>
          <testName>testFilterByICID</testName>
          <skipped>false</skipped>
          <failedSince>0</failedSince>
        </case>
        <case>
          <duration>0.229</duration>
          <className>edu.ncsu.csc.itrust.unit.report.DemographicReportFilterTest</className>
          <testName>testFilterByZip2</testName>
          <skipped>false</skipped>
          <failedSince>0</failedSince>
        </case>
        <case>
          <duration>0.225</duration>
          <className>edu.ncsu.csc.itrust.unit.report.DemographicReportFilterTest</className>
          <testName>testFilterByMID</testName>
          <skipped>false</skipped>
          <failedSince>0</failedSince>
        </case>
        <case>
          <duration>0.219</duration>
          <className>edu.ncsu.csc.itrust.unit.report.DemographicReportFilterTest</className>
          <testName>testFilterByZip</testName>
          <skipped>false</skipped>
          <failedSince>0</failedSince>
        </case>
        <case>
          <duration>0.194</duration>
          <className>edu.ncsu.csc.itrust.unit.report.DemographicReportFilterTest</className>
          <testName>testFilterByStateNoResult</testName>
          <skipped>false</skipped>
          <failedSince>0</failedSince>
        </case>
        <case>
          <duration>0.323</duration>
          <className>edu.ncsu.csc.itrust.unit.report.DemographicReportFilterTest</className>
          <testName>testFilterByChildFirstName</testName>
          <skipped>false</skipped>
          <failedSince>0</failedSince>
        </case>
        <case>
          <duration>0.169</duration>
          <className>edu.ncsu.csc.itrust.unit.report.DemographicReportFilterTest</className>
          <testName>testFilterByFirstNameNoResult</testName>
          <skipped>false</skipped>
          <failedSince>0</failedSince>
        </case>
        <case>
          <duration>0.168</duration>
          <className>edu.ncsu.csc.itrust.unit.report.DemographicReportFilterTest</className>
          <testName>testFilterTypeFromString</testName>
          <skipped>false</skipped>
          <failedSince>0</failedSince>
        </case>
        <case>
          <duration>0.172</duration>
          <className>edu.ncsu.csc.itrust.unit.report.DemographicReportFilterTest</className>
          <testName>testFilterByParentLastName</testName>
          <skipped>false</skipped>
          <failedSince>0</failedSince>
        </case>
        <case>
          <duration>0.181</duration>
          <className>edu.ncsu.csc.itrust.unit.report.DemographicReportFilterTest</className>
          <testName>testToString</testName>
          <skipped>false</skipped>
          <failedSince>0</failedSince>
        </case>
        <case>
          <duration>0.213</duration>
          <className>edu.ncsu.csc.itrust.unit.report.DemographicReportFilterTest</className>
          <testName>testFilterByCityNoResult</testName>
          <skipped>false</skipped>
          <failedSince>0</failedSince>
        </case>
        <case>
          <duration>0.212</duration>
          <className>edu.ncsu.csc.itrust.unit.report.DemographicReportFilterTest</className>
          <testName>testFilterByICAddress1</testName>
          <skipped>false</skipped>
          <failedSince>0</failedSince>
        </case>
        <case>
          <duration>0.225</duration>
          <className>edu.ncsu.csc.itrust.unit.report.DemographicReportFilterTest</className>
          <testName>testFilterByICAddress2</testName>
          <skipped>false</skipped>
          <failedSince>0</failedSince>
        </case>
        <case>
          <duration>0.278</duration>
          <className>edu.ncsu.csc.itrust.unit.report.DemographicReportFilterTest</className>
          <testName>testFilterByICAddress3</testName>
          <skipped>false</skipped>
          <failedSince>0</failedSince>
        </case>
        <case>
          <duration>0.303</duration>
          <className>edu.ncsu.csc.itrust.unit.report.DemographicReportFilterTest</className>
          <testName>testFilterByChildFirstNameNoResult</testName>
          <skipped>false</skipped>
          <failedSince>0</failedSince>
        </case>
        <case>
          <duration>0.243</duration>
          <className>edu.ncsu.csc.itrust.unit.report.DemographicReportFilterTest</className>
          <testName>testFilterBySiblingLastName</testName>
          <skipped>false</skipped>
          <failedSince>0</failedSince>
        </case>
        <case>
          <duration>0.214</duration>
          <className>edu.ncsu.csc.itrust.unit.report.DemographicReportFilterTest</className>
          <testName>testFilterByChildLastNameNoResult</testName>
          <skipped>false</skipped>
          <failedSince>0</failedSince>
        </case>
        <case>
          <duration>0.216</duration>
          <className>edu.ncsu.csc.itrust.unit.report.DemographicReportFilterTest</className>
          <testName>testGetFilterTypeString</testName>
          <skipped>false</skipped>
          <failedSince>0</failedSince>
        </case>
        <case>
          <duration>0.213</duration>
          <className>edu.ncsu.csc.itrust.unit.report.DemographicReportFilterTest</className>
          <testName>testFilterByLowerAge</testName>
          <skipped>false</skipped>
          <failedSince>0</failedSince>
        </case>
        <case>
          <duration>0.219</duration>
          <className>edu.ncsu.csc.itrust.unit.report.DemographicReportFilterTest</className>
          <testName>testFilterByICPhone</testName>
          <skipped>false</skipped>
          <failedSince>0</failedSince>
        </case>
        <case>
          <duration>0.158</duration>
          <className>edu.ncsu.csc.itrust.unit.report.DemographicReportFilterTest</className>
          <testName>testFilterByICState</testName>
          <skipped>false</skipped>
          <failedSince>0</failedSince>
        </case>
        <case>
          <duration>0.218</duration>
          <className>edu.ncsu.csc.itrust.unit.report.DemographicReportFilterTest</className>
          <testName>testFilterByLastName</testName>
          <skipped>false</skipped>
          <failedSince>0</failedSince>
        </case>
        <case>
          <duration>0.202</duration>
          <className>edu.ncsu.csc.itrust.unit.report.DemographicReportFilterTest</className>
          <testName>testFilterByGender</testName>
          <skipped>false</skipped>
          <failedSince>0</failedSince>
        </case>
        <case>
          <duration>0.21</duration>
          <className>edu.ncsu.csc.itrust.unit.report.DemographicReportFilterTest</className>
          <testName>testFilterByPhoneNoResult</testName>
          <skipped>false</skipped>
          <failedSince>0</failedSince>
        </case>
        <case>
          <duration>0.213</duration>
          <className>edu.ncsu.csc.itrust.unit.report.DemographicReportFilterTest</className>
          <testName>testFilterByICCity</testName>
          <skipped>false</skipped>
          <failedSince>0</failedSince>
        </case>
        <case>
          <duration>0.246</duration>
          <className>edu.ncsu.csc.itrust.unit.report.DemographicReportFilterTest</className>
          <testName>testFilterByICName</testName>
          <skipped>false</skipped>
          <failedSince>0</failedSince>
        </case>
        <case>
          <duration>0.274</duration>
          <className>edu.ncsu.csc.itrust.unit.report.DemographicReportFilterTest</className>
          <testName>testFilterByInvalidUpperAge</testName>
          <skipped>false</skipped>
          <failedSince>0</failedSince>
        </case>
        <case>
          <duration>0.252</duration>
          <className>edu.ncsu.csc.itrust.unit.report.DemographicReportFilterTest</className>
          <testName>testFilterBySiblingFirstNameNoResult</testName>
          <skipped>false</skipped>
          <failedSince>0</failedSince>
        </case>
        <case>
          <duration>0.211</duration>
          <className>edu.ncsu.csc.itrust.unit.report.DemographicReportFilterTest</className>
          <testName>testGetFilterType</testName>
          <skipped>false</skipped>
          <failedSince>0</failedSince>
        </case>
        <case>
          <duration>0.213</duration>
          <className>edu.ncsu.csc.itrust.unit.report.DemographicReportFilterTest</className>
          <testName>testFilterByLastNameNoResult</testName>
          <skipped>false</skipped>
          <failedSince>0</failedSince>
        </case>
        <case>
          <duration>0.243</duration>
          <className>edu.ncsu.csc.itrust.unit.report.DemographicReportFilterTest</className>
          <testName>testFilterBySiblingFirstName</testName>
          <skipped>false</skipped>
          <failedSince>0</failedSince>
        </case>
        <case>
          <duration>0.209</duration>
          <className>edu.ncsu.csc.itrust.unit.report.DemographicReportFilterTest</className>
          <testName>testFilterByContactEmail</testName>
          <skipped>false</skipped>
          <failedSince>0</failedSince>
        </case>
        <case>
          <duration>0.202</duration>
          <className>edu.ncsu.csc.itrust.unit.report.DemographicReportFilterTest</className>
          <testName>testFilterByInsuranceZipNoResult</testName>
          <skipped>false</skipped>
          <failedSince>0</failedSince>
        </case>
        <case>
          <duration>0.223</duration>
          <className>edu.ncsu.csc.itrust.unit.report.DemographicReportFilterTest</className>
          <testName>testFilterByOnlyDeactivated</testName>
          <skipped>false</skipped>
          <failedSince>0</failedSince>
        </case>
        <case>
          <duration>0.233</duration>
          <className>edu.ncsu.csc.itrust.unit.report.DemographicReportFilterTest</className>
          <testName>testFilterByStreetAddrNoResult</testName>
          <skipped>false</skipped>
          <failedSince>0</failedSince>
        </case>
        <case>
          <duration>0.214</duration>
          <className>edu.ncsu.csc.itrust.unit.report.DemographicReportFilterTest</className>
          <testName>testFilterByZipNoResult</testName>
          <skipped>false</skipped>
          <failedSince>0</failedSince>
        </case>
        <case>
          <duration>0.226</duration>
          <className>edu.ncsu.csc.itrust.unit.report.DemographicReportFilterTest</className>
          <testName>testFilterByInvalidLowerAge</testName>
          <skipped>false</skipped>
          <failedSince>0</failedSince>
        </case>
        <case>
          <duration>0.27</duration>
          <className>edu.ncsu.csc.itrust.unit.report.DemographicReportFilterTest</className>
          <testName>testFilterBySiblingLastNameNoResult</testName>
          <skipped>false</skipped>
          <failedSince>0</failedSince>
        </case>
        <case>
          <duration>0.164</duration>
          <className>edu.ncsu.csc.itrust.unit.report.DemographicReportFilterTest</className>
          <testName>testFilterByParentFirstName</testName>
          <skipped>false</skipped>
          <failedSince>0</failedSince>
        </case>
        <case>
          <duration>0.14</duration>
          <className>edu.ncsu.csc.itrust.unit.report.DemographicReportFilterTest</className>
          <testName>testFilterByStreetAddr1</testName>
          <skipped>false</skipped>
          <failedSince>0</failedSince>
        </case>
        <case>
          <duration>0.22</duration>
          <className>edu.ncsu.csc.itrust.unit.report.DemographicReportFilterTest</className>
          <testName>testFilterByStreetAddr2</testName>
          <skipped>false</skipped>
          <failedSince>0</failedSince>
        </case>
        <case>
          <duration>0.208</duration>
          <className>edu.ncsu.csc.itrust.unit.report.DemographicReportFilterTest</className>
          <testName>testFilterByStreetAddr3</testName>
          <skipped>false</skipped>
          <failedSince>0</failedSince>
        </case>
        <case>
          <duration>0.203</duration>
          <className>edu.ncsu.csc.itrust.unit.report.DemographicReportFilterTest</className>
          <testName>testFilterByLowerAgeNoResult</testName>
          <skipped>false</skipped>
          <failedSince>0</failedSince>
        </case>
        <case>
          <duration>0.222</duration>
          <className>edu.ncsu.csc.itrust.unit.report.DemographicReportFilterTest</className>
          <testName>testFilterByFirstName</testName>
          <skipped>false</skipped>
          <failedSince>0</failedSince>
        </case>
        <case>
          <duration>0.242</duration>
          <className>edu.ncsu.csc.itrust.unit.report.DemographicReportFilterTest</className>
          <testName>testFilterByParentFirstNameNoResult</testName>
          <skipped>false</skipped>
          <failedSince>0</failedSince>
        </case>
        <case>
          <duration>0.202</duration>
          <className>edu.ncsu.csc.itrust.unit.report.DemographicReportFilterTest</className>
          <testName>testFilterByUpperAgeNoResult</testName>
          <skipped>false</skipped>
          <failedSince>0</failedSince>
        </case>
        <case>
          <duration>0.203</duration>
          <className>edu.ncsu.csc.itrust.unit.report.DemographicReportFilterTest</className>
          <testName>testFilterByContactPhoneNoResult</testName>
          <skipped>false</skipped>
          <failedSince>0</failedSince>
        </case>
        <case>
          <duration>0.225</duration>
          <className>edu.ncsu.csc.itrust.unit.report.DemographicReportFilterTest</className>
          <testName>testFilterByEmerContactNameNoResult</testName>
          <skipped>false</skipped>
          <failedSince>0</failedSince>
        </case>
        <case>
          <duration>0.388</duration>
          <className>edu.ncsu.csc.itrust.unit.report.DemographicReportFilterTest</className>
          <testName>testGetFilterValue</testName>
          <skipped>false</skipped>
          <failedSince>0</failedSince>
        </case>
        <case>
          <duration>0.181</duration>
          <className>edu.ncsu.csc.itrust.unit.report.DemographicReportFilterTest</className>
          <testName>testFilterByCity1</testName>
          <skipped>false</skipped>
          <failedSince>0</failedSince>
        </case>
        <case>
          <duration>0.237</duration>
          <className>edu.ncsu.csc.itrust.unit.report.DemographicReportFilterTest</className>
          <testName>testFilterByCity2</testName>
          <skipped>false</skipped>
          <failedSince>0</failedSince>
        </case>
        <case>
          <duration>0.204</duration>
          <className>edu.ncsu.csc.itrust.unit.report.DemographicReportFilterTest</className>
          <testName>testFilterByPhone</testName>
          <skipped>false</skipped>
          <failedSince>0</failedSince>
        </case>
        <case>
          <duration>0.209</duration>
          <className>edu.ncsu.csc.itrust.unit.report.DemographicReportFilterTest</className>
          <testName>testFilterByState</testName>
          <skipped>false</skipped>
          <failedSince>0</failedSince>
        </case>
        <case>
          <duration>0.232</duration>
          <className>edu.ncsu.csc.itrust.unit.report.DemographicReportFilterTest</className>
          <testName>testFilterByChildLastName</testName>
          <skipped>false</skipped>
          <failedSince>0</failedSince>
        </case>
        <case>
          <duration>0.21</duration>
          <className>edu.ncsu.csc.itrust.unit.report.DemographicReportFilterTest</className>
          <testName>testFilterByExcludeDeactivated</testName>
          <skipped>false</skipped>
          <failedSince>0</failedSince>
        </case>
        <case>
          <duration>0.291</duration>
          <className>edu.ncsu.csc.itrust.unit.report.DemographicReportFilterTest</className>
          <testName>testFilterByContactEmailNoResult</testName>
          <skipped>false</skipped>
          <failedSince>0</failedSince>
        </case>
        <case>
          <duration>0.234</duration>
          <className>edu.ncsu.csc.itrust.unit.report.DemographicReportFilterTest</className>
          <testName>testFilterByEmerContactName</testName>
          <skipped>false</skipped>
          <failedSince>0</failedSince>
        </case>
        <case>
          <duration>0.328</duration>
          <className>edu.ncsu.csc.itrust.unit.report.DemographicReportFilterTest</className>
          <testName>testFilterByParentLastNameNoResult</testName>
          <skipped>false</skipped>
          <failedSince>0</failedSince>
        </case>
        <case>
          <duration>0.296</duration>
          <className>edu.ncsu.csc.itrust.unit.report.DemographicReportFilterTest</className>
          <testName>testFilterByParentFirstName2</testName>
          <skipped>false</skipped>
          <failedSince>0</failedSince>
        </case>
        <case>
          <duration>0.206</duration>
          <className>edu.ncsu.csc.itrust.unit.report.DemographicReportFilterTest</className>
          <testName>testFilterByInsuranceZip</testName>
          <skipped>false</skipped>
          <failedSince>0</failedSince>
        </case>
      </cases>
    </suite>
    <suite>
      <file>/var/lib/jenkins/workspace/itrust-main/iTrust-v23/iTrust/target/surefire-reports/TEST-edu.ncsu.csc.itrust.unit.report.MedicalReportFilterTest.xml</file>
      <name>edu.ncsu.csc.itrust.unit.report.MedicalReportFilterTest</name>
      <duration>1.467</duration>
      <time>1.467</time>
      <cases>
        <case>
          <duration>0.253</duration>
          <className>edu.ncsu.csc.itrust.unit.report.MedicalReportFilterTest</className>
          <testName>testFilterByAllergy</testName>
          <skipped>false</skipped>
          <errorStackTrace>junit.framework.AssertionFailedError: expected:&lt;1&gt; but was:&lt;0&gt;
	at edu.ncsu.csc.itrust.unit.report.MedicalReportFilterTest.testFilterByAllergy(MedicalReportFilterTest.java:32)
</errorStackTrace>
          <errorDetails>expected:&lt;1&gt; but was:&lt;0&gt;</errorDetails>
          <failedSince>1</failedSince>
        </case>
        <case>
          <duration>0.24</duration>
          <className>edu.ncsu.csc.itrust.unit.report.MedicalReportFilterTest</className>
          <testName>testFilterByAllergyNoResult</testName>
          <skipped>false</skipped>
          <failedSince>0</failedSince>
        </case>
        <case>
          <duration>0.157</duration>
          <className>edu.ncsu.csc.itrust.unit.report.MedicalReportFilterTest</className>
          <testName>testFilterTypeFromString</testName>
          <skipped>false</skipped>
          <failedSince>0</failedSince>
        </case>
        <case>
          <duration>0.207</duration>
          <className>edu.ncsu.csc.itrust.unit.report.MedicalReportFilterTest</className>
          <testName>testToString</testName>
          <skipped>false</skipped>
          <failedSince>0</failedSince>
        </case>
        <case>
          <duration>0.172</duration>
          <className>edu.ncsu.csc.itrust.unit.report.MedicalReportFilterTest</className>
          <testName>testGetFilterTypeString</testName>
          <skipped>false</skipped>
          <errorStackTrace>junit.framework.ComparisonFailure: expected:&lt;[PROCEDURE]&gt; but was:&lt;[ERUDECORP]&gt;
	at edu.ncsu.csc.itrust.unit.report.MedicalReportFilterTest.testGetFilterTypeString(MedicalReportFilterTest.java:69)
</errorStackTrace>
          <errorDetails>expected:&lt;[PROCEDURE]&gt; but was:&lt;[ERUDECORP]&gt;</errorDetails>
          <failedSince>1</failedSince>
        </case>
        <case>
          <duration>0.213</duration>
          <className>edu.ncsu.csc.itrust.unit.report.MedicalReportFilterTest</className>
          <testName>testGetFilterType</testName>
          <skipped>false</skipped>
          <failedSince>0</failedSince>
        </case>
        <case>
          <duration>0.222</duration>
          <className>edu.ncsu.csc.itrust.unit.report.MedicalReportFilterTest</className>
          <testName>testGetFilterValue</testName>
          <skipped>false</skipped>
          <failedSince>0</failedSince>
        </case>
      </cases>
    </suite>
    <suite>
      <file>/var/lib/jenkins/workspace/itrust-main/iTrust-v23/iTrust/target/surefire-reports/TEST-edu.ncsu.csc.itrust.unit.report.PersonnelReportFilterTest.xml</file>
      <name>edu.ncsu.csc.itrust.unit.report.PersonnelReportFilterTest</name>
      <duration>1.685</duration>
      <time>1.685</time>
      <cases>
        <case>
          <duration>0.229</duration>
          <className>edu.ncsu.csc.itrust.unit.report.PersonnelReportFilterTest</className>
          <testName>testFilterByProcedureNoResult</testName>
          <skipped>false</skipped>
          <failedSince>0</failedSince>
        </case>
        <case>
          <duration>0.253</duration>
          <className>edu.ncsu.csc.itrust.unit.report.PersonnelReportFilterTest</className>
          <testName>testFilterTypeFromString</testName>
          <skipped>false</skipped>
          <failedSince>0</failedSince>
        </case>
        <case>
          <duration>0.272</duration>
          <className>edu.ncsu.csc.itrust.unit.report.PersonnelReportFilterTest</className>
          <testName>testToString</testName>
          <skipped>false</skipped>
          <failedSince>0</failedSince>
        </case>
        <case>
          <duration>0.368</duration>
          <className>edu.ncsu.csc.itrust.unit.report.PersonnelReportFilterTest</className>
          <testName>testFilterByProcedure</testName>
          <skipped>false</skipped>
          <failedSince>0</failedSince>
        </case>
        <case>
          <duration>0.283</duration>
          <className>edu.ncsu.csc.itrust.unit.report.PersonnelReportFilterTest</className>
          <testName>testGetFilterType</testName>
          <skipped>false</skipped>
          <failedSince>0</failedSince>
        </case>
        <case>
          <duration>0.276</duration>
          <className>edu.ncsu.csc.itrust.unit.report.PersonnelReportFilterTest</className>
          <testName>testGetFilterValue</testName>
          <skipped>false</skipped>
          <failedSince>0</failedSince>
        </case>
      </cases>
    </suite>
    <suite>
      <file>/var/lib/jenkins/workspace/itrust-main/iTrust-v23/iTrust/target/surefire-reports/TEST-edu.ncsu.csc.itrust.unit.serverutils.CustomJSPTagsTest.xml</file>
      <name>edu.ncsu.csc.itrust.unit.serverutils.CustomJSPTagsTest</name>
      <duration>0.182</duration>
      <time>0.182</time>
      <cases>
        <case>
          <duration>0.125</duration>
          <className>edu.ncsu.csc.itrust.unit.serverutils.CustomJSPTagsTest</className>
          <testName>testPatientNavException</testName>
          <skipped>false</skipped>
          <failedSince>0</failedSince>
        </case>
        <case>
          <duration>0.007</duration>
          <className>edu.ncsu.csc.itrust.unit.serverutils.CustomJSPTagsTest</className>
          <testName>testStateSelectException</testName>
          <skipped>false</skipped>
          <failedSince>0</failedSince>
        </case>
        <case>
          <duration>0.046</duration>
          <className>edu.ncsu.csc.itrust.unit.serverutils.CustomJSPTagsTest</className>
          <testName>testStateSelect</testName>
          <skipped>false</skipped>
          <failedSince>0</failedSince>
        </case>
        <case>
          <duration>0.004</duration>
          <className>edu.ncsu.csc.itrust.unit.serverutils.CustomJSPTagsTest</className>
          <testName>testPatientNavHappy</testName>
          <skipped>false</skipped>
          <failedSince>0</failedSince>
        </case>
      </cases>
    </suite>
    <suite>
      <file>/var/lib/jenkins/workspace/itrust-main/iTrust-v23/iTrust/target/surefire-reports/TEST-edu.ncsu.csc.itrust.unit.serverutils.FindExpertServletTest.xml</file>
      <name>edu.ncsu.csc.itrust.unit.serverutils.FindExpertServletTest</name>
      <duration>0.287</duration>
      <time>0.287</time>
      <cases>
        <case>
          <duration>0.287</duration>
          <className>edu.ncsu.csc.itrust.unit.serverutils.FindExpertServletTest</className>
          <testName>testDoGetHttpServletRequestHttpServletResponse</testName>
          <skipped>false</skipped>
          <errorStackTrace>java.lang.AssertionError
	at edu.ncsu.csc.itrust.unit.serverutils.FindExpertServletTest.testDoGetHttpServletRequestHttpServletResponse(FindExpertServletTest.java:50)
</errorStackTrace>
          <failedSince>1</failedSince>
        </case>
      </cases>
    </suite>
    <suite>
      <file>/var/lib/jenkins/workspace/itrust-main/iTrust-v23/iTrust/target/surefire-reports/TEST-edu.ncsu.csc.itrust.unit.serverutils.GroupReportGeneratorTest.xml</file>
      <name>edu.ncsu.csc.itrust.unit.serverutils.GroupReportGeneratorTest</name>
      <duration>0.035</duration>
      <time>0.035</time>
      <cases>
        <case>
          <duration>0.033</duration>
          <className>edu.ncsu.csc.itrust.unit.serverutils.GroupReportGeneratorTest</className>
          <testName>testGroupReportGeneratorServletPost</testName>
          <skipped>false</skipped>
          <errorStackTrace>java.lang.NullPointerException
	at edu.ncsu.csc.itrust.unit.serverutils.GroupReportGeneratorTest.testGroupReportGeneratorServletPost(GroupReportGeneratorTest.java:75)
</errorStackTrace>
          <failedSince>2</failedSince>
        </case>
      </cases>
    </suite>
    <suite>
      <file>/var/lib/jenkins/workspace/itrust-main/iTrust-v23/iTrust/target/surefire-reports/TEST-edu.ncsu.csc.itrust.unit.serverutils.PateintSearchServletTest.xml</file>
      <name>edu.ncsu.csc.itrust.unit.serverutils.PateintSearchServletTest</name>
      <duration>0.782</duration>
      <time>0.782</time>
      <cases>
        <case>
          <duration>0.262</duration>
          <className>edu.ncsu.csc.itrust.unit.serverutils.PateintSearchServletTest</className>
          <testName>testNonAuditSearch</testName>
          <skipped>false</skipped>
          <errorStackTrace>java.lang.AssertionError
	at edu.ncsu.csc.itrust.unit.serverutils.PateintSearchServletTest.testNonAuditSearch(PateintSearchServletTest.java:98)
</errorStackTrace>
          <failedSince>1</failedSince>
        </case>
        <case>
          <duration>0.269</duration>
          <className>edu.ncsu.csc.itrust.unit.serverutils.PateintSearchServletTest</className>
          <testName>testEmptyAuditSearch</testName>
          <skipped>false</skipped>
          <failedSince>0</failedSince>
        </case>
        <case>
          <duration>0.25</duration>
          <className>edu.ncsu.csc.itrust.unit.serverutils.PateintSearchServletTest</className>
          <testName>testDoGetAuditHttpServletRequestHttpServletResponse</testName>
          <skipped>false</skipped>
          <errorStackTrace>java.lang.AssertionError
	at edu.ncsu.csc.itrust.unit.serverutils.PateintSearchServletTest.testDoGetAuditHttpServletRequestHttpServletResponse(PateintSearchServletTest.java:54)
</errorStackTrace>
          <failedSince>1</failedSince>
        </case>
      </cases>
    </suite>
    <suite>
      <file>/var/lib/jenkins/workspace/itrust-main/iTrust-v23/iTrust/target/surefire-reports/TEST-edu.ncsu.csc.itrust.unit.serverutils.ProductionConnectionDriverTest.xml</file>
      <name>edu.ncsu.csc.itrust.unit.serverutils.ProductionConnectionDriverTest</name>
      <duration>0.034</duration>
      <time>0.034</time>
      <cases>
        <case>
          <duration>0.028</duration>
          <className>edu.ncsu.csc.itrust.unit.serverutils.ProductionConnectionDriverTest</className>
          <testName>testProductionConnnectionDriver</testName>
          <skipped>false</skipped>
          <errorStackTrace>java.sql.SQLException: Context Lookup Naming Exception: Need to specify class name in environment or system property, or as an applet parameter, or in an application resource file:  java.naming.factory.initial
	at edu.ncsu.csc.itrust.unit.serverutils.ProductionConnectionDriverTest.testProductionConnnectionDriver(ProductionConnectionDriverTest.java:54)
</errorStackTrace>
          <errorDetails>Context Lookup Naming Exception: Need to specify class name in environment or system property, or as an applet parameter, or in an application resource file:  java.naming.factory.initial</errorDetails>
          <failedSince>2</failedSince>
        </case>
      </cases>
    </suite>
    <suite>
      <file>/var/lib/jenkins/workspace/itrust-main/iTrust-v23/iTrust/target/surefire-reports/TEST-edu.ncsu.csc.itrust.unit.serverutils.SessionTimeoutListenerTest.xml</file>
      <name>edu.ncsu.csc.itrust.unit.serverutils.SessionTimeoutListenerTest</name>
      <duration>0.098</duration>
      <time>0.098</time>
      <cases>
        <case>
          <duration>0.081</duration>
          <className>edu.ncsu.csc.itrust.unit.serverutils.SessionTimeoutListenerTest</className>
          <testName>testSessionDestroyed</testName>
          <skipped>false</skipped>
          <errorStackTrace>org.mockito.exceptions.verification.junit.ArgumentsAreDifferent: 

Argument(s) are different! Wanted:
httpSession.getAttribute(&quot;loggedInMID&quot;);
-&gt; at edu.ncsu.csc.itrust.unit.serverutils.SessionTimeoutListenerTest.testSessionDestroyed(SessionTimeoutListenerTest.java:43)
Actual invocation has different arguments:
httpSession.getAttribute(&quot;&quot;);
-&gt; at edu.ncsu.csc.itrust.server.SessionTimeoutListener.sessionDestroyed(SessionTimeoutListener.java:62)

	at edu.ncsu.csc.itrust.unit.serverutils.SessionTimeoutListenerTest.testSessionDestroyed(SessionTimeoutListenerTest.java:43)
</errorStackTrace>
          <errorDetails>
Argument(s) are different! Wanted:
httpSession.getAttribute(&quot;loggedInMID&quot;);
-&gt; at edu.ncsu.csc.itrust.unit.serverutils.SessionTimeoutListenerTest.testSessionDestroyed(SessionTimeoutListenerTest.java:43)
Actual invocation has different arguments:
httpSession.getAttribute(&quot;&quot;);
-&gt; at edu.ncsu.csc.itrust.server.SessionTimeoutListener.sessionDestroyed(SessionTimeoutListener.java:62)
</errorDetails>
          <failedSince>1</failedSince>
        </case>
        <case>
          <duration>0.009</duration>
          <className>edu.ncsu.csc.itrust.unit.serverutils.SessionTimeoutListenerTest</className>
          <testName>testDBException</testName>
          <skipped>false</skipped>
          <errorStackTrace>java.lang.NullPointerException
	at edu.ncsu.csc.itrust.unit.serverutils.SessionTimeoutListenerTest.testDBException(SessionTimeoutListenerTest.java:49)
</errorStackTrace>
          <failedSince>1</failedSince>
        </case>
        <case>
          <duration>0.006</duration>
          <className>edu.ncsu.csc.itrust.unit.serverutils.SessionTimeoutListenerTest</className>
          <testName>testListenerWorked</testName>
          <skipped>false</skipped>
          <errorStackTrace>junit.framework.AssertionFailedError: expected:&lt;1200&gt; but was:&lt;60&gt;
	at edu.ncsu.csc.itrust.unit.serverutils.SessionTimeoutListenerTest.testListenerWorked(SessionTimeoutListenerTest.java:35)
</errorStackTrace>
          <errorDetails>expected:&lt;1200&gt; but was:&lt;60&gt;</errorDetails>
          <failedSince>1</failedSince>
        </case>
      </cases>
    </suite>
    <suite>
      <file>/var/lib/jenkins/workspace/itrust-main/iTrust-v23/iTrust/target/surefire-reports/TEST-edu.ncsu.csc.itrust.unit.serverutils.WardCRUDServletTest.xml</file>
      <name>edu.ncsu.csc.itrust.unit.serverutils.WardCRUDServletTest</name>
      <duration>0.041</duration>
      <time>0.041</time>
      <cases>
        <case>
          <duration>0.023</duration>
          <className>edu.ncsu.csc.itrust.unit.serverutils.WardCRUDServletTest</className>
          <testName>testWardCRUDServletDeleteFail</testName>
          <skipped>false</skipped>
          <failedSince>0</failedSince>
        </case>
        <case>
          <duration>0.0</duration>
          <className>edu.ncsu.csc.itrust.unit.serverutils.WardCRUDServletTest</className>
          <testName>testWardCRUDServletPostFail</testName>
          <skipped>false</skipped>
          <errorStackTrace>java.lang.AssertionError: 

  Unexpected method call getParameter(&quot;GjS65O1sgKfVG4CBcpc38izjIM2Xh&quot;):
    getParameter(&quot;requiredSpecialty&quot;): expected: 1, actual: 0
    getParameter(&quot;inHospital&quot;): expected: 1, actual: 0
    sendRedirect(&quot;&quot;): expected: 1, actual: 0
	at edu.ncsu.csc.itrust.unit.serverutils.WardCRUDServletTest.testWardCRUDServletPostFail(WardCRUDServletTest.java:55)
</errorStackTrace>
          <errorDetails>
  Unexpected method call getParameter(&quot;GjS65O1sgKfVG4CBcpc38izjIM2Xh&quot;):
    getParameter(&quot;requiredSpecialty&quot;): expected: 1, actual: 0
    getParameter(&quot;inHospital&quot;): expected: 1, actual: 0
    sendRedirect(&quot;&quot;): expected: 1, actual: 0</errorDetails>
          <failedSince>2</failedSince>
        </case>
        <case>
          <duration>0.001</duration>
          <className>edu.ncsu.csc.itrust.unit.serverutils.WardCRUDServletTest</className>
          <testName>testWardCRUDServletPut</testName>
          <skipped>false</skipped>
          <errorStackTrace>java.lang.AssertionError: 

  Unexpected method call getParameter(&quot;DIdraw&quot;):
    getParameter(&quot;wardID&quot;): expected: 1, actual: 0
    getParameter(&quot;requiredSpecialty&quot;): expected: 1, actual: 0
    getParameter(&quot;inHospital&quot;): expected: 1, actual: 0
    sendRedirect(&quot;&quot;): expected: 1, actual: 0
	at edu.ncsu.csc.itrust.unit.serverutils.WardCRUDServletTest.testWardCRUDServletPut(WardCRUDServletTest.java:69)
</errorStackTrace>
          <errorDetails>
  Unexpected method call getParameter(&quot;DIdraw&quot;):
    getParameter(&quot;wardID&quot;): expected: 1, actual: 0
    getParameter(&quot;requiredSpecialty&quot;): expected: 1, actual: 0
    getParameter(&quot;inHospital&quot;): expected: 1, actual: 0
    sendRedirect(&quot;&quot;): expected: 1, actual: 0</errorDetails>
          <failedSince>2</failedSince>
        </case>
        <case>
          <duration>0.0</duration>
          <className>edu.ncsu.csc.itrust.unit.serverutils.WardCRUDServletTest</className>
          <testName>testWardCRUDServletPutFail</testName>
          <skipped>false</skipped>
          <errorStackTrace>java.lang.AssertionError: 

  Unexpected method call getParameter(&quot;DIdraw&quot;):
    getParameter(&quot;wardID&quot;): expected: 1, actual: 0
    getParameter(&quot;requiredSpecialty&quot;): expected: 1, actual: 0
    getParameter(&quot;inHospital&quot;): expected: 1, actual: 0
    sendRedirect(&quot;&quot;): expected: 1, actual: 0
	at edu.ncsu.csc.itrust.unit.serverutils.WardCRUDServletTest.testWardCRUDServletPutFail(WardCRUDServletTest.java:83)
</errorStackTrace>
          <errorDetails>
  Unexpected method call getParameter(&quot;DIdraw&quot;):
    getParameter(&quot;wardID&quot;): expected: 1, actual: 0
    getParameter(&quot;requiredSpecialty&quot;): expected: 1, actual: 0
    getParameter(&quot;inHospital&quot;): expected: 1, actual: 0
    sendRedirect(&quot;&quot;): expected: 1, actual: 0</errorDetails>
          <failedSince>2</failedSince>
        </case>
        <case>
          <duration>0.0</duration>
          <className>edu.ncsu.csc.itrust.unit.serverutils.WardCRUDServletTest</className>
          <testName>testWardCRUDServletPost</testName>
          <skipped>false</skipped>
          <errorStackTrace>java.lang.AssertionError: 

  Unexpected method call getParameter(&quot;GjS65O1sgKfVG4CBcpc38izjIM2Xh&quot;):
    getParameter(&quot;requiredSpecialty&quot;): expected: 1, actual: 0
    getParameter(&quot;inHospital&quot;): expected: 1, actual: 0
    sendRedirect(&quot;&quot;): expected: 1, actual: 0
	at edu.ncsu.csc.itrust.unit.serverutils.WardCRUDServletTest.testWardCRUDServletPost(WardCRUDServletTest.java:42)
</errorStackTrace>
          <errorDetails>
  Unexpected method call getParameter(&quot;GjS65O1sgKfVG4CBcpc38izjIM2Xh&quot;):
    getParameter(&quot;requiredSpecialty&quot;): expected: 1, actual: 0
    getParameter(&quot;inHospital&quot;): expected: 1, actual: 0
    sendRedirect(&quot;&quot;): expected: 1, actual: 0</errorDetails>
          <failedSince>2</failedSince>
        </case>
        <case>
          <duration>0.015</duration>
          <className>edu.ncsu.csc.itrust.unit.serverutils.WardCRUDServletTest</className>
          <testName>testWardCRUDServletDelete</testName>
          <skipped>false</skipped>
          <failedSince>0</failedSince>
        </case>
      </cases>
    </suite>
    <suite>
      <file>/var/lib/jenkins/workspace/itrust-main/iTrust-v23/iTrust/target/surefire-reports/TEST-edu.ncsu.csc.itrust.unit.serverutils.WardRoomCRUDServletTest.xml</file>
      <name>edu.ncsu.csc.itrust.unit.serverutils.WardRoomCRUDServletTest</name>
      <duration>0.032</duration>
      <time>0.032</time>
      <cases>
        <case>
          <duration>0.013</duration>
          <className>edu.ncsu.csc.itrust.unit.serverutils.WardRoomCRUDServletTest</className>
          <testName>testWardRoomCRUDServletPutFail</testName>
          <skipped>false</skipped>
          <errorStackTrace>java.lang.AssertionError: 

  Unexpected method call getParameter(null):
    getParameter(&quot;inWard&quot;): expected: 1, actual: 0
    getParameter(&quot;roomName&quot;): expected: 1, actual: 0
    getParameter(&quot;status&quot;): expected: 1, actual: 0
    sendRedirect(&quot;&quot;): expected: 1, actual: 0
	at edu.ncsu.csc.itrust.unit.serverutils.WardRoomCRUDServletTest.testWardRoomCRUDServletPutFail(WardRoomCRUDServletTest.java:79)
</errorStackTrace>
          <errorDetails>
  Unexpected method call getParameter(null):
    getParameter(&quot;inWard&quot;): expected: 1, actual: 0
    getParameter(&quot;roomName&quot;): expected: 1, actual: 0
    getParameter(&quot;status&quot;): expected: 1, actual: 0
    sendRedirect(&quot;&quot;): expected: 1, actual: 0</errorDetails>
          <failedSince>1</failedSince>
        </case>
        <case>
          <duration>0.002</duration>
          <className>edu.ncsu.csc.itrust.unit.serverutils.WardRoomCRUDServletTest</className>
          <testName>testWardRoomCRUDServletDelete</testName>
          <skipped>false</skipped>
          <failedSince>0</failedSince>
        </case>
        <case>
          <duration>0.001</duration>
          <className>edu.ncsu.csc.itrust.unit.serverutils.WardRoomCRUDServletTest</className>
          <testName>testWardRoomCRUDServletDeleteFail</testName>
          <skipped>false</skipped>
          <failedSince>0</failedSince>
        </case>
        <case>
          <duration>0.01</duration>
          <className>edu.ncsu.csc.itrust.unit.serverutils.WardRoomCRUDServletTest</className>
          <testName>testWardRoomCRUDServletFail</testName>
          <skipped>false</skipped>
          <errorStackTrace>java.lang.AssertionError: 

  Unexpected method call getParameter(&quot;draWni&quot;):
    getParameter(&quot;inWard&quot;): expected: 1, actual: 0
    getParameter(&quot;roomName&quot;): expected: 1, actual: 0
    sendRedirect(&quot;&quot;): expected: 1, actual: 0
	at edu.ncsu.csc.itrust.unit.serverutils.WardRoomCRUDServletTest.testWardRoomCRUDServletFail(WardRoomCRUDServletTest.java:116)
</errorStackTrace>
          <errorDetails>
  Unexpected method call getParameter(&quot;draWni&quot;):
    getParameter(&quot;inWard&quot;): expected: 1, actual: 0
    getParameter(&quot;roomName&quot;): expected: 1, actual: 0
    sendRedirect(&quot;&quot;): expected: 1, actual: 0</errorDetails>
          <failedSince>2</failedSince>
        </case>
        <case>
          <duration>0.001</duration>
          <className>edu.ncsu.csc.itrust.unit.serverutils.WardRoomCRUDServletTest</className>
          <testName>testWardRoomCRUDServletPost</testName>
          <skipped>false</skipped>
          <errorStackTrace>java.lang.AssertionError: 

  Unexpected method call getParameter(&quot;draWni&quot;):
    getParameter(&quot;inWard&quot;): expected: 1, actual: 0
    getParameter(&quot;roomName&quot;): expected: 1, actual: 0
    getParameter(&quot;status&quot;): expected: 1, actual: 0
    getParameter(&quot;occupiedBy&quot;): expected: 1, actual: 0
    sendRedirect(&quot;&quot;): expected: 1, actual: 0
	at edu.ncsu.csc.itrust.unit.serverutils.WardRoomCRUDServletTest.testWardRoomCRUDServletPost(WardRoomCRUDServletTest.java:47)
</errorStackTrace>
          <errorDetails>
  Unexpected method call getParameter(&quot;draWni&quot;):
    getParameter(&quot;inWard&quot;): expected: 1, actual: 0
    getParameter(&quot;roomName&quot;): expected: 1, actual: 0
    getParameter(&quot;status&quot;): expected: 1, actual: 0
    getParameter(&quot;occupiedBy&quot;): expected: 1, actual: 0
    sendRedirect(&quot;&quot;): expected: 1, actual: 0</errorDetails>
          <failedSince>1</failedSince>
        </case>
        <case>
          <duration>0.005</duration>
          <className>edu.ncsu.csc.itrust.unit.serverutils.WardRoomCRUDServletTest</className>
          <testName>testWardRoomCRUDServletPut</testName>
          <skipped>false</skipped>
          <errorStackTrace>java.lang.AssertionError: 

  Unexpected method call getParameter(null):
    getParameter(&quot;inWard&quot;): expected: 1, actual: 0
    getParameter(&quot;roomName&quot;): expected: 1, actual: 0
    getParameter(&quot;status&quot;): expected: 1, actual: 0
    sendRedirect(&quot;&quot;): expected: 1, actual: 0
	at edu.ncsu.csc.itrust.unit.serverutils.WardRoomCRUDServletTest.testWardRoomCRUDServletPut(WardRoomCRUDServletTest.java:63)
</errorStackTrace>
          <errorDetails>
  Unexpected method call getParameter(null):
    getParameter(&quot;inWard&quot;): expected: 1, actual: 0
    getParameter(&quot;roomName&quot;): expected: 1, actual: 0
    getParameter(&quot;status&quot;): expected: 1, actual: 0
    sendRedirect(&quot;&quot;): expected: 1, actual: 0</errorDetails>
          <failedSince>1</failedSince>
        </case>
      </cases>
    </suite>
    <suite>
      <file>/var/lib/jenkins/workspace/itrust-main/iTrust-v23/iTrust/target/surefire-reports/TEST-edu.ncsu.csc.itrust.unit.validate.BeanValidatorTest.xml</file>
      <name>edu.ncsu.csc.itrust.unit.validate.BeanValidatorTest</name>
      <duration>0.005</duration>
      <time>0.005</time>
      <cases>
        <case>
          <duration>0.0</duration>
          <className>edu.ncsu.csc.itrust.unit.validate.BeanValidatorTest</className>
          <testName>testCheckInt</testName>
          <skipped>false</skipped>
          <errorStackTrace>junit.framework.ComparisonFailure: expected:&lt;[]&gt; but was:&lt;[null must be an integer in [0,1]]&gt;	at edu.ncsu.csc.itrust.unit.validate.BeanValidatorTest.testCheckInt(BeanValidatorTest.java:59)</errorStackTrace>
          <errorDetails>expected:&lt;[]&gt; but was:&lt;[null must be an integer in [0,1]]&gt;</errorDetails>
          <failedSince>2</failedSince>
        </case>
        <case>
          <duration>0.0</duration>
          <className>edu.ncsu.csc.itrust.unit.validate.BeanValidatorTest</className>
          <testName>testProxyIsOnlyProxy</testName>
          <skipped>false</skipped>
          <failedSince>0</failedSince>
        </case>
        <case>
          <duration>0.0</duration>
          <className>edu.ncsu.csc.itrust.unit.validate.BeanValidatorTest</className>
          <testName>testCheckIsNullable</testName>
          <skipped>false</skipped>
          <errorStackTrace>java.lang.NullPointerException
</errorStackTrace>
          <failedSince>2</failedSince>
        </case>
        <case>
          <duration>0.0</duration>
          <className>edu.ncsu.csc.itrust.unit.validate.BeanValidatorTest</className>
          <testName>testCheckFormatStringStringValidationFormatBoolean</testName>
          <skipped>false</skipped>
          <failedSince>0</failedSince>
        </case>
        <case>
          <duration>0.0</duration>
          <className>edu.ncsu.csc.itrust.unit.validate.BeanValidatorTest</className>
          <testName>testCheckIsNullableEmpty</testName>
          <skipped>false</skipped>
          <failedSince>0</failedSince>
        </case>
        <case>
          <duration>0.001</duration>
          <className>edu.ncsu.csc.itrust.unit.validate.BeanValidatorTest</className>
          <testName>testCheckDouble</testName>
          <skipped>false</skipped>
          <failedSince>0</failedSince>
        </case>
        <case>
          <duration>0.0</duration>
          <className>edu.ncsu.csc.itrust.unit.validate.BeanValidatorTest</className>
          <testName>testCheckGender</testName>
          <skipped>false</skipped>
          <failedSince>0</failedSince>
        </case>
        <case>
          <duration>0.0</duration>
          <className>edu.ncsu.csc.itrust.unit.validate.BeanValidatorTest</className>
          <testName>testCheckGenderNull</testName>
          <skipped>false</skipped>
          <failedSince>0</failedSince>
        </case>
        <case>
          <duration>0.0</duration>
          <className>edu.ncsu.csc.itrust.unit.validate.BeanValidatorTest</className>
          <testName>testCheckLongValues</testName>
          <skipped>false</skipped>
          <failedSince>0</failedSince>
        </case>
        <case>
          <duration>0.0</duration>
          <className>edu.ncsu.csc.itrust.unit.validate.BeanValidatorTest</className>
          <testName>testDoubleValues</testName>
          <skipped>false</skipped>
          <failedSince>0</failedSince>
        </case>
      </cases>
    </suite>
    <suite>
      <file>/var/lib/jenkins/workspace/itrust-main/iTrust-v23/iTrust/target/surefire-reports/TEST-edu.ncsu.csc.itrust.unit.validate.TestMailValidator.xml</file>
      <name>edu.ncsu.csc.itrust.unit.validate.TestMailValidator</name>
      <duration>0.042</duration>
      <time>0.042</time>
      <cases>
        <case>
          <duration>0.04</duration>
          <className>edu.ncsu.csc.itrust.unit.validate.TestMailValidator</className>
          <testName>testValidateEmail</testName>
          <skipped>false</skipped>
          <failedSince>0</failedSince>
        </case>
      </cases>
    </suite>
    <suite>
      <file>/var/lib/jenkins/workspace/itrust-main/iTrust-v23/iTrust/target/surefire-reports/TEST-edu.ncsu.csc.itrust.unit.validate.bean.AddPatientValidatorTest.xml</file>
      <name>edu.ncsu.csc.itrust.unit.validate.bean.AddPatientValidatorTest</name>
      <duration>0.0</duration>
      <time>0</time>
      <cases>
        <case>
          <duration>0.0</duration>
          <className>edu.ncsu.csc.itrust.unit.validate.bean.AddPatientValidatorTest</className>
          <testName>testPatientAllErrors</testName>
          <skipped>false</skipped>
          <errorStackTrace>junit.framework.AssertionFailedError: exception should have been thrown
	at edu.ncsu.csc.itrust.unit.validate.bean.AddPatientValidatorTest.testPatientAllErrors(AddPatientValidatorTest.java:28)
</errorStackTrace>
          <errorDetails>exception should have been thrown</errorDetails>
          <failedSince>2</failedSince>
        </case>
        <case>
          <duration>0.0</duration>
          <className>edu.ncsu.csc.itrust.unit.validate.bean.AddPatientValidatorTest</className>
          <testName>testPatientAllCorrect</testName>
          <skipped>false</skipped>
          <failedSince>0</failedSince>
        </case>
      </cases>
    </suite>
    <suite>
      <file>/var/lib/jenkins/workspace/itrust-main/iTrust-v23/iTrust/target/surefire-reports/TEST-edu.ncsu.csc.itrust.unit.validate.bean.AddPersonnelValidatorTest.xml</file>
      <name>edu.ncsu.csc.itrust.unit.validate.bean.AddPersonnelValidatorTest</name>
      <duration>0.0</duration>
      <time>0</time>
      <cases>
        <case>
          <duration>0.0</duration>
          <className>edu.ncsu.csc.itrust.unit.validate.bean.AddPersonnelValidatorTest</className>
          <testName>testPatientAllErrors</testName>
          <skipped>false</skipped>
          <errorStackTrace>junit.framework.AssertionFailedError: exception should have been thrown
	at edu.ncsu.csc.itrust.unit.validate.bean.AddPersonnelValidatorTest.testPatientAllErrors(AddPersonnelValidatorTest.java:27)
</errorStackTrace>
          <errorDetails>exception should have been thrown</errorDetails>
          <failedSince>2</failedSince>
        </case>
        <case>
          <duration>0.0</duration>
          <className>edu.ncsu.csc.itrust.unit.validate.bean.AddPersonnelValidatorTest</className>
          <testName>testPatientAllCorrect</testName>
          <skipped>false</skipped>
          <failedSince>0</failedSince>
        </case>
      </cases>
    </suite>
    <suite>
      <file>/var/lib/jenkins/workspace/itrust-main/iTrust-v23/iTrust/target/surefire-reports/TEST-edu.ncsu.csc.itrust.unit.validate.bean.AllergyBeanValidatorTest.xml</file>
      <name>edu.ncsu.csc.itrust.unit.validate.bean.AllergyBeanValidatorTest</name>
      <duration>0.002</duration>
      <time>0.002</time>
      <cases>
        <case>
          <duration>0.002</duration>
          <className>edu.ncsu.csc.itrust.unit.validate.bean.AllergyBeanValidatorTest</className>
          <testName>testWrongFormat</testName>
          <skipped>false</skipped>
          <errorStackTrace>junit.framework.AssertionFailedError: exception should have been thrown
	at edu.ncsu.csc.itrust.unit.validate.bean.AllergyBeanValidatorTest.testWrongFormat(AllergyBeanValidatorTest.java:22)
</errorStackTrace>
          <errorDetails>exception should have been thrown</errorDetails>
          <failedSince>2</failedSince>
        </case>
        <case>
          <duration>0.0</duration>
          <className>edu.ncsu.csc.itrust.unit.validate.bean.AllergyBeanValidatorTest</className>
          <testName>testCorrectFormat</testName>
          <skipped>false</skipped>
          <failedSince>0</failedSince>
        </case>
      </cases>
    </suite>
    <suite>
      <file>/var/lib/jenkins/workspace/itrust-main/iTrust-v23/iTrust/target/surefire-reports/TEST-edu.ncsu.csc.itrust.unit.validate.bean.HospitalBeanValidatorTest.xml</file>
      <name>edu.ncsu.csc.itrust.unit.validate.bean.HospitalBeanValidatorTest</name>
      <duration>0.0</duration>
      <time>0</time>
      <cases>
        <case>
          <duration>0.0</duration>
          <className>edu.ncsu.csc.itrust.unit.validate.bean.HospitalBeanValidatorTest</className>
          <testName>testHospitalAllErrors</testName>
          <skipped>false</skipped>
          <errorStackTrace>junit.framework.AssertionFailedError: exception should have been thrown
	at edu.ncsu.csc.itrust.unit.validate.bean.HospitalBeanValidatorTest.testHospitalAllErrors(HospitalBeanValidatorTest.java:31)
</errorStackTrace>
          <errorDetails>exception should have been thrown</errorDetails>
          <failedSince>2</failedSince>
        </case>
        <case>
          <duration>0.0</duration>
          <className>edu.ncsu.csc.itrust.unit.validate.bean.HospitalBeanValidatorTest</className>
          <testName>testAllCorrect</testName>
          <skipped>false</skipped>
          <failedSince>0</failedSince>
        </case>
      </cases>
    </suite>
    <suite>
      <file>/var/lib/jenkins/workspace/itrust-main/iTrust-v23/iTrust/target/surefire-reports/TEST-edu.ncsu.csc.itrust.unit.validate.bean.MedicationBeanValidatorTest.xml</file>
      <name>edu.ncsu.csc.itrust.unit.validate.bean.MedicationBeanValidatorTest</name>
      <duration>0.003</duration>
      <time>0.003</time>
      <cases>
        <case>
          <duration>0.0</duration>
          <className>edu.ncsu.csc.itrust.unit.validate.bean.MedicationBeanValidatorTest</className>
          <testName>testPatientAllErrors</testName>
          <skipped>false</skipped>
          <errorStackTrace>junit.framework.AssertionFailedError: exception should have been thrown
	at edu.ncsu.csc.itrust.unit.validate.bean.MedicationBeanValidatorTest.testPatientAllErrors(MedicationBeanValidatorTest.java:26)
</errorStackTrace>
          <errorDetails>exception should have been thrown</errorDetails>
          <failedSince>1</failedSince>
        </case>
        <case>
          <duration>0.0</duration>
          <className>edu.ncsu.csc.itrust.unit.validate.bean.MedicationBeanValidatorTest</className>
          <testName>testAllCorrect</testName>
          <skipped>false</skipped>
          <failedSince>0</failedSince>
        </case>
      </cases>
    </suite>
    <suite>
      <file>/var/lib/jenkins/workspace/itrust-main/iTrust-v23/iTrust/target/surefire-reports/TEST-edu.ncsu.csc.itrust.unit.validate.bean.PatientValidatorTest.xml</file>
      <name>edu.ncsu.csc.itrust.unit.validate.bean.PatientValidatorTest</name>
      <duration>0.013</duration>
      <time>0.013</time>
      <cases>
        <case>
          <duration>0.0</duration>
          <className>edu.ncsu.csc.itrust.unit.validate.bean.PatientValidatorTest</className>
          <testName>testPatientAllErrors</testName>
          <skipped>false</skipped>
          <errorStackTrace>junit.framework.AssertionFailedError: exception should have been thrown
	at edu.ncsu.csc.itrust.unit.validate.bean.PatientValidatorTest.testPatientAllErrors(PatientValidatorTest.java:98)
</errorStackTrace>
          <errorDetails>exception should have been thrown</errorDetails>
          <failedSince>2</failedSince>
        </case>
        <case>
          <duration>0.0</duration>
          <className>edu.ncsu.csc.itrust.unit.validate.bean.PatientValidatorTest</className>
          <testName>testPatientWithBadCardNumbers</testName>
          <skipped>false</skipped>
          <errorStackTrace>junit.framework.AssertionFailedError: Invalid card number should have thrown exception
	at edu.ncsu.csc.itrust.unit.validate.bean.PatientValidatorTest.testPatientWithBadCardNumbers(PatientValidatorTest.java:425)
</errorStackTrace>
          <errorDetails>Invalid card number should have thrown exception</errorDetails>
          <failedSince>1</failedSince>
        </case>
        <case>
          <duration>0.0</duration>
          <className>edu.ncsu.csc.itrust.unit.validate.bean.PatientValidatorTest</className>
          <testName>testFutureBirthError</testName>
          <skipped>false</skipped>
          <errorStackTrace>junit.framework.AssertionFailedError: exception should have been thrown
	at edu.ncsu.csc.itrust.unit.validate.bean.PatientValidatorTest.testFutureBirthError(PatientValidatorTest.java:174)
</errorStackTrace>
          <errorDetails>exception should have been thrown</errorDetails>
          <failedSince>2</failedSince>
        </case>
        <case>
          <duration>0.004</duration>
          <className>edu.ncsu.csc.itrust.unit.validate.bean.PatientValidatorTest</className>
          <testName>testPatientWithValidCardNumbers</testName>
          <skipped>false</skipped>
          <failedSince>0</failedSince>
        </case>
        <case>
          <duration>0.001</duration>
          <className>edu.ncsu.csc.itrust.unit.validate.bean.PatientValidatorTest</className>
          <testName>testPatientTopicalNoteWithQuotationMark</testName>
          <skipped>false</skipped>
          <failedSince>0</failedSince>
        </case>
        <case>
          <duration>0.001</duration>
          <className>edu.ncsu.csc.itrust.unit.validate.bean.PatientValidatorTest</className>
          <testName>testCauseOfDeathValidation</testName>
          <skipped>false</skipped>
          <errorStackTrace>junit.framework.AssertionFailedError: exception should have been thrown
	at edu.ncsu.csc.itrust.unit.validate.bean.PatientValidatorTest.testCauseOfDeathValidation(PatientValidatorTest.java:217)
</errorStackTrace>
          <errorDetails>exception should have been thrown</errorDetails>
          <failedSince>2</failedSince>
        </case>
        <case>
          <duration>0.0</duration>
          <className>edu.ncsu.csc.itrust.unit.validate.bean.PatientValidatorTest</className>
          <testName>testMFWithPersonnelMID</testName>
          <skipped>false</skipped>
          <errorStackTrace>junit.framework.AssertionFailedError: exception should have been thrown
	at edu.ncsu.csc.itrust.unit.validate.bean.PatientValidatorTest.testMFWithPersonnelMID(PatientValidatorTest.java:500)
</errorStackTrace>
          <errorDetails>exception should have been thrown</errorDetails>
          <failedSince>2</failedSince>
        </case>
        <case>
          <duration>0.001</duration>
          <className>edu.ncsu.csc.itrust.unit.validate.bean.PatientValidatorTest</className>
          <testName>testPatientWithLongLastName</testName>
          <skipped>false</skipped>
          <errorStackTrace>junit.framework.AssertionFailedError
	at edu.ncsu.csc.itrust.unit.validate.bean.PatientValidatorTest.testPatientWithLongLastName(PatientValidatorTest.java:312)
</errorStackTrace>
          <failedSince>2</failedSince>
        </case>
        <case>
          <duration>0.002</duration>
          <className>edu.ncsu.csc.itrust.unit.validate.bean.PatientValidatorTest</className>
          <testName>testPatientAllCorrect</testName>
          <skipped>false</skipped>
          <failedSince>0</failedSince>
        </case>
      </cases>
    </suite>
    <suite>
      <file>/var/lib/jenkins/workspace/itrust-main/iTrust-v23/iTrust/target/surefire-reports/TEST-edu.ncsu.csc.itrust.unit.validate.bean.SecurityQuestionValidatorTest.xml</file>
      <name>edu.ncsu.csc.itrust.unit.validate.bean.SecurityQuestionValidatorTest</name>
      <duration>0.001</duration>
      <time>0.001</time>
      <cases>
        <case>
          <duration>0.0</duration>
          <className>edu.ncsu.csc.itrust.unit.validate.bean.SecurityQuestionValidatorTest</className>
          <testName>testMatchWrongFormat</testName>
          <skipped>false</skipped>
          <errorStackTrace>junit.framework.AssertionFailedError: exception should have been thrown
	at edu.ncsu.csc.itrust.unit.validate.bean.SecurityQuestionValidatorTest.testMatchWrongFormat(SecurityQuestionValidatorTest.java:38)
</errorStackTrace>
          <errorDetails>exception should have been thrown</errorDetails>
          <failedSince>2</failedSince>
        </case>
        <case>
          <duration>0.0</duration>
          <className>edu.ncsu.csc.itrust.unit.validate.bean.SecurityQuestionValidatorTest</className>
          <testName>testNullForm</testName>
          <skipped>false</skipped>
          <failedSince>0</failedSince>
        </case>
        <case>
          <duration>0.0</duration>
          <className>edu.ncsu.csc.itrust.unit.validate.bean.SecurityQuestionValidatorTest</className>
          <testName>testCorrectFormat</testName>
          <skipped>false</skipped>
          <failedSince>0</failedSince>
        </case>
        <case>
          <duration>0.0</duration>
          <className>edu.ncsu.csc.itrust.unit.validate.bean.SecurityQuestionValidatorTest</className>
          <testName>testNoMatch</testName>
          <skipped>false</skipped>
          <failedSince>0</failedSince>
        </case>
        <case>
          <duration>0.001</duration>
          <className>edu.ncsu.csc.itrust.unit.validate.bean.SecurityQuestionValidatorTest</className>
          <testName>testNullConfirm</testName>
          <skipped>false</skipped>
          <failedSince>0</failedSince>
        </case>
      </cases>
    </suite>
    <suite>
      <file>/var/lib/jenkins/workspace/itrust-main/iTrust-v23/iTrust/target/surefire-reports/TEST-edu.ncsu.csc.itrust.unit.validate.regex.AnswerValidatorTest.xml</file>
      <name>edu.ncsu.csc.itrust.unit.validate.regex.AnswerValidatorTest</name>
      <duration>0.0</duration>
      <time>0</time>
      <cases>
        <case>
          <duration>0.0</duration>
          <className>edu.ncsu.csc.itrust.unit.validate.regex.AnswerValidatorTest</className>
          <testName>testBadLetters</testName>
          <skipped>false</skipped>
          <failedSince>0</failedSince>
        </case>
        <case>
          <duration>0.0</duration>
          <className>edu.ncsu.csc.itrust.unit.validate.regex.AnswerValidatorTest</className>
          <testName>testGoodAnswer</testName>
          <skipped>false</skipped>
          <errorStackTrace>junit.framework.ComparisonFailure: expected:&lt;[]&gt; but was:&lt;[Name: Up to 30 alphanumeric characters]&gt;
	at edu.ncsu.csc.itrust.unit.validate.regex.AnswerValidatorTest.testGoodAnswer(AnswerValidatorTest.java:16)
</errorStackTrace>
          <errorDetails>expected:&lt;[]&gt; but was:&lt;[Name: Up to 30 alphanumeric characters]&gt;</errorDetails>
          <failedSince>2</failedSince>
        </case>
        <case>
          <duration>0.0</duration>
          <className>edu.ncsu.csc.itrust.unit.validate.regex.AnswerValidatorTest</className>
          <testName>testBadLength</testName>
          <skipped>false</skipped>
          <failedSince>0</failedSince>
        </case>
      </cases>
    </suite>
    <suite>
      <file>/var/lib/jenkins/workspace/itrust-main/iTrust-v23/iTrust/target/surefire-reports/TEST-edu.ncsu.csc.itrust.unit.validate.regex.BloodTypeValidatorTest.xml</file>
      <name>edu.ncsu.csc.itrust.unit.validate.regex.BloodTypeValidatorTest</name>
      <duration>0.003</duration>
      <time>0.003</time>
      <cases>
        <case>
          <duration>0.001</duration>
          <className>edu.ncsu.csc.itrust.unit.validate.regex.BloodTypeValidatorTest</className>
          <testName>testAB</testName>
          <skipped>false</skipped>
          <errorStackTrace>junit.framework.ComparisonFailure: expected:&lt;[]&gt; but was:&lt;[Name: Must be [O,A,B,AB]+/-]&gt;
	at edu.ncsu.csc.itrust.unit.validate.regex.BloodTypeValidatorTest.testAB(BloodTypeValidatorTest.java:22)
</errorStackTrace>
          <errorDetails>expected:&lt;[]&gt; but was:&lt;[Name: Must be [O,A,B,AB]+/-]&gt;</errorDetails>
          <failedSince>2</failedSince>
        </case>
        <case>
          <duration>0.0</duration>
          <className>edu.ncsu.csc.itrust.unit.validate.regex.BloodTypeValidatorTest</className>
          <testName>testA</testName>
          <skipped>false</skipped>
          <errorStackTrace>junit.framework.ComparisonFailure: expected:&lt;[]&gt; but was:&lt;[Name: Must be [O,A,B,AB]+/-]&gt;
	at edu.ncsu.csc.itrust.unit.validate.regex.BloodTypeValidatorTest.testA(BloodTypeValidatorTest.java:28)
</errorStackTrace>
          <errorDetails>expected:&lt;[]&gt; but was:&lt;[Name: Must be [O,A,B,AB]+/-]&gt;</errorDetails>
          <failedSince>2</failedSince>
        </case>
        <case>
          <duration>0.0</duration>
          <className>edu.ncsu.csc.itrust.unit.validate.regex.BloodTypeValidatorTest</className>
          <testName>testB</testName>
          <skipped>false</skipped>
          <errorStackTrace>junit.framework.ComparisonFailure: expected:&lt;[]&gt; but was:&lt;[Name: Must be [O,A,B,AB]+/-]&gt;
	at edu.ncsu.csc.itrust.unit.validate.regex.BloodTypeValidatorTest.testB(BloodTypeValidatorTest.java:34)
</errorStackTrace>
          <errorDetails>expected:&lt;[]&gt; but was:&lt;[Name: Must be [O,A,B,AB]+/-]&gt;</errorDetails>
          <failedSince>2</failedSince>
        </case>
        <case>
          <duration>0.0</duration>
          <className>edu.ncsu.csc.itrust.unit.validate.regex.BloodTypeValidatorTest</className>
          <testName>testO</testName>
          <skipped>false</skipped>
          <errorStackTrace>junit.framework.ComparisonFailure: expected:&lt;[]&gt; but was:&lt;[Name: Must be [O,A,B,AB]+/-]&gt;
	at edu.ncsu.csc.itrust.unit.validate.regex.BloodTypeValidatorTest.testO(BloodTypeValidatorTest.java:16)
</errorStackTrace>
          <errorDetails>expected:&lt;[]&gt; but was:&lt;[Name: Must be [O,A,B,AB]+/-]&gt;</errorDetails>
          <failedSince>2</failedSince>
        </case>
        <case>
          <duration>0.0</duration>
          <className>edu.ncsu.csc.itrust.unit.validate.regex.BloodTypeValidatorTest</className>
          <testName>testNoNegative</testName>
          <skipped>false</skipped>
          <failedSince>0</failedSince>
        </case>
        <case>
          <duration>0.0</duration>
          <className>edu.ncsu.csc.itrust.unit.validate.regex.BloodTypeValidatorTest</className>
          <testName>testBadLetter</testName>
          <skipped>false</skipped>
          <failedSince>0</failedSince>
        </case>
      </cases>
    </suite>
    <suite>
      <file>/var/lib/jenkins/workspace/itrust-main/iTrust-v23/iTrust/target/surefire-reports/TEST-edu.ncsu.csc.itrust.unit.validate.regex.CPTCodeValidatorTest.xml</file>
      <name>edu.ncsu.csc.itrust.unit.validate.regex.CPTCodeValidatorTest</name>
      <duration>0.001</duration>
      <time>0.001</time>
      <cases>
        <case>
          <duration>0.0</duration>
          <className>edu.ncsu.csc.itrust.unit.validate.regex.CPTCodeValidatorTest</className>
          <testName>testTooLong</testName>
          <skipped>false</skipped>
          <failedSince>0</failedSince>
        </case>
        <case>
          <duration>0.0</duration>
          <className>edu.ncsu.csc.itrust.unit.validate.regex.CPTCodeValidatorTest</className>
          <testName>testGood</testName>
          <skipped>false</skipped>
          <errorStackTrace>junit.framework.ComparisonFailure: expected:&lt;[]&gt; but was:&lt;[Name: Up to four digit integer plus a letter or digit]&gt;
	at edu.ncsu.csc.itrust.unit.validate.regex.CPTCodeValidatorTest.testGood(CPTCodeValidatorTest.java:16)
</errorStackTrace>
          <errorDetails>expected:&lt;[]&gt; but was:&lt;[Name: Up to four digit integer plus a letter or digit]&gt;</errorDetails>
          <failedSince>2</failedSince>
        </case>
        <case>
          <duration>0.0</duration>
          <className>edu.ncsu.csc.itrust.unit.validate.regex.CPTCodeValidatorTest</className>
          <testName>testNotInt</testName>
          <skipped>false</skipped>
          <failedSince>0</failedSince>
        </case>
      </cases>
    </suite>
    <suite>
      <file>/var/lib/jenkins/workspace/itrust-main/iTrust-v23/iTrust/target/surefire-reports/TEST-edu.ncsu.csc.itrust.unit.validate.regex.CityValidatorTest.xml</file>
      <name>edu.ncsu.csc.itrust.unit.validate.regex.CityValidatorTest</name>
      <duration>0.0</duration>
      <time>0</time>
      <cases>
        <case>
          <duration>0.0</duration>
          <className>edu.ncsu.csc.itrust.unit.validate.regex.CityValidatorTest</className>
          <testName>testBadLetters</testName>
          <skipped>false</skipped>
          <failedSince>0</failedSince>
        </case>
        <case>
          <duration>0.0</duration>
          <className>edu.ncsu.csc.itrust.unit.validate.regex.CityValidatorTest</className>
          <testName>testGoodAnswer</testName>
          <skipped>false</skipped>
          <errorStackTrace>junit.framework.ComparisonFailure: expected:&lt;[]&gt; but was:&lt;[Name: Up to 15 characters]&gt;
	at edu.ncsu.csc.itrust.unit.validate.regex.CityValidatorTest.testGoodAnswer(CityValidatorTest.java:16)
</errorStackTrace>
          <errorDetails>expected:&lt;[]&gt; but was:&lt;[Name: Up to 15 characters]&gt;</errorDetails>
          <failedSince>2</failedSince>
        </case>
        <case>
          <duration>0.0</duration>
          <className>edu.ncsu.csc.itrust.unit.validate.regex.CityValidatorTest</className>
          <testName>testBadLength</testName>
          <skipped>false</skipped>
          <failedSince>0</failedSince>
        </case>
      </cases>
    </suite>
    <suite>
      <file>/var/lib/jenkins/workspace/itrust-main/iTrust-v23/iTrust/target/surefire-reports/TEST-edu.ncsu.csc.itrust.unit.validate.regex.CodeDescriptionValidatorTest.xml</file>
      <name>edu.ncsu.csc.itrust.unit.validate.regex.CodeDescriptionValidatorTest</name>
      <duration>0.001</duration>
      <time>0.001</time>
      <cases>
        <case>
          <duration>0.0</duration>
          <className>edu.ncsu.csc.itrust.unit.validate.regex.CodeDescriptionValidatorTest</className>
          <testName>testNotesGood</testName>
          <skipped>false</skipped>
          <errorStackTrace>junit.framework.ComparisonFailure: expected:&lt;[]&gt; but was:&lt;[Name: Up to 30 characters, letters, numbers, and a space]&gt;
	at edu.ncsu.csc.itrust.unit.validate.regex.CodeDescriptionValidatorTest.testNotesGood(CodeDescriptionValidatorTest.java:16)
</errorStackTrace>
          <errorDetails>expected:&lt;[]&gt; but was:&lt;[Name: Up to 30 characters, letters, numbers, and a space]&gt;</errorDetails>
          <failedSince>2</failedSince>
        </case>
        <case>
          <duration>0.0</duration>
          <className>edu.ncsu.csc.itrust.unit.validate.regex.CodeDescriptionValidatorTest</className>
          <testName>testNotesTooLong</testName>
          <skipped>false</skipped>
          <failedSince>0</failedSince>
        </case>
      </cases>
    </suite>
    <suite>
      <file>/var/lib/jenkins/workspace/itrust-main/iTrust-v23/iTrust/target/surefire-reports/TEST-edu.ncsu.csc.itrust.unit.validate.regex.DateValidatorTest.xml</file>
      <name>edu.ncsu.csc.itrust.unit.validate.regex.DateValidatorTest</name>
      <duration>0.0</duration>
      <time>0</time>
      <cases>
        <case>
          <duration>0.0</duration>
          <className>edu.ncsu.csc.itrust.unit.validate.regex.DateValidatorTest</className>
          <testName>testDateGood</testName>
          <skipped>false</skipped>
          <errorStackTrace>junit.framework.ComparisonFailure: expected:&lt;[]&gt; but was:&lt;[Name: MM/DD/YYYY]&gt;
	at edu.ncsu.csc.itrust.unit.validate.regex.DateValidatorTest.testDateGood(DateValidatorTest.java:15)
</errorStackTrace>
          <errorDetails>expected:&lt;[]&gt; but was:&lt;[Name: MM/DD/YYYY]&gt;</errorDetails>
          <failedSince>2</failedSince>
        </case>
        <case>
          <duration>0.0</duration>
          <className>edu.ncsu.csc.itrust.unit.validate.regex.DateValidatorTest</className>
          <testName>testDateWithSpace</testName>
          <skipped>false</skipped>
          <failedSince>0</failedSince>
        </case>
      </cases>
    </suite>
    <suite>
      <file>/var/lib/jenkins/workspace/itrust-main/iTrust-v23/iTrust/target/surefire-reports/TEST-edu.ncsu.csc.itrust.unit.validate.regex.EmailValidatorTest.xml</file>
      <name>edu.ncsu.csc.itrust.unit.validate.regex.EmailValidatorTest</name>
      <duration>0.0</duration>
      <time>0</time>
      <cases>
        <case>
          <duration>0.0</duration>
          <className>edu.ncsu.csc.itrust.unit.validate.regex.EmailValidatorTest</className>
          <testName>testBadLetters</testName>
          <skipped>false</skipped>
          <failedSince>0</failedSince>
        </case>
        <case>
          <duration>0.0</duration>
          <className>edu.ncsu.csc.itrust.unit.validate.regex.EmailValidatorTest</className>
          <testName>testGoodFormat</testName>
          <skipped>false</skipped>
          <failedSince>0</failedSince>
        </case>
        <case>
          <duration>0.0</duration>
          <className>edu.ncsu.csc.itrust.unit.validate.regex.EmailValidatorTest</className>
          <testName>testGoodFormatMultipleAtSymbol</testName>
          <skipped>false</skipped>
          <failedSince>0</failedSince>
        </case>
        <case>
          <duration>0.0</duration>
          <className>edu.ncsu.csc.itrust.unit.validate.regex.EmailValidatorTest</className>
          <testName>testGoodEmailWithPlus</testName>
          <skipped>false</skipped>
          <errorStackTrace>junit.framework.ComparisonFailure: expected:&lt;[]&gt; but was:&lt;[Name: Up to 30 alphanumeric characters and symbols . and _ @]&gt;
	at edu.ncsu.csc.itrust.unit.validate.regex.EmailValidatorTest.testGoodEmailWithPlus(EmailValidatorTest.java:22)
</errorStackTrace>
          <errorDetails>expected:&lt;[]&gt; but was:&lt;[Name: Up to 30 alphanumeric characters and symbols . and _ @]&gt;</errorDetails>
          <failedSince>2</failedSince>
        </case>
        <case>
          <duration>0.0</duration>
          <className>edu.ncsu.csc.itrust.unit.validate.regex.EmailValidatorTest</className>
          <testName>testBadLength</testName>
          <skipped>false</skipped>
          <failedSince>0</failedSince>
        </case>
        <case>
          <duration>0.0</duration>
          <className>edu.ncsu.csc.itrust.unit.validate.regex.EmailValidatorTest</className>
          <testName>testGoodEmail</testName>
          <skipped>false</skipped>
          <errorStackTrace>junit.framework.ComparisonFailure: expected:&lt;[]&gt; but was:&lt;[Name: Up to 30 alphanumeric characters and symbols . and _ @]&gt;
	at edu.ncsu.csc.itrust.unit.validate.regex.EmailValidatorTest.testGoodEmail(EmailValidatorTest.java:16)
</errorStackTrace>
          <errorDetails>expected:&lt;[]&gt; but was:&lt;[Name: Up to 30 alphanumeric characters and symbols . and _ @]&gt;</errorDetails>
          <failedSince>2</failedSince>
        </case>
      </cases>
    </suite>
    <suite>
      <file>/var/lib/jenkins/workspace/itrust-main/iTrust-v23/iTrust/target/surefire-reports/TEST-edu.ncsu.csc.itrust.unit.validate.regex.GenderValidatorTest.xml</file>
      <name>edu.ncsu.csc.itrust.unit.validate.regex.GenderValidatorTest</name>
      <duration>0.0</duration>
      <time>0</time>
      <cases>
        <case>
          <duration>0.0</duration>
          <className>edu.ncsu.csc.itrust.unit.validate.regex.GenderValidatorTest</className>
          <testName>testBadLetters</testName>
          <skipped>false</skipped>
          <failedSince>0</failedSince>
        </case>
        <case>
          <duration>0.0</duration>
          <className>edu.ncsu.csc.itrust.unit.validate.regex.GenderValidatorTest</className>
          <testName>testGoodAnswer</testName>
          <skipped>false</skipped>
          <errorStackTrace>junit.framework.ComparisonFailure: expected:&lt;[]&gt; but was:&lt;[Name: Up to 30 alphanumeric characters, and .]&gt;
	at edu.ncsu.csc.itrust.unit.validate.regex.GenderValidatorTest.testGoodAnswer(GenderValidatorTest.java:16)
</errorStackTrace>
          <errorDetails>expected:&lt;[]&gt; but was:&lt;[Name: Up to 30 alphanumeric characters, and .]&gt;</errorDetails>
          <failedSince>2</failedSince>
        </case>
        <case>
          <duration>0.0</duration>
          <className>edu.ncsu.csc.itrust.unit.validate.regex.GenderValidatorTest</className>
          <testName>testBadLength</testName>
          <skipped>false</skipped>
          <failedSince>0</failedSince>
        </case>
      </cases>
    </suite>
    <suite>
      <file>/var/lib/jenkins/workspace/itrust-main/iTrust-v23/iTrust/target/surefire-reports/TEST-edu.ncsu.csc.itrust.unit.validate.regex.HospitalIDValidatorTest.xml</file>
      <name>edu.ncsu.csc.itrust.unit.validate.regex.HospitalIDValidatorTest</name>
      <duration>0.0</duration>
      <time>0</time>
      <cases>
        <case>
          <duration>0.0</duration>
          <className>edu.ncsu.csc.itrust.unit.validate.regex.HospitalIDValidatorTest</className>
          <testName>testHospitalIDNegative</testName>
          <skipped>false</skipped>
          <failedSince>0</failedSince>
        </case>
        <case>
          <duration>0.0</duration>
          <className>edu.ncsu.csc.itrust.unit.validate.regex.HospitalIDValidatorTest</className>
          <testName>testHospitalIDGood</testName>
          <skipped>false</skipped>
          <errorStackTrace>junit.framework.ComparisonFailure: expected:&lt;[]&gt; but was:&lt;[Hospital ID: Between 1 and 10 digits]&gt;
	at edu.ncsu.csc.itrust.unit.validate.regex.HospitalIDValidatorTest.testHospitalIDGood(HospitalIDValidatorTest.java:15)
</errorStackTrace>
          <errorDetails>expected:&lt;[]&gt; but was:&lt;[Hospital ID: Between 1 and 10 digits]&gt;</errorDetails>
          <failedSince>2</failedSince>
        </case>
        <case>
          <duration>0.0</duration>
          <className>edu.ncsu.csc.itrust.unit.validate.regex.HospitalIDValidatorTest</className>
          <testName>testHospitalIDLength</testName>
          <skipped>false</skipped>
          <failedSince>0</failedSince>
        </case>
        <case>
          <duration>0.0</duration>
          <className>edu.ncsu.csc.itrust.unit.validate.regex.HospitalIDValidatorTest</className>
          <testName>testHospitalIDLetter</testName>
          <skipped>false</skipped>
          <failedSince>0</failedSince>
        </case>
        <case>
          <duration>0.0</duration>
          <className>edu.ncsu.csc.itrust.unit.validate.regex.HospitalIDValidatorTest</className>
          <testName>testHospitalIDPunct</testName>
          <skipped>false</skipped>
          <failedSince>0</failedSince>
        </case>
      </cases>
    </suite>
    <suite>
      <file>/var/lib/jenkins/workspace/itrust-main/iTrust-v23/iTrust/target/surefire-reports/TEST-edu.ncsu.csc.itrust.unit.validate.regex.HospitalNameValidatorTest.xml</file>
      <name>edu.ncsu.csc.itrust.unit.validate.regex.HospitalNameValidatorTest</name>
      <duration>0.001</duration>
      <time>0.001</time>
      <cases>
        <case>
          <duration>0.0</duration>
          <className>edu.ncsu.csc.itrust.unit.validate.regex.HospitalNameValidatorTest</className>
          <testName>testHospitalNameBadChars</testName>
          <skipped>false</skipped>
          <failedSince>0</failedSince>
        </case>
        <case>
          <duration>0.0</duration>
          <className>edu.ncsu.csc.itrust.unit.validate.regex.HospitalNameValidatorTest</className>
          <testName>testHospitalNameTooShort</testName>
          <skipped>false</skipped>
          <failedSince>0</failedSince>
        </case>
        <case>
          <duration>0.0</duration>
          <className>edu.ncsu.csc.itrust.unit.validate.regex.HospitalNameValidatorTest</className>
          <testName>testHospitalNameTooLong</testName>
          <skipped>false</skipped>
          <failedSince>0</failedSince>
        </case>
        <case>
          <duration>0.0</duration>
          <className>edu.ncsu.csc.itrust.unit.validate.regex.HospitalNameValidatorTest</className>
          <testName>testHospitalNameGood</testName>
          <skipped>false</skipped>
          <errorStackTrace>junit.framework.ComparisonFailure: expected:&lt;[]&gt; but was:&lt;[Hospital Name: Between 0 and 30 alphanumerics, space, &apos;, and .]&gt;
	at edu.ncsu.csc.itrust.unit.validate.regex.HospitalNameValidatorTest.testHospitalNameGood(HospitalNameValidatorTest.java:24)
</errorStackTrace>
          <errorDetails>expected:&lt;[]&gt; but was:&lt;[Hospital Name: Between 0 and 30 alphanumerics, space, &apos;, and .]&gt;</errorDetails>
          <failedSince>2</failedSince>
        </case>
      </cases>
    </suite>
    <suite>
      <file>/var/lib/jenkins/workspace/itrust-main/iTrust-v23/iTrust/target/surefire-reports/TEST-edu.ncsu.csc.itrust.unit.validate.regex.ICD9CMValidatorTest.xml</file>
      <name>edu.ncsu.csc.itrust.unit.validate.regex.ICD9CMValidatorTest</name>
      <duration>0.0</duration>
      <time>0</time>
      <cases>
        <case>
          <duration>0.0</duration>
          <className>edu.ncsu.csc.itrust.unit.validate.regex.ICD9CMValidatorTest</className>
          <testName>testBadICDLengthFirst</testName>
          <skipped>false</skipped>
          <failedSince>0</failedSince>
        </case>
        <case>
          <duration>0.0</duration>
          <className>edu.ncsu.csc.itrust.unit.validate.regex.ICD9CMValidatorTest</className>
          <testName>testGoodICDInt</testName>
          <skipped>false</skipped>
          <errorStackTrace>junit.framework.ComparisonFailure: expected:&lt;[]&gt; but was:&lt;[Name: xxx.xx]&gt;
	at edu.ncsu.csc.itrust.unit.validate.regex.ICD9CMValidatorTest.testGoodICDInt(ICD9CMValidatorTest.java:28)
</errorStackTrace>
          <errorDetails>expected:&lt;[]&gt; but was:&lt;[Name: xxx.xx]&gt;</errorDetails>
          <failedSince>2</failedSince>
        </case>
        <case>
          <duration>0.0</duration>
          <className>edu.ncsu.csc.itrust.unit.validate.regex.ICD9CMValidatorTest</className>
          <testName>testGoodICD</testName>
          <skipped>false</skipped>
          <errorStackTrace>junit.framework.ComparisonFailure: expected:&lt;[]&gt; but was:&lt;[Name: xxx.xx]&gt;
	at edu.ncsu.csc.itrust.unit.validate.regex.ICD9CMValidatorTest.testGoodICD(ICD9CMValidatorTest.java:16)
</errorStackTrace>
          <errorDetails>expected:&lt;[]&gt; but was:&lt;[Name: xxx.xx]&gt;</errorDetails>
          <failedSince>2</failedSince>
        </case>
        <case>
          <duration>0.0</duration>
          <className>edu.ncsu.csc.itrust.unit.validate.regex.ICD9CMValidatorTest</className>
          <testName>testGoodICDAnotherInt</testName>
          <skipped>false</skipped>
          <errorStackTrace>junit.framework.ComparisonFailure: expected:&lt;[]&gt; but was:&lt;[Name: xxx.xx]&gt;
	at edu.ncsu.csc.itrust.unit.validate.regex.ICD9CMValidatorTest.testGoodICDAnotherInt(ICD9CMValidatorTest.java:34)
</errorStackTrace>
          <errorDetails>expected:&lt;[]&gt; but was:&lt;[Name: xxx.xx]&gt;</errorDetails>
          <failedSince>2</failedSince>
        </case>
        <case>
          <duration>0.0</duration>
          <className>edu.ncsu.csc.itrust.unit.validate.regex.ICD9CMValidatorTest</className>
          <testName>testGoodICDMore</testName>
          <skipped>false</skipped>
          <errorStackTrace>junit.framework.ComparisonFailure: expected:&lt;[]&gt; but was:&lt;[Name: xxx.xx]&gt;
	at edu.ncsu.csc.itrust.unit.validate.regex.ICD9CMValidatorTest.testGoodICDMore(ICD9CMValidatorTest.java:22)
</errorStackTrace>
          <errorDetails>expected:&lt;[]&gt; but was:&lt;[Name: xxx.xx]&gt;</errorDetails>
          <failedSince>2</failedSince>
        </case>
        <case>
          <duration>0.0</duration>
          <className>edu.ncsu.csc.itrust.unit.validate.regex.ICD9CMValidatorTest</className>
          <testName>testBadICDLetters</testName>
          <skipped>false</skipped>
          <failedSince>0</failedSince>
        </case>
        <case>
          <duration>0.0</duration>
          <className>edu.ncsu.csc.itrust.unit.validate.regex.ICD9CMValidatorTest</className>
          <testName>testBadICDLengthSecond</testName>
          <skipped>false</skipped>
          <failedSince>0</failedSince>
        </case>
      </cases>
    </suite>
    <suite>
      <file>/var/lib/jenkins/workspace/itrust-main/iTrust-v23/iTrust/target/surefire-reports/TEST-edu.ncsu.csc.itrust.unit.validate.regex.InsuranceIDValidatorTest.xml</file>
      <name>edu.ncsu.csc.itrust.unit.validate.regex.InsuranceIDValidatorTest</name>
      <duration>0.0</duration>
      <time>0</time>
      <cases>
        <case>
          <duration>0.0</duration>
          <className>edu.ncsu.csc.itrust.unit.validate.regex.InsuranceIDValidatorTest</className>
          <testName>testNameGood</testName>
          <skipped>false</skipped>
          <errorStackTrace>junit.framework.ComparisonFailure: expected:&lt;[]&gt; but was:&lt;[Name: Up to 20 letters, digits, space, &apos; and -]&gt;
	at edu.ncsu.csc.itrust.unit.validate.regex.InsuranceIDValidatorTest.testNameGood(InsuranceIDValidatorTest.java:21)
</errorStackTrace>
          <errorDetails>expected:&lt;[]&gt; but was:&lt;[Name: Up to 20 letters, digits, space, &apos; and -]&gt;</errorDetails>
          <failedSince>2</failedSince>
        </case>
        <case>
          <duration>0.0</duration>
          <className>edu.ncsu.csc.itrust.unit.validate.regex.InsuranceIDValidatorTest</className>
          <testName>testNameCheckTooLong</testName>
          <skipped>false</skipped>
          <failedSince>0</failedSince>
        </case>
        <case>
          <duration>0.0</duration>
          <className>edu.ncsu.csc.itrust.unit.validate.regex.InsuranceIDValidatorTest</className>
          <testName>testIDWithNumber</testName>
          <skipped>false</skipped>
          <errorStackTrace>junit.framework.ComparisonFailure: expected:&lt;[]&gt; but was:&lt;[Name: Up to 20 letters, digits, space, &apos; and -]&gt;
	at edu.ncsu.csc.itrust.unit.validate.regex.InsuranceIDValidatorTest.testIDWithNumber(InsuranceIDValidatorTest.java:27)
</errorStackTrace>
          <errorDetails>expected:&lt;[]&gt; but was:&lt;[Name: Up to 20 letters, digits, space, &apos; and -]&gt;</errorDetails>
          <failedSince>2</failedSince>
        </case>
        <case>
          <duration>0.0</duration>
          <className>edu.ncsu.csc.itrust.unit.validate.regex.InsuranceIDValidatorTest</className>
          <testName>testNameLotsOfBadStuff</testName>
          <skipped>false</skipped>
          <failedSince>0</failedSince>
        </case>
      </cases>
    </suite>
    <suite>
      <file>/var/lib/jenkins/workspace/itrust-main/iTrust-v23/iTrust/target/surefire-reports/TEST-edu.ncsu.csc.itrust.unit.validate.regex.MIDValidatorTest.xml</file>
      <name>edu.ncsu.csc.itrust.unit.validate.regex.MIDValidatorTest</name>
      <duration>0.0</duration>
      <time>0</time>
      <cases>
        <case>
          <duration>0.0</duration>
          <className>edu.ncsu.csc.itrust.unit.validate.regex.MIDValidatorTest</className>
          <testName>testMIDNegative</testName>
          <skipped>false</skipped>
          <failedSince>0</failedSince>
        </case>
        <case>
          <duration>0.0</duration>
          <className>edu.ncsu.csc.itrust.unit.validate.regex.MIDValidatorTest</className>
          <testName>testMIDGood</testName>
          <skipped>false</skipped>
          <errorStackTrace>junit.framework.ComparisonFailure: expected:&lt;[]&gt; but was:&lt;[Name: Between 0 and 10 digits]&gt;
	at edu.ncsu.csc.itrust.unit.validate.regex.MIDValidatorTest.testMIDGood(MIDValidatorTest.java:15)
</errorStackTrace>
          <errorDetails>expected:&lt;[]&gt; but was:&lt;[Name: Between 0 and 10 digits]&gt;</errorDetails>
          <failedSince>2</failedSince>
        </case>
        <case>
          <duration>0.0</duration>
          <className>edu.ncsu.csc.itrust.unit.validate.regex.MIDValidatorTest</className>
          <testName>testMIDLength</testName>
          <skipped>false</skipped>
          <failedSince>0</failedSince>
        </case>
        <case>
          <duration>0.0</duration>
          <className>edu.ncsu.csc.itrust.unit.validate.regex.MIDValidatorTest</className>
          <testName>testMIDLetter</testName>
          <skipped>false</skipped>
          <failedSince>0</failedSince>
        </case>
      </cases>
    </suite>
    <suite>
      <file>/var/lib/jenkins/workspace/itrust-main/iTrust-v23/iTrust/target/surefire-reports/TEST-edu.ncsu.csc.itrust.unit.validate.regex.NDCodeValidatorTest.xml</file>
      <name>edu.ncsu.csc.itrust.unit.validate.regex.NDCodeValidatorTest</name>
      <duration>0.0</duration>
      <time>0</time>
      <cases>
        <case>
          <duration>0.0</duration>
          <className>edu.ncsu.csc.itrust.unit.validate.regex.NDCodeValidatorTest</className>
          <testName>testTooLong</testName>
          <skipped>false</skipped>
          <failedSince>0</failedSince>
        </case>
        <case>
          <duration>0.0</duration>
          <className>edu.ncsu.csc.itrust.unit.validate.regex.NDCodeValidatorTest</className>
          <testName>testGood</testName>
          <skipped>false</skipped>
          <errorStackTrace>junit.framework.ComparisonFailure: expected:&lt;[]&gt; but was:&lt;[Name: Up to nine digit integer]&gt;
	at edu.ncsu.csc.itrust.unit.validate.regex.NDCodeValidatorTest.testGood(NDCodeValidatorTest.java:16)
</errorStackTrace>
          <errorDetails>expected:&lt;[]&gt; but was:&lt;[Name: Up to nine digit integer]&gt;</errorDetails>
          <failedSince>2</failedSince>
        </case>
        <case>
          <duration>0.0</duration>
          <className>edu.ncsu.csc.itrust.unit.validate.regex.NDCodeValidatorTest</className>
          <testName>testNotInt</testName>
          <skipped>false</skipped>
          <failedSince>0</failedSince>
        </case>
      </cases>
    </suite>
    <suite>
      <file>/var/lib/jenkins/workspace/itrust-main/iTrust-v23/iTrust/target/surefire-reports/TEST-edu.ncsu.csc.itrust.unit.validate.regex.NameValidatorTest.xml</file>
      <name>edu.ncsu.csc.itrust.unit.validate.regex.NameValidatorTest</name>
      <duration>0.0</duration>
      <time>0</time>
      <cases>
        <case>
          <duration>0.0</duration>
          <className>edu.ncsu.csc.itrust.unit.validate.regex.NameValidatorTest</className>
          <testName>testNameGood</testName>
          <skipped>false</skipped>
          <errorStackTrace>junit.framework.ComparisonFailure: expected:&lt;[]&gt; but was:&lt;[Name: Up to 20 Letters, space, &apos; and -]&gt;
	at edu.ncsu.csc.itrust.unit.validate.regex.NameValidatorTest.testNameGood(NameValidatorTest.java:21)
</errorStackTrace>
          <errorDetails>expected:&lt;[]&gt; but was:&lt;[Name: Up to 20 Letters, space, &apos; and -]&gt;</errorDetails>
          <failedSince>2</failedSince>
        </case>
        <case>
          <duration>0.0</duration>
          <className>edu.ncsu.csc.itrust.unit.validate.regex.NameValidatorTest</className>
          <testName>testNameCheckTooLong</testName>
          <skipped>false</skipped>
          <failedSince>0</failedSince>
        </case>
        <case>
          <duration>0.0</duration>
          <className>edu.ncsu.csc.itrust.unit.validate.regex.NameValidatorTest</className>
          <testName>testNameLotsOfBadStuff</testName>
          <skipped>false</skipped>
          <failedSince>0</failedSince>
        </case>
        <case>
          <duration>0.0</duration>
          <className>edu.ncsu.csc.itrust.unit.validate.regex.NameValidatorTest</className>
          <testName>testNameNoLetters</testName>
          <skipped>false</skipped>
          <failedSince>0</failedSince>
        </case>
      </cases>
    </suite>
    <suite>
      <file>/var/lib/jenkins/workspace/itrust-main/iTrust-v23/iTrust/target/surefire-reports/TEST-edu.ncsu.csc.itrust.unit.validate.regex.NotesValidatorTest.xml</file>
      <name>edu.ncsu.csc.itrust.unit.validate.regex.NotesValidatorTest</name>
      <duration>0.0</duration>
      <time>0</time>
      <cases>
        <case>
          <duration>0.0</duration>
          <className>edu.ncsu.csc.itrust.unit.validate.regex.NotesValidatorTest</className>
          <testName>testNotesGood</testName>
          <skipped>false</skipped>
          <errorStackTrace>junit.framework.ComparisonFailure: expected:&lt;[]&gt; but was:&lt;[Name: Up to 300 alphanumeric characters, with space, and other punctuation]&gt;
	at edu.ncsu.csc.itrust.unit.validate.regex.NotesValidatorTest.testNotesGood(NotesValidatorTest.java:24)
</errorStackTrace>
          <errorDetails>expected:&lt;[]&gt; but was:&lt;[Name: Up to 300 alphanumeric characters, with space, and other punctuation]&gt;</errorDetails>
          <failedSince>2</failedSince>
        </case>
        <case>
          <duration>0.0</duration>
          <className>edu.ncsu.csc.itrust.unit.validate.regex.NotesValidatorTest</className>
          <testName>testNotesTooLong</testName>
          <skipped>false</skipped>
          <failedSince>0</failedSince>
        </case>
      </cases>
    </suite>
    <suite>
      <file>/var/lib/jenkins/workspace/itrust-main/iTrust-v23/iTrust/target/surefire-reports/TEST-edu.ncsu.csc.itrust.unit.validate.regex.PasswordValidatorTest.xml</file>
      <name>edu.ncsu.csc.itrust.unit.validate.regex.PasswordValidatorTest</name>
      <duration>0.002</duration>
      <time>0.002</time>
      <cases>
        <case>
          <duration>0.0</duration>
          <className>edu.ncsu.csc.itrust.unit.validate.regex.PasswordValidatorTest</className>
          <testName>testTooLong</testName>
          <skipped>false</skipped>
          <failedSince>0</failedSince>
        </case>
        <case>
          <duration>0.001</duration>
          <className>edu.ncsu.csc.itrust.unit.validate.regex.PasswordValidatorTest</className>
          <testName>testGood</testName>
          <skipped>false</skipped>
          <errorStackTrace>junit.framework.ComparisonFailure: expected:&lt;[]&gt; but was:&lt;[Name: 8-20 alphanumeric characters]&gt;
	at edu.ncsu.csc.itrust.unit.validate.regex.PasswordValidatorTest.testGood(PasswordValidatorTest.java:16)
</errorStackTrace>
          <errorDetails>expected:&lt;[]&gt; but was:&lt;[Name: 8-20 alphanumeric characters]&gt;</errorDetails>
          <failedSince>2</failedSince>
        </case>
        <case>
          <duration>0.0</duration>
          <className>edu.ncsu.csc.itrust.unit.validate.regex.PasswordValidatorTest</className>
          <testName>testWithSpace</testName>
          <skipped>false</skipped>
          <failedSince>0</failedSince>
        </case>
      </cases>
    </suite>
    <suite>
      <file>/var/lib/jenkins/workspace/itrust-main/iTrust-v23/iTrust/target/surefire-reports/TEST-edu.ncsu.csc.itrust.unit.validate.regex.PhoneValidatorTest.xml</file>
      <name>edu.ncsu.csc.itrust.unit.validate.regex.PhoneValidatorTest</name>
      <duration>0.0</duration>
      <time>0</time>
      <cases>
        <case>
          <duration>0.0</duration>
          <className>edu.ncsu.csc.itrust.unit.validate.regex.PhoneValidatorTest</className>
          <testName>testPhoneBadLength</testName>
          <skipped>false</skipped>
          <failedSince>0</failedSince>
        </case>
        <case>
          <duration>0.0</duration>
          <className>edu.ncsu.csc.itrust.unit.validate.regex.PhoneValidatorTest</className>
          <testName>testPhoneGood</testName>
          <skipped>false</skipped>
          <errorStackTrace>junit.framework.ComparisonFailure: expected:&lt;[]&gt; but was:&lt;[Name: xxx-xxx-xxxx]&gt;
	at edu.ncsu.csc.itrust.unit.validate.regex.PhoneValidatorTest.testPhoneGood(PhoneValidatorTest.java:15)
</errorStackTrace>
          <errorDetails>expected:&lt;[]&gt; but was:&lt;[Name: xxx-xxx-xxxx]&gt;</errorDetails>
          <failedSince>2</failedSince>
        </case>
        <case>
          <duration>0.0</duration>
          <className>edu.ncsu.csc.itrust.unit.validate.regex.PhoneValidatorTest</className>
          <testName>testPhoneWithLetter</testName>
          <skipped>false</skipped>
          <failedSince>0</failedSince>
        </case>
      </cases>
    </suite>
    <suite>
      <file>/var/lib/jenkins/workspace/itrust-main/iTrust-v23/iTrust/target/surefire-reports/TEST-edu.ncsu.csc.itrust.unit.validate.regex.QuestionValidatorTest.xml</file>
      <name>edu.ncsu.csc.itrust.unit.validate.regex.QuestionValidatorTest</name>
      <duration>0.002</duration>
      <time>0.002</time>
      <cases>
        <case>
          <duration>0.0</duration>
          <className>edu.ncsu.csc.itrust.unit.validate.regex.QuestionValidatorTest</className>
          <testName>testBadLetters</testName>
          <skipped>false</skipped>
          <failedSince>0</failedSince>
        </case>
        <case>
          <duration>0.0</duration>
          <className>edu.ncsu.csc.itrust.unit.validate.regex.QuestionValidatorTest</className>
          <testName>testBadLength</testName>
          <skipped>false</skipped>
          <failedSince>0</failedSince>
        </case>
        <case>
          <duration>0.001</duration>
          <className>edu.ncsu.csc.itrust.unit.validate.regex.QuestionValidatorTest</className>
          <testName>testGoodQuestion</testName>
          <skipped>false</skipped>
          <errorStackTrace>junit.framework.ComparisonFailure: expected:&lt;[]&gt; but was:&lt;[Name: Up to 50 alphanumeric characters and symbols ?-&apos;.]&gt;
	at edu.ncsu.csc.itrust.unit.validate.regex.QuestionValidatorTest.testGoodQuestion(QuestionValidatorTest.java:16)
</errorStackTrace>
          <errorDetails>expected:&lt;[]&gt; but was:&lt;[Name: Up to 50 alphanumeric characters and symbols ?-&apos;.]&gt;</errorDetails>
          <failedSince>2</failedSince>
        </case>
      </cases>
    </suite>
    <suite>
      <file>/var/lib/jenkins/workspace/itrust-main/iTrust-v23/iTrust/target/surefire-reports/TEST-edu.ncsu.csc.itrust.unit.validate.regex.StateValidatorTest.xml</file>
      <name>edu.ncsu.csc.itrust.unit.validate.regex.StateValidatorTest</name>
      <duration>0.003</duration>
      <time>0.003</time>
      <cases>
        <case>
          <duration>0.0</duration>
          <className>edu.ncsu.csc.itrust.unit.validate.regex.StateValidatorTest</className>
          <testName>testBadLetters</testName>
          <skipped>false</skipped>
          <failedSince>0</failedSince>
        </case>
        <case>
          <duration>0.001</duration>
          <className>edu.ncsu.csc.itrust.unit.validate.regex.StateValidatorTest</className>
          <testName>testGoodAnswer</testName>
          <skipped>false</skipped>
          <errorStackTrace>junit.framework.ComparisonFailure: expected:&lt;[]&gt; but was:&lt;[Name: Two capital letters]&gt;
	at edu.ncsu.csc.itrust.unit.validate.regex.StateValidatorTest.testGoodAnswer(StateValidatorTest.java:16)
</errorStackTrace>
          <errorDetails>expected:&lt;[]&gt; but was:&lt;[Name: Two capital letters]&gt;</errorDetails>
          <failedSince>2</failedSince>
        </case>
        <case>
          <duration>0.001</duration>
          <className>edu.ncsu.csc.itrust.unit.validate.regex.StateValidatorTest</className>
          <testName>testBadCapital</testName>
          <skipped>false</skipped>
          <failedSince>0</failedSince>
        </case>
        <case>
          <duration>0.0</duration>
          <className>edu.ncsu.csc.itrust.unit.validate.regex.StateValidatorTest</className>
          <testName>testBadLength</testName>
          <skipped>false</skipped>
          <failedSince>0</failedSince>
        </case>
      </cases>
    </suite>
    <suite>
      <file>/var/lib/jenkins/workspace/itrust-main/iTrust-v23/iTrust/target/surefire-reports/TEST-edu.ncsu.csc.itrust.unit.validate.regex.ZipcodeValidatorTest.xml</file>
      <name>edu.ncsu.csc.itrust.unit.validate.regex.ZipcodeValidatorTest</name>
      <duration>0.005</duration>
      <time>0.005</time>
      <cases>
        <case>
          <duration>0.003</duration>
          <className>edu.ncsu.csc.itrust.unit.validate.regex.ZipcodeValidatorTest</className>
          <testName>testBadLetters</testName>
          <skipped>false</skipped>
          <failedSince>0</failedSince>
        </case>
        <case>
          <duration>0.001</duration>
          <className>edu.ncsu.csc.itrust.unit.validate.regex.ZipcodeValidatorTest</className>
          <testName>testGoodAnswer</testName>
          <skipped>false</skipped>
          <errorStackTrace>junit.framework.ComparisonFailure: expected:&lt;[]&gt; but was:&lt;[Name: xxxxx or xxxxx-xxxx]&gt;
	at edu.ncsu.csc.itrust.unit.validate.regex.ZipcodeValidatorTest.testGoodAnswer(ZipcodeValidatorTest.java:16)
</errorStackTrace>
          <errorDetails>expected:&lt;[]&gt; but was:&lt;[Name: xxxxx or xxxxx-xxxx]&gt;</errorDetails>
          <failedSince>2</failedSince>
        </case>
        <case>
          <duration>0.0</duration>
          <className>edu.ncsu.csc.itrust.unit.validate.regex.ZipcodeValidatorTest</className>
          <testName>testGoodAnswerTwoParts</testName>
          <skipped>false</skipped>
          <errorStackTrace>junit.framework.ComparisonFailure: expected:&lt;[]&gt; but was:&lt;[Name: xxxxx or xxxxx-xxxx]&gt;
	at edu.ncsu.csc.itrust.unit.validate.regex.ZipcodeValidatorTest.testGoodAnswerTwoParts(ZipcodeValidatorTest.java:22)
</errorStackTrace>
          <errorDetails>expected:&lt;[]&gt; but was:&lt;[Name: xxxxx or xxxxx-xxxx]&gt;</errorDetails>
          <failedSince>2</failedSince>
        </case>
        <case>
          <duration>0.0</duration>
          <className>edu.ncsu.csc.itrust.unit.validate.regex.ZipcodeValidatorTest</className>
          <testName>testBadLength</testName>
          <skipped>false</skipped>
          <failedSince>0</failedSince>
        </case>
      </cases>
    </suite>
    <suite>
      <file>/var/lib/jenkins/workspace/itrust-main/iTrust-v23/iTrust/target/surefire-reports/TEST-edu.ncsu.csc.itrust.unit.webutils.SessionUtilsTest.xml</file>
      <name>edu.ncsu.csc.itrust.unit.webutils.SessionUtilsTest</name>
      <duration>0.012</duration>
      <time>0.012</time>
      <cases>
        <case>
          <duration>0.0</duration>
          <className>edu.ncsu.csc.itrust.unit.webutils.SessionUtilsTest</className>
          <testName>testGetCurrentOfficeVisitId</testName>
          <skipped>false</skipped>
          <failedSince>0</failedSince>
        </case>
        <case>
          <duration>0.001</duration>
          <className>edu.ncsu.csc.itrust.unit.webutils.SessionUtilsTest</className>
          <testName>testGetRepresenteeList</testName>
          <skipped>false</skipped>
          <failedSince>0</failedSince>
        </case>
        <case>
          <duration>0.0</duration>
          <className>edu.ncsu.csc.itrust.unit.webutils.SessionUtilsTest</className>
          <testName>testParseString</testName>
          <skipped>false</skipped>
          <failedSince>0</failedSince>
        </case>
        <case>
          <duration>0.002</duration>
          <className>edu.ncsu.csc.itrust.unit.webutils.SessionUtilsTest</className>
          <testName>testGetCurrentPatientMID</testName>
          <skipped>false</skipped>
          <failedSince>0</failedSince>
        </case>
        <case>
          <duration>0.001</duration>
          <className>edu.ncsu.csc.itrust.unit.webutils.SessionUtilsTest</className>
          <testName>testParseLong</testName>
          <skipped>false</skipped>
          <failedSince>0</failedSince>
        </case>
        <case>
          <duration>0.002</duration>
          <className>edu.ncsu.csc.itrust.unit.webutils.SessionUtilsTest</className>
          <testName>testGetSessionLoggedInMIDLong</testName>
          <skipped>false</skipped>
          <failedSince>0</failedSince>
        </case>
        <case>
          <duration>0.001</duration>
          <className>edu.ncsu.csc.itrust.unit.webutils.SessionUtilsTest</className>
          <testName>testGetSessionPID</testName>
          <skipped>false</skipped>
          <failedSince>0</failedSince>
        </case>
        <case>
          <duration>0.001</duration>
          <className>edu.ncsu.csc.itrust.unit.webutils.SessionUtilsTest</className>
          <testName>testSetRepresenteeList</testName>
          <skipped>false</skipped>
          <failedSince>0</failedSince>
        </case>
        <case>
          <duration>0.001</duration>
          <className>edu.ncsu.csc.itrust.unit.webutils.SessionUtilsTest</className>
          <testName>testGetSessionUserRole</testName>
          <skipped>false</skipped>
          <failedSince>0</failedSince>
        </case>
        <case>
          <duration>0.002</duration>
          <className>edu.ncsu.csc.itrust.unit.webutils.SessionUtilsTest</className>
          <testName>testGetCurrentPatientMIDLong</testName>
          <skipped>false</skipped>
          <failedSince>0</failedSince>
        </case>
        <case>
          <duration>0.0</duration>
          <className>edu.ncsu.csc.itrust.unit.webutils.SessionUtilsTest</className>
          <testName>testGetSessionLoggedInMID</testName>
          <skipped>false</skipped>
          <failedSince>0</failedSince>
        </case>
        <case>
          <duration>0.0</duration>
          <className>edu.ncsu.csc.itrust.unit.webutils.SessionUtilsTest</className>
          <testName>testGetInstance</testName>
          <skipped>false</skipped>
          <failedSince>0</failedSince>
        </case>
      </cases>
    </suite>
  </suites>
  <duration>96.43397</duration>
  <keepLongStdio>false</keepLongStdio>
</result>